running egg_info
creating ../../build/udp_bridge/udp_bridge.egg-info
writing ../../build/udp_bridge/udp_bridge.egg-info/PKG-INFO
writing dependency_links to ../../build/udp_bridge/udp_bridge.egg-info/dependency_links.txt
writing entry points to ../../build/udp_bridge/udp_bridge.egg-info/entry_points.txt
writing requirements to ../../build/udp_bridge/udp_bridge.egg-info/requires.txt
writing top-level names to ../../build/udp_bridge/udp_bridge.egg-info/top_level.txt
writing manifest file '../../build/udp_bridge/udp_bridge.egg-info/SOURCES.txt'
reading manifest file '../../build/udp_bridge/udp_bridge.egg-info/SOURCES.txt'
writing manifest file '../../build/udp_bridge/udp_bridge.egg-info/SOURCES.txt'
running build
running build_py
creating /home/rover/ros2_ws/build/udp_bridge/build
creating /home/rover/ros2_ws/build/udp_bridge/build/lib
creating /home/rover/ros2_ws/build/udp_bridge/build/lib/udp_bridge
copying udp_bridge/navigation_goal_sender.py -> /home/rover/ros2_ws/build/udp_bridge/build/lib/udp_bridge
copying udp_bridge/shelf_id_receiver.py -> /home/rover/ros2_ws/build/udp_bridge/build/lib/udp_bridge
copying udp_bridge/__init__.py -> /home/rover/ros2_ws/build/udp_bridge/build/lib/udp_bridge
running install
running install_lib
creating /home/rover/ros2_ws/install/udp_bridge/lib/python3.10/site-packages/udp_bridge
copying /home/rover/ros2_ws/build/udp_bridge/build/lib/udp_bridge/navigation_goal_sender.py -> /home/rover/ros2_ws/install/udp_bridge/lib/python3.10/site-packages/udp_bridge
copying /home/rover/ros2_ws/build/udp_bridge/build/lib/udp_bridge/shelf_id_receiver.py -> /home/rover/ros2_ws/install/udp_bridge/lib/python3.10/site-packages/udp_bridge
copying /home/rover/ros2_ws/build/udp_bridge/build/lib/udp_bridge/__init__.py -> /home/rover/ros2_ws/install/udp_bridge/lib/python3.10/site-packages/udp_bridge
byte-compiling /home/rover/ros2_ws/install/udp_bridge/lib/python3.10/site-packages/udp_bridge/navigation_goal_sender.py to navigation_goal_sender.cpython-310.pyc
byte-compiling /home/rover/ros2_ws/install/udp_bridge/lib/python3.10/site-packages/udp_bridge/shelf_id_receiver.py to shelf_id_receiver.cpython-310.pyc
byte-compiling /home/rover/ros2_ws/install/udp_bridge/lib/python3.10/site-packages/udp_bridge/__init__.py to __init__.cpython-310.pyc
running install_data
creating /home/rover/ros2_ws/install/udp_bridge/share/ament_index
creating /home/rover/ros2_ws/install/udp_bridge/share/ament_index/resource_index
creating /home/rover/ros2_ws/install/udp_bridge/share/ament_index/resource_index/packages
copying resource/udp_bridge -> /home/rover/ros2_ws/install/udp_bridge/share/ament_index/resource_index/packages
copying package.xml -> /home/rover/ros2_ws/install/udp_bridge/share/udp_bridge
running install_egg_info
Copying ../../build/udp_bridge/udp_bridge.egg-info to /home/rover/ros2_ws/install/udp_bridge/lib/python3.10/site-packages/udp_bridge-0.0.0-py3.10.egg-info
running install_scripts
Installing navigation_goal_sender script to /home/rover/ros2_ws/install/udp_bridge/lib/udp_bridge
Installing shelf_id_receiver script to /home/rover/ros2_ws/install/udp_bridge/lib/udp_bridge
writing list of installed files to '/home/rover/ros2_ws/build/udp_bridge/install.log'
