[2.169s] Invoking command in '/home/rover/ros2_ws/src/udp_bridge': PYTHONPATH=/home/rover/ros2_ws/build/udp_bridge/prefix_override:/usr/lib/python3/dist-packages/colcon_core/task/python/colcon_distutils_commands:/home/rover/ros2_ws/install/udp_bridge/lib/python3.10/site-packages:${PYTHONPATH} /usr/bin/python3 -W ignore:setup.py install is deprecated -W ignore:easy_install command is deprecated setup.py egg_info --egg-base ../../build/udp_bridge build --build-base /home/rover/ros2_ws/build/udp_bridge/build install --record /home/rover/ros2_ws/build/udp_bridge/install.log --single-version-externally-managed install_data
[2.486s] running egg_info
[2.486s] creating ../../build/udp_bridge/udp_bridge.egg-info
[2.486s] writing ../../build/udp_bridge/udp_bridge.egg-info/PKG-INFO
[2.487s] writing dependency_links to ../../build/udp_bridge/udp_bridge.egg-info/dependency_links.txt
[2.487s] writing entry points to ../../build/udp_bridge/udp_bridge.egg-info/entry_points.txt
[2.487s] writing requirements to ../../build/udp_bridge/udp_bridge.egg-info/requires.txt
[2.487s] writing top-level names to ../../build/udp_bridge/udp_bridge.egg-info/top_level.txt
[2.487s] writing manifest file '../../build/udp_bridge/udp_bridge.egg-info/SOURCES.txt'
[2.490s] reading manifest file '../../build/udp_bridge/udp_bridge.egg-info/SOURCES.txt'
[2.491s] writing manifest file '../../build/udp_bridge/udp_bridge.egg-info/SOURCES.txt'
[2.491s] running build
[2.491s] running build_py
[2.496s] creating /home/rover/ros2_ws/build/udp_bridge/build
[2.496s] creating /home/rover/ros2_ws/build/udp_bridge/build/lib
[2.496s] creating /home/rover/ros2_ws/build/udp_bridge/build/lib/udp_bridge
[2.496s] copying udp_bridge/navigation_goal_sender.py -> /home/rover/ros2_ws/build/udp_bridge/build/lib/udp_bridge
[2.496s] copying udp_bridge/shelf_id_receiver.py -> /home/rover/ros2_ws/build/udp_bridge/build/lib/udp_bridge
[2.496s] copying udp_bridge/__init__.py -> /home/rover/ros2_ws/build/udp_bridge/build/lib/udp_bridge
[2.496s] running install
[2.496s] running install_lib
[2.498s] creating /home/rover/ros2_ws/install/udp_bridge/lib/python3.10/site-packages/udp_bridge
[2.498s] copying /home/rover/ros2_ws/build/udp_bridge/build/lib/udp_bridge/navigation_goal_sender.py -> /home/rover/ros2_ws/install/udp_bridge/lib/python3.10/site-packages/udp_bridge
[2.499s] copying /home/rover/ros2_ws/build/udp_bridge/build/lib/udp_bridge/shelf_id_receiver.py -> /home/rover/ros2_ws/install/udp_bridge/lib/python3.10/site-packages/udp_bridge
[2.499s] copying /home/rover/ros2_ws/build/udp_bridge/build/lib/udp_bridge/__init__.py -> /home/rover/ros2_ws/install/udp_bridge/lib/python3.10/site-packages/udp_bridge
[2.499s] byte-compiling /home/rover/ros2_ws/install/udp_bridge/lib/python3.10/site-packages/udp_bridge/navigation_goal_sender.py to navigation_goal_sender.cpython-310.pyc
[2.502s] byte-compiling /home/rover/ros2_ws/install/udp_bridge/lib/python3.10/site-packages/udp_bridge/shelf_id_receiver.py to shelf_id_receiver.cpython-310.pyc
[2.503s] byte-compiling /home/rover/ros2_ws/install/udp_bridge/lib/python3.10/site-packages/udp_bridge/__init__.py to __init__.cpython-310.pyc
[2.503s] running install_data
[2.503s] creating /home/rover/ros2_ws/install/udp_bridge/share/ament_index
[2.504s] creating /home/rover/ros2_ws/install/udp_bridge/share/ament_index/resource_index
[2.504s] creating /home/rover/ros2_ws/install/udp_bridge/share/ament_index/resource_index/packages
[2.504s] copying resource/udp_bridge -> /home/rover/ros2_ws/install/udp_bridge/share/ament_index/resource_index/packages
[2.504s] copying package.xml -> /home/rover/ros2_ws/install/udp_bridge/share/udp_bridge
[2.504s] running install_egg_info
[2.508s] Copying ../../build/udp_bridge/udp_bridge.egg-info to /home/rover/ros2_ws/install/udp_bridge/lib/python3.10/site-packages/udp_bridge-0.0.0-py3.10.egg-info
[2.509s] running install_scripts
[2.533s] Installing navigation_goal_sender script to /home/rover/ros2_ws/install/udp_bridge/lib/udp_bridge
[2.533s] Installing shelf_id_receiver script to /home/rover/ros2_ws/install/udp_bridge/lib/udp_bridge
[2.533s] writing list of installed files to '/home/rover/ros2_ws/build/udp_bridge/install.log'
[2.591s] Invoked command in '/home/rover/ros2_ws/src/udp_bridge' returned '0': PYTHONPATH=/home/rover/ros2_ws/build/udp_bridge/prefix_override:/usr/lib/python3/dist-packages/colcon_core/task/python/colcon_distutils_commands:/home/rover/ros2_ws/install/udp_bridge/lib/python3.10/site-packages:${PYTHONPATH} /usr/bin/python3 -W ignore:setup.py install is deprecated -W ignore:easy_install command is deprecated setup.py egg_info --egg-base ../../build/udp_bridge build --build-base /home/rover/ros2_ws/build/udp_bridge/build install --record /home/rover/ros2_ws/build/udp_bridge/install.log --single-version-externally-managed install_data
