[0.702s] Invoking command in '/home/rover/ros2_ws/build/my_scan_merger': CMAKE_PREFIX_PATH=${CMAKE_PREFIX_PATH}:/home/rover/ros2_ws/install/wall_ransac_initializer:/home/rover/ros2_ws/install/udp_bridge:/home/rover/ros2_ws/install/trajectory_logger:/home/rover/ros2_ws/install/shelf_navigator:/home/rover/ros2_ws/install/ros2_to_ros1_bridge:/home/rover/ros2_ws/install/js0_teleop:/home/rover/ros2_ws/install/iai_cylinder:/home/rover/ros2_ws/install/final_approach_controller:/home/rover/ros2_ws/install/arrow_key_teleop:/opt/ros/humble /usr/bin/cmake /home/rover/ros2_ws/src/my_scan_merger -DCMAKE_INSTALL_PREFIX=/home/rover/ros2_ws/install/my_scan_merger
[1.644s] -- The C compiler identification is GNU 11.4.0
[1.644s] -- The CXX compiler identification is GNU 11.4.0
[1.644s] -- Detecting C compiler ABI info
[1.644s] -- Detecting C compiler ABI info - done
[1.644s] -- Check for working C compiler: /usr/bin/cc - skipped
[1.644s] -- Detecting C compile features
[1.644s] -- Detecting C compile features - done
[1.644s] -- Detecting CXX compiler ABI info
[1.644s] -- Detecting CXX compiler ABI info - done
[1.644s] -- Check for working CXX compiler: /usr/bin/c++ - skipped
[1.644s] -- Detecting CXX compile features
[1.644s] -- Detecting CXX compile features - done
[1.644s] -- Found ament_cmake: 1.3.12 (/opt/ros/humble/share/ament_cmake/cmake)
[1.644s] -- Found Python3: /usr/bin/python3 (found version "3.10.12") found components: Interpreter 
[1.644s] -- Found rclcpp: 16.0.15 (/opt/ros/humble/share/rclcpp/cmake)
[1.644s] -- Found rosidl_generator_c: 3.1.7 (/opt/ros/humble/share/rosidl_generator_c/cmake)
[1.644s] -- Found rosidl_adapter: 3.1.7 (/opt/ros/humble/share/rosidl_adapter/cmake)
[1.645s] -- Found rosidl_generator_cpp: 3.1.7 (/opt/ros/humble/share/rosidl_generator_cpp/cmake)
[1.645s] -- Using all available rosidl_typesupport_c: rosidl_typesupport_fastrtps_c;rosidl_typesupport_introspection_c
[1.645s] -- Using all available rosidl_typesupport_cpp: rosidl_typesupport_fastrtps_cpp;rosidl_typesupport_introspection_cpp
[1.645s] -- Found rmw_implementation_cmake: 6.1.2 (/opt/ros/humble/share/rmw_implementation_cmake/cmake)
[1.645s] -- Found rmw_fastrtps_cpp: 6.2.9 (/opt/ros/humble/share/rmw_fastrtps_cpp/cmake)
[1.645s] -- Found OpenSSL: /usr/lib/x86_64-linux-gnu/libcrypto.so (found version "3.0.2")  
[1.645s] -- Found FastRTPS: /opt/ros/humble/include  
[1.645s] -- Using RMW implementation 'rmw_fastrtps_cpp' as default
[1.645s] -- Looking for pthread.h
[1.645s] -- Looking for pthread.h - found
[1.645s] -- Performing Test CMAKE_HAVE_LIBC_PTHREAD
[1.645s] -- Performing Test CMAKE_HAVE_LIBC_PTHREAD - Success
[1.645s] -- Found Threads: TRUE  
[1.645s] -- Found sensor_msgs: 4.9.0 (/opt/ros/humble/share/sensor_msgs/cmake)
[1.645s] -- Found tf2: 0.25.16 (/opt/ros/humble/share/tf2/cmake)
[1.645s] -- Found tf2_ros: 0.25.16 (/opt/ros/humble/share/tf2_ros/cmake)
[1.645s] -- Found tf2_geometry_msgs: 0.25.17 (/opt/ros/humble/share/tf2_geometry_msgs/cmake)
[1.645s] -- Found eigen3_cmake_module: 0.1.1 (/opt/ros/humble/share/eigen3_cmake_module/cmake)
[1.645s] -- Found Eigen3: TRUE (found version "3.4.0") 
[1.645s] -- Ensuring Eigen3 include directory is part of orocos-kdl CMake target
[1.734s] -- Configuring done
[1.739s] -- Generating done
[1.740s] -- Build files have been written to: /home/rover/ros2_ws/build/my_scan_merger
[1.767s] Invoked command in '/home/rover/ros2_ws/build/my_scan_merger' returned '0': CMAKE_PREFIX_PATH=${CMAKE_PREFIX_PATH}:/home/rover/ros2_ws/install/wall_ransac_initializer:/home/rover/ros2_ws/install/udp_bridge:/home/rover/ros2_ws/install/trajectory_logger:/home/rover/ros2_ws/install/shelf_navigator:/home/rover/ros2_ws/install/ros2_to_ros1_bridge:/home/rover/ros2_ws/install/js0_teleop:/home/rover/ros2_ws/install/iai_cylinder:/home/rover/ros2_ws/install/final_approach_controller:/home/rover/ros2_ws/install/arrow_key_teleop:/opt/ros/humble /usr/bin/cmake /home/rover/ros2_ws/src/my_scan_merger -DCMAKE_INSTALL_PREFIX=/home/rover/ros2_ws/install/my_scan_merger
[1.769s] Invoking command in '/home/rover/ros2_ws/build/my_scan_merger': CMAKE_PREFIX_PATH=${CMAKE_PREFIX_PATH}:/home/rover/ros2_ws/install/wall_ransac_initializer:/home/rover/ros2_ws/install/udp_bridge:/home/rover/ros2_ws/install/trajectory_logger:/home/rover/ros2_ws/install/shelf_navigator:/home/rover/ros2_ws/install/ros2_to_ros1_bridge:/home/rover/ros2_ws/install/js0_teleop:/home/rover/ros2_ws/install/iai_cylinder:/home/rover/ros2_ws/install/final_approach_controller:/home/rover/ros2_ws/install/arrow_key_teleop:/opt/ros/humble /usr/bin/cmake --build /home/rover/ros2_ws/build/my_scan_merger -- -j18 -l18
[1.829s] [ 50%] [32mBuilding CXX object CMakeFiles/scan_merger.dir/src/scan_merger.cpp.o[0m
[15.012s] [100%] [32m[1mLinking CXX executable scan_merger[0m
[16.219s] [100%] Built target scan_merger
[16.248s] Invoked command in '/home/rover/ros2_ws/build/my_scan_merger' returned '0': CMAKE_PREFIX_PATH=${CMAKE_PREFIX_PATH}:/home/rover/ros2_ws/install/wall_ransac_initializer:/home/rover/ros2_ws/install/udp_bridge:/home/rover/ros2_ws/install/trajectory_logger:/home/rover/ros2_ws/install/shelf_navigator:/home/rover/ros2_ws/install/ros2_to_ros1_bridge:/home/rover/ros2_ws/install/js0_teleop:/home/rover/ros2_ws/install/iai_cylinder:/home/rover/ros2_ws/install/final_approach_controller:/home/rover/ros2_ws/install/arrow_key_teleop:/opt/ros/humble /usr/bin/cmake --build /home/rover/ros2_ws/build/my_scan_merger -- -j18 -l18
[16.249s] Invoking command in '/home/rover/ros2_ws/build/my_scan_merger': CMAKE_PREFIX_PATH=${CMAKE_PREFIX_PATH}:/home/rover/ros2_ws/install/wall_ransac_initializer:/home/rover/ros2_ws/install/udp_bridge:/home/rover/ros2_ws/install/trajectory_logger:/home/rover/ros2_ws/install/shelf_navigator:/home/rover/ros2_ws/install/ros2_to_ros1_bridge:/home/rover/ros2_ws/install/js0_teleop:/home/rover/ros2_ws/install/iai_cylinder:/home/rover/ros2_ws/install/final_approach_controller:/home/rover/ros2_ws/install/arrow_key_teleop:/opt/ros/humble /usr/bin/cmake --install /home/rover/ros2_ws/build/my_scan_merger
[16.283s] -- Install configuration: ""
[16.283s] -- Installing: /home/rover/ros2_ws/install/my_scan_merger/lib/my_scan_merger/scan_merger
[16.296s] -- Set runtime path of "/home/rover/ros2_ws/install/my_scan_merger/lib/my_scan_merger/scan_merger" to ""
[16.297s] -- Installing: /home/rover/ros2_ws/install/my_scan_merger/share/ament_index/resource_index/package_run_dependencies/my_scan_merger
[16.297s] -- Installing: /home/rover/ros2_ws/install/my_scan_merger/share/ament_index/resource_index/parent_prefix_path/my_scan_merger
[16.297s] -- Installing: /home/rover/ros2_ws/install/my_scan_merger/share/my_scan_merger/environment/ament_prefix_path.sh
[16.298s] -- Installing: /home/rover/ros2_ws/install/my_scan_merger/share/my_scan_merger/environment/ament_prefix_path.dsv
[16.298s] -- Installing: /home/rover/ros2_ws/install/my_scan_merger/share/my_scan_merger/environment/path.sh
[16.298s] -- Installing: /home/rover/ros2_ws/install/my_scan_merger/share/my_scan_merger/environment/path.dsv
[16.298s] -- Installing: /home/rover/ros2_ws/install/my_scan_merger/share/my_scan_merger/local_setup.bash
[16.298s] -- Installing: /home/rover/ros2_ws/install/my_scan_merger/share/my_scan_merger/local_setup.sh
[16.299s] -- Installing: /home/rover/ros2_ws/install/my_scan_merger/share/my_scan_merger/local_setup.zsh
[16.299s] -- Installing: /home/rover/ros2_ws/install/my_scan_merger/share/my_scan_merger/local_setup.dsv
[16.299s] -- Installing: /home/rover/ros2_ws/install/my_scan_merger/share/my_scan_merger/package.dsv
[16.299s] -- Installing: /home/rover/ros2_ws/install/my_scan_merger/share/ament_index/resource_index/packages/my_scan_merger
[16.301s] -- Installing: /home/rover/ros2_ws/install/my_scan_merger/share/my_scan_merger/cmake/my_scan_mergerConfig.cmake
[16.301s] -- Installing: /home/rover/ros2_ws/install/my_scan_merger/share/my_scan_merger/cmake/my_scan_mergerConfig-version.cmake
[16.301s] -- Installing: /home/rover/ros2_ws/install/my_scan_merger/share/my_scan_merger/package.xml
[16.309s] Invoked command in '/home/rover/ros2_ws/build/my_scan_merger' returned '0': CMAKE_PREFIX_PATH=${CMAKE_PREFIX_PATH}:/home/rover/ros2_ws/install/wall_ransac_initializer:/home/rover/ros2_ws/install/udp_bridge:/home/rover/ros2_ws/install/trajectory_logger:/home/rover/ros2_ws/install/shelf_navigator:/home/rover/ros2_ws/install/ros2_to_ros1_bridge:/home/rover/ros2_ws/install/js0_teleop:/home/rover/ros2_ws/install/iai_cylinder:/home/rover/ros2_ws/install/final_approach_controller:/home/rover/ros2_ws/install/arrow_key_teleop:/opt/ros/humble /usr/bin/cmake --install /home/rover/ros2_ws/build/my_scan_merger
