[0.450s] Invoking command in '/home/rover/ros2_ws/src/amr_log': PYTHONPATH=/home/rover/ros2_ws/build/amr_log/prefix_override:/usr/lib/python3/dist-packages/colcon_core/task/python/colcon_distutils_commands:/home/rover/ros2_ws/install/amr_log/lib/python3.10/site-packages:${PYTHONPATH} /usr/bin/python3 -W ignore:setup.py install is deprecated -W ignore:easy_install command is deprecated setup.py egg_info --egg-base ../../build/amr_log build --build-base /home/rover/ros2_ws/build/amr_log/build install --record /home/rover/ros2_ws/build/amr_log/install.log --single-version-externally-managed install_data
[0.594s] running egg_info
[0.595s] writing ../../build/amr_log/amr_log.egg-info/PKG-INFO
[0.597s] writing dependency_links to ../../build/amr_log/amr_log.egg-info/dependency_links.txt
[0.597s] writing entry points to ../../build/amr_log/amr_log.egg-info/entry_points.txt
[0.598s] writing requirements to ../../build/amr_log/amr_log.egg-info/requires.txt
[0.598s] writing top-level names to ../../build/amr_log/amr_log.egg-info/top_level.txt
[0.599s] reading manifest file '../../build/amr_log/amr_log.egg-info/SOURCES.txt'
[0.599s] writing manifest file '../../build/amr_log/amr_log.egg-info/SOURCES.txt'
[0.599s] running build
[0.599s] running build_py
[0.599s] copying amr_log/amr_log.py -> /home/rover/ros2_ws/build/amr_log/build/lib/amr_log
[0.599s] running install
[0.600s] running install_lib
[0.600s] copying /home/rover/ros2_ws/build/amr_log/build/lib/amr_log/amr_log.py -> /home/rover/ros2_ws/install/amr_log/lib/python3.10/site-packages/amr_log
[0.601s] byte-compiling /home/rover/ros2_ws/install/amr_log/lib/python3.10/site-packages/amr_log/amr_log.py to amr_log.cpython-310.pyc
[0.601s] running install_data
[0.602s] running install_egg_info
[0.603s] removing '/home/rover/ros2_ws/install/amr_log/lib/python3.10/site-packages/amr_log-0.0.0-py3.10.egg-info' (and everything under it)
[0.603s] Copying ../../build/amr_log/amr_log.egg-info to /home/rover/ros2_ws/install/amr_log/lib/python3.10/site-packages/amr_log-0.0.0-py3.10.egg-info
[0.603s] running install_scripts
[0.615s] Installing amr_log script to /home/rover/ros2_ws/install/amr_log/lib/amr_log
[0.616s] writing list of installed files to '/home/rover/ros2_ws/build/amr_log/install.log'
[0.634s] Invoked command in '/home/rover/ros2_ws/src/amr_log' returned '0': PYTHONPATH=/home/rover/ros2_ws/build/amr_log/prefix_override:/usr/lib/python3/dist-packages/colcon_core/task/python/colcon_distutils_commands:/home/rover/ros2_ws/install/amr_log/lib/python3.10/site-packages:${PYTHONPATH} /usr/bin/python3 -W ignore:setup.py install is deprecated -W ignore:easy_install command is deprecated setup.py egg_info --egg-base ../../build/amr_log build --build-base /home/rover/ros2_ws/build/amr_log/build install --record /home/rover/ros2_ws/build/amr_log/install.log --single-version-externally-managed install_data
