running egg_info
writing ../../build/udp_bridge/udp_bridge.egg-info/PKG-INFO
writing dependency_links to ../../build/udp_bridge/udp_bridge.egg-info/dependency_links.txt
writing entry points to ../../build/udp_bridge/udp_bridge.egg-info/entry_points.txt
writing requirements to ../../build/udp_bridge/udp_bridge.egg-info/requires.txt
writing top-level names to ../../build/udp_bridge/udp_bridge.egg-info/top_level.txt
reading manifest file '../../build/udp_bridge/udp_bridge.egg-info/SOURCES.txt'
writing manifest file '../../build/udp_bridge/udp_bridge.egg-info/SOURCES.txt'
running build
running build_py
running install
running install_lib
running install_data
copying launch/udp_bridge.launch.py -> /home/rover/ros2_ws/install/udp_bridge/share/udp_bridge/launch
running install_egg_info
removing '/home/rover/ros2_ws/install/udp_bridge/lib/python3.10/site-packages/udp_bridge-0.0.0-py3.10.egg-info' (and everything under it)
Copying ../../build/udp_bridge/udp_bridge.egg-info to /home/rover/ros2_ws/install/udp_bridge/lib/python3.10/site-packages/udp_bridge-0.0.0-py3.10.egg-info
running install_scripts
Installing error_x_receiver script to /home/rover/ros2_ws/install/udp_bridge/lib/udp_bridge
Installing navigation_goal_final_sender script to /home/rover/ros2_ws/install/udp_bridge/lib/udp_bridge
Installing navigation_goal_sender script to /home/rover/ros2_ws/install/udp_bridge/lib/udp_bridge
Installing shelf_id_receiver script to /home/rover/ros2_ws/install/udp_bridge/lib/udp_bridge
writing list of installed files to '/home/rover/ros2_ws/build/udp_bridge/install.log'
