[0.473s] Invoking command in '/home/rover/ros2_ws/src/shelf_navigator': PYTHONPATH=/home/rover/ros2_ws/build/shelf_navigator/prefix_override:/usr/lib/python3/dist-packages/colcon_core/task/python/colcon_distutils_commands:/home/rover/ros2_ws/install/shelf_navigator/lib/python3.10/site-packages:${PYTHONPATH} /usr/bin/python3 -W ignore:setup.py install is deprecated -W ignore:easy_install command is deprecated setup.py egg_info --egg-base ../../build/shelf_navigator build --build-base /home/rover/ros2_ws/build/shelf_navigator/build install --record /home/rover/ros2_ws/build/shelf_navigator/install.log --single-version-externally-managed install_data
[0.651s] running egg_info
[0.651s] writing ../../build/shelf_navigator/shelf_navigator.egg-info/PKG-INFO
[0.651s] writing dependency_links to ../../build/shelf_navigator/shelf_navigator.egg-info/dependency_links.txt
[0.651s] writing entry points to ../../build/shelf_navigator/shelf_navigator.egg-info/entry_points.txt
[0.651s] writing requirements to ../../build/shelf_navigator/shelf_navigator.egg-info/requires.txt
[0.651s] writing top-level names to ../../build/shelf_navigator/shelf_navigator.egg-info/top_level.txt
[0.652s] reading manifest file '../../build/shelf_navigator/shelf_navigator.egg-info/SOURCES.txt'
[0.653s] writing manifest file '../../build/shelf_navigator/shelf_navigator.egg-info/SOURCES.txt'
[0.653s] running build
[0.653s] running build_py
[0.653s] running install
[0.654s] running install_lib
[0.654s] running install_data
[0.654s] running install_egg_info
[0.656s] removing '/home/rover/ros2_ws/install/shelf_navigator/lib/python3.10/site-packages/shelf_navigator-0.0.0-py3.10.egg-info' (and everything under it)
[0.656s] Copying ../../build/shelf_navigator/shelf_navigator.egg-info to /home/rover/ros2_ws/install/shelf_navigator/lib/python3.10/site-packages/shelf_navigator-0.0.0-py3.10.egg-info
[0.656s] running install_scripts
[0.670s] Installing shelf_id_logic script to /home/rover/ros2_ws/install/shelf_navigator/lib/shelf_navigator
[0.670s] Installing shelf_id_logic2 script to /home/rover/ros2_ws/install/shelf_navigator/lib/shelf_navigator
[0.670s] writing list of installed files to '/home/rover/ros2_ws/build/shelf_navigator/install.log'
[0.686s] Invoked command in '/home/rover/ros2_ws/src/shelf_navigator' returned '0': PYTHONPATH=/home/rover/ros2_ws/build/shelf_navigator/prefix_override:/usr/lib/python3/dist-packages/colcon_core/task/python/colcon_distutils_commands:/home/rover/ros2_ws/install/shelf_navigator/lib/python3.10/site-packages:${PYTHONPATH} /usr/bin/python3 -W ignore:setup.py install is deprecated -W ignore:easy_install command is deprecated setup.py egg_info --egg-base ../../build/shelf_navigator build --build-base /home/rover/ros2_ws/build/shelf_navigator/build install --record /home/rover/ros2_ws/build/shelf_navigator/install.log --single-version-externally-managed install_data
