
[SESSION START]
shelf_id : 2-5-1-2
start_time : 2026-01-09 01:05:42.008
==================================================
[CMD_VEL]
  linear.x  : 0.125
  angular.z : -0.047
shelf_id : 2-5-1-2
wall_info:
  wall_yaw_deg : N/A
  wall_distance: N/A


==================================================
[CMD_VEL EVENT]
time_cmd : 2026-01-09 01:05:43.056
time_now : 2026-01-09 01:05:43.056

cmd_vel:
  linear.x  : 0.125 m/s
  angular.z : -0.047 rad/s

pose (map -> base_link):
  x   : 3.752 m
  y   : 5.647 m
  yaw : 0.076 degree
==================================================
[CMD_VEL]
  linear.x  : 0.150
  angular.z : -0.047
shelf_id : 2-5-1-2
wall_info:
  wall_yaw_deg : N/A
  wall_distance: N/A


==================================================
[CMD_VEL EVENT]
time_cmd : 2026-01-09 01:05:43.106
time_now : 2026-01-09 01:05:43.106

cmd_vel:
  linear.x  : 0.150 m/s
  angular.z : -0.047 rad/s

pose (map -> base_link):
  x   : 3.752 m
  y   : 5.647 m
  yaw : 0.076 degree
==================================================
[CMD_VEL]
  linear.x  : 0.150
  angular.z : -0.047
shelf_id : 2-5-1-2
wall_info:
  wall_yaw_deg : N/A
  wall_distance: N/A


==================================================
[CMD_VEL EVENT]
time_cmd : 2026-01-09 01:05:43.156
time_now : 2026-01-09 01:05:43.156

cmd_vel:
  linear.x  : 0.150 m/s
  angular.z : -0.047 rad/s

pose (map -> base_link):
  x   : 3.752 m
  y   : 5.647 m
  yaw : 0.076 degree
==================================================
[CMD_VEL]
  linear.x  : 0.150
  angular.z : -0.047
shelf_id : 2-5-1-2
wall_info:
  wall_yaw_deg : N/A
  wall_distance: N/A


==================================================
[CMD_VEL EVENT]
time_cmd : 2026-01-09 01:05:43.206
time_now : 2026-01-09 01:05:43.206

cmd_vel:
  linear.x  : 0.150 m/s
  angular.z : -0.047 rad/s

pose (map -> base_link):
  x   : 3.752 m
  y   : 5.647 m
  yaw : 0.076 degree
==================================================
[CMD_VEL]
  linear.x  : 0.150
  angular.z : -0.047
shelf_id : 2-5-1-2
wall_info:
  wall_yaw_deg : N/A
  wall_distance: N/A


==================================================
[CMD_VEL EVENT]
time_cmd : 2026-01-09 01:05:43.256
time_now : 2026-01-09 01:05:43.256

cmd_vel:
  linear.x  : 0.150 m/s
  angular.z : -0.047 rad/s

pose (map -> base_link):
  x   : 3.752 m
  y   : 5.647 m
  yaw : 0.076 degree
==================================================
[CMD_VEL]
  linear.x  : 0.150
  angular.z : -0.047
shelf_id : 2-5-1-2
wall_info:
  wall_yaw_deg : N/A
  wall_distance: N/A


==================================================
[CMD_VEL EVENT]
time_cmd : 2026-01-09 01:05:43.306
time_now : 2026-01-09 01:05:43.306

cmd_vel:
  linear.x  : 0.150 m/s
  angular.z : -0.047 rad/s

pose (map -> base_link):
  x   : 3.752 m
  y   : 5.647 m
  yaw : 0.076 degree
==================================================
[CMD_VEL]
  linear.x  : 0.150
  angular.z : -0.047
shelf_id : 2-5-1-2
wall_info:
  wall_yaw_deg : N/A
  wall_distance: N/A


==================================================
[CMD_VEL EVENT]
time_cmd : 2026-01-09 01:05:43.356
time_now : 2026-01-09 01:05:43.356

cmd_vel:
  linear.x  : 0.150 m/s
  angular.z : -0.047 rad/s

pose (map -> base_link):
  x   : 3.752 m
  y   : 5.647 m
  yaw : 0.076 degree
==================================================
[CMD_VEL]
  linear.x  : 0.150
  angular.z : -0.047
shelf_id : 2-5-1-2
wall_info:
  wall_yaw_deg : N/A
  wall_distance: N/A


==================================================
[CMD_VEL EVENT]
time_cmd : 2026-01-09 01:05:43.406
time_now : 2026-01-09 01:05:43.406

cmd_vel:
  linear.x  : 0.150 m/s
  angular.z : -0.047 rad/s

pose (map -> base_link):
  x   : 3.752 m
  y   : 5.647 m
  yaw : 0.076 degree
==================================================
[CMD_VEL]
  linear.x  : 0.150
  angular.z : -0.047
shelf_id : 2-5-1-2
wall_info:
  wall_yaw_deg : N/A
  wall_distance: N/A


==================================================
[CMD_VEL EVENT]
time_cmd : 2026-01-09 01:05:43.456
time_now : 2026-01-09 01:05:43.456

cmd_vel:
  linear.x  : 0.150 m/s
  angular.z : -0.047 rad/s

pose (map -> base_link):
  x   : 3.752 m
  y   : 5.647 m
  yaw : 0.076 degree
==================================================
[CMD_VEL]
  linear.x  : 0.150
  angular.z : -0.047
shelf_id : 2-5-1-2
wall_info:
  wall_yaw_deg : N/A
  wall_distance: N/A


==================================================
[CMD_VEL EVENT]
time_cmd : 2026-01-09 01:05:43.506
time_now : 2026-01-09 01:05:43.506

cmd_vel:
  linear.x  : 0.150 m/s
  angular.z : -0.047 rad/s

pose (map -> base_link):
  x   : 3.753 m
  y   : 5.647 m
  yaw : 0.076 degree
==================================================
[CMD_VEL]
  linear.x  : 0.150
  angular.z : -0.047
shelf_id : 2-5-1-2
wall_info:
  wall_yaw_deg : N/A
  wall_distance: N/A


==================================================
[CMD_VEL EVENT]
time_cmd : 2026-01-09 01:05:43.556
time_now : 2026-01-09 01:05:43.556

cmd_vel:
  linear.x  : 0.150 m/s
  angular.z : -0.047 rad/s

pose (map -> base_link):
  x   : 3.753 m
  y   : 5.647 m
  yaw : 0.076 degree
==================================================
[CMD_VEL]
  linear.x  : 0.150
  angular.z : -0.047
shelf_id : 2-5-1-2
wall_info:
  wall_yaw_deg : N/A
  wall_distance: N/A


==================================================
[CMD_VEL EVENT]
time_cmd : 2026-01-09 01:05:43.606
time_now : 2026-01-09 01:05:43.606

cmd_vel:
  linear.x  : 0.150 m/s
  angular.z : -0.047 rad/s

pose (map -> base_link):
  x   : 3.757 m
  y   : 5.646 m
  yaw : 0.132 degree
==================================================
[CMD_VEL]
  linear.x  : 0.150
  angular.z : -0.047
shelf_id : 2-5-1-2
wall_info:
  wall_yaw_deg : N/A
  wall_distance: N/A


==================================================
[CMD_VEL EVENT]
time_cmd : 2026-01-09 01:05:43.656
time_now : 2026-01-09 01:05:43.656

cmd_vel:
  linear.x  : 0.150 m/s
  angular.z : -0.047 rad/s

pose (map -> base_link):
  x   : 3.757 m
  y   : 5.646 m
  yaw : 0.132 degree
==================================================
[CMD_VEL]
  linear.x  : 0.134
  angular.z : 0.000
shelf_id : 2-5-1-2
wall_info:
  wall_yaw_deg : N/A
  wall_distance: N/A


==================================================
[CMD_VEL EVENT]
time_cmd : 2026-01-09 01:05:43.706
time_now : 2026-01-09 01:05:43.706

cmd_vel:
  linear.x  : 0.134 m/s
  angular.z : 0.000 rad/s

pose (map -> base_link):
  x   : 3.767 m
  y   : 5.646 m
  yaw : 0.169 degree
==================================================
[CMD_VEL]
  linear.x  : 0.134
  angular.z : -0.047
shelf_id : 2-5-1-2
wall_info:
  wall_yaw_deg : N/A
  wall_distance: N/A


==================================================
[CMD_VEL EVENT]
time_cmd : 2026-01-09 01:05:43.756
time_now : 2026-01-09 01:05:43.756

cmd_vel:
  linear.x  : 0.134 m/s
  angular.z : -0.047 rad/s

pose (map -> base_link):
  x   : 3.767 m
  y   : 5.646 m
  yaw : 0.169 degree
==================================================
[CMD_VEL]
  linear.x  : 0.134
  angular.z : -0.047
shelf_id : 2-5-1-2
wall_info:
  wall_yaw_deg : N/A
  wall_distance: N/A


==================================================
[CMD_VEL EVENT]
time_cmd : 2026-01-09 01:05:43.806
time_now : 2026-01-09 01:05:43.806

cmd_vel:
  linear.x  : 0.134 m/s
  angular.z : -0.047 rad/s

pose (map -> base_link):
  x   : 3.776 m
  y   : 5.646 m
  yaw : 0.243 degree
==================================================
[CMD_VEL]
  linear.x  : 0.134
  angular.z : -0.047
shelf_id : 2-5-1-2
wall_info:
  wall_yaw_deg : N/A
  wall_distance: N/A


==================================================
[CMD_VEL EVENT]
time_cmd : 2026-01-09 01:05:43.856
time_now : 2026-01-09 01:05:43.856

cmd_vel:
  linear.x  : 0.134 m/s
  angular.z : -0.047 rad/s

pose (map -> base_link):
  x   : 3.776 m
  y   : 5.646 m
  yaw : 0.244 degree
==================================================
[CMD_VEL]
  linear.x  : 0.150
  angular.z : -0.016
shelf_id : 2-5-1-2
wall_info:
  wall_yaw_deg : N/A
  wall_distance: N/A


==================================================
[CMD_VEL EVENT]
time_cmd : 2026-01-09 01:05:43.906
time_now : 2026-01-09 01:05:43.906

cmd_vel:
  linear.x  : 0.150 m/s
  angular.z : -0.016 rad/s

pose (map -> base_link):
  x   : 3.776 m
  y   : 5.646 m
  yaw : 0.244 degree
==================================================
[CMD_VEL]
  linear.x  : 0.150
  angular.z : -0.016
shelf_id : 2-5-1-2
wall_info:
  wall_yaw_deg : N/A
  wall_distance: N/A


==================================================
[CMD_VEL EVENT]
time_cmd : 2026-01-09 01:05:43.956
time_now : 2026-01-09 01:05:43.956

cmd_vel:
  linear.x  : 0.150 m/s
  angular.z : -0.016 rad/s

pose (map -> base_link):
  x   : 3.792 m
  y   : 5.646 m
  yaw : 0.318 degree
==================================================
[CMD_VEL]
  linear.x  : 0.150
  angular.z : 0.000
shelf_id : 2-5-1-2
wall_info:
  wall_yaw_deg : N/A
  wall_distance: N/A


==================================================
[CMD_VEL EVENT]
time_cmd : 2026-01-09 01:05:44.006
time_now : 2026-01-09 01:05:44.006

cmd_vel:
  linear.x  : 0.150 m/s
  angular.z : 0.000 rad/s

pose (map -> base_link):
  x   : 3.803 m
  y   : 5.646 m
  yaw : 0.336 degree
==================================================
[CMD_VEL]
  linear.x  : 0.150
  angular.z : 0.000
shelf_id : 2-5-1-2
wall_info:
  wall_yaw_deg : N/A
  wall_distance: N/A


==================================================
[CMD_VEL EVENT]
time_cmd : 2026-01-09 01:05:44.056
time_now : 2026-01-09 01:05:44.056

cmd_vel:
  linear.x  : 0.150 m/s
  angular.z : 0.000 rad/s

pose (map -> base_link):
  x   : 3.803 m
  y   : 5.646 m
  yaw : 0.336 degree
==================================================
[CMD_VEL]
  linear.x  : 0.134
  angular.z : -0.016
shelf_id : 2-5-1-2
wall_info:
  wall_yaw_deg : N/A
  wall_distance: N/A


==================================================
[CMD_VEL EVENT]
time_cmd : 2026-01-09 01:05:44.106
time_now : 2026-01-09 01:05:44.106

cmd_vel:
  linear.x  : 0.134 m/s
  angular.z : -0.016 rad/s

pose (map -> base_link):
  x   : 3.803 m
  y   : 5.646 m
  yaw : 0.336 degree
==================================================
[CMD_VEL]
  linear.x  : 0.134
  angular.z : -0.016
shelf_id : 2-5-1-2
wall_info:
  wall_yaw_deg : N/A
  wall_distance: N/A


==================================================
[CMD_VEL EVENT]
time_cmd : 2026-01-09 01:05:44.156
time_now : 2026-01-09 01:05:44.156

cmd_vel:
  linear.x  : 0.134 m/s
  angular.z : -0.016 rad/s

pose (map -> base_link):
  x   : 3.819 m
  y   : 5.646 m
  yaw : 0.485 degree
==================================================
[CMD_VEL]
  linear.x  : 0.134
  angular.z : -0.016
shelf_id : 2-5-1-2
wall_info:
  wall_yaw_deg : N/A
  wall_distance: N/A


==================================================
[CMD_VEL EVENT]
time_cmd : 2026-01-09 01:05:44.206
time_now : 2026-01-09 01:05:44.206

cmd_vel:
  linear.x  : 0.134 m/s
  angular.z : -0.016 rad/s

pose (map -> base_link):
  x   : 3.831 m
  y   : 5.646 m
  yaw : 0.596 degree
==================================================
[CMD_VEL]
  linear.x  : 0.134
  angular.z : 0.000
shelf_id : 2-5-1-2
wall_info:
  wall_yaw_deg : N/A
  wall_distance: N/A


==================================================
[CMD_VEL EVENT]
time_cmd : 2026-01-09 01:05:44.256
time_now : 2026-01-09 01:05:44.256

cmd_vel:
  linear.x  : 0.134 m/s
  angular.z : 0.000 rad/s

pose (map -> base_link):
  x   : 3.831 m
  y   : 5.646 m
  yaw : 0.597 degree
==================================================
[CMD_VEL]
  linear.x  : 0.150
  angular.z : -0.079
shelf_id : 2-5-1-2
wall_info:
  wall_yaw_deg : N/A
  wall_distance: N/A


==================================================
[CMD_VEL EVENT]
time_cmd : 2026-01-09 01:05:44.306
time_now : 2026-01-09 01:05:44.306

cmd_vel:
  linear.x  : 0.150 m/s
  angular.z : -0.079 rad/s

pose (map -> base_link):
  x   : 3.844 m
  y   : 5.646 m
  yaw : 0.764 degree
==================================================
[CMD_VEL]
  linear.x  : 0.150
  angular.z : -0.047
shelf_id : 2-5-1-2
wall_info:
  wall_yaw_deg : N/A
  wall_distance: N/A


==================================================
[CMD_VEL EVENT]
time_cmd : 2026-01-09 01:05:44.356
time_now : 2026-01-09 01:05:44.356

cmd_vel:
  linear.x  : 0.150 m/s
  angular.z : -0.047 rad/s

pose (map -> base_link):
  x   : 3.844 m
  y   : 5.646 m
  yaw : 0.765 degree
==================================================
[CMD_VEL]
  linear.x  : 0.150
  angular.z : -0.047
shelf_id : 2-5-1-2
wall_info:
  wall_yaw_deg : N/A
  wall_distance: N/A


==================================================
[CMD_VEL EVENT]
time_cmd : 2026-01-09 01:05:44.406
time_now : 2026-01-09 01:05:44.406

cmd_vel:
  linear.x  : 0.150 m/s
  angular.z : -0.047 rad/s

pose (map -> base_link):
  x   : 3.855 m
  y   : 5.646 m
  yaw : 0.932 degree
==================================================
[CMD_VEL]
  linear.x  : 0.150
  angular.z : -0.047
shelf_id : 2-5-1-2
wall_info:
  wall_yaw_deg : N/A
  wall_distance: N/A


==================================================
[CMD_VEL EVENT]
time_cmd : 2026-01-09 01:05:44.456
time_now : 2026-01-09 01:05:44.456

cmd_vel:
  linear.x  : 0.150 m/s
  angular.z : -0.047 rad/s

pose (map -> base_link):
  x   : 3.855 m
  y   : 5.646 m
  yaw : 0.932 degree
==================================================
[CMD_VEL]
  linear.x  : 0.134
  angular.z : -0.079
shelf_id : 2-5-1-2
wall_info:
  wall_yaw_deg : N/A
  wall_distance: N/A


==================================================
[CMD_VEL EVENT]
time_cmd : 2026-01-09 01:05:44.506
time_now : 2026-01-09 01:05:44.506

cmd_vel:
  linear.x  : 0.134 m/s
  angular.z : -0.079 rad/s

pose (map -> base_link):
  x   : 3.870 m
  y   : 5.646 m
  yaw : 1.042 degree
==================================================
[CMD_VEL]
  linear.x  : 0.134
  angular.z : -0.079
shelf_id : 2-5-1-2
wall_info:
  wall_yaw_deg : N/A
  wall_distance: N/A


==================================================
[CMD_VEL EVENT]
time_cmd : 2026-01-09 01:05:44.556
time_now : 2026-01-09 01:05:44.556

cmd_vel:
  linear.x  : 0.134 m/s
  angular.z : -0.079 rad/s

pose (map -> base_link):
  x   : 3.870 m
  y   : 5.646 m
  yaw : 1.042 degree
==================================================
[CMD_VEL]
  linear.x  : 0.134
  angular.z : -0.079
shelf_id : 2-5-1-2
wall_info:
  wall_yaw_deg : N/A
  wall_distance: N/A


==================================================
[CMD_VEL EVENT]
time_cmd : 2026-01-09 01:05:44.606
time_now : 2026-01-09 01:05:44.606

cmd_vel:
  linear.x  : 0.134 m/s
  angular.z : -0.079 rad/s

pose (map -> base_link):
  x   : 3.882 m
  y   : 5.646 m
  yaw : 1.117 degree
==================================================
[CMD_VEL]
  linear.x  : 0.150
  angular.z : -0.047
shelf_id : 2-5-1-2
wall_info:
  wall_yaw_deg : N/A
  wall_distance: N/A


==================================================
[CMD_VEL EVENT]
time_cmd : 2026-01-09 01:05:44.656
time_now : 2026-01-09 01:05:44.656

cmd_vel:
  linear.x  : 0.150 m/s
  angular.z : -0.047 rad/s

pose (map -> base_link):
  x   : 3.882 m
  y   : 5.646 m
  yaw : 1.118 degree
==================================================
[CMD_VEL]
  linear.x  : 0.025
  angular.z : 0.000
shelf_id : 2-5-1-2
wall_info:
  wall_yaw_deg : N/A
  wall_distance: N/A


==================================================
[CMD_VEL EVENT]
time_cmd : 2026-01-09 01:05:44.706
time_now : 2026-01-09 01:05:44.706

cmd_vel:
  linear.x  : 0.025 m/s
  angular.z : 0.000 rad/s

pose (map -> base_link):
  x   : 3.897 m
  y   : 5.646 m
  yaw : 1.247 degree
==================================================
[CMD_VEL]
  linear.x  : 0.000
  angular.z : 0.000
shelf_id : 2-5-1-2
wall_info:
  wall_yaw_deg : N/A
  wall_distance: N/A


==================================================
[CMD_VEL EVENT]
time_cmd : 2026-01-09 01:05:44.756
time_now : 2026-01-09 01:05:44.756

cmd_vel:
  linear.x  : 0.000 m/s
  angular.z : 0.000 rad/s

pose (map -> base_link):
  x   : 3.897 m
  y   : 5.646 m
  yaw : 1.247 degree
==================================================
[CMD_VEL]
  linear.x  : 0.000
  angular.z : 0.000
shelf_id : 2-5-1-2
wall_info:
  wall_yaw_deg : N/A
  wall_distance: N/A


==================================================
[CMD_VEL EVENT]
time_cmd : 2026-01-09 01:05:44.806
time_now : 2026-01-09 01:05:44.806

cmd_vel:
  linear.x  : 0.000 m/s
  angular.z : 0.000 rad/s

pose (map -> base_link):
  x   : 3.908 m
  y   : 5.646 m
  yaw : 1.247 degree
==================================================
[CMD_VEL]
  linear.x  : 0.000
  angular.z : 0.000
shelf_id : 2-5-1-2
wall_info:
  wall_yaw_deg : N/A
  wall_distance: N/A


==================================================
[CMD_VEL EVENT]
time_cmd : 2026-01-09 01:05:44.856
time_now : 2026-01-09 01:05:44.856

cmd_vel:
  linear.x  : 0.000 m/s
  angular.z : 0.000 rad/s

pose (map -> base_link):
  x   : 3.908 m
  y   : 5.646 m
  yaw : 1.248 degree
==================================================
[CMD_VEL]
  linear.x  : 0.000
  angular.z : 0.000
shelf_id : 2-5-1-2
wall_info:
  wall_yaw_deg : N/A
  wall_distance: N/A


==================================================
[CMD_VEL EVENT]
time_cmd : 2026-01-09 01:05:44.906
time_now : 2026-01-09 01:05:44.906

cmd_vel:
  linear.x  : 0.000 m/s
  angular.z : 0.000 rad/s

pose (map -> base_link):
  x   : 3.918 m
  y   : 5.646 m
  yaw : 1.415 degree
==================================================
[CMD_VEL]
  linear.x  : 0.000
  angular.z : 0.000
shelf_id : 2-5-1-2
wall_info:
  wall_yaw_deg : N/A
  wall_distance: N/A


==================================================
[CMD_VEL EVENT]
time_cmd : 2026-01-09 01:05:44.956
time_now : 2026-01-09 01:05:44.956

cmd_vel:
  linear.x  : 0.000 m/s
  angular.z : 0.000 rad/s

pose (map -> base_link):
  x   : 3.918 m
  y   : 5.646 m
  yaw : 1.415 degree
==================================================
[CMD_VEL]
  linear.x  : 0.000
  angular.z : 0.000
shelf_id : 2-5-1-2
wall_info:
  wall_yaw_deg : N/A
  wall_distance: N/A


==================================================
[CMD_VEL EVENT]
time_cmd : 2026-01-09 01:05:45.006
time_now : 2026-01-09 01:05:45.006

cmd_vel:
  linear.x  : 0.000 m/s
  angular.z : 0.000 rad/s

pose (map -> base_link):
  x   : 3.926 m
  y   : 5.646 m
  yaw : 1.526 degree
==================================================
[CMD_VEL]
  linear.x  : 0.000
  angular.z : 0.000
shelf_id : 2-5-1-2
wall_info:
  wall_yaw_deg : N/A
  wall_distance: N/A


==================================================
[CMD_VEL EVENT]
time_cmd : 2026-01-09 01:05:45.056
time_now : 2026-01-09 01:05:45.056

cmd_vel:
  linear.x  : 0.000 m/s
  angular.z : 0.000 rad/s

pose (map -> base_link):
  x   : 3.926 m
  y   : 5.646 m
  yaw : 1.525 degree
==================================================
[CMD_VEL]
  linear.x  : 0.000
  angular.z : 0.000
shelf_id : 2-5-1-2
wall_info:
  wall_yaw_deg : N/A
  wall_distance: N/A


==================================================
[CMD_VEL EVENT]
time_cmd : 2026-01-09 01:05:45.106
time_now : 2026-01-09 01:05:45.106

cmd_vel:
  linear.x  : 0.000 m/s
  angular.z : 0.000 rad/s

pose (map -> base_link):
  x   : 3.928 m
  y   : 5.646 m
  yaw : 1.452 degree
==================================================
[CMD_VEL]
  linear.x  : 0.000
  angular.z : 0.000
shelf_id : 2-5-1-2
wall_info:
  wall_yaw_deg : N/A
  wall_distance: N/A


==================================================
[CMD_VEL EVENT]
time_cmd : 2026-01-09 01:05:45.156
time_now : 2026-01-09 01:05:45.156

cmd_vel:
  linear.x  : 0.000 m/s
  angular.z : 0.000 rad/s

pose (map -> base_link):
  x   : 3.928 m
  y   : 5.646 m
  yaw : 1.451 degree
==================================================
[CMD_VEL]
  linear.x  : 0.000
  angular.z : 0.000
shelf_id : 2-5-1-2
wall_info:
  wall_yaw_deg : N/A
  wall_distance: N/A


==================================================
[CMD_VEL EVENT]
time_cmd : 2026-01-09 01:05:45.206
time_now : 2026-01-09 01:05:45.206

cmd_vel:
  linear.x  : 0.000 m/s
  angular.z : 0.000 rad/s

pose (map -> base_link):
  x   : 3.929 m
  y   : 5.646 m
  yaw : 1.433 degree
==================================================
[CMD_VEL]
  linear.x  : 0.000
  angular.z : 0.000
shelf_id : 2-5-1-2
wall_info:
  wall_yaw_deg : N/A
  wall_distance: N/A


==================================================
[CMD_VEL EVENT]
time_cmd : 2026-01-09 01:05:45.256
time_now : 2026-01-09 01:05:45.256

cmd_vel:
  linear.x  : 0.000 m/s
  angular.z : 0.000 rad/s

pose (map -> base_link):
  x   : 3.929 m
  y   : 5.646 m
  yaw : 1.433 degree
==================================================
[CMD_VEL]
  linear.x  : 0.000
  angular.z : 0.000
shelf_id : 2-5-1-2
wall_info:
  wall_yaw_deg : N/A
  wall_distance: N/A


==================================================
[CMD_VEL EVENT]
time_cmd : 2026-01-09 01:05:45.306
time_now : 2026-01-09 01:05:45.306

cmd_vel:
  linear.x  : 0.000 m/s
  angular.z : 0.000 rad/s

pose (map -> base_link):
  x   : 3.927 m
  y   : 5.647 m
  yaw : 1.215 degree
==================================================
[CMD_VEL]
  linear.x  : 0.000
  angular.z : 0.000
shelf_id : 2-5-1-2
wall_info:
  wall_yaw_deg : N/A
  wall_distance: N/A


==================================================
[CMD_VEL EVENT]
time_cmd : 2026-01-09 01:05:45.356
time_now : 2026-01-09 01:05:45.356

cmd_vel:
  linear.x  : 0.000 m/s
  angular.z : 0.000 rad/s

pose (map -> base_link):
  x   : 3.927 m
  y   : 5.647 m
  yaw : 1.214 degree
==================================================
[CMD_VEL]
  linear.x  : 0.000
  angular.z : 0.000
shelf_id : 2-5-1-2
wall_info:
  wall_yaw_deg : N/A
  wall_distance: N/A


==================================================
[CMD_VEL EVENT]
time_cmd : 2026-01-09 01:05:45.406
time_now : 2026-01-09 01:05:45.406

cmd_vel:
  linear.x  : 0.000 m/s
  angular.z : 0.000 rad/s

pose (map -> base_link):
  x   : 3.926 m
  y   : 5.647 m
  yaw : 1.106 degree
==================================================
[CMD_VEL]
  linear.x  : 0.000
  angular.z : 0.000
shelf_id : 2-5-1-2
wall_info:
  wall_yaw_deg : N/A
  wall_distance: N/A


==================================================
[CMD_VEL EVENT]
time_cmd : 2026-01-09 01:05:45.456
time_now : 2026-01-09 01:05:45.456

cmd_vel:
  linear.x  : 0.000 m/s
  angular.z : 0.000 rad/s

pose (map -> base_link):
  x   : 3.926 m
  y   : 5.647 m
  yaw : 1.106 degree
==================================================
[CMD_VEL]
  linear.x  : 0.000
  angular.z : 0.000
shelf_id : 2-5-1-2
wall_info:
  wall_yaw_deg : N/A
  wall_distance: N/A


==================================================
[CMD_VEL EVENT]
time_cmd : 2026-01-09 01:05:45.506
time_now : 2026-01-09 01:05:45.506

cmd_vel:
  linear.x  : 0.000 m/s
  angular.z : 0.000 rad/s

pose (map -> base_link):
  x   : 3.926 m
  y   : 5.647 m
  yaw : 1.161 degree
==================================================
[CMD_VEL]
  linear.x  : 0.000
  angular.z : 0.000
shelf_id : 2-5-1-2
wall_info:
  wall_yaw_deg : N/A
  wall_distance: N/A


==================================================
[CMD_VEL EVENT]
time_cmd : 2026-01-09 01:05:45.556
time_now : 2026-01-09 01:05:45.556

cmd_vel:
  linear.x  : 0.000 m/s
  angular.z : 0.000 rad/s

pose (map -> base_link):
  x   : 3.926 m
  y   : 5.647 m
  yaw : 1.161 degree
==================================================
[CMD_VEL]
  linear.x  : 0.000
  angular.z : 0.000
shelf_id : 2-5-1-2
wall_info:
  wall_yaw_deg : N/A
  wall_distance: N/A


==================================================
[CMD_VEL EVENT]
time_cmd : 2026-01-09 01:05:45.606
time_now : 2026-01-09 01:05:45.606

cmd_vel:
  linear.x  : 0.000 m/s
  angular.z : 0.000 rad/s

pose (map -> base_link):
  x   : 3.925 m
  y   : 5.647 m
  yaw : 1.216 degree
==================================================
[CMD_VEL]
  linear.x  : 0.000
  angular.z : 0.000
shelf_id : 2-5-1-2
wall_info:
  wall_yaw_deg : N/A
  wall_distance: N/A


==================================================
[CMD_VEL EVENT]
time_cmd : 2026-01-09 01:05:45.656
time_now : 2026-01-09 01:05:45.656

cmd_vel:
  linear.x  : 0.000 m/s
  angular.z : 0.000 rad/s

pose (map -> base_link):
  x   : 3.925 m
  y   : 5.647 m
  yaw : 1.216 degree
==================================================
[CMD_VEL]
  linear.x  : 0.000
  angular.z : 0.000
shelf_id : 2-5-1-2
wall_info:
  wall_yaw_deg : N/A
  wall_distance: N/A


==================================================
[CMD_VEL EVENT]
time_cmd : 2026-01-09 01:05:45.706
time_now : 2026-01-09 01:05:45.706

cmd_vel:
  linear.x  : 0.000 m/s
  angular.z : 0.000 rad/s

pose (map -> base_link):
  x   : 3.925 m
  y   : 5.647 m
  yaw : 1.197 degree
==================================================
[CMD_VEL]
  linear.x  : 0.000
  angular.z : 0.000
shelf_id : 2-5-1-2
wall_info:
  wall_yaw_deg : N/A
  wall_distance: N/A


==================================================
[CMD_VEL EVENT]
time_cmd : 2026-01-09 01:05:45.756
time_now : 2026-01-09 01:05:45.756

cmd_vel:
  linear.x  : 0.000 m/s
  angular.z : 0.000 rad/s

pose (map -> base_link):
  x   : 3.925 m
  y   : 5.647 m
  yaw : 1.197 degree
==================================================
[CMD_VEL]
  linear.x  : 0.000
  angular.z : 0.000
shelf_id : 2-5-1-2
wall_info:
  wall_yaw_deg : N/A
  wall_distance: N/A


==================================================
[CMD_VEL EVENT]
time_cmd : 2026-01-09 01:05:45.806
time_now : 2026-01-09 01:05:45.806

cmd_vel:
  linear.x  : 0.000 m/s
  angular.z : 0.000 rad/s

pose (map -> base_link):
  x   : 3.925 m
  y   : 5.647 m
  yaw : 1.179 degree
==================================================
[CMD_VEL]
  linear.x  : 0.000
  angular.z : 0.000
shelf_id : 2-5-1-2
wall_info:
  wall_yaw_deg : N/A
  wall_distance: N/A


==================================================
[CMD_VEL EVENT]
time_cmd : 2026-01-09 01:05:45.856
time_now : 2026-01-09 01:05:45.856

cmd_vel:
  linear.x  : 0.000 m/s
  angular.z : 0.000 rad/s

pose (map -> base_link):
  x   : 3.925 m
  y   : 5.647 m
  yaw : 1.179 degree
==================================================
[CMD_VEL]
  linear.x  : 0.000
  angular.z : 0.000
shelf_id : 2-5-1-2
wall_info:
  wall_yaw_deg : N/A
  wall_distance: N/A


==================================================
[CMD_VEL EVENT]
time_cmd : 2026-01-09 01:05:45.906
time_now : 2026-01-09 01:05:45.906

cmd_vel:
  linear.x  : 0.000 m/s
  angular.z : 0.000 rad/s

pose (map -> base_link):
  x   : 3.925 m
  y   : 5.647 m
  yaw : 1.161 degree
==================================================
[CMD_VEL]
  linear.x  : 0.000
  angular.z : 0.000
shelf_id : 2-5-1-2
wall_info:
  wall_yaw_deg : N/A
  wall_distance: N/A


==================================================
[CMD_VEL EVENT]
time_cmd : 2026-01-09 01:05:45.956
time_now : 2026-01-09 01:05:45.956

cmd_vel:
  linear.x  : 0.000 m/s
  angular.z : 0.000 rad/s

pose (map -> base_link):
  x   : 3.925 m
  y   : 5.647 m
  yaw : 1.161 degree
==================================================
[CMD_VEL]
  linear.x  : 0.000
  angular.z : 0.000
shelf_id : 2-5-1-2
wall_info:
  wall_yaw_deg : N/A
  wall_distance: N/A


==================================================
[CMD_VEL EVENT]
time_cmd : 2026-01-09 01:05:46.006
time_now : 2026-01-09 01:05:46.006

cmd_vel:
  linear.x  : 0.000 m/s
  angular.z : 0.000 rad/s

pose (map -> base_link):
  x   : 3.925 m
  y   : 5.647 m
  yaw : 1.161 degree
==================================================
[CMD_VEL]
  linear.x  : 0.000
  angular.z : 0.000
shelf_id : 2-5-1-2
wall_info:
  wall_yaw_deg : N/A
  wall_distance: N/A


==================================================
[CMD_VEL EVENT]
time_cmd : 2026-01-09 01:05:46.056
time_now : 2026-01-09 01:05:46.056

cmd_vel:
  linear.x  : 0.000 m/s
  angular.z : 0.000 rad/s

pose (map -> base_link):
  x   : 3.925 m
  y   : 5.647 m
  yaw : 1.161 degree
==================================================
[CMD_VEL]
  linear.x  : 0.000
  angular.z : 0.000
shelf_id : 2-5-1-2
wall_info:
  wall_yaw_deg : N/A
  wall_distance: N/A


==================================================
[CMD_VEL EVENT]
time_cmd : 2026-01-09 01:05:46.106
time_now : 2026-01-09 01:05:46.106

cmd_vel:
  linear.x  : 0.000 m/s
  angular.z : 0.000 rad/s

pose (map -> base_link):
  x   : 3.925 m
  y   : 5.647 m
  yaw : 1.179 degree
==================================================
[CMD_VEL]
  linear.x  : 0.000
  angular.z : 0.000
shelf_id : 2-5-1-2
wall_info:
  wall_yaw_deg : N/A
  wall_distance: N/A


==================================================
[CMD_VEL EVENT]
time_cmd : 2026-01-09 01:05:46.156
time_now : 2026-01-09 01:05:46.156

cmd_vel:
  linear.x  : 0.000 m/s
  angular.z : 0.000 rad/s

pose (map -> base_link):
  x   : 3.925 m
  y   : 5.647 m
  yaw : 1.179 degree
==================================================
[CMD_VEL]
  linear.x  : 0.000
  angular.z : 0.000
shelf_id : 2-5-1-2
wall_info:
  wall_yaw_deg : N/A
  wall_distance: N/A


==================================================
[CMD_VEL EVENT]
time_cmd : 2026-01-09 01:05:46.206
time_now : 2026-01-09 01:05:46.206

cmd_vel:
  linear.x  : 0.000 m/s
  angular.z : 0.000 rad/s

pose (map -> base_link):
  x   : 3.925 m
  y   : 5.647 m
  yaw : 1.161 degree
==================================================
[CMD_VEL]
  linear.x  : 0.000
  angular.z : 0.000
shelf_id : 2-5-1-2
wall_info:
  wall_yaw_deg : N/A
  wall_distance: N/A


==================================================
[CMD_VEL EVENT]
time_cmd : 2026-01-09 01:05:46.256
time_now : 2026-01-09 01:05:46.256

cmd_vel:
  linear.x  : 0.000 m/s
  angular.z : 0.000 rad/s

pose (map -> base_link):
  x   : 3.925 m
  y   : 5.647 m
  yaw : 1.143 degree
==================================================
[CMD_VEL]
  linear.x  : 0.000
  angular.z : 0.000
shelf_id : 2-5-1-2
wall_info:
  wall_yaw_deg : N/A
  wall_distance: N/A


==================================================
[CMD_VEL EVENT]
time_cmd : 2026-01-09 01:05:46.306
time_now : 2026-01-09 01:05:46.306

cmd_vel:
  linear.x  : 0.000 m/s
  angular.z : 0.000 rad/s

pose (map -> base_link):
  x   : 3.925 m
  y   : 5.647 m
  yaw : 1.143 degree
==================================================
[CMD_VEL]
  linear.x  : 0.000
  angular.z : 0.000
shelf_id : 2-5-1-2
wall_info:
  wall_yaw_deg : N/A
  wall_distance: N/A


==================================================
[CMD_VEL EVENT]
time_cmd : 2026-01-09 01:05:46.356
time_now : 2026-01-09 01:05:46.356

cmd_vel:
  linear.x  : 0.000 m/s
  angular.z : 0.000 rad/s

pose (map -> base_link):
  x   : 3.925 m
  y   : 5.647 m
  yaw : 1.143 degree
==================================================
[CMD_VEL]
  linear.x  : 0.000
  angular.z : 0.000
shelf_id : 2-5-1-2
wall_info:
  wall_yaw_deg : N/A
  wall_distance: N/A


==================================================
[CMD_VEL EVENT]
time_cmd : 2026-01-09 01:05:46.406
time_now : 2026-01-09 01:05:46.406

cmd_vel:
  linear.x  : 0.000 m/s
  angular.z : 0.000 rad/s

pose (map -> base_link):
  x   : 3.925 m
  y   : 5.647 m
  yaw : 1.161 degree
==================================================
[CMD_VEL]
  linear.x  : 0.000
  angular.z : 0.000
shelf_id : 2-5-1-2
wall_info:
  wall_yaw_deg : N/A
  wall_distance: N/A


==================================================
[CMD_VEL EVENT]
time_cmd : 2026-01-09 01:05:46.456
time_now : 2026-01-09 01:05:46.456

cmd_vel:
  linear.x  : 0.000 m/s
  angular.z : 0.000 rad/s

pose (map -> base_link):
  x   : 3.925 m
  y   : 5.647 m
  yaw : 1.161 degree
==================================================
[CMD_VEL]
  linear.x  : 0.000
  angular.z : 0.000
shelf_id : 2-5-1-2
wall_info:
  wall_yaw_deg : N/A
  wall_distance: N/A


==================================================
[CMD_VEL EVENT]
time_cmd : 2026-01-09 01:05:46.506
time_now : 2026-01-09 01:05:46.506

cmd_vel:
  linear.x  : 0.000 m/s
  angular.z : 0.000 rad/s

pose (map -> base_link):
  x   : 3.925 m
  y   : 5.647 m
  yaw : 1.161 degree
==================================================
[CMD_VEL]
  linear.x  : 0.000
  angular.z : 0.000
shelf_id : 2-5-1-2
wall_info:
  wall_yaw_deg : N/A
  wall_distance: N/A


==================================================
[CMD_VEL EVENT]
time_cmd : 2026-01-09 01:05:46.556
time_now : 2026-01-09 01:05:46.556

cmd_vel:
  linear.x  : 0.000 m/s
  angular.z : 0.000 rad/s

pose (map -> base_link):
  x   : 3.925 m
  y   : 5.647 m
  yaw : 1.161 degree
==================================================
[CMD_VEL]
  linear.x  : 0.000
  angular.z : 0.000
shelf_id : 2-5-1-2
wall_info:
  wall_yaw_deg : N/A
  wall_distance: N/A


==================================================
[CMD_VEL EVENT]
time_cmd : 2026-01-09 01:05:46.606
time_now : 2026-01-09 01:05:46.606

cmd_vel:
  linear.x  : 0.000 m/s
  angular.z : 0.000 rad/s

pose (map -> base_link):
  x   : 3.925 m
  y   : 5.647 m
  yaw : 1.161 degree
==================================================
[CMD_VEL]
  linear.x  : 0.000
  angular.z : 0.000
shelf_id : 2-5-1-2
wall_info:
  wall_yaw_deg : N/A
  wall_distance: N/A


==================================================
[CMD_VEL EVENT]
time_cmd : 2026-01-09 01:05:46.656
time_now : 2026-01-09 01:05:46.656

cmd_vel:
  linear.x  : 0.000 m/s
  angular.z : 0.000 rad/s

pose (map -> base_link):
  x   : 3.925 m
  y   : 5.647 m
  yaw : 1.161 degree
==================================================
[CMD_VEL]
  linear.x  : 0.000
  angular.z : 0.000
shelf_id : 2-5-1-2
wall_info:
  wall_yaw_deg : N/A
  wall_distance: N/A


==================================================
[CMD_VEL EVENT]
time_cmd : 2026-01-09 01:05:46.706
time_now : 2026-01-09 01:05:46.706

cmd_vel:
  linear.x  : 0.000 m/s
  angular.z : 0.000 rad/s

pose (map -> base_link):
  x   : 3.925 m
  y   : 5.647 m
  yaw : 1.161 degree
==================================================
[CMD_VEL]
  linear.x  : 0.000
  angular.z : 0.000
shelf_id : 2-5-1-2
wall_info:
  wall_yaw_deg : N/A
  wall_distance: N/A


==================================================
[CMD_VEL EVENT]
time_cmd : 2026-01-09 01:05:46.756
time_now : 2026-01-09 01:05:46.756

cmd_vel:
  linear.x  : 0.000 m/s
  angular.z : 0.000 rad/s

pose (map -> base_link):
  x   : 3.925 m
  y   : 5.647 m
  yaw : 1.161 degree
==================================================
[CMD_VEL]
  linear.x  : 0.000
  angular.z : 0.000
shelf_id : 2-5-1-2
wall_info:
  wall_yaw_deg : N/A
  wall_distance: N/A


==================================================
[CMD_VEL EVENT]
time_cmd : 2026-01-09 01:05:46.806
time_now : 2026-01-09 01:05:46.806

cmd_vel:
  linear.x  : 0.000 m/s
  angular.z : 0.000 rad/s

pose (map -> base_link):
  x   : 3.925 m
  y   : 5.647 m
  yaw : 1.161 degree
==================================================
[CMD_VEL]
  linear.x  : 0.000
  angular.z : 0.000
shelf_id : 2-5-1-2
wall_info:
  wall_yaw_deg : N/A
  wall_distance: N/A


==================================================
[CMD_VEL EVENT]
time_cmd : 2026-01-09 01:05:46.856
time_now : 2026-01-09 01:05:46.856

cmd_vel:
  linear.x  : 0.000 m/s
  angular.z : 0.000 rad/s

pose (map -> base_link):
  x   : 3.925 m
  y   : 5.647 m
  yaw : 1.161 degree
==================================================
[CMD_VEL]
  linear.x  : 0.000
  angular.z : 0.000
shelf_id : 2-5-1-2
wall_info:
  wall_yaw_deg : N/A
  wall_distance: N/A


==================================================
[CMD_VEL EVENT]
time_cmd : 2026-01-09 01:05:46.906
time_now : 2026-01-09 01:05:46.906

cmd_vel:
  linear.x  : 0.000 m/s
  angular.z : 0.000 rad/s

pose (map -> base_link):
  x   : 3.925 m
  y   : 5.647 m
  yaw : 1.161 degree
==================================================
[CMD_VEL]
  linear.x  : 0.000
  angular.z : 0.000
shelf_id : 2-5-1-2
wall_info:
  wall_yaw_deg : N/A
  wall_distance: N/A


==================================================
[CMD_VEL EVENT]
time_cmd : 2026-01-09 01:05:46.956
time_now : 2026-01-09 01:05:46.956

cmd_vel:
  linear.x  : 0.000 m/s
  angular.z : 0.000 rad/s

pose (map -> base_link):
  x   : 3.925 m
  y   : 5.647 m
  yaw : 1.161 degree
==================================================
[CMD_VEL]
  linear.x  : 0.000
  angular.z : 0.000
shelf_id : 2-5-1-2
wall_info:
  wall_yaw_deg : N/A
  wall_distance: N/A


==================================================
[CMD_VEL EVENT]
time_cmd : 2026-01-09 01:05:47.006
time_now : 2026-01-09 01:05:47.006

cmd_vel:
  linear.x  : 0.000 m/s
  angular.z : 0.000 rad/s

pose (map -> base_link):
  x   : 3.925 m
  y   : 5.647 m
  yaw : 1.161 degree
==================================================
[SESSION END]
end_time : 2026-01-09 01:05:52.053
==================================================

