
[SESSION START]
shelf_id : 2-5-1-1
start_time : 2026-01-09 12:30:39.582
==================================================
[CMD_VEL]
  linear.x  : -0.150
  angular.z : 0.300
shelf_id : 2-5-1-1
wall_info:
  wall_yaw_deg : -1.04 deg
  wall_distance: 0.465 m


==================================================
[CMD_VEL EVENT]
time_cmd : 2026-01-09 12:30:39.599
time_now : 2026-01-09 12:30:39.599

cmd_vel:
  linear.x  : -0.150 m/s
  angular.z : 0.300 rad/s

pose : UNAVAILABLE
  reason : TF not available (map/odom)
==================================================
[CMD_VEL]
  linear.x  : -0.150
  angular.z : 0.300
shelf_id : 2-5-1-1
wall_info:
  wall_yaw_deg : -1.04 deg
  wall_distance: 0.465 m


==================================================
[CMD_VEL EVENT]
time_cmd : 2026-01-09 12:30:39.721
time_now : 2026-01-09 12:30:39.721

cmd_vel:
  linear.x  : -0.150 m/s
  angular.z : 0.300 rad/s

pose : UNAVAILABLE
  reason : TF not available (map/odom)
==================================================
[CMD_VEL]
  linear.x  : -0.150
  angular.z : 0.300
shelf_id : 2-5-1-1
wall_info:
  wall_yaw_deg : -1.24 deg
  wall_distance: 0.466 m


==================================================
[CMD_VEL EVENT]
time_cmd : 2026-01-09 12:30:39.844
time_now : 2026-01-09 12:30:39.844

cmd_vel:
  linear.x  : -0.150 m/s
  angular.z : 0.300 rad/s

pose : UNAVAILABLE
  reason : TF not available (map/odom)
==================================================
[CMD_VEL]
  linear.x  : -0.150
  angular.z : 0.300
shelf_id : 2-5-1-1
wall_info:
  wall_yaw_deg : -1.28 deg
  wall_distance: 0.468 m


==================================================
[CMD_VEL EVENT]
time_cmd : 2026-01-09 12:30:39.965
time_now : 2026-01-09 12:30:39.965

cmd_vel:
  linear.x  : -0.150 m/s
  angular.z : 0.300 rad/s

pose : UNAVAILABLE
  reason : TF not available (map/odom)
==================================================
[CMD_VEL]
  linear.x  : -0.150
  angular.z : 0.300
shelf_id : 2-5-1-1
wall_info:
  wall_yaw_deg : -1.19 deg
  wall_distance: 0.467 m


==================================================
[CMD_VEL EVENT]
time_cmd : 2026-01-09 12:30:40.088
time_now : 2026-01-09 12:30:40.088

cmd_vel:
  linear.x  : -0.150 m/s
  angular.z : 0.300 rad/s

pose : UNAVAILABLE
  reason : TF not available (map/odom)
==================================================
[CMD_VEL]
  linear.x  : -0.150
  angular.z : 0.300
shelf_id : 2-5-1-1
wall_info:
  wall_yaw_deg : -1.24 deg
  wall_distance: 0.465 m


==================================================
[CMD_VEL EVENT]
time_cmd : 2026-01-09 12:30:40.210
time_now : 2026-01-09 12:30:40.210

cmd_vel:
  linear.x  : -0.150 m/s
  angular.z : 0.300 rad/s

pose : UNAVAILABLE
  reason : TF not available (map/odom)
==================================================
[CMD_VEL]
  linear.x  : -0.150
  angular.z : 0.300
shelf_id : 2-5-1-1
wall_info:
  wall_yaw_deg : -1.24 deg
  wall_distance: 0.464 m


==================================================
[CMD_VEL EVENT]
time_cmd : 2026-01-09 12:30:40.333
time_now : 2026-01-09 12:30:40.333

cmd_vel:
  linear.x  : -0.150 m/s
  angular.z : 0.300 rad/s

pose : UNAVAILABLE
  reason : TF not available (map/odom)
==================================================
[CMD_VEL]
  linear.x  : -0.150
  angular.z : 0.300
shelf_id : 2-5-1-1
wall_info:
  wall_yaw_deg : -1.25 deg
  wall_distance: 0.463 m


==================================================
[CMD_VEL EVENT]
time_cmd : 2026-01-09 12:30:40.455
time_now : 2026-01-09 12:30:40.455

cmd_vel:
  linear.x  : -0.150 m/s
  angular.z : 0.300 rad/s

pose : UNAVAILABLE
  reason : TF not available (map/odom)
==================================================
[CMD_VEL]
  linear.x  : -0.150
  angular.z : 0.300
shelf_id : 2-5-1-1
wall_info:
  wall_yaw_deg : -1.14 deg
  wall_distance: 0.464 m


==================================================
[CMD_VEL EVENT]
time_cmd : 2026-01-09 12:30:40.577
time_now : 2026-01-09 12:30:40.577

cmd_vel:
  linear.x  : -0.150 m/s
  angular.z : 0.300 rad/s

pose : UNAVAILABLE
  reason : TF not available (map/odom)
==================================================
[CMD_VEL]
  linear.x  : -0.150
  angular.z : 0.300
shelf_id : 2-5-1-1
wall_info:
  wall_yaw_deg : -1.26 deg
  wall_distance: 0.464 m


==================================================
[CMD_VEL EVENT]
time_cmd : 2026-01-09 12:30:40.700
time_now : 2026-01-09 12:30:40.700

cmd_vel:
  linear.x  : -0.150 m/s
  angular.z : 0.300 rad/s

pose : UNAVAILABLE
  reason : TF not available (map/odom)
==================================================
[CMD_VEL]
  linear.x  : -0.150
  angular.z : 0.300
shelf_id : 2-5-1-1
wall_info:
  wall_yaw_deg : -1.26 deg
  wall_distance: 0.465 m


==================================================
[CMD_VEL EVENT]
time_cmd : 2026-01-09 12:30:40.823
time_now : 2026-01-09 12:30:40.823

cmd_vel:
  linear.x  : -0.150 m/s
  angular.z : 0.300 rad/s

pose : UNAVAILABLE
  reason : TF not available (map/odom)
==================================================
[CMD_VEL]
  linear.x  : -0.150
  angular.z : 0.300
shelf_id : 2-5-1-1
wall_info:
  wall_yaw_deg : -1.24 deg
  wall_distance: 0.464 m


==================================================
[CMD_VEL EVENT]
time_cmd : 2026-01-09 12:30:40.945
time_now : 2026-01-09 12:30:40.945

cmd_vel:
  linear.x  : -0.150 m/s
  angular.z : 0.300 rad/s

pose : UNAVAILABLE
  reason : TF not available (map/odom)
==================================================
[CMD_VEL]
  linear.x  : -0.150
  angular.z : 0.300
shelf_id : 2-5-1-1
wall_info:
  wall_yaw_deg : -1.33 deg
  wall_distance: 0.463 m


==================================================
[CMD_VEL EVENT]
time_cmd : 2026-01-09 12:30:41.066
time_now : 2026-01-09 12:30:41.066

cmd_vel:
  linear.x  : -0.150 m/s
  angular.z : 0.300 rad/s

pose : UNAVAILABLE
  reason : TF not available (map/odom)
==================================================
[CMD_VEL]
  linear.x  : -0.150
  angular.z : 0.300
shelf_id : 2-5-1-1
wall_info:
  wall_yaw_deg : -1.16 deg
  wall_distance: 0.464 m


==================================================
[CMD_VEL EVENT]
time_cmd : 2026-01-09 12:30:41.189
time_now : 2026-01-09 12:30:41.189

cmd_vel:
  linear.x  : -0.150 m/s
  angular.z : 0.300 rad/s

pose : UNAVAILABLE
  reason : TF not available (map/odom)
==================================================
[CMD_VEL]
  linear.x  : -0.150
  angular.z : 0.300
shelf_id : 2-5-1-1
wall_info:
  wall_yaw_deg : -1.37 deg
  wall_distance: 0.463 m


==================================================
[CMD_VEL EVENT]
time_cmd : 2026-01-09 12:30:41.312
time_now : 2026-01-09 12:30:41.312

cmd_vel:
  linear.x  : -0.150 m/s
  angular.z : 0.300 rad/s

pose : UNAVAILABLE
  reason : TF not available (map/odom)
==================================================
[CMD_VEL]
  linear.x  : -0.150
  angular.z : 0.300
shelf_id : 2-5-1-1
wall_info:
  wall_yaw_deg : -1.35 deg
  wall_distance: 0.463 m


==================================================
[CMD_VEL EVENT]
time_cmd : 2026-01-09 12:30:41.435
time_now : 2026-01-09 12:30:41.435

cmd_vel:
  linear.x  : -0.150 m/s
  angular.z : 0.300 rad/s

pose : UNAVAILABLE
  reason : TF not available (map/odom)
==================================================
[CMD_VEL]
  linear.x  : -0.150
  angular.z : 0.300
shelf_id : 2-5-1-1
wall_info:
  wall_yaw_deg : -1.19 deg
  wall_distance: 0.464 m


==================================================
[CMD_VEL EVENT]
time_cmd : 2026-01-09 12:30:41.557
time_now : 2026-01-09 12:30:41.557

cmd_vel:
  linear.x  : -0.150 m/s
  angular.z : 0.300 rad/s

pose : UNAVAILABLE
  reason : TF not available (map/odom)
==================================================
[CMD_VEL]
  linear.x  : -0.150
  angular.z : 0.300
shelf_id : 2-5-1-1
wall_info:
  wall_yaw_deg : -1.29 deg
  wall_distance: 0.463 m


==================================================
[CMD_VEL EVENT]
time_cmd : 2026-01-09 12:30:41.679
time_now : 2026-01-09 12:30:41.679

cmd_vel:
  linear.x  : -0.150 m/s
  angular.z : 0.300 rad/s

pose : UNAVAILABLE
  reason : TF not available (map/odom)
==================================================
[CMD_VEL]
  linear.x  : -0.150
  angular.z : 0.300
shelf_id : 2-5-1-1
wall_info:
  wall_yaw_deg : -1.20 deg
  wall_distance: 0.464 m


==================================================
[CMD_VEL EVENT]
time_cmd : 2026-01-09 12:30:41.803
time_now : 2026-01-09 12:30:41.803

cmd_vel:
  linear.x  : -0.150 m/s
  angular.z : 0.300 rad/s

pose : UNAVAILABLE
  reason : TF not available (map/odom)
==================================================
[CMD_VEL]
  linear.x  : -0.150
  angular.z : 0.300
shelf_id : 2-5-1-1
wall_info:
  wall_yaw_deg : -1.22 deg
  wall_distance: 0.464 m


==================================================
[CMD_VEL EVENT]
time_cmd : 2026-01-09 12:30:41.925
time_now : 2026-01-09 12:30:41.925

cmd_vel:
  linear.x  : -0.150 m/s
  angular.z : 0.300 rad/s

pose : UNAVAILABLE
  reason : TF not available (map/odom)
==================================================
[CMD_VEL]
  linear.x  : -0.150
  angular.z : 0.300
shelf_id : 2-5-1-1
wall_info:
  wall_yaw_deg : -1.28 deg
  wall_distance: 0.463 m


==================================================
[CMD_VEL EVENT]
time_cmd : 2026-01-09 12:30:42.047
time_now : 2026-01-09 12:30:42.047

cmd_vel:
  linear.x  : -0.150 m/s
  angular.z : 0.300 rad/s

pose : UNAVAILABLE
  reason : TF not available (map/odom)
==================================================
[CMD_VEL]
  linear.x  : -0.150
  angular.z : 0.300
shelf_id : 2-5-1-1
wall_info:
  wall_yaw_deg : -1.38 deg
  wall_distance: 0.464 m


==================================================
[CMD_VEL EVENT]
time_cmd : 2026-01-09 12:30:42.169
time_now : 2026-01-09 12:30:42.169

cmd_vel:
  linear.x  : -0.150 m/s
  angular.z : 0.300 rad/s

pose : UNAVAILABLE
  reason : TF not available (map/odom)
==================================================
[CMD_VEL]
  linear.x  : -0.150
  angular.z : 0.300
shelf_id : 2-5-1-1
wall_info:
  wall_yaw_deg : -1.11 deg
  wall_distance: 0.465 m


==================================================
[CMD_VEL EVENT]
time_cmd : 2026-01-09 12:30:42.292
time_now : 2026-01-09 12:30:42.292

cmd_vel:
  linear.x  : -0.150 m/s
  angular.z : 0.300 rad/s

pose : UNAVAILABLE
  reason : TF not available (map/odom)
==================================================
[CMD_VEL]
  linear.x  : -0.150
  angular.z : 0.300
shelf_id : 2-5-1-1
wall_info:
  wall_yaw_deg : -1.31 deg
  wall_distance: 0.465 m


==================================================
[CMD_VEL EVENT]
time_cmd : 2026-01-09 12:30:42.414
time_now : 2026-01-09 12:30:42.414

cmd_vel:
  linear.x  : -0.150 m/s
  angular.z : 0.300 rad/s

pose : UNAVAILABLE
  reason : TF not available (map/odom)
==================================================
[CMD_VEL]
  linear.x  : -0.150
  angular.z : 0.300
shelf_id : 2-5-1-1
wall_info:
  wall_yaw_deg : -1.29 deg
  wall_distance: 0.463 m


==================================================
[CMD_VEL EVENT]
time_cmd : 2026-01-09 12:30:42.537
time_now : 2026-01-09 12:30:42.537

cmd_vel:
  linear.x  : -0.150 m/s
  angular.z : 0.300 rad/s

pose : UNAVAILABLE
  reason : TF not available (map/odom)
==================================================
[CMD_VEL]
  linear.x  : -0.150
  angular.z : 0.300
shelf_id : 2-5-1-1
wall_info:
  wall_yaw_deg : -1.34 deg
  wall_distance: 0.463 m


==================================================
[CMD_VEL EVENT]
time_cmd : 2026-01-09 12:30:42.659
time_now : 2026-01-09 12:30:42.659

cmd_vel:
  linear.x  : -0.150 m/s
  angular.z : 0.300 rad/s

pose : UNAVAILABLE
  reason : TF not available (map/odom)
==================================================
[CMD_VEL]
  linear.x  : -0.150
  angular.z : 0.300
shelf_id : 2-5-1-1
wall_info:
  wall_yaw_deg : -1.31 deg
  wall_distance: 0.462 m


==================================================
[CMD_VEL EVENT]
time_cmd : 2026-01-09 12:30:42.781
time_now : 2026-01-09 12:30:42.781

cmd_vel:
  linear.x  : -0.150 m/s
  angular.z : 0.300 rad/s

pose : UNAVAILABLE
  reason : TF not available (map/odom)
==================================================
[CMD_VEL]
  linear.x  : -0.150
  angular.z : 0.300
shelf_id : 2-5-1-1
wall_info:
  wall_yaw_deg : -1.25 deg
  wall_distance: 0.462 m


==================================================
[CMD_VEL EVENT]
time_cmd : 2026-01-09 12:30:42.903
time_now : 2026-01-09 12:30:42.903

cmd_vel:
  linear.x  : -0.150 m/s
  angular.z : 0.300 rad/s

pose : UNAVAILABLE
  reason : TF not available (map/odom)
==================================================
[CMD_VEL]
  linear.x  : -0.150
  angular.z : 0.300
shelf_id : 2-5-1-1
wall_info:
  wall_yaw_deg : -1.44 deg
  wall_distance: 0.461 m


==================================================
[CMD_VEL EVENT]
time_cmd : 2026-01-09 12:30:43.025
time_now : 2026-01-09 12:30:43.025

cmd_vel:
  linear.x  : -0.150 m/s
  angular.z : 0.300 rad/s

pose : UNAVAILABLE
  reason : TF not available (map/odom)
==================================================
[CMD_VEL]
  linear.x  : -0.150
  angular.z : 0.300
shelf_id : 2-5-1-1
wall_info:
  wall_yaw_deg : -1.23 deg
  wall_distance: 0.462 m


==================================================
[CMD_VEL EVENT]
time_cmd : 2026-01-09 12:30:43.147
time_now : 2026-01-09 12:30:43.147

cmd_vel:
  linear.x  : -0.150 m/s
  angular.z : 0.300 rad/s

pose : UNAVAILABLE
  reason : TF not available (map/odom)
==================================================
[CMD_VEL]
  linear.x  : -0.150
  angular.z : 0.300
shelf_id : 2-5-1-1
wall_info:
  wall_yaw_deg : -1.37 deg
  wall_distance: 0.461 m


==================================================
[CMD_VEL EVENT]
time_cmd : 2026-01-09 12:30:43.270
time_now : 2026-01-09 12:30:43.270

cmd_vel:
  linear.x  : -0.150 m/s
  angular.z : 0.300 rad/s

pose : UNAVAILABLE
  reason : TF not available (map/odom)
==================================================
[CMD_VEL]
  linear.x  : -0.150
  angular.z : 0.300
shelf_id : 2-5-1-1
wall_info:
  wall_yaw_deg : -1.30 deg
  wall_distance: 0.460 m


==================================================
[CMD_VEL EVENT]
time_cmd : 2026-01-09 12:30:43.393
time_now : 2026-01-09 12:30:43.393

cmd_vel:
  linear.x  : -0.150 m/s
  angular.z : 0.300 rad/s

pose : UNAVAILABLE
  reason : TF not available (map/odom)
==================================================
[CMD_VEL]
  linear.x  : -0.150
  angular.z : 0.300
shelf_id : 2-5-1-1
wall_info:
  wall_yaw_deg : -1.23 deg
  wall_distance: 0.461 m


==================================================
[CMD_VEL EVENT]
time_cmd : 2026-01-09 12:30:43.515
time_now : 2026-01-09 12:30:43.515

cmd_vel:
  linear.x  : -0.150 m/s
  angular.z : 0.300 rad/s

pose : UNAVAILABLE
  reason : TF not available (map/odom)
==================================================
[CMD_VEL]
  linear.x  : -0.150
  angular.z : 0.300
shelf_id : 2-5-1-1
wall_info:
  wall_yaw_deg : -1.25 deg
  wall_distance: 0.462 m


==================================================
[CMD_VEL EVENT]
time_cmd : 2026-01-09 12:30:43.637
time_now : 2026-01-09 12:30:43.637

cmd_vel:
  linear.x  : -0.150 m/s
  angular.z : 0.300 rad/s

pose : UNAVAILABLE
  reason : TF not available (map/odom)
==================================================
[CMD_VEL]
  linear.x  : -0.150
  angular.z : 0.300
shelf_id : 2-5-1-1
wall_info:
  wall_yaw_deg : -1.36 deg
  wall_distance: 0.463 m


==================================================
[CMD_VEL EVENT]
time_cmd : 2026-01-09 12:30:43.758
time_now : 2026-01-09 12:30:43.758

cmd_vel:
  linear.x  : -0.150 m/s
  angular.z : 0.300 rad/s

pose : UNAVAILABLE
  reason : TF not available (map/odom)
==================================================
[CMD_VEL]
  linear.x  : -0.150
  angular.z : 0.300
shelf_id : 2-5-1-1
wall_info:
  wall_yaw_deg : -1.28 deg
  wall_distance: 0.461 m


==================================================
[CMD_VEL EVENT]
time_cmd : 2026-01-09 12:30:43.881
time_now : 2026-01-09 12:30:43.881

cmd_vel:
  linear.x  : -0.150 m/s
  angular.z : 0.300 rad/s

pose : UNAVAILABLE
  reason : TF not available (map/odom)
==================================================
[CMD_VEL]
  linear.x  : -0.150
  angular.z : 0.300
shelf_id : 2-5-1-1
wall_info:
  wall_yaw_deg : -1.27 deg
  wall_distance: 0.462 m


==================================================
[CMD_VEL EVENT]
time_cmd : 2026-01-09 12:30:44.003
time_now : 2026-01-09 12:30:44.003

cmd_vel:
  linear.x  : -0.150 m/s
  angular.z : 0.300 rad/s

pose : UNAVAILABLE
  reason : TF not available (map/odom)
==================================================
[CMD_VEL]
  linear.x  : -0.150
  angular.z : 0.300
shelf_id : 2-5-1-1
wall_info:
  wall_yaw_deg : -1.21 deg
  wall_distance: 0.464 m


==================================================
[CMD_VEL EVENT]
time_cmd : 2026-01-09 12:30:44.125
time_now : 2026-01-09 12:30:44.125

cmd_vel:
  linear.x  : -0.150 m/s
  angular.z : 0.300 rad/s

pose : UNAVAILABLE
  reason : TF not available (map/odom)
==================================================
[CMD_VEL]
  linear.x  : -0.150
  angular.z : 0.300
shelf_id : 2-5-1-1
wall_info:
  wall_yaw_deg : -1.17 deg
  wall_distance: 0.464 m


==================================================
[CMD_VEL EVENT]
time_cmd : 2026-01-09 12:30:44.247
time_now : 2026-01-09 12:30:44.247

cmd_vel:
  linear.x  : -0.150 m/s
  angular.z : 0.300 rad/s

pose : UNAVAILABLE
  reason : TF not available (map/odom)
==================================================
[CMD_VEL]
  linear.x  : -0.150
  angular.z : 0.300
shelf_id : 2-5-1-1
wall_info:
  wall_yaw_deg : -1.21 deg
  wall_distance: 0.464 m


==================================================
[CMD_VEL EVENT]
time_cmd : 2026-01-09 12:30:44.368
time_now : 2026-01-09 12:30:44.368

cmd_vel:
  linear.x  : -0.150 m/s
  angular.z : 0.300 rad/s

pose : UNAVAILABLE
  reason : TF not available (map/odom)
==================================================
[CMD_VEL]
  linear.x  : -0.150
  angular.z : 0.300
shelf_id : 2-5-1-1
wall_info:
  wall_yaw_deg : -1.32 deg
  wall_distance: 0.464 m


==================================================
[CMD_VEL EVENT]
time_cmd : 2026-01-09 12:30:44.491
time_now : 2026-01-09 12:30:44.491

cmd_vel:
  linear.x  : -0.150 m/s
  angular.z : 0.300 rad/s

pose : UNAVAILABLE
  reason : TF not available (map/odom)
==================================================
[CMD_VEL]
  linear.x  : -0.150
  angular.z : 0.300
shelf_id : 2-5-1-1
wall_info:
  wall_yaw_deg : -1.28 deg
  wall_distance: 0.462 m


==================================================
[CMD_VEL EVENT]
time_cmd : 2026-01-09 12:30:44.615
time_now : 2026-01-09 12:30:44.615

cmd_vel:
  linear.x  : -0.150 m/s
  angular.z : 0.300 rad/s

pose : UNAVAILABLE
  reason : TF not available (map/odom)
==================================================
[CMD_VEL]
  linear.x  : -0.150
  angular.z : 0.300
shelf_id : 2-5-1-1
wall_info:
  wall_yaw_deg : -1.27 deg
  wall_distance: 0.462 m


==================================================
[CMD_VEL EVENT]
time_cmd : 2026-01-09 12:30:44.738
time_now : 2026-01-09 12:30:44.738

cmd_vel:
  linear.x  : -0.150 m/s
  angular.z : 0.300 rad/s

pose : UNAVAILABLE
  reason : TF not available (map/odom)
==================================================
[CMD_VEL]
  linear.x  : -0.150
  angular.z : 0.300
shelf_id : 2-5-1-1
wall_info:
  wall_yaw_deg : -1.36 deg
  wall_distance: 0.461 m


==================================================
[CMD_VEL EVENT]
time_cmd : 2026-01-09 12:30:44.861
time_now : 2026-01-09 12:30:44.861

cmd_vel:
  linear.x  : -0.150 m/s
  angular.z : 0.300 rad/s

pose : UNAVAILABLE
  reason : TF not available (map/odom)
==================================================
[CMD_VEL]
  linear.x  : -0.150
  angular.z : 0.300
shelf_id : 2-5-1-1
wall_info:
  wall_yaw_deg : -1.27 deg
  wall_distance: 0.463 m


==================================================
[CMD_VEL EVENT]
time_cmd : 2026-01-09 12:30:44.983
time_now : 2026-01-09 12:30:44.983

cmd_vel:
  linear.x  : -0.150 m/s
  angular.z : 0.300 rad/s

pose : UNAVAILABLE
  reason : TF not available (map/odom)
==================================================
[CMD_VEL]
  linear.x  : -0.150
  angular.z : 0.300
shelf_id : 2-5-1-1
wall_info:
  wall_yaw_deg : -1.25 deg
  wall_distance: 0.461 m


==================================================
[CMD_VEL EVENT]
time_cmd : 2026-01-09 12:30:45.105
time_now : 2026-01-09 12:30:45.105

cmd_vel:
  linear.x  : -0.150 m/s
  angular.z : 0.300 rad/s

pose : UNAVAILABLE
  reason : TF not available (map/odom)
==================================================
[CMD_VEL]
  linear.x  : -0.150
  angular.z : 0.300
shelf_id : 2-5-1-1
wall_info:
  wall_yaw_deg : -1.14 deg
  wall_distance: 0.463 m


==================================================
[CMD_VEL EVENT]
time_cmd : 2026-01-09 12:30:45.227
time_now : 2026-01-09 12:30:45.227

cmd_vel:
  linear.x  : -0.150 m/s
  angular.z : 0.300 rad/s

pose : UNAVAILABLE
  reason : TF not available (map/odom)
==================================================
[CMD_VEL]
  linear.x  : -0.150
  angular.z : 0.300
shelf_id : 2-5-1-1
wall_info:
  wall_yaw_deg : -1.30 deg
  wall_distance: 0.463 m


==================================================
[CMD_VEL EVENT]
time_cmd : 2026-01-09 12:30:45.349
time_now : 2026-01-09 12:30:45.349

cmd_vel:
  linear.x  : -0.150 m/s
  angular.z : 0.300 rad/s

pose : UNAVAILABLE
  reason : TF not available (map/odom)
==================================================
[CMD_VEL]
  linear.x  : -0.150
  angular.z : 0.300
shelf_id : 2-5-1-1
wall_info:
  wall_yaw_deg : -1.42 deg
  wall_distance: 0.461 m


==================================================
[CMD_VEL EVENT]
time_cmd : 2026-01-09 12:30:45.471
time_now : 2026-01-09 12:30:45.471

cmd_vel:
  linear.x  : -0.150 m/s
  angular.z : 0.300 rad/s

pose : UNAVAILABLE
  reason : TF not available (map/odom)
==================================================
[CMD_VEL]
  linear.x  : -0.150
  angular.z : 0.300
shelf_id : 2-5-1-1
wall_info:
  wall_yaw_deg : -1.23 deg
  wall_distance: 0.461 m


==================================================
[CMD_VEL EVENT]
time_cmd : 2026-01-09 12:30:45.593
time_now : 2026-01-09 12:30:45.593

cmd_vel:
  linear.x  : -0.150 m/s
  angular.z : 0.300 rad/s

pose : UNAVAILABLE
  reason : TF not available (map/odom)
==================================================
[CMD_VEL]
  linear.x  : -0.150
  angular.z : 0.300
shelf_id : 2-5-1-1
wall_info:
  wall_yaw_deg : -1.19 deg
  wall_distance: 0.462 m


==================================================
[CMD_VEL EVENT]
time_cmd : 2026-01-09 12:30:45.715
time_now : 2026-01-09 12:30:45.715

cmd_vel:
  linear.x  : -0.150 m/s
  angular.z : 0.300 rad/s

pose : UNAVAILABLE
  reason : TF not available (map/odom)
==================================================
[CMD_VEL]
  linear.x  : -0.150
  angular.z : 0.300
shelf_id : 2-5-1-1
wall_info:
  wall_yaw_deg : -1.18 deg
  wall_distance: 0.461 m


==================================================
[CMD_VEL EVENT]
time_cmd : 2026-01-09 12:30:45.837
time_now : 2026-01-09 12:30:45.837

cmd_vel:
  linear.x  : -0.150 m/s
  angular.z : 0.300 rad/s

pose : UNAVAILABLE
  reason : TF not available (map/odom)
==================================================
[CMD_VEL]
  linear.x  : -0.150
  angular.z : 0.300
shelf_id : 2-5-1-1
wall_info:
  wall_yaw_deg : -1.23 deg
  wall_distance: 0.461 m


==================================================
[CMD_VEL EVENT]
time_cmd : 2026-01-09 12:30:45.958
time_now : 2026-01-09 12:30:45.958

cmd_vel:
  linear.x  : -0.150 m/s
  angular.z : 0.300 rad/s

pose : UNAVAILABLE
  reason : TF not available (map/odom)
==================================================
[CMD_VEL]
  linear.x  : -0.150
  angular.z : 0.300
shelf_id : 2-5-1-1
wall_info:
  wall_yaw_deg : -1.35 deg
  wall_distance: 0.460 m


==================================================
[CMD_VEL EVENT]
time_cmd : 2026-01-09 12:30:46.080
time_now : 2026-01-09 12:30:46.080

cmd_vel:
  linear.x  : -0.150 m/s
  angular.z : 0.300 rad/s

pose : UNAVAILABLE
  reason : TF not available (map/odom)
==================================================
[CMD_VEL]
  linear.x  : -0.150
  angular.z : 0.300
shelf_id : 2-5-1-1
wall_info:
  wall_yaw_deg : -1.21 deg
  wall_distance: 0.461 m


==================================================
[CMD_VEL EVENT]
time_cmd : 2026-01-09 12:30:46.202
time_now : 2026-01-09 12:30:46.202

cmd_vel:
  linear.x  : -0.150 m/s
  angular.z : 0.300 rad/s

pose : UNAVAILABLE
  reason : TF not available (map/odom)
==================================================
[CMD_VEL]
  linear.x  : -0.150
  angular.z : 0.300
shelf_id : 2-5-1-1
wall_info:
  wall_yaw_deg : -1.40 deg
  wall_distance: 0.462 m


==================================================
[CMD_VEL EVENT]
time_cmd : 2026-01-09 12:30:46.325
time_now : 2026-01-09 12:30:46.325

cmd_vel:
  linear.x  : -0.150 m/s
  angular.z : 0.300 rad/s

pose : UNAVAILABLE
  reason : TF not available (map/odom)
==================================================
[CMD_VEL]
  linear.x  : -0.150
  angular.z : 0.300
shelf_id : 2-5-1-1
wall_info:
  wall_yaw_deg : -1.27 deg
  wall_distance: 0.462 m


==================================================
[CMD_VEL EVENT]
time_cmd : 2026-01-09 12:30:46.447
time_now : 2026-01-09 12:30:46.447

cmd_vel:
  linear.x  : -0.150 m/s
  angular.z : 0.300 rad/s

pose : UNAVAILABLE
  reason : TF not available (map/odom)
==================================================
[CMD_VEL]
  linear.x  : -0.150
  angular.z : 0.300
shelf_id : 2-5-1-1
wall_info:
  wall_yaw_deg : -1.31 deg
  wall_distance: 0.463 m


==================================================
[CMD_VEL EVENT]
time_cmd : 2026-01-09 12:30:46.569
time_now : 2026-01-09 12:30:46.569

cmd_vel:
  linear.x  : -0.150 m/s
  angular.z : 0.300 rad/s

pose : UNAVAILABLE
  reason : TF not available (map/odom)
==================================================
[CMD_VEL]
  linear.x  : -0.150
  angular.z : 0.300
shelf_id : 2-5-1-1
wall_info:
  wall_yaw_deg : -1.16 deg
  wall_distance: 0.464 m


==================================================
[CMD_VEL EVENT]
time_cmd : 2026-01-09 12:30:46.692
time_now : 2026-01-09 12:30:46.692

cmd_vel:
  linear.x  : -0.150 m/s
  angular.z : 0.300 rad/s

pose : UNAVAILABLE
  reason : TF not available (map/odom)
==================================================
[CMD_VEL]
  linear.x  : -0.150
  angular.z : 0.300
shelf_id : 2-5-1-1
wall_info:
  wall_yaw_deg : -1.24 deg
  wall_distance: 0.463 m


==================================================
[CMD_VEL EVENT]
time_cmd : 2026-01-09 12:30:46.816
time_now : 2026-01-09 12:30:46.816

cmd_vel:
  linear.x  : -0.150 m/s
  angular.z : 0.300 rad/s

pose : UNAVAILABLE
  reason : TF not available (map/odom)
==================================================
[CMD_VEL]
  linear.x  : -0.150
  angular.z : 0.300
shelf_id : 2-5-1-1
wall_info:
  wall_yaw_deg : -1.14 deg
  wall_distance: 0.463 m


==================================================
[CMD_VEL EVENT]
time_cmd : 2026-01-09 12:30:46.938
time_now : 2026-01-09 12:30:46.939

cmd_vel:
  linear.x  : -0.150 m/s
  angular.z : 0.300 rad/s

pose : UNAVAILABLE
  reason : TF not available (map/odom)
==================================================
[CMD_VEL]
  linear.x  : -0.150
  angular.z : 0.300
shelf_id : 2-5-1-1
wall_info:
  wall_yaw_deg : -1.11 deg
  wall_distance: 0.465 m


==================================================
[CMD_VEL EVENT]
time_cmd : 2026-01-09 12:30:47.061
time_now : 2026-01-09 12:30:47.061

cmd_vel:
  linear.x  : -0.150 m/s
  angular.z : 0.300 rad/s

pose : UNAVAILABLE
  reason : TF not available (map/odom)
==================================================
[CMD_VEL]
  linear.x  : -0.150
  angular.z : 0.300
shelf_id : 2-5-1-1
wall_info:
  wall_yaw_deg : -1.09 deg
  wall_distance: 0.467 m


==================================================
[CMD_VEL EVENT]
time_cmd : 2026-01-09 12:30:47.183
time_now : 2026-01-09 12:30:47.183

cmd_vel:
  linear.x  : -0.150 m/s
  angular.z : 0.300 rad/s

pose : UNAVAILABLE
  reason : TF not available (map/odom)
==================================================
[CMD_VEL]
  linear.x  : -0.150
  angular.z : 0.300
shelf_id : 2-5-1-1
wall_info:
  wall_yaw_deg : -1.29 deg
  wall_distance: 0.468 m


==================================================
[CMD_VEL EVENT]
time_cmd : 2026-01-09 12:30:47.306
time_now : 2026-01-09 12:30:47.306

cmd_vel:
  linear.x  : -0.150 m/s
  angular.z : 0.300 rad/s

pose : UNAVAILABLE
  reason : TF not available (map/odom)
==================================================
[CMD_VEL]
  linear.x  : -0.150
  angular.z : 0.300
shelf_id : 2-5-1-1
wall_info:
  wall_yaw_deg : -1.32 deg
  wall_distance: 0.467 m


==================================================
[CMD_VEL EVENT]
time_cmd : 2026-01-09 12:30:47.428
time_now : 2026-01-09 12:30:47.428

cmd_vel:
  linear.x  : -0.150 m/s
  angular.z : 0.300 rad/s

pose : UNAVAILABLE
  reason : TF not available (map/odom)
==================================================
[CMD_VEL]
  linear.x  : -0.150
  angular.z : 0.300
shelf_id : 2-5-1-1
wall_info:
  wall_yaw_deg : -1.35 deg
  wall_distance: 0.465 m


==================================================
[CMD_VEL EVENT]
time_cmd : 2026-01-09 12:30:47.550
time_now : 2026-01-09 12:30:47.550

cmd_vel:
  linear.x  : -0.150 m/s
  angular.z : 0.300 rad/s

pose : UNAVAILABLE
  reason : TF not available (map/odom)
==================================================
[CMD_VEL]
  linear.x  : -0.150
  angular.z : 0.300
shelf_id : 2-5-1-1
wall_info:
  wall_yaw_deg : -1.27 deg
  wall_distance: 0.464 m


==================================================
[CMD_VEL EVENT]
time_cmd : 2026-01-09 12:30:47.672
time_now : 2026-01-09 12:30:47.672

cmd_vel:
  linear.x  : -0.150 m/s
  angular.z : 0.300 rad/s

pose : UNAVAILABLE
  reason : TF not available (map/odom)
==================================================
[CMD_VEL]
  linear.x  : -0.150
  angular.z : 0.300
shelf_id : 2-5-1-1
wall_info:
  wall_yaw_deg : -1.20 deg
  wall_distance: 0.466 m


==================================================
[CMD_VEL EVENT]
time_cmd : 2026-01-09 12:30:47.793
time_now : 2026-01-09 12:30:47.793

cmd_vel:
  linear.x  : -0.150 m/s
  angular.z : 0.300 rad/s

pose : UNAVAILABLE
  reason : TF not available (map/odom)
==================================================
[CMD_VEL]
  linear.x  : -0.150
  angular.z : 0.300
shelf_id : 2-5-1-1
wall_info:
  wall_yaw_deg : -1.25 deg
  wall_distance: 0.465 m


==================================================
[CMD_VEL EVENT]
time_cmd : 2026-01-09 12:30:47.916
time_now : 2026-01-09 12:30:47.916

cmd_vel:
  linear.x  : -0.150 m/s
  angular.z : 0.300 rad/s

pose : UNAVAILABLE
  reason : TF not available (map/odom)
==================================================
[CMD_VEL]
  linear.x  : -0.150
  angular.z : 0.300
shelf_id : 2-5-1-1
wall_info:
  wall_yaw_deg : -1.34 deg
  wall_distance: 0.463 m


==================================================
[CMD_VEL EVENT]
time_cmd : 2026-01-09 12:30:48.038
time_now : 2026-01-09 12:30:48.038

cmd_vel:
  linear.x  : -0.150 m/s
  angular.z : 0.300 rad/s

pose : UNAVAILABLE
  reason : TF not available (map/odom)
==================================================
[CMD_VEL]
  linear.x  : -0.150
  angular.z : 0.300
shelf_id : 2-5-1-1
wall_info:
  wall_yaw_deg : -1.24 deg
  wall_distance: 0.466 m


==================================================
[CMD_VEL EVENT]
time_cmd : 2026-01-09 12:30:48.160
time_now : 2026-01-09 12:30:48.160

cmd_vel:
  linear.x  : -0.150 m/s
  angular.z : 0.300 rad/s

pose : UNAVAILABLE
  reason : TF not available (map/odom)
==================================================
[CMD_VEL]
  linear.x  : -0.150
  angular.z : 0.300
shelf_id : 2-5-1-1
wall_info:
  wall_yaw_deg : -1.28 deg
  wall_distance: 0.466 m


==================================================
[CMD_VEL EVENT]
time_cmd : 2026-01-09 12:30:48.283
time_now : 2026-01-09 12:30:48.283

cmd_vel:
  linear.x  : -0.150 m/s
  angular.z : 0.300 rad/s

pose : UNAVAILABLE
  reason : TF not available (map/odom)
==================================================
[CMD_VEL]
  linear.x  : -0.150
  angular.z : 0.300
shelf_id : 2-5-1-1
wall_info:
  wall_yaw_deg : -1.34 deg
  wall_distance: 0.464 m


==================================================
[CMD_VEL EVENT]
time_cmd : 2026-01-09 12:30:48.406
time_now : 2026-01-09 12:30:48.406

cmd_vel:
  linear.x  : -0.150 m/s
  angular.z : 0.300 rad/s

pose : UNAVAILABLE
  reason : TF not available (map/odom)
==================================================
[CMD_VEL]
  linear.x  : -0.150
  angular.z : 0.300
shelf_id : 2-5-1-1
wall_info:
  wall_yaw_deg : -1.35 deg
  wall_distance: 0.462 m


==================================================
[CMD_VEL EVENT]
time_cmd : 2026-01-09 12:30:48.528
time_now : 2026-01-09 12:30:48.528

cmd_vel:
  linear.x  : -0.150 m/s
  angular.z : 0.300 rad/s

pose : UNAVAILABLE
  reason : TF not available (map/odom)
==================================================
[CMD_VEL]
  linear.x  : -0.150
  angular.z : 0.300
shelf_id : 2-5-1-1
wall_info:
  wall_yaw_deg : -1.23 deg
  wall_distance: 0.464 m


==================================================
[CMD_VEL EVENT]
time_cmd : 2026-01-09 12:30:48.651
time_now : 2026-01-09 12:30:48.651

cmd_vel:
  linear.x  : -0.150 m/s
  angular.z : 0.300 rad/s

pose : UNAVAILABLE
  reason : TF not available (map/odom)
==================================================
[CMD_VEL]
  linear.x  : -0.150
  angular.z : 0.300
shelf_id : 2-5-1-1
wall_info:
  wall_yaw_deg : -1.07 deg
  wall_distance: 0.465 m


==================================================
[CMD_VEL EVENT]
time_cmd : 2026-01-09 12:30:48.773
time_now : 2026-01-09 12:30:48.773

cmd_vel:
  linear.x  : -0.150 m/s
  angular.z : 0.300 rad/s

pose : UNAVAILABLE
  reason : TF not available (map/odom)
==================================================
[CMD_VEL]
  linear.x  : -0.150
  angular.z : 0.300
shelf_id : 2-5-1-1
wall_info:
  wall_yaw_deg : -1.30 deg
  wall_distance: 0.465 m


==================================================
[CMD_VEL EVENT]
time_cmd : 2026-01-09 12:30:48.894
time_now : 2026-01-09 12:30:48.894

cmd_vel:
  linear.x  : -0.150 m/s
  angular.z : 0.300 rad/s

pose : UNAVAILABLE
  reason : TF not available (map/odom)
==================================================
[CMD_VEL]
  linear.x  : -0.150
  angular.z : 0.300
shelf_id : 2-5-1-1
wall_info:
  wall_yaw_deg : -1.28 deg
  wall_distance: 0.464 m


==================================================
[CMD_VEL EVENT]
time_cmd : 2026-01-09 12:30:49.017
time_now : 2026-01-09 12:30:49.017

cmd_vel:
  linear.x  : -0.150 m/s
  angular.z : 0.300 rad/s

pose : UNAVAILABLE
  reason : TF not available (map/odom)
==================================================
[CMD_VEL]
  linear.x  : -0.150
  angular.z : 0.300
shelf_id : 2-5-1-1
wall_info:
  wall_yaw_deg : -1.08 deg
  wall_distance: 0.464 m


==================================================
[CMD_VEL EVENT]
time_cmd : 2026-01-09 12:30:49.139
time_now : 2026-01-09 12:30:49.139

cmd_vel:
  linear.x  : -0.150 m/s
  angular.z : 0.300 rad/s

pose : UNAVAILABLE
  reason : TF not available (map/odom)
==================================================
[CMD_VEL]
  linear.x  : -0.150
  angular.z : 0.300
shelf_id : 2-5-1-1
wall_info:
  wall_yaw_deg : -1.05 deg
  wall_distance: 0.466 m


==================================================
[CMD_VEL EVENT]
time_cmd : 2026-01-09 12:30:49.262
time_now : 2026-01-09 12:30:49.262

cmd_vel:
  linear.x  : -0.150 m/s
  angular.z : 0.300 rad/s

pose : UNAVAILABLE
  reason : TF not available (map/odom)
==================================================
[CMD_VEL]
  linear.x  : -0.150
  angular.z : 0.300
shelf_id : 2-5-1-1
wall_info:
  wall_yaw_deg : -1.16 deg
  wall_distance: 0.467 m


==================================================
[CMD_VEL EVENT]
time_cmd : 2026-01-09 12:30:49.384
time_now : 2026-01-09 12:30:49.384

cmd_vel:
  linear.x  : -0.150 m/s
  angular.z : 0.300 rad/s

pose : UNAVAILABLE
  reason : TF not available (map/odom)
==================================================
[CMD_VEL]
  linear.x  : -0.150
  angular.z : 0.300
shelf_id : 2-5-1-1
wall_info:
  wall_yaw_deg : -1.12 deg
  wall_distance: 0.469 m


==================================================
[CMD_VEL EVENT]
time_cmd : 2026-01-09 12:30:49.505
time_now : 2026-01-09 12:30:49.506

cmd_vel:
  linear.x  : -0.150 m/s
  angular.z : 0.300 rad/s

pose : UNAVAILABLE
  reason : TF not available (map/odom)
==================================================
[CMD_VEL]
  linear.x  : -0.150
  angular.z : 0.300
shelf_id : 2-5-1-1
wall_info:
  wall_yaw_deg : -1.09 deg
  wall_distance: 0.470 m


==================================================
[CMD_VEL EVENT]
time_cmd : 2026-01-09 12:30:49.627
time_now : 2026-01-09 12:30:49.627

cmd_vel:
  linear.x  : -0.150 m/s
  angular.z : 0.300 rad/s

pose : UNAVAILABLE
  reason : TF not available (map/odom)
==================================================
[CMD_VEL]
  linear.x  : -0.150
  angular.z : 0.300
shelf_id : 2-5-1-1
wall_info:
  wall_yaw_deg : -1.35 deg
  wall_distance: 0.467 m


==================================================
[CMD_VEL EVENT]
time_cmd : 2026-01-09 12:30:49.752
time_now : 2026-01-09 12:30:49.752

cmd_vel:
  linear.x  : -0.150 m/s
  angular.z : 0.300 rad/s

pose : UNAVAILABLE
  reason : TF not available (map/odom)
==================================================
[CMD_VEL]
  linear.x  : -0.150
  angular.z : 0.300
shelf_id : 2-5-1-1
wall_info:
  wall_yaw_deg : -1.21 deg
  wall_distance: 0.465 m


==================================================
[CMD_VEL EVENT]
time_cmd : 2026-01-09 12:30:49.877
time_now : 2026-01-09 12:30:49.877

cmd_vel:
  linear.x  : -0.150 m/s
  angular.z : 0.300 rad/s

pose : UNAVAILABLE
  reason : TF not available (map/odom)
==================================================
[CMD_VEL]
  linear.x  : -0.150
  angular.z : 0.300
shelf_id : 2-5-1-1
wall_info:
  wall_yaw_deg : -1.38 deg
  wall_distance: 0.463 m


==================================================
[CMD_VEL EVENT]
time_cmd : 2026-01-09 12:30:50.001
time_now : 2026-01-09 12:30:50.001

cmd_vel:
  linear.x  : -0.150 m/s
  angular.z : 0.300 rad/s

pose : UNAVAILABLE
  reason : TF not available (map/odom)
==================================================
[CMD_VEL]
  linear.x  : -0.150
  angular.z : 0.300
shelf_id : 2-5-1-1
wall_info:
  wall_yaw_deg : -1.23 deg
  wall_distance: 0.465 m


==================================================
[CMD_VEL EVENT]
time_cmd : 2026-01-09 12:30:50.124
time_now : 2026-01-09 12:30:50.124

cmd_vel:
  linear.x  : -0.150 m/s
  angular.z : 0.300 rad/s

pose : UNAVAILABLE
  reason : TF not available (map/odom)
==================================================
[CMD_VEL]
  linear.x  : -0.150
  angular.z : 0.300
shelf_id : 2-5-1-1
wall_info:
  wall_yaw_deg : -1.30 deg
  wall_distance: 0.466 m


==================================================
[CMD_VEL EVENT]
time_cmd : 2026-01-09 12:30:50.246
time_now : 2026-01-09 12:30:50.246

cmd_vel:
  linear.x  : -0.150 m/s
  angular.z : 0.300 rad/s

pose : UNAVAILABLE
  reason : TF not available (map/odom)
==================================================
[CMD_VEL]
  linear.x  : -0.150
  angular.z : 0.300
shelf_id : 2-5-1-1
wall_info:
  wall_yaw_deg : -1.23 deg
  wall_distance: 0.466 m


==================================================
[CMD_VEL EVENT]
time_cmd : 2026-01-09 12:30:50.369
time_now : 2026-01-09 12:30:50.369

cmd_vel:
  linear.x  : -0.150 m/s
  angular.z : 0.300 rad/s

pose : UNAVAILABLE
  reason : TF not available (map/odom)
==================================================
[CMD_VEL]
  linear.x  : -0.150
  angular.z : 0.300
shelf_id : 2-5-1-1
wall_info:
  wall_yaw_deg : -1.09 deg
  wall_distance: 0.467 m


==================================================
[CMD_VEL EVENT]
time_cmd : 2026-01-09 12:30:50.492
time_now : 2026-01-09 12:30:50.492

cmd_vel:
  linear.x  : -0.150 m/s
  angular.z : 0.300 rad/s

pose : UNAVAILABLE
  reason : TF not available (map/odom)
==================================================
[CMD_VEL]
  linear.x  : -0.150
  angular.z : 0.300
shelf_id : 2-5-1-1
wall_info:
  wall_yaw_deg : -1.23 deg
  wall_distance: 0.465 m


==================================================
[CMD_VEL EVENT]
time_cmd : 2026-01-09 12:30:50.615
time_now : 2026-01-09 12:30:50.615

cmd_vel:
  linear.x  : -0.150 m/s
  angular.z : 0.300 rad/s

pose : UNAVAILABLE
  reason : TF not available (map/odom)
==================================================
[CMD_VEL]
  linear.x  : -0.150
  angular.z : 0.300
shelf_id : 2-5-1-1
wall_info:
  wall_yaw_deg : -1.38 deg
  wall_distance: 0.465 m


==================================================
[CMD_VEL EVENT]
time_cmd : 2026-01-09 12:30:50.737
time_now : 2026-01-09 12:30:50.737

cmd_vel:
  linear.x  : -0.150 m/s
  angular.z : 0.300 rad/s

pose : UNAVAILABLE
  reason : TF not available (map/odom)
==================================================
[CMD_VEL]
  linear.x  : -0.150
  angular.z : 0.300
shelf_id : 2-5-1-1
wall_info:
  wall_yaw_deg : -1.21 deg
  wall_distance: 0.465 m


==================================================
[CMD_VEL EVENT]
time_cmd : 2026-01-09 12:30:50.859
time_now : 2026-01-09 12:30:50.859

cmd_vel:
  linear.x  : -0.150 m/s
  angular.z : 0.300 rad/s

pose : UNAVAILABLE
  reason : TF not available (map/odom)
==================================================
[CMD_VEL]
  linear.x  : -0.150
  angular.z : 0.300
shelf_id : 2-5-1-1
wall_info:
  wall_yaw_deg : -1.28 deg
  wall_distance: 0.465 m


==================================================
[CMD_VEL EVENT]
time_cmd : 2026-01-09 12:30:50.981
time_now : 2026-01-09 12:30:50.981

cmd_vel:
  linear.x  : -0.150 m/s
  angular.z : 0.300 rad/s

pose : UNAVAILABLE
  reason : TF not available (map/odom)
==================================================
[CMD_VEL]
  linear.x  : -0.150
  angular.z : 0.300
shelf_id : 2-5-1-1
wall_info:
  wall_yaw_deg : -1.14 deg
  wall_distance: 0.464 m


==================================================
[CMD_VEL EVENT]
time_cmd : 2026-01-09 12:30:51.104
time_now : 2026-01-09 12:30:51.104

cmd_vel:
  linear.x  : -0.150 m/s
  angular.z : 0.300 rad/s

pose : UNAVAILABLE
  reason : TF not available (map/odom)
==================================================
[CMD_VEL]
  linear.x  : -0.150
  angular.z : 0.300
shelf_id : 2-5-1-1
wall_info:
  wall_yaw_deg : -1.27 deg
  wall_distance: 0.463 m


==================================================
[CMD_VEL EVENT]
time_cmd : 2026-01-09 12:30:51.227
time_now : 2026-01-09 12:30:51.227

cmd_vel:
  linear.x  : -0.150 m/s
  angular.z : 0.300 rad/s

pose : UNAVAILABLE
  reason : TF not available (map/odom)
==================================================
[CMD_VEL]
  linear.x  : -0.150
  angular.z : 0.300
shelf_id : 2-5-1-1
wall_info:
  wall_yaw_deg : -1.23 deg
  wall_distance: 0.464 m


==================================================
[CMD_VEL EVENT]
time_cmd : 2026-01-09 12:30:51.350
time_now : 2026-01-09 12:30:51.350

cmd_vel:
  linear.x  : -0.150 m/s
  angular.z : 0.300 rad/s

pose : UNAVAILABLE
  reason : TF not available (map/odom)
==================================================
[CMD_VEL]
  linear.x  : -0.150
  angular.z : 0.300
shelf_id : 2-5-1-1
wall_info:
  wall_yaw_deg : -1.37 deg
  wall_distance: 0.463 m


==================================================
[CMD_VEL EVENT]
time_cmd : 2026-01-09 12:30:51.473
time_now : 2026-01-09 12:30:51.473

cmd_vel:
  linear.x  : -0.150 m/s
  angular.z : 0.300 rad/s

pose : UNAVAILABLE
  reason : TF not available (map/odom)
==================================================
[CMD_VEL]
  linear.x  : -0.150
  angular.z : 0.300
shelf_id : 2-5-1-1
wall_info:
  wall_yaw_deg : -1.38 deg
  wall_distance: 0.461 m


==================================================
[CMD_VEL EVENT]
time_cmd : 2026-01-09 12:30:51.596
time_now : 2026-01-09 12:30:51.596

cmd_vel:
  linear.x  : -0.150 m/s
  angular.z : 0.300 rad/s

pose : UNAVAILABLE
  reason : TF not available (map/odom)
==================================================
[CMD_VEL]
  linear.x  : -0.150
  angular.z : 0.300
shelf_id : 2-5-1-1
wall_info:
  wall_yaw_deg : -1.25 deg
  wall_distance: 0.463 m


==================================================
[CMD_VEL EVENT]
time_cmd : 2026-01-09 12:30:51.718
time_now : 2026-01-09 12:30:51.718

cmd_vel:
  linear.x  : -0.150 m/s
  angular.z : 0.300 rad/s

pose : UNAVAILABLE
  reason : TF not available (map/odom)
==================================================
[CMD_VEL]
  linear.x  : -0.150
  angular.z : 0.300
shelf_id : 2-5-1-1
wall_info:
  wall_yaw_deg : -1.29 deg
  wall_distance: 0.462 m


==================================================
[CMD_VEL EVENT]
time_cmd : 2026-01-09 12:30:51.842
time_now : 2026-01-09 12:30:51.842

cmd_vel:
  linear.x  : -0.150 m/s
  angular.z : 0.300 rad/s

pose : UNAVAILABLE
  reason : TF not available (map/odom)
==================================================
[CMD_VEL]
  linear.x  : -0.150
  angular.z : 0.300
shelf_id : 2-5-1-1
wall_info:
  wall_yaw_deg : -1.43 deg
  wall_distance: 0.462 m


==================================================
[CMD_VEL EVENT]
time_cmd : 2026-01-09 12:30:51.964
time_now : 2026-01-09 12:30:51.964

cmd_vel:
  linear.x  : -0.150 m/s
  angular.z : 0.300 rad/s

pose : UNAVAILABLE
  reason : TF not available (map/odom)
==================================================
[CMD_VEL]
  linear.x  : -0.150
  angular.z : 0.300
shelf_id : 2-5-1-1
wall_info:
  wall_yaw_deg : -1.25 deg
  wall_distance: 0.464 m


==================================================
[CMD_VEL EVENT]
time_cmd : 2026-01-09 12:30:52.087
time_now : 2026-01-09 12:30:52.087

cmd_vel:
  linear.x  : -0.150 m/s
  angular.z : 0.300 rad/s

pose : UNAVAILABLE
  reason : TF not available (map/odom)
==================================================
[CMD_VEL]
  linear.x  : -0.150
  angular.z : 0.300
shelf_id : 2-5-1-1
wall_info:
  wall_yaw_deg : -1.16 deg
  wall_distance: 0.464 m


==================================================
[CMD_VEL EVENT]
time_cmd : 2026-01-09 12:30:52.209
time_now : 2026-01-09 12:30:52.209

cmd_vel:
  linear.x  : -0.150 m/s
  angular.z : 0.300 rad/s

pose : UNAVAILABLE
  reason : TF not available (map/odom)
==================================================
[CMD_VEL]
  linear.x  : -0.150
  angular.z : 0.300
shelf_id : 2-5-1-1
wall_info:
  wall_yaw_deg : -1.26 deg
  wall_distance: 0.463 m


==================================================
[CMD_VEL EVENT]
time_cmd : 2026-01-09 12:30:52.331
time_now : 2026-01-09 12:30:52.331

cmd_vel:
  linear.x  : -0.150 m/s
  angular.z : 0.300 rad/s

pose : UNAVAILABLE
  reason : TF not available (map/odom)
==================================================
[CMD_VEL]
  linear.x  : -0.150
  angular.z : 0.300
shelf_id : 2-5-1-1
wall_info:
  wall_yaw_deg : -1.27 deg
  wall_distance: 0.464 m


==================================================
[CMD_VEL EVENT]
time_cmd : 2026-01-09 12:30:52.454
time_now : 2026-01-09 12:30:52.454

cmd_vel:
  linear.x  : -0.150 m/s
  angular.z : 0.300 rad/s

pose : UNAVAILABLE
  reason : TF not available (map/odom)
==================================================
[CMD_VEL]
  linear.x  : -0.150
  angular.z : 0.300
shelf_id : 2-5-1-1
wall_info:
  wall_yaw_deg : -1.32 deg
  wall_distance: 0.463 m


==================================================
[CMD_VEL EVENT]
time_cmd : 2026-01-09 12:30:52.576
time_now : 2026-01-09 12:30:52.576

cmd_vel:
  linear.x  : -0.150 m/s
  angular.z : 0.300 rad/s

pose : UNAVAILABLE
  reason : TF not available (map/odom)
==================================================
[CMD_VEL]
  linear.x  : -0.150
  angular.z : 0.300
shelf_id : 2-5-1-1
wall_info:
  wall_yaw_deg : -1.17 deg
  wall_distance: 0.465 m


==================================================
[CMD_VEL EVENT]
time_cmd : 2026-01-09 12:30:52.698
time_now : 2026-01-09 12:30:52.698

cmd_vel:
  linear.x  : -0.150 m/s
  angular.z : 0.300 rad/s

pose : UNAVAILABLE
  reason : TF not available (map/odom)
==================================================
[CMD_VEL]
  linear.x  : -0.150
  angular.z : 0.300
shelf_id : 2-5-1-1
wall_info:
  wall_yaw_deg : -1.29 deg
  wall_distance: 0.464 m


==================================================
[CMD_VEL EVENT]
time_cmd : 2026-01-09 12:30:52.821
time_now : 2026-01-09 12:30:52.821

cmd_vel:
  linear.x  : -0.150 m/s
  angular.z : 0.300 rad/s

pose : UNAVAILABLE
  reason : TF not available (map/odom)
==================================================
[CMD_VEL]
  linear.x  : -0.150
  angular.z : 0.300
shelf_id : 2-5-1-1
wall_info:
  wall_yaw_deg : -1.30 deg
  wall_distance: 0.464 m


==================================================
[CMD_VEL EVENT]
time_cmd : 2026-01-09 12:30:52.944
time_now : 2026-01-09 12:30:52.944

cmd_vel:
  linear.x  : -0.150 m/s
  angular.z : 0.300 rad/s

pose : UNAVAILABLE
  reason : TF not available (map/odom)
==================================================
[CMD_VEL]
  linear.x  : -0.150
  angular.z : 0.300
shelf_id : 2-5-1-1
wall_info:
  wall_yaw_deg : -1.19 deg
  wall_distance: 0.466 m


==================================================
[CMD_VEL EVENT]
time_cmd : 2026-01-09 12:30:53.066
time_now : 2026-01-09 12:30:53.066

cmd_vel:
  linear.x  : -0.150 m/s
  angular.z : 0.300 rad/s

pose : UNAVAILABLE
  reason : TF not available (map/odom)
==================================================
[CMD_VEL]
  linear.x  : -0.150
  angular.z : 0.300
shelf_id : 2-5-1-1
wall_info:
  wall_yaw_deg : -1.26 deg
  wall_distance: 0.465 m


==================================================
[CMD_VEL EVENT]
time_cmd : 2026-01-09 12:30:53.189
time_now : 2026-01-09 12:30:53.189

cmd_vel:
  linear.x  : -0.150 m/s
  angular.z : 0.300 rad/s

pose : UNAVAILABLE
  reason : TF not available (map/odom)
==================================================
[CMD_VEL]
  linear.x  : -0.150
  angular.z : 0.300
shelf_id : 2-5-1-1
wall_info:
  wall_yaw_deg : -1.33 deg
  wall_distance: 0.464 m


==================================================
[CMD_VEL EVENT]
time_cmd : 2026-01-09 12:30:53.312
time_now : 2026-01-09 12:30:53.312

cmd_vel:
  linear.x  : -0.150 m/s
  angular.z : 0.300 rad/s

pose : UNAVAILABLE
  reason : TF not available (map/odom)
==================================================
[CMD_VEL]
  linear.x  : -0.150
  angular.z : 0.300
shelf_id : 2-5-1-1
wall_info:
  wall_yaw_deg : -1.32 deg
  wall_distance: 0.463 m


==================================================
[CMD_VEL EVENT]
time_cmd : 2026-01-09 12:30:53.434
time_now : 2026-01-09 12:30:53.434

cmd_vel:
  linear.x  : -0.150 m/s
  angular.z : 0.300 rad/s

pose : UNAVAILABLE
  reason : TF not available (map/odom)
==================================================
[CMD_VEL]
  linear.x  : -0.150
  angular.z : 0.300
shelf_id : 2-5-1-1
wall_info:
  wall_yaw_deg : -1.25 deg
  wall_distance: 0.462 m


==================================================
[CMD_VEL EVENT]
time_cmd : 2026-01-09 12:30:53.556
time_now : 2026-01-09 12:30:53.556

cmd_vel:
  linear.x  : -0.150 m/s
  angular.z : 0.300 rad/s

pose : UNAVAILABLE
  reason : TF not available (map/odom)
==================================================
[CMD_VEL]
  linear.x  : -0.150
  angular.z : 0.300
shelf_id : 2-5-1-1
wall_info:
  wall_yaw_deg : -1.42 deg
  wall_distance: 0.461 m


==================================================
[CMD_VEL EVENT]
time_cmd : 2026-01-09 12:30:53.680
time_now : 2026-01-09 12:30:53.680

cmd_vel:
  linear.x  : -0.150 m/s
  angular.z : 0.300 rad/s

pose : UNAVAILABLE
  reason : TF not available (map/odom)
==================================================
[CMD_VEL]
  linear.x  : -0.150
  angular.z : 0.300
shelf_id : 2-5-1-1
wall_info:
  wall_yaw_deg : -1.43 deg
  wall_distance: 0.461 m


==================================================
[CMD_VEL EVENT]
time_cmd : 2026-01-09 12:30:53.805
time_now : 2026-01-09 12:30:53.805

cmd_vel:
  linear.x  : -0.150 m/s
  angular.z : 0.300 rad/s

pose : UNAVAILABLE
  reason : TF not available (map/odom)
==================================================
[CMD_VEL]
  linear.x  : -0.150
  angular.z : 0.300
shelf_id : 2-5-1-1
wall_info:
  wall_yaw_deg : -1.38 deg
  wall_distance: 0.461 m


==================================================
[CMD_VEL EVENT]
time_cmd : 2026-01-09 12:30:53.929
time_now : 2026-01-09 12:30:53.929

cmd_vel:
  linear.x  : -0.150 m/s
  angular.z : 0.300 rad/s

pose : UNAVAILABLE
  reason : TF not available (map/odom)
==================================================
[CMD_VEL]
  linear.x  : -0.150
  angular.z : 0.300
shelf_id : 2-5-1-1
wall_info:
  wall_yaw_deg : -1.43 deg
  wall_distance: 0.463 m


==================================================
[CMD_VEL EVENT]
time_cmd : 2026-01-09 12:30:54.052
time_now : 2026-01-09 12:30:54.052

cmd_vel:
  linear.x  : -0.150 m/s
  angular.z : 0.300 rad/s

pose : UNAVAILABLE
  reason : TF not available (map/odom)
==================================================
[CMD_VEL]
  linear.x  : -0.150
  angular.z : 0.300
shelf_id : 2-5-1-1
wall_info:
  wall_yaw_deg : -1.38 deg
  wall_distance: 0.463 m


==================================================
[CMD_VEL EVENT]
time_cmd : 2026-01-09 12:30:54.175
time_now : 2026-01-09 12:30:54.175

cmd_vel:
  linear.x  : -0.150 m/s
  angular.z : 0.300 rad/s

pose : UNAVAILABLE
  reason : TF not available (map/odom)
==================================================
[CMD_VEL]
  linear.x  : -0.150
  angular.z : 0.300
shelf_id : 2-5-1-1
wall_info:
  wall_yaw_deg : -1.34 deg
  wall_distance: 0.463 m


==================================================
[CMD_VEL EVENT]
time_cmd : 2026-01-09 12:30:54.298
time_now : 2026-01-09 12:30:54.298

cmd_vel:
  linear.x  : -0.150 m/s
  angular.z : 0.300 rad/s

pose : UNAVAILABLE
  reason : TF not available (map/odom)
==================================================
[CMD_VEL]
  linear.x  : -0.150
  angular.z : 0.300
shelf_id : 2-5-1-1
wall_info:
  wall_yaw_deg : -1.27 deg
  wall_distance: 0.464 m


==================================================
[CMD_VEL EVENT]
time_cmd : 2026-01-09 12:30:54.420
time_now : 2026-01-09 12:30:54.420

cmd_vel:
  linear.x  : -0.150 m/s
  angular.z : 0.300 rad/s

pose : UNAVAILABLE
  reason : TF not available (map/odom)
==================================================
[CMD_VEL]
  linear.x  : -0.150
  angular.z : 0.300
shelf_id : 2-5-1-1
wall_info:
  wall_yaw_deg : -1.34 deg
  wall_distance: 0.464 m


==================================================
[CMD_VEL EVENT]
time_cmd : 2026-01-09 12:30:54.541
time_now : 2026-01-09 12:30:54.541

cmd_vel:
  linear.x  : -0.150 m/s
  angular.z : 0.300 rad/s

pose : UNAVAILABLE
  reason : TF not available (map/odom)
==================================================
[CMD_VEL]
  linear.x  : -0.150
  angular.z : 0.300
shelf_id : 2-5-1-1
wall_info:
  wall_yaw_deg : -1.40 deg
  wall_distance: 0.464 m


==================================================
[CMD_VEL EVENT]
time_cmd : 2026-01-09 12:30:54.664
time_now : 2026-01-09 12:30:54.664

cmd_vel:
  linear.x  : -0.150 m/s
  angular.z : 0.300 rad/s

pose : UNAVAILABLE
  reason : TF not available (map/odom)
==================================================
[CMD_VEL]
  linear.x  : -0.150
  angular.z : 0.300
shelf_id : 2-5-1-1
wall_info:
  wall_yaw_deg : -1.32 deg
  wall_distance: 0.464 m


==================================================
[CMD_VEL EVENT]
time_cmd : 2026-01-09 12:30:54.786
time_now : 2026-01-09 12:30:54.786

cmd_vel:
  linear.x  : -0.150 m/s
  angular.z : 0.300 rad/s

pose : UNAVAILABLE
  reason : TF not available (map/odom)
==================================================
[CMD_VEL]
  linear.x  : -0.150
  angular.z : 0.300
shelf_id : 2-5-1-1
wall_info:
  wall_yaw_deg : -1.36 deg
  wall_distance: 0.463 m


==================================================
[CMD_VEL EVENT]
time_cmd : 2026-01-09 12:30:54.909
time_now : 2026-01-09 12:30:54.909

cmd_vel:
  linear.x  : -0.150 m/s
  angular.z : 0.300 rad/s

pose : UNAVAILABLE
  reason : TF not available (map/odom)
==================================================
[CMD_VEL]
  linear.x  : -0.150
  angular.z : 0.300
shelf_id : 2-5-1-1
wall_info:
  wall_yaw_deg : -1.53 deg
  wall_distance: 0.461 m


==================================================
[CMD_VEL EVENT]
time_cmd : 2026-01-09 12:30:55.031
time_now : 2026-01-09 12:30:55.031

cmd_vel:
  linear.x  : -0.150 m/s
  angular.z : 0.300 rad/s

pose : UNAVAILABLE
  reason : TF not available (map/odom)
==================================================
[CMD_VEL]
  linear.x  : -0.150
  angular.z : 0.300
shelf_id : 2-5-1-1
wall_info:
  wall_yaw_deg : -1.26 deg
  wall_distance: 0.460 m


==================================================
[CMD_VEL EVENT]
time_cmd : 2026-01-09 12:30:55.153
time_now : 2026-01-09 12:30:55.153

cmd_vel:
  linear.x  : -0.150 m/s
  angular.z : 0.300 rad/s

pose : UNAVAILABLE
  reason : TF not available (map/odom)
==================================================
[CMD_VEL]
  linear.x  : -0.150
  angular.z : 0.300
shelf_id : 2-5-1-1
wall_info:
  wall_yaw_deg : -1.24 deg
  wall_distance: 0.459 m


==================================================
[CMD_VEL EVENT]
time_cmd : 2026-01-09 12:30:55.275
time_now : 2026-01-09 12:30:55.275

cmd_vel:
  linear.x  : -0.150 m/s
  angular.z : 0.300 rad/s

pose : UNAVAILABLE
  reason : TF not available (map/odom)
==================================================
[CMD_VEL]
  linear.x  : -0.150
  angular.z : 0.300
shelf_id : 2-5-1-1
wall_info:
  wall_yaw_deg : -1.19 deg
  wall_distance: 0.460 m


==================================================
[CMD_VEL EVENT]
time_cmd : 2026-01-09 12:30:55.397
time_now : 2026-01-09 12:30:55.397

cmd_vel:
  linear.x  : -0.150 m/s
  angular.z : 0.300 rad/s

pose : UNAVAILABLE
  reason : TF not available (map/odom)
==================================================
[CMD_VEL]
  linear.x  : -0.150
  angular.z : 0.300
shelf_id : 2-5-1-1
wall_info:
  wall_yaw_deg : -1.31 deg
  wall_distance: 0.461 m


==================================================
[CMD_VEL EVENT]
time_cmd : 2026-01-09 12:30:55.520
time_now : 2026-01-09 12:30:55.520

cmd_vel:
  linear.x  : -0.150 m/s
  angular.z : 0.300 rad/s

pose : UNAVAILABLE
  reason : TF not available (map/odom)
==================================================
[CMD_VEL]
  linear.x  : -0.150
  angular.z : 0.300
shelf_id : 2-5-1-1
wall_info:
  wall_yaw_deg : -1.38 deg
  wall_distance: 0.460 m


==================================================
[CMD_VEL EVENT]
time_cmd : 2026-01-09 12:30:55.642
time_now : 2026-01-09 12:30:55.642

cmd_vel:
  linear.x  : -0.150 m/s
  angular.z : 0.300 rad/s

pose : UNAVAILABLE
  reason : TF not available (map/odom)
==================================================
[CMD_VEL]
  linear.x  : -0.150
  angular.z : 0.300
shelf_id : 2-5-1-1
wall_info:
  wall_yaw_deg : -1.30 deg
  wall_distance: 0.460 m


==================================================
[CMD_VEL EVENT]
time_cmd : 2026-01-09 12:30:55.764
time_now : 2026-01-09 12:30:55.764

cmd_vel:
  linear.x  : -0.150 m/s
  angular.z : 0.300 rad/s

pose : UNAVAILABLE
  reason : TF not available (map/odom)
==================================================
[CMD_VEL]
  linear.x  : -0.150
  angular.z : 0.300
shelf_id : 2-5-1-1
wall_info:
  wall_yaw_deg : -1.21 deg
  wall_distance: 0.461 m


==================================================
[CMD_VEL EVENT]
time_cmd : 2026-01-09 12:30:55.887
time_now : 2026-01-09 12:30:55.887

cmd_vel:
  linear.x  : -0.150 m/s
  angular.z : 0.300 rad/s

pose : UNAVAILABLE
  reason : TF not available (map/odom)
==================================================
[CMD_VEL]
  linear.x  : -0.150
  angular.z : 0.300
shelf_id : 2-5-1-1
wall_info:
  wall_yaw_deg : -1.22 deg
  wall_distance: 0.463 m


==================================================
[CMD_VEL EVENT]
time_cmd : 2026-01-09 12:30:56.009
time_now : 2026-01-09 12:30:56.009

cmd_vel:
  linear.x  : -0.150 m/s
  angular.z : 0.300 rad/s

pose : UNAVAILABLE
  reason : TF not available (map/odom)
==================================================
[CMD_VEL]
  linear.x  : -0.150
  angular.z : 0.300
shelf_id : 2-5-1-1
wall_info:
  wall_yaw_deg : -1.25 deg
  wall_distance: 0.464 m


==================================================
[CMD_VEL EVENT]
time_cmd : 2026-01-09 12:30:56.131
time_now : 2026-01-09 12:30:56.131

cmd_vel:
  linear.x  : -0.150 m/s
  angular.z : 0.300 rad/s

pose : UNAVAILABLE
  reason : TF not available (map/odom)
==================================================
[CMD_VEL]
  linear.x  : -0.150
  angular.z : 0.300
shelf_id : 2-5-1-1
wall_info:
  wall_yaw_deg : -1.31 deg
  wall_distance: 0.465 m


==================================================
[CMD_VEL EVENT]
time_cmd : 2026-01-09 12:30:56.253
time_now : 2026-01-09 12:30:56.253

cmd_vel:
  linear.x  : -0.150 m/s
  angular.z : 0.300 rad/s

pose : UNAVAILABLE
  reason : TF not available (map/odom)
==================================================
[CMD_VEL]
  linear.x  : -0.150
  angular.z : 0.300
shelf_id : 2-5-1-1
wall_info:
  wall_yaw_deg : -1.37 deg
  wall_distance: 0.463 m


==================================================
[CMD_VEL EVENT]
time_cmd : 2026-01-09 12:30:56.375
time_now : 2026-01-09 12:30:56.375

cmd_vel:
  linear.x  : -0.150 m/s
  angular.z : 0.300 rad/s

pose : UNAVAILABLE
  reason : TF not available (map/odom)
==================================================
[CMD_VEL]
  linear.x  : -0.150
  angular.z : 0.300
shelf_id : 2-5-1-1
wall_info:
  wall_yaw_deg : -1.14 deg
  wall_distance: 0.464 m


==================================================
[CMD_VEL EVENT]
time_cmd : 2026-01-09 12:30:56.497
time_now : 2026-01-09 12:30:56.497

cmd_vel:
  linear.x  : -0.150 m/s
  angular.z : 0.300 rad/s

pose : UNAVAILABLE
  reason : TF not available (map/odom)
==================================================
[CMD_VEL]
  linear.x  : -0.150
  angular.z : 0.300
shelf_id : 2-5-1-1
wall_info:
  wall_yaw_deg : -1.22 deg
  wall_distance: 0.465 m


==================================================
[CMD_VEL EVENT]
time_cmd : 2026-01-09 12:30:56.619
time_now : 2026-01-09 12:30:56.619

cmd_vel:
  linear.x  : -0.150 m/s
  angular.z : 0.300 rad/s

pose : UNAVAILABLE
  reason : TF not available (map/odom)
==================================================
[CMD_VEL]
  linear.x  : -0.150
  angular.z : 0.300
shelf_id : 2-5-1-1
wall_info:
  wall_yaw_deg : -1.31 deg
  wall_distance: 0.465 m


==================================================
[CMD_VEL EVENT]
time_cmd : 2026-01-09 12:30:56.741
time_now : 2026-01-09 12:30:56.741

cmd_vel:
  linear.x  : -0.150 m/s
  angular.z : 0.300 rad/s

pose : UNAVAILABLE
  reason : TF not available (map/odom)
==================================================
[CMD_VEL]
  linear.x  : -0.150
  angular.z : 0.300
shelf_id : 2-5-1-1
wall_info:
  wall_yaw_deg : -1.31 deg
  wall_distance: 0.465 m


==================================================
[CMD_VEL EVENT]
time_cmd : 2026-01-09 12:30:56.863
time_now : 2026-01-09 12:30:56.863

cmd_vel:
  linear.x  : -0.150 m/s
  angular.z : 0.300 rad/s

pose : UNAVAILABLE
  reason : TF not available (map/odom)
==================================================
[CMD_VEL]
  linear.x  : -0.150
  angular.z : 0.300
shelf_id : 2-5-1-1
wall_info:
  wall_yaw_deg : -1.34 deg
  wall_distance: 0.463 m


==================================================
[CMD_VEL EVENT]
time_cmd : 2026-01-09 12:30:56.985
time_now : 2026-01-09 12:30:56.985

cmd_vel:
  linear.x  : -0.150 m/s
  angular.z : 0.300 rad/s

pose : UNAVAILABLE
  reason : TF not available (map/odom)
==================================================
[CMD_VEL]
  linear.x  : -0.150
  angular.z : 0.300
shelf_id : 2-5-1-1
wall_info:
  wall_yaw_deg : -1.30 deg
  wall_distance: 0.464 m


==================================================
[CMD_VEL EVENT]
time_cmd : 2026-01-09 12:30:57.107
time_now : 2026-01-09 12:30:57.107

cmd_vel:
  linear.x  : -0.150 m/s
  angular.z : 0.300 rad/s

pose : UNAVAILABLE
  reason : TF not available (map/odom)
==================================================
[CMD_VEL]
  linear.x  : -0.150
  angular.z : 0.300
shelf_id : 2-5-1-1
wall_info:
  wall_yaw_deg : -1.22 deg
  wall_distance: 0.464 m


==================================================
[CMD_VEL EVENT]
time_cmd : 2026-01-09 12:30:57.230
time_now : 2026-01-09 12:30:57.230

cmd_vel:
  linear.x  : -0.150 m/s
  angular.z : 0.300 rad/s

pose : UNAVAILABLE
  reason : TF not available (map/odom)
==================================================
[CMD_VEL]
  linear.x  : -0.150
  angular.z : 0.300
shelf_id : 2-5-1-1
wall_info:
  wall_yaw_deg : -1.37 deg
  wall_distance: 0.464 m


==================================================
[CMD_VEL EVENT]
time_cmd : 2026-01-09 12:30:57.352
time_now : 2026-01-09 12:30:57.352

cmd_vel:
  linear.x  : -0.150 m/s
  angular.z : 0.300 rad/s

pose : UNAVAILABLE
  reason : TF not available (map/odom)
==================================================
[CMD_VEL]
  linear.x  : -0.150
  angular.z : 0.300
shelf_id : 2-5-1-1
wall_info:
  wall_yaw_deg : -1.16 deg
  wall_distance: 0.465 m


==================================================
[CMD_VEL EVENT]
time_cmd : 2026-01-09 12:30:57.474
time_now : 2026-01-09 12:30:57.474

cmd_vel:
  linear.x  : -0.150 m/s
  angular.z : 0.300 rad/s

pose : UNAVAILABLE
  reason : TF not available (map/odom)
==================================================
[CMD_VEL]
  linear.x  : -0.150
  angular.z : 0.300
shelf_id : 2-5-1-1
wall_info:
  wall_yaw_deg : -1.27 deg
  wall_distance: 0.463 m


==================================================
[CMD_VEL EVENT]
time_cmd : 2026-01-09 12:30:57.596
time_now : 2026-01-09 12:30:57.596

cmd_vel:
  linear.x  : -0.150 m/s
  angular.z : 0.300 rad/s

pose : UNAVAILABLE
  reason : TF not available (map/odom)
==================================================
[CMD_VEL]
  linear.x  : -0.150
  angular.z : 0.300
shelf_id : 2-5-1-1
wall_info:
  wall_yaw_deg : -1.22 deg
  wall_distance: 0.463 m


==================================================
[CMD_VEL EVENT]
time_cmd : 2026-01-09 12:30:57.718
time_now : 2026-01-09 12:30:57.718

cmd_vel:
  linear.x  : -0.150 m/s
  angular.z : 0.300 rad/s

pose : UNAVAILABLE
  reason : TF not available (map/odom)
==================================================
[CMD_VEL]
  linear.x  : -0.150
  angular.z : 0.300
shelf_id : 2-5-1-1
wall_info:
  wall_yaw_deg : -1.34 deg
  wall_distance: 0.462 m


==================================================
[CMD_VEL EVENT]
time_cmd : 2026-01-09 12:30:57.841
time_now : 2026-01-09 12:30:57.841

cmd_vel:
  linear.x  : -0.150 m/s
  angular.z : 0.300 rad/s

pose : UNAVAILABLE
  reason : TF not available (map/odom)
==================================================
[CMD_VEL]
  linear.x  : -0.150
  angular.z : 0.300
shelf_id : 2-5-1-1
wall_info:
  wall_yaw_deg : -1.19 deg
  wall_distance: 0.464 m


==================================================
[CMD_VEL EVENT]
time_cmd : 2026-01-09 12:30:57.963
time_now : 2026-01-09 12:30:57.963

cmd_vel:
  linear.x  : -0.150 m/s
  angular.z : 0.300 rad/s

pose : UNAVAILABLE
  reason : TF not available (map/odom)
==================================================
[CMD_VEL]
  linear.x  : -0.150
  angular.z : 0.300
shelf_id : 2-5-1-1
wall_info:
  wall_yaw_deg : -1.30 deg
  wall_distance: 0.465 m


==================================================
[CMD_VEL EVENT]
time_cmd : 2026-01-09 12:30:58.084
time_now : 2026-01-09 12:30:58.084

cmd_vel:
  linear.x  : -0.150 m/s
  angular.z : 0.300 rad/s

pose : UNAVAILABLE
  reason : TF not available (map/odom)
==================================================
[CMD_VEL]
  linear.x  : -0.150
  angular.z : 0.300
shelf_id : 2-5-1-1
wall_info:
  wall_yaw_deg : -1.14 deg
  wall_distance: 0.465 m


==================================================
[CMD_VEL EVENT]
time_cmd : 2026-01-09 12:30:58.207
time_now : 2026-01-09 12:30:58.207

cmd_vel:
  linear.x  : -0.150 m/s
  angular.z : 0.300 rad/s

pose : UNAVAILABLE
  reason : TF not available (map/odom)
==================================================
[CMD_VEL]
  linear.x  : -0.150
  angular.z : 0.300
shelf_id : 2-5-1-1
wall_info:
  wall_yaw_deg : -1.25 deg
  wall_distance: 0.464 m


==================================================
[CMD_VEL EVENT]
time_cmd : 2026-01-09 12:30:58.330
time_now : 2026-01-09 12:30:58.330

cmd_vel:
  linear.x  : -0.150 m/s
  angular.z : 0.300 rad/s

pose : UNAVAILABLE
  reason : TF not available (map/odom)
==================================================
[CMD_VEL]
  linear.x  : -0.150
  angular.z : 0.300
shelf_id : 2-5-1-1
wall_info:
  wall_yaw_deg : -1.38 deg
  wall_distance: 0.463 m


==================================================
[CMD_VEL EVENT]
time_cmd : 2026-01-09 12:30:58.452
time_now : 2026-01-09 12:30:58.452

cmd_vel:
  linear.x  : -0.150 m/s
  angular.z : 0.300 rad/s

pose : UNAVAILABLE
  reason : TF not available (map/odom)
==================================================
[CMD_VEL]
  linear.x  : -0.150
  angular.z : 0.300
shelf_id : 2-5-1-1
wall_info:
  wall_yaw_deg : -1.19 deg
  wall_distance: 0.465 m


==================================================
[CMD_VEL EVENT]
time_cmd : 2026-01-09 12:30:58.573
time_now : 2026-01-09 12:30:58.573

cmd_vel:
  linear.x  : -0.150 m/s
  angular.z : 0.300 rad/s

pose : UNAVAILABLE
  reason : TF not available (map/odom)
==================================================
[CMD_VEL]
  linear.x  : -0.150
  angular.z : 0.300
shelf_id : 2-5-1-1
wall_info:
  wall_yaw_deg : -1.34 deg
  wall_distance: 0.463 m


==================================================
[CMD_VEL EVENT]
time_cmd : 2026-01-09 12:30:58.695
time_now : 2026-01-09 12:30:58.695

cmd_vel:
  linear.x  : -0.150 m/s
  angular.z : 0.300 rad/s

pose : UNAVAILABLE
  reason : TF not available (map/odom)
==================================================
[CMD_VEL]
  linear.x  : -0.150
  angular.z : 0.300
shelf_id : 2-5-1-1
wall_info:
  wall_yaw_deg : -1.25 deg
  wall_distance: 0.464 m


==================================================
[CMD_VEL EVENT]
time_cmd : 2026-01-09 12:30:58.818
time_now : 2026-01-09 12:30:58.818

cmd_vel:
  linear.x  : -0.150 m/s
  angular.z : 0.300 rad/s

pose : UNAVAILABLE
  reason : TF not available (map/odom)
==================================================
[CMD_VEL]
  linear.x  : -0.150
  angular.z : 0.300
shelf_id : 2-5-1-1
wall_info:
  wall_yaw_deg : -1.30 deg
  wall_distance: 0.463 m


==================================================
[CMD_VEL EVENT]
time_cmd : 2026-01-09 12:30:58.940
time_now : 2026-01-09 12:30:58.940

cmd_vel:
  linear.x  : -0.150 m/s
  angular.z : 0.300 rad/s

pose : UNAVAILABLE
  reason : TF not available (map/odom)
==================================================
[CMD_VEL]
  linear.x  : -0.150
  angular.z : 0.300
shelf_id : 2-5-1-1
wall_info:
  wall_yaw_deg : -1.43 deg
  wall_distance: 0.462 m


==================================================
[CMD_VEL EVENT]
time_cmd : 2026-01-09 12:30:59.062
time_now : 2026-01-09 12:30:59.062

cmd_vel:
  linear.x  : -0.150 m/s
  angular.z : 0.300 rad/s

pose : UNAVAILABLE
  reason : TF not available (map/odom)
==================================================
[CMD_VEL]
  linear.x  : -0.150
  angular.z : 0.300
shelf_id : 2-5-1-1
wall_info:
  wall_yaw_deg : -1.20 deg
  wall_distance: 0.462 m


==================================================
[CMD_VEL EVENT]
time_cmd : 2026-01-09 12:30:59.185
time_now : 2026-01-09 12:30:59.185

cmd_vel:
  linear.x  : -0.150 m/s
  angular.z : 0.300 rad/s

pose : UNAVAILABLE
  reason : TF not available (map/odom)
==================================================
[CMD_VEL]
  linear.x  : -0.150
  angular.z : 0.300
shelf_id : 2-5-1-1
wall_info:
  wall_yaw_deg : -1.26 deg
  wall_distance: 0.463 m


==================================================
[CMD_VEL EVENT]
time_cmd : 2026-01-09 12:30:59.307
time_now : 2026-01-09 12:30:59.307

cmd_vel:
  linear.x  : -0.150 m/s
  angular.z : 0.300 rad/s

pose : UNAVAILABLE
  reason : TF not available (map/odom)
==================================================
[CMD_VEL]
  linear.x  : -0.150
  angular.z : 0.300
shelf_id : 2-5-1-1
wall_info:
  wall_yaw_deg : -1.43 deg
  wall_distance: 0.459 m


==================================================
[CMD_VEL EVENT]
time_cmd : 2026-01-09 12:30:59.429
time_now : 2026-01-09 12:30:59.429

cmd_vel:
  linear.x  : -0.150 m/s
  angular.z : 0.300 rad/s

pose : UNAVAILABLE
  reason : TF not available (map/odom)
==================================================
[CMD_VEL]
  linear.x  : -0.150
  angular.z : 0.300
shelf_id : 2-5-1-1
wall_info:
  wall_yaw_deg : -1.42 deg
  wall_distance: 0.459 m


==================================================
[CMD_VEL EVENT]
time_cmd : 2026-01-09 12:30:59.551
time_now : 2026-01-09 12:30:59.551

cmd_vel:
  linear.x  : -0.150 m/s
  angular.z : 0.300 rad/s

pose : UNAVAILABLE
  reason : TF not available (map/odom)
==================================================
[CMD_VEL]
  linear.x  : -0.150
  angular.z : 0.300
shelf_id : 2-5-1-1
wall_info:
  wall_yaw_deg : -1.19 deg
  wall_distance: 0.461 m


==================================================
[CMD_VEL EVENT]
time_cmd : 2026-01-09 12:30:59.674
time_now : 2026-01-09 12:30:59.674

cmd_vel:
  linear.x  : -0.150 m/s
  angular.z : 0.300 rad/s

pose : UNAVAILABLE
  reason : TF not available (map/odom)
==================================================
[CMD_VEL]
  linear.x  : -0.150
  angular.z : 0.300
shelf_id : 2-5-1-1
wall_info:
  wall_yaw_deg : -1.52 deg
  wall_distance: 0.461 m


==================================================
[CMD_VEL EVENT]
time_cmd : 2026-01-09 12:30:59.796
time_now : 2026-01-09 12:30:59.796

cmd_vel:
  linear.x  : -0.150 m/s
  angular.z : 0.300 rad/s

pose : UNAVAILABLE
  reason : TF not available (map/odom)
==================================================
[CMD_VEL]
  linear.x  : -0.150
  angular.z : 0.300
shelf_id : 2-5-1-1
wall_info:
  wall_yaw_deg : -1.12 deg
  wall_distance: 0.463 m


==================================================
[CMD_VEL EVENT]
time_cmd : 2026-01-09 12:30:59.918
time_now : 2026-01-09 12:30:59.918

cmd_vel:
  linear.x  : -0.150 m/s
  angular.z : 0.300 rad/s

pose : UNAVAILABLE
  reason : TF not available (map/odom)
==================================================
[CMD_VEL]
  linear.x  : -0.150
  angular.z : 0.300
shelf_id : 2-5-1-1
wall_info:
  wall_yaw_deg : -1.29 deg
  wall_distance: 0.462 m


==================================================
[CMD_VEL EVENT]
time_cmd : 2026-01-09 12:31:00.041
time_now : 2026-01-09 12:31:00.041

cmd_vel:
  linear.x  : -0.150 m/s
  angular.z : 0.300 rad/s

pose : UNAVAILABLE
  reason : TF not available (map/odom)
==================================================
[CMD_VEL]
  linear.x  : -0.150
  angular.z : 0.300
shelf_id : 2-5-1-1
wall_info:
  wall_yaw_deg : -1.48 deg
  wall_distance: 0.462 m


==================================================
[CMD_VEL EVENT]
time_cmd : 2026-01-09 12:31:00.163
time_now : 2026-01-09 12:31:00.163

cmd_vel:
  linear.x  : -0.150 m/s
  angular.z : 0.300 rad/s

pose : UNAVAILABLE
  reason : TF not available (map/odom)
==================================================
[CMD_VEL]
  linear.x  : -0.150
  angular.z : 0.300
shelf_id : 2-5-1-1
wall_info:
  wall_yaw_deg : -1.40 deg
  wall_distance: 0.462 m


==================================================
[CMD_VEL EVENT]
time_cmd : 2026-01-09 12:31:00.285
time_now : 2026-01-09 12:31:00.285

cmd_vel:
  linear.x  : -0.150 m/s
  angular.z : 0.300 rad/s

pose : UNAVAILABLE
  reason : TF not available (map/odom)
==================================================
[CMD_VEL]
  linear.x  : -0.150
  angular.z : 0.300
shelf_id : 2-5-1-1
wall_info:
  wall_yaw_deg : -1.31 deg
  wall_distance: 0.462 m


==================================================
[CMD_VEL EVENT]
time_cmd : 2026-01-09 12:31:00.407
time_now : 2026-01-09 12:31:00.407

cmd_vel:
  linear.x  : -0.150 m/s
  angular.z : 0.300 rad/s

pose : UNAVAILABLE
  reason : TF not available (map/odom)
==================================================
[CMD_VEL]
  linear.x  : -0.150
  angular.z : 0.300
shelf_id : 2-5-1-1
wall_info:
  wall_yaw_deg : -1.25 deg
  wall_distance: 0.460 m


==================================================
[CMD_VEL EVENT]
time_cmd : 2026-01-09 12:31:00.530
time_now : 2026-01-09 12:31:00.530

cmd_vel:
  linear.x  : -0.150 m/s
  angular.z : 0.300 rad/s

pose : UNAVAILABLE
  reason : TF not available (map/odom)
==================================================
[CMD_VEL]
  linear.x  : -0.150
  angular.z : 0.300
shelf_id : 2-5-1-1
wall_info:
  wall_yaw_deg : -1.41 deg
  wall_distance: 0.460 m


==================================================
[CMD_VEL EVENT]
time_cmd : 2026-01-09 12:31:00.652
time_now : 2026-01-09 12:31:00.652

cmd_vel:
  linear.x  : -0.150 m/s
  angular.z : 0.300 rad/s

pose : UNAVAILABLE
  reason : TF not available (map/odom)
==================================================
[CMD_VEL]
  linear.x  : -0.150
  angular.z : 0.300
shelf_id : 2-5-1-1
wall_info:
  wall_yaw_deg : -1.28 deg
  wall_distance: 0.461 m


==================================================
[CMD_VEL EVENT]
time_cmd : 2026-01-09 12:31:00.774
time_now : 2026-01-09 12:31:00.774

cmd_vel:
  linear.x  : -0.150 m/s
  angular.z : 0.300 rad/s

pose : UNAVAILABLE
  reason : TF not available (map/odom)
==================================================
[CMD_VEL]
  linear.x  : -0.150
  angular.z : 0.300
shelf_id : 2-5-1-1
wall_info:
  wall_yaw_deg : -1.39 deg
  wall_distance: 0.458 m


==================================================
[CMD_VEL EVENT]
time_cmd : 2026-01-09 12:31:00.896
time_now : 2026-01-09 12:31:00.896

cmd_vel:
  linear.x  : -0.150 m/s
  angular.z : 0.300 rad/s

pose : UNAVAILABLE
  reason : TF not available (map/odom)
==================================================
[CMD_VEL]
  linear.x  : -0.150
  angular.z : 0.300
shelf_id : 2-5-1-1
wall_info:
  wall_yaw_deg : -1.19 deg
  wall_distance: 0.461 m


==================================================
[CMD_VEL EVENT]
time_cmd : 2026-01-09 12:31:01.018
time_now : 2026-01-09 12:31:01.018

cmd_vel:
  linear.x  : -0.150 m/s
  angular.z : 0.300 rad/s

pose : UNAVAILABLE
  reason : TF not available (map/odom)
==================================================
[CMD_VEL]
  linear.x  : -0.150
  angular.z : 0.300
shelf_id : 2-5-1-1
wall_info:
  wall_yaw_deg : -1.22 deg
  wall_distance: 0.462 m


==================================================
[CMD_VEL EVENT]
time_cmd : 2026-01-09 12:31:01.141
time_now : 2026-01-09 12:31:01.141

cmd_vel:
  linear.x  : -0.150 m/s
  angular.z : 0.300 rad/s

pose : UNAVAILABLE
  reason : TF not available (map/odom)
==================================================
[CMD_VEL]
  linear.x  : -0.150
  angular.z : 0.300
shelf_id : 2-5-1-1
wall_info:
  wall_yaw_deg : -1.24 deg
  wall_distance: 0.461 m


==================================================
[CMD_VEL EVENT]
time_cmd : 2026-01-09 12:31:01.263
time_now : 2026-01-09 12:31:01.263

cmd_vel:
  linear.x  : -0.150 m/s
  angular.z : 0.300 rad/s

pose : UNAVAILABLE
  reason : TF not available (map/odom)
==================================================
[CMD_VEL]
  linear.x  : -0.150
  angular.z : 0.300
shelf_id : 2-5-1-1
wall_info:
  wall_yaw_deg : -1.24 deg
  wall_distance: 0.461 m


==================================================
[CMD_VEL EVENT]
time_cmd : 2026-01-09 12:31:01.385
time_now : 2026-01-09 12:31:01.385

cmd_vel:
  linear.x  : -0.150 m/s
  angular.z : 0.300 rad/s

pose : UNAVAILABLE
  reason : TF not available (map/odom)
==================================================
[CMD_VEL]
  linear.x  : -0.150
  angular.z : 0.300
shelf_id : 2-5-1-1
wall_info:
  wall_yaw_deg : -1.27 deg
  wall_distance: 0.463 m


==================================================
[CMD_VEL EVENT]
time_cmd : 2026-01-09 12:31:01.508
time_now : 2026-01-09 12:31:01.508

cmd_vel:
  linear.x  : -0.150 m/s
  angular.z : 0.300 rad/s

pose : UNAVAILABLE
  reason : TF not available (map/odom)
==================================================
[CMD_VEL]
  linear.x  : -0.150
  angular.z : 0.300
shelf_id : 2-5-1-1
wall_info:
  wall_yaw_deg : -1.32 deg
  wall_distance: 0.464 m


==================================================
[CMD_VEL EVENT]
time_cmd : 2026-01-09 12:31:01.631
time_now : 2026-01-09 12:31:01.631

cmd_vel:
  linear.x  : -0.150 m/s
  angular.z : 0.300 rad/s

pose : UNAVAILABLE
  reason : TF not available (map/odom)
==================================================
[CMD_VEL]
  linear.x  : -0.150
  angular.z : 0.300
shelf_id : 2-5-1-1
wall_info:
  wall_yaw_deg : -1.29 deg
  wall_distance: 0.463 m


==================================================
[CMD_VEL EVENT]
time_cmd : 2026-01-09 12:31:01.753
time_now : 2026-01-09 12:31:01.753

cmd_vel:
  linear.x  : -0.150 m/s
  angular.z : 0.300 rad/s

pose : UNAVAILABLE
  reason : TF not available (map/odom)
==================================================
[CMD_VEL]
  linear.x  : -0.150
  angular.z : 0.300
shelf_id : 2-5-1-1
wall_info:
  wall_yaw_deg : -1.24 deg
  wall_distance: 0.461 m


==================================================
[CMD_VEL EVENT]
time_cmd : 2026-01-09 12:31:01.875
time_now : 2026-01-09 12:31:01.875

cmd_vel:
  linear.x  : -0.150 m/s
  angular.z : 0.300 rad/s

pose : UNAVAILABLE
  reason : TF not available (map/odom)
==================================================
[CMD_VEL]
  linear.x  : -0.025
  angular.z : 0.140
shelf_id : 2-5-1-1
wall_info:
  wall_yaw_deg : -1.37 deg
  wall_distance: 0.462 m


==================================================
[CMD_VEL EVENT]
time_cmd : 2026-01-09 12:31:02.000
time_now : 2026-01-09 12:31:02.000

cmd_vel:
  linear.x  : -0.025 m/s
  angular.z : 0.140 rad/s

pose : UNAVAILABLE
  reason : TF not available (map/odom)
==================================================
[CMD_VEL]
  linear.x  : 0.000
  angular.z : 0.000
shelf_id : 2-5-1-1
wall_info:
  wall_yaw_deg : -1.33 deg
  wall_distance: 0.460 m


==================================================
[CMD_VEL EVENT]
time_cmd : 2026-01-09 12:31:02.123
time_now : 2026-01-09 12:31:02.123

cmd_vel:
  linear.x  : 0.000 m/s
  angular.z : 0.000 rad/s

pose : UNAVAILABLE
  reason : TF not available (map/odom)
==================================================
[CMD_VEL]
  linear.x  : 0.000
  angular.z : 0.000
shelf_id : 2-5-1-1
wall_info:
  wall_yaw_deg : -1.37 deg
  wall_distance: 0.460 m


==================================================
[CMD_VEL EVENT]
time_cmd : 2026-01-09 12:31:02.246
time_now : 2026-01-09 12:31:02.246

cmd_vel:
  linear.x  : 0.000 m/s
  angular.z : 0.000 rad/s

pose : UNAVAILABLE
  reason : TF not available (map/odom)
==================================================
[CMD_VEL]
  linear.x  : 0.000
  angular.z : 0.000
shelf_id : 2-5-1-1
wall_info:
  wall_yaw_deg : -1.36 deg
  wall_distance: 0.459 m


==================================================
[CMD_VEL EVENT]
time_cmd : 2026-01-09 12:31:02.368
time_now : 2026-01-09 12:31:02.368

cmd_vel:
  linear.x  : 0.000 m/s
  angular.z : 0.000 rad/s

pose : UNAVAILABLE
  reason : TF not available (map/odom)
==================================================
[CMD_VEL]
  linear.x  : 0.000
  angular.z : 0.000
shelf_id : 2-5-1-1
wall_info:
  wall_yaw_deg : -1.44 deg
  wall_distance: 0.459 m


==================================================
[CMD_VEL EVENT]
time_cmd : 2026-01-09 12:31:02.492
time_now : 2026-01-09 12:31:02.492

cmd_vel:
  linear.x  : 0.000 m/s
  angular.z : 0.000 rad/s

pose : UNAVAILABLE
  reason : TF not available (map/odom)
==================================================
[CMD_VEL]
  linear.x  : 0.000
  angular.z : 0.000
shelf_id : 2-5-1-1
wall_info:
  wall_yaw_deg : -1.39 deg
  wall_distance: 0.460 m


==================================================
[CMD_VEL EVENT]
time_cmd : 2026-01-09 12:31:02.615
time_now : 2026-01-09 12:31:02.615

cmd_vel:
  linear.x  : 0.000 m/s
  angular.z : 0.000 rad/s

pose : UNAVAILABLE
  reason : TF not available (map/odom)
==================================================
[CMD_VEL]
  linear.x  : 0.000
  angular.z : 0.000
shelf_id : 2-5-1-1
wall_info:
  wall_yaw_deg : -2.27 deg
  wall_distance: 0.458 m


==================================================
[CMD_VEL EVENT]
time_cmd : 2026-01-09 12:31:02.738
time_now : 2026-01-09 12:31:02.738

cmd_vel:
  linear.x  : 0.000 m/s
  angular.z : 0.000 rad/s

pose : UNAVAILABLE
  reason : TF not available (map/odom)
==================================================
[CMD_VEL]
  linear.x  : 0.000
  angular.z : 0.000
shelf_id : 2-5-1-1
wall_info:
  wall_yaw_deg : -1.71 deg
  wall_distance: 0.459 m


==================================================
[CMD_VEL EVENT]
time_cmd : 2026-01-09 12:31:02.860
time_now : 2026-01-09 12:31:02.860

cmd_vel:
  linear.x  : 0.000 m/s
  angular.z : 0.000 rad/s

pose : UNAVAILABLE
  reason : TF not available (map/odom)
==================================================
[CMD_VEL]
  linear.x  : 0.000
  angular.z : 0.000
shelf_id : 2-5-1-1
wall_info:
  wall_yaw_deg : -1.35 deg
  wall_distance: 0.458 m


==================================================
[CMD_VEL EVENT]
time_cmd : 2026-01-09 12:31:02.983
time_now : 2026-01-09 12:31:02.983

cmd_vel:
  linear.x  : 0.000 m/s
  angular.z : 0.000 rad/s

pose : UNAVAILABLE
  reason : TF not available (map/odom)
==================================================
[CMD_VEL]
  linear.x  : 0.000
  angular.z : 0.000
shelf_id : 2-5-1-1
wall_info:
  wall_yaw_deg : -1.71 deg
  wall_distance: 0.459 m


==================================================
[CMD_VEL EVENT]
time_cmd : 2026-01-09 12:31:03.105
time_now : 2026-01-09 12:31:03.105

cmd_vel:
  linear.x  : 0.000 m/s
  angular.z : 0.000 rad/s

pose : UNAVAILABLE
  reason : TF not available (map/odom)
==================================================
[CMD_VEL]
  linear.x  : 0.000
  angular.z : 0.000
shelf_id : 2-5-1-1
wall_info:
  wall_yaw_deg : -1.84 deg
  wall_distance: 0.459 m


==================================================
[CMD_VEL EVENT]
time_cmd : 2026-01-09 12:31:03.228
time_now : 2026-01-09 12:31:03.228

cmd_vel:
  linear.x  : 0.000 m/s
  angular.z : 0.000 rad/s

pose : UNAVAILABLE
  reason : TF not available (map/odom)
==================================================
[CMD_VEL]
  linear.x  : 0.000
  angular.z : 0.000
shelf_id : 2-5-1-1
wall_info:
  wall_yaw_deg : -1.30 deg
  wall_distance: 0.459 m


==================================================
[CMD_VEL EVENT]
time_cmd : 2026-01-09 12:31:03.350
time_now : 2026-01-09 12:31:03.350

cmd_vel:
  linear.x  : 0.000 m/s
  angular.z : 0.000 rad/s

pose : UNAVAILABLE
  reason : TF not available (map/odom)
==================================================
[CMD_VEL]
  linear.x  : 0.000
  angular.z : 0.000
shelf_id : 2-5-1-1
wall_info:
  wall_yaw_deg : -1.26 deg
  wall_distance: 0.459 m


==================================================
[CMD_VEL EVENT]
time_cmd : 2026-01-09 12:31:03.473
time_now : 2026-01-09 12:31:03.473

cmd_vel:
  linear.x  : 0.000 m/s
  angular.z : 0.000 rad/s

pose : UNAVAILABLE
  reason : TF not available (map/odom)
==================================================
[CMD_VEL]
  linear.x  : 0.000
  angular.z : 0.000
shelf_id : 2-5-1-1
wall_info:
  wall_yaw_deg : -1.31 deg
  wall_distance: 0.459 m


==================================================
[CMD_VEL EVENT]
time_cmd : 2026-01-09 12:31:03.596
time_now : 2026-01-09 12:31:03.596

cmd_vel:
  linear.x  : 0.000 m/s
  angular.z : 0.000 rad/s

pose : UNAVAILABLE
  reason : TF not available (map/odom)
==================================================
[CMD_VEL]
  linear.x  : 0.000
  angular.z : 0.000
shelf_id : 2-5-1-1
wall_info:
  wall_yaw_deg : -1.10 deg
  wall_distance: 0.462 m


==================================================
[CMD_VEL EVENT]
time_cmd : 2026-01-09 12:31:03.719
time_now : 2026-01-09 12:31:03.719

cmd_vel:
  linear.x  : 0.000 m/s
  angular.z : 0.000 rad/s

pose : UNAVAILABLE
  reason : TF not available (map/odom)
==================================================
[SESSION END]
end_time : 2026-01-09 12:31:08.794
==================================================

