[0.052s] Invoking command in '/home/rover/ros2_ws/build/megarover_description': CMAKE_PREFIX_PATH=${CMAKE_PREFIX_PATH}:/home/rover/ros2_ws/install/wall_ransac_initializer:/home/rover/ros2_ws/install/udp_bridge:/home/rover/ros2_ws/install/trajectory_logger:/home/rover/ros2_ws/install/shelf_navigator:/home/rover/ros2_ws/install/ros2_to_ros1_bridge:/home/rover/ros2_ws/install/js0_teleop:/home/rover/ros2_ws/install/iai_cylinder:/home/rover/ros2_ws/install/final_approach_controller:/home/rover/ros2_ws/install/arrow_key_teleop:/opt/ros/humble /usr/bin/cmake /home/rover/ros2_ws/src/megarover3_ros2/megarover_description -DCMAKE_INSTALL_PREFIX=/home/rover/ros2_ws/install/megarover_description
[1.661s] -- The C compiler identification is GNU 11.4.0
[1.661s] -- The CXX compiler identification is GNU 11.4.0
[1.661s] -- Detecting C compiler ABI info
[1.661s] -- Detecting C compiler ABI info - done
[1.661s] -- Check for working C compiler: /usr/bin/cc - skipped
[1.661s] -- Detecting C compile features
[1.661s] -- Detecting C compile features - done
[1.661s] -- Detecting CXX compiler ABI info
[1.661s] -- Detecting CXX compiler ABI info - done
[1.661s] -- Check for working CXX compiler: /usr/bin/c++ - skipped
[1.661s] -- Detecting CXX compile features
[1.661s] -- Detecting CXX compile features - done
[1.661s] -- Found ament_cmake: 1.3.12 (/opt/ros/humble/share/ament_cmake/cmake)
[1.661s] -- Found Python3: /usr/bin/python3 (found version "3.10.12") found components: Interpreter 
[1.661s] -- Found ament_lint_auto: 0.12.14 (/opt/ros/humble/share/ament_lint_auto/cmake)
[1.661s] -- Configuring done
[1.661s] -- Generating done
[1.661s] -- Build files have been written to: /home/rover/ros2_ws/build/megarover_description
[1.668s] Invoked command in '/home/rover/ros2_ws/build/megarover_description' returned '0': CMAKE_PREFIX_PATH=${CMAKE_PREFIX_PATH}:/home/rover/ros2_ws/install/wall_ransac_initializer:/home/rover/ros2_ws/install/udp_bridge:/home/rover/ros2_ws/install/trajectory_logger:/home/rover/ros2_ws/install/shelf_navigator:/home/rover/ros2_ws/install/ros2_to_ros1_bridge:/home/rover/ros2_ws/install/js0_teleop:/home/rover/ros2_ws/install/iai_cylinder:/home/rover/ros2_ws/install/final_approach_controller:/home/rover/ros2_ws/install/arrow_key_teleop:/opt/ros/humble /usr/bin/cmake /home/rover/ros2_ws/src/megarover3_ros2/megarover_description -DCMAKE_INSTALL_PREFIX=/home/rover/ros2_ws/install/megarover_description
[1.670s] Invoking command in '/home/rover/ros2_ws/build/megarover_description': CMAKE_PREFIX_PATH=${CMAKE_PREFIX_PATH}:/home/rover/ros2_ws/install/wall_ransac_initializer:/home/rover/ros2_ws/install/udp_bridge:/home/rover/ros2_ws/install/trajectory_logger:/home/rover/ros2_ws/install/shelf_navigator:/home/rover/ros2_ws/install/ros2_to_ros1_bridge:/home/rover/ros2_ws/install/js0_teleop:/home/rover/ros2_ws/install/iai_cylinder:/home/rover/ros2_ws/install/final_approach_controller:/home/rover/ros2_ws/install/arrow_key_teleop:/opt/ros/humble /usr/bin/cmake --build /home/rover/ros2_ws/build/megarover_description -- -j18 -l18
[1.703s] Invoked command in '/home/rover/ros2_ws/build/megarover_description' returned '0': CMAKE_PREFIX_PATH=${CMAKE_PREFIX_PATH}:/home/rover/ros2_ws/install/wall_ransac_initializer:/home/rover/ros2_ws/install/udp_bridge:/home/rover/ros2_ws/install/trajectory_logger:/home/rover/ros2_ws/install/shelf_navigator:/home/rover/ros2_ws/install/ros2_to_ros1_bridge:/home/rover/ros2_ws/install/js0_teleop:/home/rover/ros2_ws/install/iai_cylinder:/home/rover/ros2_ws/install/final_approach_controller:/home/rover/ros2_ws/install/arrow_key_teleop:/opt/ros/humble /usr/bin/cmake --build /home/rover/ros2_ws/build/megarover_description -- -j18 -l18
[1.711s] Invoking command in '/home/rover/ros2_ws/build/megarover_description': CMAKE_PREFIX_PATH=${CMAKE_PREFIX_PATH}:/home/rover/ros2_ws/install/wall_ransac_initializer:/home/rover/ros2_ws/install/udp_bridge:/home/rover/ros2_ws/install/trajectory_logger:/home/rover/ros2_ws/install/shelf_navigator:/home/rover/ros2_ws/install/ros2_to_ros1_bridge:/home/rover/ros2_ws/install/js0_teleop:/home/rover/ros2_ws/install/iai_cylinder:/home/rover/ros2_ws/install/final_approach_controller:/home/rover/ros2_ws/install/arrow_key_teleop:/opt/ros/humble /usr/bin/cmake --install /home/rover/ros2_ws/build/megarover_description
[1.721s] -- Install configuration: ""
[1.721s] -- Installing: /home/rover/ros2_ws/install/megarover_description/share/megarover_description/launch
[1.721s] -- Installing: /home/rover/ros2_ws/install/megarover_description/share/megarover_description/launch/f120a_view.launch.py
[1.721s] -- Installing: /home/rover/ros2_ws/install/megarover_description/share/megarover_description/launch/mega3_view.launch.py
[1.721s] -- Installing: /home/rover/ros2_ws/install/megarover_description/share/megarover_description/meshes
[1.721s] -- Installing: /home/rover/ros2_ws/install/megarover_description/share/megarover_description/meshes/f120a
[1.721s] -- Installing: /home/rover/ros2_ws/install/megarover_description/share/megarover_description/meshes/f120a/left_wheel_1.stl
[1.721s] -- Installing: /home/rover/ros2_ws/install/megarover_description/share/megarover_description/meshes/f120a/right_wheel_1.stl
[1.722s] -- Installing: /home/rover/ros2_ws/install/megarover_description/share/megarover_description/meshes/f120a/base_link.stl
[1.722s] -- Installing: /home/rover/ros2_ws/install/megarover_description/share/megarover_description/meshes/mega3
[1.722s] -- Installing: /home/rover/ros2_ws/install/megarover_description/share/megarover_description/meshes/mega3/left_wheel_1.stl
[1.722s] -- Installing: /home/rover/ros2_ws/install/megarover_description/share/megarover_description/meshes/mega3/right_wheel_1.stl
[1.722s] -- Installing: /home/rover/ros2_ws/install/megarover_description/share/megarover_description/meshes/mega3/base_link.stl
[1.722s] -- Installing: /home/rover/ros2_ws/install/megarover_description/share/megarover_description/rviz
[1.722s] -- Installing: /home/rover/ros2_ws/install/megarover_description/share/megarover_description/rviz/mega3.rviz
[1.722s] -- Installing: /home/rover/ros2_ws/install/megarover_description/share/megarover_description/rviz/f120a.rviz
[1.723s] -- Installing: /home/rover/ros2_ws/install/megarover_description/share/megarover_description/urdf
[1.723s] -- Installing: /home/rover/ros2_ws/install/megarover_description/share/megarover_description/urdf/mega3_base_model.gazebo
[1.723s] -- Installing: /home/rover/ros2_ws/install/megarover_description/share/megarover_description/urdf/f120a_base_model.gazebo
[1.723s] -- Installing: /home/rover/ros2_ws/install/megarover_description/share/megarover_description/urdf/mega3_base_model.xacro
[1.723s] -- Installing: /home/rover/ros2_ws/install/megarover_description/share/megarover_description/urdf/materials.xacro
[1.723s] -- Installing: /home/rover/ros2_ws/install/megarover_description/share/megarover_description/urdf/mega3.xacro
[1.723s] -- Installing: /home/rover/ros2_ws/install/megarover_description/share/megarover_description/urdf/mega3.gazebo
[1.723s] -- Installing: /home/rover/ros2_ws/install/megarover_description/share/megarover_description/urdf/f120a.gazebo
[1.724s] -- Installing: /home/rover/ros2_ws/install/megarover_description/share/megarover_description/urdf/f120a_base_model.xacro
[1.729s] -- Installing: /home/rover/ros2_ws/install/megarover_description/share/megarover_description/urdf/f120a.xacro
[1.730s] -- Installing: /home/rover/ros2_ws/install/megarover_description/share/ament_index/resource_index/package_run_dependencies/megarover_description
[1.730s] -- Installing: /home/rover/ros2_ws/install/megarover_description/share/ament_index/resource_index/parent_prefix_path/megarover_description
[1.731s] -- Installing: /home/rover/ros2_ws/install/megarover_description/share/megarover_description/environment/ament_prefix_path.sh
[1.732s] -- Installing: /home/rover/ros2_ws/install/megarover_description/share/megarover_description/environment/ament_prefix_path.dsv
[1.732s] -- Installing: /home/rover/ros2_ws/install/megarover_description/share/megarover_description/environment/path.sh
[1.734s] -- Installing: /home/rover/ros2_ws/install/megarover_description/share/megarover_description/environment/path.dsv
[1.734s] -- Installing: /home/rover/ros2_ws/install/megarover_description/share/megarover_description/local_setup.bash
[1.735s] -- Installing: /home/rover/ros2_ws/install/megarover_description/share/megarover_description/local_setup.sh
[1.736s] -- Installing: /home/rover/ros2_ws/install/megarover_description/share/megarover_description/local_setup.zsh
[1.736s] -- Installing: /home/rover/ros2_ws/install/megarover_description/share/megarover_description/local_setup.dsv
[1.742s] -- Installing: /home/rover/ros2_ws/install/megarover_description/share/megarover_description/package.dsv
[1.742s] -- Installing: /home/rover/ros2_ws/install/megarover_description/share/ament_index/resource_index/packages/megarover_description
[1.743s] -- Installing: /home/rover/ros2_ws/install/megarover_description/share/megarover_description/cmake/megarover_descriptionConfig.cmake
[1.743s] -- Installing: /home/rover/ros2_ws/install/megarover_description/share/megarover_description/cmake/megarover_descriptionConfig-version.cmake
[1.743s] -- Installing: /home/rover/ros2_ws/install/megarover_description/share/megarover_description/package.xml
[1.743s] Invoked command in '/home/rover/ros2_ws/build/megarover_description' returned '0': CMAKE_PREFIX_PATH=${CMAKE_PREFIX_PATH}:/home/rover/ros2_ws/install/wall_ransac_initializer:/home/rover/ros2_ws/install/udp_bridge:/home/rover/ros2_ws/install/trajectory_logger:/home/rover/ros2_ws/install/shelf_navigator:/home/rover/ros2_ws/install/ros2_to_ros1_bridge:/home/rover/ros2_ws/install/js0_teleop:/home/rover/ros2_ws/install/iai_cylinder:/home/rover/ros2_ws/install/final_approach_controller:/home/rover/ros2_ws/install/arrow_key_teleop:/opt/ros/humble /usr/bin/cmake --install /home/rover/ros2_ws/build/megarover_description
