running egg_info
creating ../../build/arrow_key_teleop/arrow_key_teleop.egg-info
writing ../../build/arrow_key_teleop/arrow_key_teleop.egg-info/PKG-INFO
writing dependency_links to ../../build/arrow_key_teleop/arrow_key_teleop.egg-info/dependency_links.txt
writing entry points to ../../build/arrow_key_teleop/arrow_key_teleop.egg-info/entry_points.txt
writing requirements to ../../build/arrow_key_teleop/arrow_key_teleop.egg-info/requires.txt
writing top-level names to ../../build/arrow_key_teleop/arrow_key_teleop.egg-info/top_level.txt
writing manifest file '../../build/arrow_key_teleop/arrow_key_teleop.egg-info/SOURCES.txt'
reading manifest file '../../build/arrow_key_teleop/arrow_key_teleop.egg-info/SOURCES.txt'
writing manifest file '../../build/arrow_key_teleop/arrow_key_teleop.egg-info/SOURCES.txt'
running build
running build_py
creating /home/rover/ros2_ws/build/arrow_key_teleop/build
creating /home/rover/ros2_ws/build/arrow_key_teleop/build/lib
creating /home/rover/ros2_ws/build/arrow_key_teleop/build/lib/arrow_key_teleop
copying arrow_key_teleop/__init__.py -> /home/rover/ros2_ws/build/arrow_key_teleop/build/lib/arrow_key_teleop
copying arrow_key_teleop/teleop_arrow_key.py -> /home/rover/ros2_ws/build/arrow_key_teleop/build/lib/arrow_key_teleop
running install
running install_lib
creating /home/rover/ros2_ws/install/arrow_key_teleop/lib/python3.10/site-packages/arrow_key_teleop
copying /home/rover/ros2_ws/build/arrow_key_teleop/build/lib/arrow_key_teleop/__init__.py -> /home/rover/ros2_ws/install/arrow_key_teleop/lib/python3.10/site-packages/arrow_key_teleop
copying /home/rover/ros2_ws/build/arrow_key_teleop/build/lib/arrow_key_teleop/teleop_arrow_key.py -> /home/rover/ros2_ws/install/arrow_key_teleop/lib/python3.10/site-packages/arrow_key_teleop
byte-compiling /home/rover/ros2_ws/install/arrow_key_teleop/lib/python3.10/site-packages/arrow_key_teleop/__init__.py to __init__.cpython-310.pyc
byte-compiling /home/rover/ros2_ws/install/arrow_key_teleop/lib/python3.10/site-packages/arrow_key_teleop/teleop_arrow_key.py to teleop_arrow_key.cpython-310.pyc
running install_data
creating /home/rover/ros2_ws/install/arrow_key_teleop/share/ament_index
creating /home/rover/ros2_ws/install/arrow_key_teleop/share/ament_index/resource_index
creating /home/rover/ros2_ws/install/arrow_key_teleop/share/ament_index/resource_index/packages
copying resource/arrow_key_teleop -> /home/rover/ros2_ws/install/arrow_key_teleop/share/ament_index/resource_index/packages
copying package.xml -> /home/rover/ros2_ws/install/arrow_key_teleop/share/arrow_key_teleop
running install_egg_info
Copying ../../build/arrow_key_teleop/arrow_key_teleop.egg-info to /home/rover/ros2_ws/install/arrow_key_teleop/lib/python3.10/site-packages/arrow_key_teleop-0.0.0-py3.10.egg-info
running install_scripts
Installing teleop_arrow_key script to /home/rover/ros2_ws/install/arrow_key_teleop/lib/arrow_key_teleop
writing list of installed files to '/home/rover/ros2_ws/build/arrow_key_teleop/install.log'
