[2.115s] Invoking command in '/home/rover/ros2_ws/src/arrow_key_teleop': PYTHONPATH=/home/rover/ros2_ws/build/arrow_key_teleop/prefix_override:/usr/lib/python3/dist-packages/colcon_core/task/python/colcon_distutils_commands:/home/rover/ros2_ws/install/arrow_key_teleop/lib/python3.10/site-packages:${PYTHONPATH} /usr/bin/python3 -W ignore:setup.py install is deprecated -W ignore:easy_install command is deprecated setup.py egg_info --egg-base ../../build/arrow_key_teleop build --build-base /home/rover/ros2_ws/build/arrow_key_teleop/build install --record /home/rover/ros2_ws/build/arrow_key_teleop/install.log --single-version-externally-managed install_data
[2.444s] running egg_info
[2.445s] creating ../../build/arrow_key_teleop/arrow_key_teleop.egg-info
[2.445s] writing ../../build/arrow_key_teleop/arrow_key_teleop.egg-info/PKG-INFO
[2.445s] writing dependency_links to ../../build/arrow_key_teleop/arrow_key_teleop.egg-info/dependency_links.txt
[2.445s] writing entry points to ../../build/arrow_key_teleop/arrow_key_teleop.egg-info/entry_points.txt
[2.445s] writing requirements to ../../build/arrow_key_teleop/arrow_key_teleop.egg-info/requires.txt
[2.445s] writing top-level names to ../../build/arrow_key_teleop/arrow_key_teleop.egg-info/top_level.txt
[2.445s] writing manifest file '../../build/arrow_key_teleop/arrow_key_teleop.egg-info/SOURCES.txt'
[2.446s] reading manifest file '../../build/arrow_key_teleop/arrow_key_teleop.egg-info/SOURCES.txt'
[2.446s] writing manifest file '../../build/arrow_key_teleop/arrow_key_teleop.egg-info/SOURCES.txt'
[2.446s] running build
[2.446s] running build_py
[2.452s] creating /home/rover/ros2_ws/build/arrow_key_teleop/build
[2.452s] creating /home/rover/ros2_ws/build/arrow_key_teleop/build/lib
[2.452s] creating /home/rover/ros2_ws/build/arrow_key_teleop/build/lib/arrow_key_teleop
[2.452s] copying arrow_key_teleop/__init__.py -> /home/rover/ros2_ws/build/arrow_key_teleop/build/lib/arrow_key_teleop
[2.452s] copying arrow_key_teleop/teleop_arrow_key.py -> /home/rover/ros2_ws/build/arrow_key_teleop/build/lib/arrow_key_teleop
[2.452s] running install
[2.452s] running install_lib
[2.452s] creating /home/rover/ros2_ws/install/arrow_key_teleop/lib/python3.10/site-packages/arrow_key_teleop
[2.452s] copying /home/rover/ros2_ws/build/arrow_key_teleop/build/lib/arrow_key_teleop/__init__.py -> /home/rover/ros2_ws/install/arrow_key_teleop/lib/python3.10/site-packages/arrow_key_teleop
[2.452s] copying /home/rover/ros2_ws/build/arrow_key_teleop/build/lib/arrow_key_teleop/teleop_arrow_key.py -> /home/rover/ros2_ws/install/arrow_key_teleop/lib/python3.10/site-packages/arrow_key_teleop
[2.459s] byte-compiling /home/rover/ros2_ws/install/arrow_key_teleop/lib/python3.10/site-packages/arrow_key_teleop/__init__.py to __init__.cpython-310.pyc
[2.460s] byte-compiling /home/rover/ros2_ws/install/arrow_key_teleop/lib/python3.10/site-packages/arrow_key_teleop/teleop_arrow_key.py to teleop_arrow_key.cpython-310.pyc
[2.460s] running install_data
[2.460s] creating /home/rover/ros2_ws/install/arrow_key_teleop/share/ament_index
[2.460s] creating /home/rover/ros2_ws/install/arrow_key_teleop/share/ament_index/resource_index
[2.460s] creating /home/rover/ros2_ws/install/arrow_key_teleop/share/ament_index/resource_index/packages
[2.460s] copying resource/arrow_key_teleop -> /home/rover/ros2_ws/install/arrow_key_teleop/share/ament_index/resource_index/packages
[2.460s] copying package.xml -> /home/rover/ros2_ws/install/arrow_key_teleop/share/arrow_key_teleop
[2.460s] running install_egg_info
[2.468s] Copying ../../build/arrow_key_teleop/arrow_key_teleop.egg-info to /home/rover/ros2_ws/install/arrow_key_teleop/lib/python3.10/site-packages/arrow_key_teleop-0.0.0-py3.10.egg-info
[2.473s] running install_scripts
[2.507s] Installing teleop_arrow_key script to /home/rover/ros2_ws/install/arrow_key_teleop/lib/arrow_key_teleop
[2.507s] writing list of installed files to '/home/rover/ros2_ws/build/arrow_key_teleop/install.log'
[2.601s] Invoked command in '/home/rover/ros2_ws/src/arrow_key_teleop' returned '0': PYTHONPATH=/home/rover/ros2_ws/build/arrow_key_teleop/prefix_override:/usr/lib/python3/dist-packages/colcon_core/task/python/colcon_distutils_commands:/home/rover/ros2_ws/install/arrow_key_teleop/lib/python3.10/site-packages:${PYTHONPATH} /usr/bin/python3 -W ignore:setup.py install is deprecated -W ignore:easy_install command is deprecated setup.py egg_info --egg-base ../../build/arrow_key_teleop build --build-base /home/rover/ros2_ws/build/arrow_key_teleop/build install --record /home/rover/ros2_ws/build/arrow_key_teleop/install.log --single-version-externally-managed install_data
