[0.010s] Invoking command in '/home/rover/ros2_ws/build/my_scan_merger': CMAKE_PREFIX_PATH=${CMAKE_PREFIX_PATH}:/home/rover/ros2_ws/install/wall_ransac_initializer:/home/rover/ros2_ws/install/vs_rover_options_description:/home/rover/ros2_ws/install/udp_bridge:/home/rover/ros2_ws/install/trajectory_logger:/home/rover/ros2_ws/install/shelf_navigator:/home/rover/ros2_ws/install/ros2_to_ros1_bridge:/home/rover/ros2_ws/install/megarover_description:/home/rover/ros2_ws/install/megarover3_navigation:/home/rover/ros2_ws/install/js0_teleop:/home/rover/ros2_ws/install/iai_cylinder:/home/rover/ros2_ws/install/final_approach_controller:/home/rover/ros2_ws/install/arrow_key_teleop:/home/rover/ros2_ws/install/amr_log:/opt/ros/humble /usr/bin/cmake --build /home/rover/ros2_ws/build/my_scan_merger -- -j18 -l18
[0.046s] [35m[1mConsolidate compiler generated dependencies of target scan_merger[0m
[0.059s] [ 50%] [32mBuilding CXX object CMakeFiles/scan_merger.dir/src/scan_merger.cpp.o[0m
[9.145s] [100%] [32m[1mLinking CXX executable scan_merger[0m
[9.654s] [100%] Built target scan_merger
[9.664s] Invoked command in '/home/rover/ros2_ws/build/my_scan_merger' returned '0': CMAKE_PREFIX_PATH=${CMAKE_PREFIX_PATH}:/home/rover/ros2_ws/install/wall_ransac_initializer:/home/rover/ros2_ws/install/vs_rover_options_description:/home/rover/ros2_ws/install/udp_bridge:/home/rover/ros2_ws/install/trajectory_logger:/home/rover/ros2_ws/install/shelf_navigator:/home/rover/ros2_ws/install/ros2_to_ros1_bridge:/home/rover/ros2_ws/install/megarover_description:/home/rover/ros2_ws/install/megarover3_navigation:/home/rover/ros2_ws/install/js0_teleop:/home/rover/ros2_ws/install/iai_cylinder:/home/rover/ros2_ws/install/final_approach_controller:/home/rover/ros2_ws/install/arrow_key_teleop:/home/rover/ros2_ws/install/amr_log:/opt/ros/humble /usr/bin/cmake --build /home/rover/ros2_ws/build/my_scan_merger -- -j18 -l18
[9.671s] Invoking command in '/home/rover/ros2_ws/build/my_scan_merger': CMAKE_PREFIX_PATH=${CMAKE_PREFIX_PATH}:/home/rover/ros2_ws/install/wall_ransac_initializer:/home/rover/ros2_ws/install/vs_rover_options_description:/home/rover/ros2_ws/install/udp_bridge:/home/rover/ros2_ws/install/trajectory_logger:/home/rover/ros2_ws/install/shelf_navigator:/home/rover/ros2_ws/install/ros2_to_ros1_bridge:/home/rover/ros2_ws/install/megarover_description:/home/rover/ros2_ws/install/megarover3_navigation:/home/rover/ros2_ws/install/js0_teleop:/home/rover/ros2_ws/install/iai_cylinder:/home/rover/ros2_ws/install/final_approach_controller:/home/rover/ros2_ws/install/arrow_key_teleop:/home/rover/ros2_ws/install/amr_log:/opt/ros/humble /usr/bin/cmake --install /home/rover/ros2_ws/build/my_scan_merger
[9.677s] -- Install configuration: ""
[9.677s] -- Execute custom install script
[9.678s] -- Up-to-date symlink: /home/rover/ros2_ws/install/my_scan_merger/lib/my_scan_merger/scan_merger
[9.678s] -- Up-to-date symlink: /home/rover/ros2_ws/install/my_scan_merger/share/ament_index/resource_index/package_run_dependencies/my_scan_merger
[9.678s] -- Up-to-date symlink: /home/rover/ros2_ws/install/my_scan_merger/share/ament_index/resource_index/parent_prefix_path/my_scan_merger
[9.678s] -- Up-to-date symlink: /home/rover/ros2_ws/install/my_scan_merger/share/my_scan_merger/environment/ament_prefix_path.sh
[9.678s] -- Up-to-date symlink: /home/rover/ros2_ws/install/my_scan_merger/share/my_scan_merger/environment/ament_prefix_path.dsv
[9.678s] -- Up-to-date symlink: /home/rover/ros2_ws/install/my_scan_merger/share/my_scan_merger/environment/path.sh
[9.678s] -- Up-to-date symlink: /home/rover/ros2_ws/install/my_scan_merger/share/my_scan_merger/environment/path.dsv
[9.678s] -- Up-to-date symlink: /home/rover/ros2_ws/install/my_scan_merger/share/my_scan_merger/local_setup.bash
[9.678s] -- Up-to-date symlink: /home/rover/ros2_ws/install/my_scan_merger/share/my_scan_merger/local_setup.sh
[9.679s] -- Up-to-date symlink: /home/rover/ros2_ws/install/my_scan_merger/share/my_scan_merger/local_setup.zsh
[9.679s] -- Up-to-date symlink: /home/rover/ros2_ws/install/my_scan_merger/share/my_scan_merger/local_setup.dsv
[9.679s] -- Symlinking: /home/rover/ros2_ws/install/my_scan_merger/share/my_scan_merger/package.dsv
[9.687s] -- Up-to-date symlink: /home/rover/ros2_ws/install/my_scan_merger/share/ament_index/resource_index/packages/my_scan_merger
[9.687s] -- Up-to-date symlink: /home/rover/ros2_ws/install/my_scan_merger/share/my_scan_merger/cmake/my_scan_mergerConfig.cmake
[9.687s] -- Up-to-date symlink: /home/rover/ros2_ws/install/my_scan_merger/share/my_scan_merger/cmake/my_scan_mergerConfig-version.cmake
[9.687s] -- Up-to-date symlink: /home/rover/ros2_ws/install/my_scan_merger/share/my_scan_merger/package.xml
[9.689s] Invoked command in '/home/rover/ros2_ws/build/my_scan_merger' returned '0': CMAKE_PREFIX_PATH=${CMAKE_PREFIX_PATH}:/home/rover/ros2_ws/install/wall_ransac_initializer:/home/rover/ros2_ws/install/vs_rover_options_description:/home/rover/ros2_ws/install/udp_bridge:/home/rover/ros2_ws/install/trajectory_logger:/home/rover/ros2_ws/install/shelf_navigator:/home/rover/ros2_ws/install/ros2_to_ros1_bridge:/home/rover/ros2_ws/install/megarover_description:/home/rover/ros2_ws/install/megarover3_navigation:/home/rover/ros2_ws/install/js0_teleop:/home/rover/ros2_ws/install/iai_cylinder:/home/rover/ros2_ws/install/final_approach_controller:/home/rover/ros2_ws/install/arrow_key_teleop:/home/rover/ros2_ws/install/amr_log:/opt/ros/humble /usr/bin/cmake --install /home/rover/ros2_ws/build/my_scan_merger
