[0.010s] Invoking command in '/home/rover/ros2_ws/build/nav2_amcl': CMAKE_PREFIX_PATH=${CMAKE_PREFIX_PATH}:/home/rover/ros2_ws/install/wall_ransac_initializer:/home/rover/ros2_ws/install/udp_bridge:/home/rover/ros2_ws/install/trajectory_logger:/home/rover/ros2_ws/install/shelf_navigator:/home/rover/ros2_ws/install/ros2_to_ros1_bridge:/home/rover/ros2_ws/install/js0_teleop:/home/rover/ros2_ws/install/iai_cylinder:/home/rover/ros2_ws/install/final_approach_controller:/home/rover/ros2_ws/install/arrow_key_teleop:/opt/ros/humble /usr/bin/cmake /home/rover/ros2_ws/src/navigation2/nav2_amcl -DCMAKE_INSTALL_PREFIX=/home/rover/ros2_ws/install/nav2_amcl
[0.049s] -- The C compiler identification is GNU 11.4.0
[0.086s] -- The CXX compiler identification is GNU 11.4.0
[0.090s] -- Detecting C compiler ABI info
[0.142s] -- Detecting C compiler ABI info - done
[0.147s] -- Check for working C compiler: /usr/bin/cc - skipped
[0.147s] -- Detecting C compile features
[0.147s] -- Detecting C compile features - done
[0.149s] -- Detecting CXX compiler ABI info
[0.208s] -- Detecting CXX compiler ABI info - done
[0.213s] -- Check for working CXX compiler: /usr/bin/c++ - skipped
[0.213s] -- Detecting CXX compile features
[0.214s] -- Detecting CXX compile features - done
[0.216s] -- Found ament_cmake: 1.3.12 (/opt/ros/humble/share/ament_cmake/cmake)
[0.336s] -- Found Python3: /usr/bin/python3 (found version "3.10.12") found components: Interpreter 
[0.416s] -- Found nav2_common: 1.1.19 (/opt/ros/humble/share/nav2_common/cmake)
[0.418s] -- Found rclcpp: 16.0.15 (/opt/ros/humble/share/rclcpp/cmake)
[0.454s] -- Found rosidl_generator_c: 3.1.7 (/opt/ros/humble/share/rosidl_generator_c/cmake)
[0.459s] -- Found rosidl_adapter: 3.1.7 (/opt/ros/humble/share/rosidl_adapter/cmake)
[0.465s] -- Found rosidl_generator_cpp: 3.1.7 (/opt/ros/humble/share/rosidl_generator_cpp/cmake)
[0.474s] -- Using all available rosidl_typesupport_c: rosidl_typesupport_fastrtps_c;rosidl_typesupport_introspection_c
[0.486s] -- Using all available rosidl_typesupport_cpp: rosidl_typesupport_fastrtps_cpp;rosidl_typesupport_introspection_cpp
[0.519s] -- Found rmw_implementation_cmake: 6.1.2 (/opt/ros/humble/share/rmw_implementation_cmake/cmake)
[0.521s] -- Found rmw_fastrtps_cpp: 6.2.9 (/opt/ros/humble/share/rmw_fastrtps_cpp/cmake)
[0.600s] -- Found OpenSSL: /usr/lib/x86_64-linux-gnu/libcrypto.so (found version "3.0.2")  
[0.618s] -- Found FastRTPS: /opt/ros/humble/include  
[0.645s] -- Using RMW implementation 'rmw_fastrtps_cpp' as default
[0.653s] -- Looking for pthread.h
[0.713s] -- Looking for pthread.h - found
[0.713s] -- Performing Test CMAKE_HAVE_LIBC_PTHREAD
[0.771s] -- Performing Test CMAKE_HAVE_LIBC_PTHREAD - Success
[0.772s] -- Found Threads: TRUE  
[0.812s] -- Found rclcpp_lifecycle: 16.0.15 (/opt/ros/humble/share/rclcpp_lifecycle/cmake)
[0.831s] -- Found rclcpp_components: 16.0.15 (/opt/ros/humble/share/rclcpp_components/cmake)
[0.850s] -- Found message_filters: 4.3.11 (/opt/ros/humble/share/message_filters/cmake)
[0.854s] -- Found tf2_geometry_msgs: 0.25.17 (/opt/ros/humble/share/tf2_geometry_msgs/cmake)
[0.874s] -- Found eigen3_cmake_module: 0.1.1 (/opt/ros/humble/share/eigen3_cmake_module/cmake)
[0.875s] -- Found Eigen3: TRUE (found version "3.4.0") 
[0.875s] -- Ensuring Eigen3 include directory is part of orocos-kdl CMake target
[0.923s] -- Found nav_msgs: 4.9.0 (/opt/ros/humble/share/nav_msgs/cmake)
[0.934s] -- Found sensor_msgs: 4.9.0 (/opt/ros/humble/share/sensor_msgs/cmake)
[0.946s] -- Found std_srvs: 4.9.0 (/opt/ros/humble/share/std_srvs/cmake)
[0.956s] -- Found nav2_util: 1.1.19 (/opt/ros/humble/share/nav2_util/cmake)
[1.003s] -- Found pluginlib: 5.1.2 (/opt/ros/humble/share/pluginlib/cmake)
[1.013s] -- Setting build type to Release as none was specified.
[1.014s] -- Looking for drand48
[1.073s] -- Looking for drand48 - found
[1.151s] -- Found ament_lint_auto: 0.12.14 (/opt/ros/humble/share/ament_lint_auto/cmake)
[1.215s] -- Added test 'cppcheck' to perform static code analysis on C / C++ code
[1.215s] -- Configured cppcheck include dirs: /home/rover/ros2_ws/src/navigation2/nav2_amcl/include;/home/rover/ros2_ws/src/navigation2/nav2_amcl/src/include
[1.215s] -- Configured cppcheck exclude dirs and/or files: 
[1.216s] -- Added test 'lint_cmake' to check CMake code style
[1.217s] -- Added test 'uncrustify' to check C / C++ code style
[1.217s] -- Configured uncrustify additional arguments: 
[1.218s] -- Added test 'xmllint' to check XML markup files
[1.219s] -- Configuring done
[1.266s] -- Generating done
[1.274s] -- Build files have been written to: /home/rover/ros2_ws/build/nav2_amcl
[1.283s] Invoked command in '/home/rover/ros2_ws/build/nav2_amcl' returned '0': CMAKE_PREFIX_PATH=${CMAKE_PREFIX_PATH}:/home/rover/ros2_ws/install/wall_ransac_initializer:/home/rover/ros2_ws/install/udp_bridge:/home/rover/ros2_ws/install/trajectory_logger:/home/rover/ros2_ws/install/shelf_navigator:/home/rover/ros2_ws/install/ros2_to_ros1_bridge:/home/rover/ros2_ws/install/js0_teleop:/home/rover/ros2_ws/install/iai_cylinder:/home/rover/ros2_ws/install/final_approach_controller:/home/rover/ros2_ws/install/arrow_key_teleop:/opt/ros/humble /usr/bin/cmake /home/rover/ros2_ws/src/navigation2/nav2_amcl -DCMAKE_INSTALL_PREFIX=/home/rover/ros2_ws/install/nav2_amcl
[1.287s] Invoking command in '/home/rover/ros2_ws/build/nav2_amcl': CMAKE_PREFIX_PATH=${CMAKE_PREFIX_PATH}:/home/rover/ros2_ws/install/wall_ransac_initializer:/home/rover/ros2_ws/install/udp_bridge:/home/rover/ros2_ws/install/trajectory_logger:/home/rover/ros2_ws/install/shelf_navigator:/home/rover/ros2_ws/install/ros2_to_ros1_bridge:/home/rover/ros2_ws/install/js0_teleop:/home/rover/ros2_ws/install/iai_cylinder:/home/rover/ros2_ws/install/final_approach_controller:/home/rover/ros2_ws/install/arrow_key_teleop:/opt/ros/humble /usr/bin/cmake --build /home/rover/ros2_ws/build/nav2_amcl -- -j18 -l18
[1.327s] [  4%] [32mBuilding CXX object src/map/CMakeFiles/map_lib.dir/map_cspace.cpp.o[0m
[1.328s] [ 16%] [32mBuilding C object src/map/CMakeFiles/map_lib.dir/map.c.o[0m
[1.328s] [ 16%] [32mBuilding C object src/map/CMakeFiles/map_lib.dir/map_draw.c.o[0m
[1.328s] [ 16%] [32mBuilding C object src/map/CMakeFiles/map_lib.dir/map_range.c.o[0m
[1.329s] [ 20%] [32mBuilding C object src/pf/CMakeFiles/pf_lib.dir/pf_kdtree.c.o[0m
[1.331s] [ 25%] [32mBuilding C object src/pf/CMakeFiles/pf_lib.dir/eig3.c.o[0m
[1.331s] [ 29%] [32mBuilding C object src/pf/CMakeFiles/pf_lib.dir/pf_draw.c.o[0m
[1.331s] [ 33%] [32mBuilding C object src/pf/CMakeFiles/pf_lib.dir/pf.c.o[0m
[1.332s] [ 37%] [32mBuilding C object src/pf/CMakeFiles/pf_lib.dir/pf_pdf.c.o[0m
[1.332s] [ 41%] [32mBuilding C object src/pf/CMakeFiles/pf_lib.dir/pf_vector.c.o[0m
[1.437s] [ 45%] [32m[1mLinking C shared library libpf_lib.so[0m
[1.466s] [ 45%] Built target pf_lib
[1.483s] [ 50%] [32mBuilding CXX object src/motion_model/CMakeFiles/motions_lib.dir/omni_motion_model.cpp.o[0m
[1.484s] [ 54%] [32mBuilding CXX object src/motion_model/CMakeFiles/motions_lib.dir/differential_motion_model.cpp.o[0m
[1.529s] [ 58%] [32m[1mLinking CXX shared library libmap_lib.so[0m
[1.584s] [ 58%] Built target map_lib
[1.603s] [ 75%] [32mBuilding CXX object src/sensors/CMakeFiles/sensors_lib.dir/laser/laser.cpp.o[0m
[1.603s] [ 75%] [32mBuilding CXX object src/sensors/CMakeFiles/sensors_lib.dir/laser/beam_model.cpp.o[0m
[1.603s] [ 75%] [32mBuilding CXX object src/sensors/CMakeFiles/sensors_lib.dir/laser/likelihood_field_model.cpp.o[0m
[1.603s] [ 75%] [32mBuilding CXX object src/sensors/CMakeFiles/sensors_lib.dir/laser/likelihood_field_model_prob.cpp.o[0m
[1.878s] [ 79%] [32m[1mLinking CXX shared library libsensors_lib.so[0m
[1.935s] [ 79%] Built target sensors_lib
[1.952s] [ 83%] [32mBuilding CXX object CMakeFiles/amcl_core.dir/src/amcl_node.cpp.o[0m
[1.971s] [ 87%] [32m[1mLinking CXX shared library libmotions_lib.so[0m
[2.124s] [ 87%] Built target motions_lib
[23.114s] [ 91%] [32m[1mLinking CXX shared library libamcl_core.so[0m
[23.365s] [ 91%] Built target amcl_core
[23.383s] [ 95%] [32mBuilding CXX object CMakeFiles/amcl.dir/src/main.cpp.o[0m
[26.204s] [100%] [32m[1mLinking CXX executable amcl[0m
[26.399s] [100%] Built target amcl
[26.409s] Invoked command in '/home/rover/ros2_ws/build/nav2_amcl' returned '0': CMAKE_PREFIX_PATH=${CMAKE_PREFIX_PATH}:/home/rover/ros2_ws/install/wall_ransac_initializer:/home/rover/ros2_ws/install/udp_bridge:/home/rover/ros2_ws/install/trajectory_logger:/home/rover/ros2_ws/install/shelf_navigator:/home/rover/ros2_ws/install/ros2_to_ros1_bridge:/home/rover/ros2_ws/install/js0_teleop:/home/rover/ros2_ws/install/iai_cylinder:/home/rover/ros2_ws/install/final_approach_controller:/home/rover/ros2_ws/install/arrow_key_teleop:/opt/ros/humble /usr/bin/cmake --build /home/rover/ros2_ws/build/nav2_amcl -- -j18 -l18
[26.418s] Invoking command in '/home/rover/ros2_ws/build/nav2_amcl': CMAKE_PREFIX_PATH=${CMAKE_PREFIX_PATH}:/home/rover/ros2_ws/install/wall_ransac_initializer:/home/rover/ros2_ws/install/udp_bridge:/home/rover/ros2_ws/install/trajectory_logger:/home/rover/ros2_ws/install/shelf_navigator:/home/rover/ros2_ws/install/ros2_to_ros1_bridge:/home/rover/ros2_ws/install/js0_teleop:/home/rover/ros2_ws/install/iai_cylinder:/home/rover/ros2_ws/install/final_approach_controller:/home/rover/ros2_ws/install/arrow_key_teleop:/opt/ros/humble /usr/bin/cmake --install /home/rover/ros2_ws/build/nav2_amcl
[26.423s] -- Install configuration: "Release"
[26.423s] -- Installing: /home/rover/ros2_ws/install/nav2_amcl/lib/libamcl_core.so
[26.425s] -- Set runtime path of "/home/rover/ros2_ws/install/nav2_amcl/lib/libamcl_core.so" to ""
[26.425s] -- Installing: /home/rover/ros2_ws/install/nav2_amcl/lib/nav2_amcl/amcl
[26.425s] -- Set runtime path of "/home/rover/ros2_ws/install/nav2_amcl/lib/nav2_amcl/amcl" to ""
[26.425s] -- Installing: /home/rover/ros2_ws/install/nav2_amcl/include/
[26.425s] -- Installing: /home/rover/ros2_ws/install/nav2_amcl/include//nav2_amcl
[26.426s] -- Installing: /home/rover/ros2_ws/install/nav2_amcl/include//nav2_amcl/angleutils.hpp
[26.426s] -- Installing: /home/rover/ros2_ws/install/nav2_amcl/include//nav2_amcl/portable_utils.hpp
[26.426s] -- Installing: /home/rover/ros2_ws/install/nav2_amcl/include//nav2_amcl/pf
[26.426s] -- Installing: /home/rover/ros2_ws/install/nav2_amcl/include//nav2_amcl/pf/pf_vector.hpp
[26.426s] -- Installing: /home/rover/ros2_ws/install/nav2_amcl/include//nav2_amcl/pf/pf_pdf.hpp
[26.426s] -- Installing: /home/rover/ros2_ws/install/nav2_amcl/include//nav2_amcl/pf/pf.hpp
[26.426s] -- Installing: /home/rover/ros2_ws/install/nav2_amcl/include//nav2_amcl/pf/eig3.hpp
[26.426s] -- Installing: /home/rover/ros2_ws/install/nav2_amcl/include//nav2_amcl/pf/pf_kdtree.hpp
[26.426s] -- Installing: /home/rover/ros2_ws/install/nav2_amcl/include//nav2_amcl/motion_model
[26.426s] -- Installing: /home/rover/ros2_ws/install/nav2_amcl/include//nav2_amcl/motion_model/omni_motion_model.hpp
[26.426s] -- Installing: /home/rover/ros2_ws/install/nav2_amcl/include//nav2_amcl/motion_model/motion_model.hpp
[26.426s] -- Installing: /home/rover/ros2_ws/install/nav2_amcl/include//nav2_amcl/motion_model/differential_motion_model.hpp
[26.426s] -- Installing: /home/rover/ros2_ws/install/nav2_amcl/include//nav2_amcl/sensors
[26.426s] -- Installing: /home/rover/ros2_ws/install/nav2_amcl/include//nav2_amcl/sensors/laser
[26.426s] -- Installing: /home/rover/ros2_ws/install/nav2_amcl/include//nav2_amcl/sensors/laser/laser.hpp
[26.426s] -- Installing: /home/rover/ros2_ws/install/nav2_amcl/include//nav2_amcl/map
[26.426s] -- Installing: /home/rover/ros2_ws/install/nav2_amcl/include//nav2_amcl/map/map.hpp
[26.426s] -- Installing: /home/rover/ros2_ws/install/nav2_amcl/include//nav2_amcl/amcl_node.hpp
[26.426s] -- Installing: /home/rover/ros2_ws/install/nav2_amcl/share/nav2_amcl/environment/library_path.sh
[26.426s] -- Installing: /home/rover/ros2_ws/install/nav2_amcl/share/nav2_amcl/environment/library_path.dsv
[26.426s] -- Installing: /home/rover/ros2_ws/install/nav2_amcl/share/nav2_amcl/plugins.xml
[26.427s] -- Installing: /home/rover/ros2_ws/install/nav2_amcl/share/ament_index/resource_index/package_run_dependencies/nav2_amcl
[26.427s] -- Installing: /home/rover/ros2_ws/install/nav2_amcl/share/ament_index/resource_index/parent_prefix_path/nav2_amcl
[26.427s] -- Installing: /home/rover/ros2_ws/install/nav2_amcl/share/nav2_amcl/environment/ament_prefix_path.sh
[26.427s] -- Installing: /home/rover/ros2_ws/install/nav2_amcl/share/nav2_amcl/environment/ament_prefix_path.dsv
[26.427s] -- Installing: /home/rover/ros2_ws/install/nav2_amcl/share/nav2_amcl/environment/path.sh
[26.427s] -- Installing: /home/rover/ros2_ws/install/nav2_amcl/share/nav2_amcl/environment/path.dsv
[26.427s] -- Installing: /home/rover/ros2_ws/install/nav2_amcl/share/nav2_amcl/local_setup.bash
[26.427s] -- Installing: /home/rover/ros2_ws/install/nav2_amcl/share/nav2_amcl/local_setup.sh
[26.427s] -- Installing: /home/rover/ros2_ws/install/nav2_amcl/share/nav2_amcl/local_setup.zsh
[26.427s] -- Installing: /home/rover/ros2_ws/install/nav2_amcl/share/nav2_amcl/local_setup.dsv
[26.427s] -- Installing: /home/rover/ros2_ws/install/nav2_amcl/share/nav2_amcl/package.dsv
[26.427s] -- Installing: /home/rover/ros2_ws/install/nav2_amcl/share/ament_index/resource_index/packages/nav2_amcl
[26.427s] -- Installing: /home/rover/ros2_ws/install/nav2_amcl/share/ament_index/resource_index/nav2_amcl__pluginlib__plugin/nav2_amcl
[26.427s] -- Installing: /home/rover/ros2_ws/install/nav2_amcl/share/ament_index/resource_index/rclcpp_components/nav2_amcl
[26.427s] -- Installing: /home/rover/ros2_ws/install/nav2_amcl/share/nav2_amcl/cmake/ament_cmake_export_include_directories-extras.cmake
[26.427s] -- Installing: /home/rover/ros2_ws/install/nav2_amcl/share/nav2_amcl/cmake/ament_cmake_export_libraries-extras.cmake
[26.427s] -- Installing: /home/rover/ros2_ws/install/nav2_amcl/share/nav2_amcl/cmake/ament_cmake_export_dependencies-extras.cmake
[26.427s] -- Installing: /home/rover/ros2_ws/install/nav2_amcl/share/nav2_amcl/cmake/nav2_amclConfig.cmake
[26.427s] -- Installing: /home/rover/ros2_ws/install/nav2_amcl/share/nav2_amcl/cmake/nav2_amclConfig-version.cmake
[26.427s] -- Installing: /home/rover/ros2_ws/install/nav2_amcl/share/nav2_amcl/package.xml
[26.427s] -- Installing: /home/rover/ros2_ws/install/nav2_amcl/lib/libpf_lib.so
[26.427s] -- Installing: /home/rover/ros2_ws/install/nav2_amcl/lib/libmap_lib.so
[26.428s] -- Installing: /home/rover/ros2_ws/install/nav2_amcl/lib/libmotions_lib.so
[26.428s] -- Set runtime path of "/home/rover/ros2_ws/install/nav2_amcl/lib/libmotions_lib.so" to ""
[26.428s] -- Installing: /home/rover/ros2_ws/install/nav2_amcl/lib/libsensors_lib.so
[26.428s] -- Set runtime path of "/home/rover/ros2_ws/install/nav2_amcl/lib/libsensors_lib.so" to ""
[26.429s] Invoked command in '/home/rover/ros2_ws/build/nav2_amcl' returned '0': CMAKE_PREFIX_PATH=${CMAKE_PREFIX_PATH}:/home/rover/ros2_ws/install/wall_ransac_initializer:/home/rover/ros2_ws/install/udp_bridge:/home/rover/ros2_ws/install/trajectory_logger:/home/rover/ros2_ws/install/shelf_navigator:/home/rover/ros2_ws/install/ros2_to_ros1_bridge:/home/rover/ros2_ws/install/js0_teleop:/home/rover/ros2_ws/install/iai_cylinder:/home/rover/ros2_ws/install/final_approach_controller:/home/rover/ros2_ws/install/arrow_key_teleop:/opt/ros/humble /usr/bin/cmake --install /home/rover/ros2_ws/build/nav2_amcl
