/home/rover/ros2_ws/install/udp_bridge/lib/python3.10/site-packages/udp_bridge/navigation_goal_sender.py
/home/rover/ros2_ws/install/udp_bridge/lib/python3.10/site-packages/udp_bridge/cmd_vel_receiver.py
/home/rover/ros2_ws/install/udp_bridge/lib/python3.10/site-packages/udp_bridge/error_x_receiver.py
/home/rover/ros2_ws/install/udp_bridge/lib/python3.10/site-packages/udp_bridge/shelf_id_receiver.py
/home/rover/ros2_ws/install/udp_bridge/lib/python3.10/site-packages/udp_bridge/wall_yaw_deg_sender.py
/home/rover/ros2_ws/install/udp_bridge/lib/python3.10/site-packages/udp_bridge/navigation_goal_final_sender.py
/home/rover/ros2_ws/install/udp_bridge/lib/python3.10/site-packages/udp_bridge/wall_distance_sender.py
/home/rover/ros2_ws/install/udp_bridge/lib/python3.10/site-packages/udp_bridge/__init__.py
/home/rover/ros2_ws/install/udp_bridge/lib/python3.10/site-packages/udp_bridge/__pycache__/navigation_goal_sender.cpython-310.pyc
/home/rover/ros2_ws/install/udp_bridge/lib/python3.10/site-packages/udp_bridge/__pycache__/cmd_vel_receiver.cpython-310.pyc
/home/rover/ros2_ws/install/udp_bridge/lib/python3.10/site-packages/udp_bridge/__pycache__/error_x_receiver.cpython-310.pyc
/home/rover/ros2_ws/install/udp_bridge/lib/python3.10/site-packages/udp_bridge/__pycache__/shelf_id_receiver.cpython-310.pyc
/home/rover/ros2_ws/install/udp_bridge/lib/python3.10/site-packages/udp_bridge/__pycache__/wall_yaw_deg_sender.cpython-310.pyc
/home/rover/ros2_ws/install/udp_bridge/lib/python3.10/site-packages/udp_bridge/__pycache__/navigation_goal_final_sender.cpython-310.pyc
/home/rover/ros2_ws/install/udp_bridge/lib/python3.10/site-packages/udp_bridge/__pycache__/wall_distance_sender.cpython-310.pyc
/home/rover/ros2_ws/install/udp_bridge/lib/python3.10/site-packages/udp_bridge/__pycache__/__init__.cpython-310.pyc
/home/rover/ros2_ws/install/udp_bridge/share/ament_index/resource_index/packages/udp_bridge
/home/rover/ros2_ws/install/udp_bridge/share/udp_bridge/package.xml
/home/rover/ros2_ws/install/udp_bridge/share/udp_bridge/launch/udp_bridge.launch.py
/home/rover/ros2_ws/install/udp_bridge/lib/python3.10/site-packages/udp_bridge-0.0.0-py3.10.egg-info/requires.txt
/home/rover/ros2_ws/install/udp_bridge/lib/python3.10/site-packages/udp_bridge-0.0.0-py3.10.egg-info/entry_points.txt
/home/rover/ros2_ws/install/udp_bridge/lib/python3.10/site-packages/udp_bridge-0.0.0-py3.10.egg-info/zip-safe
/home/rover/ros2_ws/install/udp_bridge/lib/python3.10/site-packages/udp_bridge-0.0.0-py3.10.egg-info/top_level.txt
/home/rover/ros2_ws/install/udp_bridge/lib/python3.10/site-packages/udp_bridge-0.0.0-py3.10.egg-info/dependency_links.txt
/home/rover/ros2_ws/install/udp_bridge/lib/python3.10/site-packages/udp_bridge-0.0.0-py3.10.egg-info/SOURCES.txt
/home/rover/ros2_ws/install/udp_bridge/lib/python3.10/site-packages/udp_bridge-0.0.0-py3.10.egg-info/PKG-INFO
/home/rover/ros2_ws/install/udp_bridge/lib/udp_bridge/cmd_vel_receiver
/home/rover/ros2_ws/install/udp_bridge/lib/udp_bridge/error_x_receiver
/home/rover/ros2_ws/install/udp_bridge/lib/udp_bridge/navigation_goal_final_sender
/home/rover/ros2_ws/install/udp_bridge/lib/udp_bridge/navigation_goal_sender
/home/rover/ros2_ws/install/udp_bridge/lib/udp_bridge/shelf_id_receiver
/home/rover/ros2_ws/install/udp_bridge/lib/udp_bridge/wall_distance_sender
/home/rover/ros2_ws/install/udp_bridge/lib/udp_bridge/wall_yaw_deg_sender
