[0.084s] DEBUG:colcon:Command line arguments: ['/usr/bin/colcon', 'build', '--packages-select', 'shelf_navigator']
[0.084s] DEBUG:colcon:Parsed command line arguments: Namespace(log_base=None, log_level=None, verb_name='build', build_base='build', install_base='install', merge_install=False, symlink_install=False, test_result_base=None, continue_on_error=False, executor='parallel', parallel_workers=18, event_handlers=None, ignore_user_meta=False, metas=['./colcon.meta'], base_paths=['.'], packages_ignore=None, packages_ignore_regex=None, paths=None, packages_up_to=None, packages_up_to_regex=None, packages_above=None, packages_above_and_dependencies=None, packages_above_depth=None, packages_select_by_dep=None, packages_skip_by_dep=None, packages_skip_up_to=None, packages_select_build_failed=False, packages_skip_build_finished=False, packages_select_test_failures=False, packages_skip_test_passed=False, packages_select=['shelf_navigator'], packages_skip=None, packages_select_regex=None, packages_skip_regex=None, packages_start=None, packages_end=None, allow_overriding=[], cmake_args=None, cmake_target=None, cmake_target_skip_unavailable=False, cmake_clean_cache=False, cmake_clean_first=False, cmake_force_configure=False, ament_cmake_args=None, catkin_cmake_args=None, catkin_skip_building_tests=False, mixin_files=None, mixin=None, verb_parser=<colcon_mixin.mixin.mixin_argument.MixinArgumentDecorator object at 0x7dae38c84b50>, verb_extension=<colcon_core.verb.build.BuildVerb object at 0x7dae38c84550>, main=<bound method BuildVerb.main of <colcon_core.verb.build.BuildVerb object at 0x7dae38c84550>>, mixin_verb=('build',))
[0.204s] Level 1:colcon.colcon_core.package_discovery:discover_packages(colcon_meta) check parameters
[0.204s] Level 1:colcon.colcon_core.package_discovery:discover_packages(recursive) check parameters
[0.204s] Level 1:colcon.colcon_core.package_discovery:discover_packages(ignore) check parameters
[0.205s] Level 1:colcon.colcon_core.package_discovery:discover_packages(path) check parameters
[0.205s] Level 1:colcon.colcon_core.package_discovery:discover_packages(colcon_meta) discover
[0.205s] Level 1:colcon.colcon_core.package_discovery:discover_packages(recursive) discover
[0.205s] INFO:colcon.colcon_core.package_discovery:Crawling recursively for packages in '/home/rover/ros2_ws'
[0.205s] Level 1:colcon.colcon_core.package_identification:_identify(.) by extensions ['ignore', 'ignore_ament_install']
[0.205s] Level 1:colcon.colcon_core.package_identification:_identify(.) by extension 'ignore'
[0.205s] Level 1:colcon.colcon_core.package_identification:_identify(.) by extension 'ignore_ament_install'
[0.205s] Level 1:colcon.colcon_core.package_identification:_identify(.) by extensions ['colcon_pkg']
[0.205s] Level 1:colcon.colcon_core.package_identification:_identify(.) by extension 'colcon_pkg'
[0.205s] Level 1:colcon.colcon_core.package_identification:_identify(.) by extensions ['colcon_meta']
[0.205s] Level 1:colcon.colcon_core.package_identification:_identify(.) by extension 'colcon_meta'
[0.205s] Level 1:colcon.colcon_core.package_identification:_identify(.) by extensions ['ros']
[0.205s] Level 1:colcon.colcon_core.package_identification:_identify(.) by extension 'ros'
[0.213s] Level 1:colcon.colcon_core.package_identification:_identify(.) by extensions ['cmake', 'python']
[0.213s] Level 1:colcon.colcon_core.package_identification:_identify(.) by extension 'cmake'
[0.213s] Level 1:colcon.colcon_core.package_identification:_identify(.) by extension 'python'
[0.213s] Level 1:colcon.colcon_core.package_identification:_identify(.) by extensions ['python_setup_py']
[0.213s] Level 1:colcon.colcon_core.package_identification:_identify(.) by extension 'python_setup_py'
[0.213s] Level 1:colcon.colcon_core.package_identification:_identify(build) by extensions ['ignore', 'ignore_ament_install']
[0.213s] Level 1:colcon.colcon_core.package_identification:_identify(build) by extension 'ignore'
[0.213s] Level 1:colcon.colcon_core.package_identification:_identify(build) ignored
[0.214s] Level 1:colcon.colcon_core.package_identification:_identify(install) by extensions ['ignore', 'ignore_ament_install']
[0.214s] Level 1:colcon.colcon_core.package_identification:_identify(install) by extension 'ignore'
[0.214s] Level 1:colcon.colcon_core.package_identification:_identify(install) ignored
[0.214s] Level 1:colcon.colcon_core.package_identification:_identify(log) by extensions ['ignore', 'ignore_ament_install']
[0.214s] Level 1:colcon.colcon_core.package_identification:_identify(log) by extension 'ignore'
[0.214s] Level 1:colcon.colcon_core.package_identification:_identify(log) ignored
[0.214s] Level 1:colcon.colcon_core.package_identification:_identify(src) by extensions ['ignore', 'ignore_ament_install']
[0.214s] Level 1:colcon.colcon_core.package_identification:_identify(src) by extension 'ignore'
[0.214s] Level 1:colcon.colcon_core.package_identification:_identify(src) by extension 'ignore_ament_install'
[0.214s] Level 1:colcon.colcon_core.package_identification:_identify(src) by extensions ['colcon_pkg']
[0.214s] Level 1:colcon.colcon_core.package_identification:_identify(src) by extension 'colcon_pkg'
[0.214s] Level 1:colcon.colcon_core.package_identification:_identify(src) by extensions ['colcon_meta']
[0.214s] Level 1:colcon.colcon_core.package_identification:_identify(src) by extension 'colcon_meta'
[0.214s] Level 1:colcon.colcon_core.package_identification:_identify(src) by extensions ['ros']
[0.214s] Level 1:colcon.colcon_core.package_identification:_identify(src) by extension 'ros'
[0.214s] Level 1:colcon.colcon_core.package_identification:_identify(src) by extensions ['cmake', 'python']
[0.214s] Level 1:colcon.colcon_core.package_identification:_identify(src) by extension 'cmake'
[0.214s] Level 1:colcon.colcon_core.package_identification:_identify(src) by extension 'python'
[0.214s] Level 1:colcon.colcon_core.package_identification:_identify(src) by extensions ['python_setup_py']
[0.214s] Level 1:colcon.colcon_core.package_identification:_identify(src) by extension 'python_setup_py'
[0.214s] Level 1:colcon.colcon_core.package_identification:_identify(src/amr_log) by extensions ['ignore', 'ignore_ament_install']
[0.214s] Level 1:colcon.colcon_core.package_identification:_identify(src/amr_log) by extension 'ignore'
[0.214s] Level 1:colcon.colcon_core.package_identification:_identify(src/amr_log) by extension 'ignore_ament_install'
[0.214s] Level 1:colcon.colcon_core.package_identification:_identify(src/amr_log) by extensions ['colcon_pkg']
[0.214s] Level 1:colcon.colcon_core.package_identification:_identify(src/amr_log) by extension 'colcon_pkg'
[0.214s] Level 1:colcon.colcon_core.package_identification:_identify(src/amr_log) by extensions ['colcon_meta']
[0.215s] Level 1:colcon.colcon_core.package_identification:_identify(src/amr_log) by extension 'colcon_meta'
[0.215s] Level 1:colcon.colcon_core.package_identification:_identify(src/amr_log) by extensions ['ros']
[0.215s] Level 1:colcon.colcon_core.package_identification:_identify(src/amr_log) by extension 'ros'
[0.217s] DEBUG:colcon.colcon_core.package_identification:Package 'src/amr_log' with type 'ros.ament_python' and name 'amr_log'
[0.217s] Level 1:colcon.colcon_core.package_identification:_identify(src/arrow_key_teleop) by extensions ['ignore', 'ignore_ament_install']
[0.217s] Level 1:colcon.colcon_core.package_identification:_identify(src/arrow_key_teleop) by extension 'ignore'
[0.217s] Level 1:colcon.colcon_core.package_identification:_identify(src/arrow_key_teleop) by extension 'ignore_ament_install'
[0.217s] Level 1:colcon.colcon_core.package_identification:_identify(src/arrow_key_teleop) by extensions ['colcon_pkg']
[0.217s] Level 1:colcon.colcon_core.package_identification:_identify(src/arrow_key_teleop) by extension 'colcon_pkg'
[0.217s] Level 1:colcon.colcon_core.package_identification:_identify(src/arrow_key_teleop) by extensions ['colcon_meta']
[0.217s] Level 1:colcon.colcon_core.package_identification:_identify(src/arrow_key_teleop) by extension 'colcon_meta'
[0.217s] Level 1:colcon.colcon_core.package_identification:_identify(src/arrow_key_teleop) by extensions ['ros']
[0.217s] Level 1:colcon.colcon_core.package_identification:_identify(src/arrow_key_teleop) by extension 'ros'
[0.218s] DEBUG:colcon.colcon_core.package_identification:Package 'src/arrow_key_teleop' with type 'ros.ament_python' and name 'arrow_key_teleop'
[0.219s] Level 1:colcon.colcon_core.package_identification:_identify(src/final_approach_controller) by extensions ['ignore', 'ignore_ament_install']
[0.219s] Level 1:colcon.colcon_core.package_identification:_identify(src/final_approach_controller) by extension 'ignore'
[0.219s] Level 1:colcon.colcon_core.package_identification:_identify(src/final_approach_controller) by extension 'ignore_ament_install'
[0.219s] Level 1:colcon.colcon_core.package_identification:_identify(src/final_approach_controller) by extensions ['colcon_pkg']
[0.219s] Level 1:colcon.colcon_core.package_identification:_identify(src/final_approach_controller) by extension 'colcon_pkg'
[0.219s] Level 1:colcon.colcon_core.package_identification:_identify(src/final_approach_controller) by extensions ['colcon_meta']
[0.219s] Level 1:colcon.colcon_core.package_identification:_identify(src/final_approach_controller) by extension 'colcon_meta'
[0.219s] Level 1:colcon.colcon_core.package_identification:_identify(src/final_approach_controller) by extensions ['ros']
[0.219s] Level 1:colcon.colcon_core.package_identification:_identify(src/final_approach_controller) by extension 'ros'
[0.219s] DEBUG:colcon.colcon_core.package_identification:Package 'src/final_approach_controller' with type 'ros.ament_python' and name 'final_approach_controller'
[0.219s] Level 1:colcon.colcon_core.package_identification:_identify(src/iai_cylinder) by extensions ['ignore', 'ignore_ament_install']
[0.219s] Level 1:colcon.colcon_core.package_identification:_identify(src/iai_cylinder) by extension 'ignore'
[0.219s] Level 1:colcon.colcon_core.package_identification:_identify(src/iai_cylinder) by extension 'ignore_ament_install'
[0.219s] Level 1:colcon.colcon_core.package_identification:_identify(src/iai_cylinder) by extensions ['colcon_pkg']
[0.219s] Level 1:colcon.colcon_core.package_identification:_identify(src/iai_cylinder) by extension 'colcon_pkg'
[0.219s] Level 1:colcon.colcon_core.package_identification:_identify(src/iai_cylinder) by extensions ['colcon_meta']
[0.219s] Level 1:colcon.colcon_core.package_identification:_identify(src/iai_cylinder) by extension 'colcon_meta'
[0.219s] Level 1:colcon.colcon_core.package_identification:_identify(src/iai_cylinder) by extensions ['ros']
[0.219s] Level 1:colcon.colcon_core.package_identification:_identify(src/iai_cylinder) by extension 'ros'
[0.220s] DEBUG:colcon.colcon_core.package_identification:Package 'src/iai_cylinder' with type 'ros.ament_python' and name 'iai_cylinder'
[0.220s] Level 1:colcon.colcon_core.package_identification:_identify(src/js0_teleop) by extensions ['ignore', 'ignore_ament_install']
[0.220s] Level 1:colcon.colcon_core.package_identification:_identify(src/js0_teleop) by extension 'ignore'
[0.220s] Level 1:colcon.colcon_core.package_identification:_identify(src/js0_teleop) by extension 'ignore_ament_install'
[0.220s] Level 1:colcon.colcon_core.package_identification:_identify(src/js0_teleop) by extensions ['colcon_pkg']
[0.220s] Level 1:colcon.colcon_core.package_identification:_identify(src/js0_teleop) by extension 'colcon_pkg'
[0.220s] Level 1:colcon.colcon_core.package_identification:_identify(src/js0_teleop) by extensions ['colcon_meta']
[0.220s] Level 1:colcon.colcon_core.package_identification:_identify(src/js0_teleop) by extension 'colcon_meta'
[0.220s] Level 1:colcon.colcon_core.package_identification:_identify(src/js0_teleop) by extensions ['ros']
[0.220s] Level 1:colcon.colcon_core.package_identification:_identify(src/js0_teleop) by extension 'ros'
[0.220s] DEBUG:colcon.colcon_core.package_identification:Package 'src/js0_teleop' with type 'ros.ament_python' and name 'js0_teleop'
[0.220s] Level 1:colcon.colcon_core.package_identification:_identify(src/megarover3_ros2) by extensions ['ignore', 'ignore_ament_install']
[0.220s] Level 1:colcon.colcon_core.package_identification:_identify(src/megarover3_ros2) by extension 'ignore'
[0.221s] Level 1:colcon.colcon_core.package_identification:_identify(src/megarover3_ros2) by extension 'ignore_ament_install'
[0.221s] Level 1:colcon.colcon_core.package_identification:_identify(src/megarover3_ros2) by extensions ['colcon_pkg']
[0.221s] Level 1:colcon.colcon_core.package_identification:_identify(src/megarover3_ros2) by extension 'colcon_pkg'
[0.221s] Level 1:colcon.colcon_core.package_identification:_identify(src/megarover3_ros2) by extensions ['colcon_meta']
[0.221s] Level 1:colcon.colcon_core.package_identification:_identify(src/megarover3_ros2) by extension 'colcon_meta'
[0.221s] Level 1:colcon.colcon_core.package_identification:_identify(src/megarover3_ros2) by extensions ['ros']
[0.221s] Level 1:colcon.colcon_core.package_identification:_identify(src/megarover3_ros2) by extension 'ros'
[0.221s] Level 1:colcon.colcon_core.package_identification:_identify(src/megarover3_ros2) by extensions ['cmake', 'python']
[0.221s] Level 1:colcon.colcon_core.package_identification:_identify(src/megarover3_ros2) by extension 'cmake'
[0.221s] Level 1:colcon.colcon_core.package_identification:_identify(src/megarover3_ros2) by extension 'python'
[0.221s] Level 1:colcon.colcon_core.package_identification:_identify(src/megarover3_ros2) by extensions ['python_setup_py']
[0.221s] Level 1:colcon.colcon_core.package_identification:_identify(src/megarover3_ros2) by extension 'python_setup_py'
[0.221s] Level 1:colcon.colcon_core.package_identification:_identify(src/megarover3_ros2/images) by extensions ['ignore', 'ignore_ament_install']
[0.221s] Level 1:colcon.colcon_core.package_identification:_identify(src/megarover3_ros2/images) by extension 'ignore'
[0.221s] Level 1:colcon.colcon_core.package_identification:_identify(src/megarover3_ros2/images) by extension 'ignore_ament_install'
[0.221s] Level 1:colcon.colcon_core.package_identification:_identify(src/megarover3_ros2/images) by extensions ['colcon_pkg']
[0.221s] Level 1:colcon.colcon_core.package_identification:_identify(src/megarover3_ros2/images) by extension 'colcon_pkg'
[0.221s] Level 1:colcon.colcon_core.package_identification:_identify(src/megarover3_ros2/images) by extensions ['colcon_meta']
[0.221s] Level 1:colcon.colcon_core.package_identification:_identify(src/megarover3_ros2/images) by extension 'colcon_meta'
[0.221s] Level 1:colcon.colcon_core.package_identification:_identify(src/megarover3_ros2/images) by extensions ['ros']
[0.221s] Level 1:colcon.colcon_core.package_identification:_identify(src/megarover3_ros2/images) by extension 'ros'
[0.221s] Level 1:colcon.colcon_core.package_identification:_identify(src/megarover3_ros2/images) by extensions ['cmake', 'python']
[0.221s] Level 1:colcon.colcon_core.package_identification:_identify(src/megarover3_ros2/images) by extension 'cmake'
[0.221s] Level 1:colcon.colcon_core.package_identification:_identify(src/megarover3_ros2/images) by extension 'python'
[0.221s] Level 1:colcon.colcon_core.package_identification:_identify(src/megarover3_ros2/images) by extensions ['python_setup_py']
[0.221s] Level 1:colcon.colcon_core.package_identification:_identify(src/megarover3_ros2/images) by extension 'python_setup_py'
[0.221s] Level 1:colcon.colcon_core.package_identification:_identify(src/megarover3_ros2/megarover3) by extensions ['ignore', 'ignore_ament_install']
[0.221s] Level 1:colcon.colcon_core.package_identification:_identify(src/megarover3_ros2/megarover3) by extension 'ignore'
[0.221s] Level 1:colcon.colcon_core.package_identification:_identify(src/megarover3_ros2/megarover3) by extension 'ignore_ament_install'
[0.221s] Level 1:colcon.colcon_core.package_identification:_identify(src/megarover3_ros2/megarover3) by extensions ['colcon_pkg']
[0.221s] Level 1:colcon.colcon_core.package_identification:_identify(src/megarover3_ros2/megarover3) by extension 'colcon_pkg'
[0.221s] Level 1:colcon.colcon_core.package_identification:_identify(src/megarover3_ros2/megarover3) by extensions ['colcon_meta']
[0.221s] Level 1:colcon.colcon_core.package_identification:_identify(src/megarover3_ros2/megarover3) by extension 'colcon_meta'
[0.221s] Level 1:colcon.colcon_core.package_identification:_identify(src/megarover3_ros2/megarover3) by extensions ['ros']
[0.221s] Level 1:colcon.colcon_core.package_identification:_identify(src/megarover3_ros2/megarover3) by extension 'ros'
[0.222s] DEBUG:colcon.colcon_core.package_identification:Package 'src/megarover3_ros2/megarover3' with type 'ros.ament_cmake' and name 'megarover3'
[0.222s] Level 1:colcon.colcon_core.package_identification:_identify(src/megarover3_ros2/megarover3_bringup) by extensions ['ignore', 'ignore_ament_install']
[0.222s] Level 1:colcon.colcon_core.package_identification:_identify(src/megarover3_ros2/megarover3_bringup) by extension 'ignore'
[0.222s] Level 1:colcon.colcon_core.package_identification:_identify(src/megarover3_ros2/megarover3_bringup) by extension 'ignore_ament_install'
[0.222s] Level 1:colcon.colcon_core.package_identification:_identify(src/megarover3_ros2/megarover3_bringup) by extensions ['colcon_pkg']
[0.222s] Level 1:colcon.colcon_core.package_identification:_identify(src/megarover3_ros2/megarover3_bringup) by extension 'colcon_pkg'
[0.222s] Level 1:colcon.colcon_core.package_identification:_identify(src/megarover3_ros2/megarover3_bringup) by extensions ['colcon_meta']
[0.222s] Level 1:colcon.colcon_core.package_identification:_identify(src/megarover3_ros2/megarover3_bringup) by extension 'colcon_meta'
[0.222s] Level 1:colcon.colcon_core.package_identification:_identify(src/megarover3_ros2/megarover3_bringup) by extensions ['ros']
[0.222s] Level 1:colcon.colcon_core.package_identification:_identify(src/megarover3_ros2/megarover3_bringup) by extension 'ros'
[0.222s] DEBUG:colcon.colcon_core.package_identification:Package 'src/megarover3_ros2/megarover3_bringup' with type 'ros.ament_cmake' and name 'megarover3_bringup'
[0.222s] Level 1:colcon.colcon_core.package_identification:_identify(src/megarover3_ros2/megarover3_navigation) by extensions ['ignore', 'ignore_ament_install']
[0.228s] Level 1:colcon.colcon_core.package_identification:_identify(src/megarover3_ros2/megarover3_navigation) by extension 'ignore'
[0.228s] Level 1:colcon.colcon_core.package_identification:_identify(src/megarover3_ros2/megarover3_navigation) by extension 'ignore_ament_install'
[0.228s] Level 1:colcon.colcon_core.package_identification:_identify(src/megarover3_ros2/megarover3_navigation) by extensions ['colcon_pkg']
[0.228s] Level 1:colcon.colcon_core.package_identification:_identify(src/megarover3_ros2/megarover3_navigation) by extension 'colcon_pkg'
[0.228s] Level 1:colcon.colcon_core.package_identification:_identify(src/megarover3_ros2/megarover3_navigation) by extensions ['colcon_meta']
[0.228s] Level 1:colcon.colcon_core.package_identification:_identify(src/megarover3_ros2/megarover3_navigation) by extension 'colcon_meta'
[0.228s] Level 1:colcon.colcon_core.package_identification:_identify(src/megarover3_ros2/megarover3_navigation) by extensions ['ros']
[0.228s] Level 1:colcon.colcon_core.package_identification:_identify(src/megarover3_ros2/megarover3_navigation) by extension 'ros'
[0.229s] DEBUG:colcon.colcon_core.package_identification:Package 'src/megarover3_ros2/megarover3_navigation' with type 'ros.ament_cmake' and name 'megarover3_navigation'
[0.229s] Level 1:colcon.colcon_core.package_identification:_identify(src/megarover3_ros2/megarover_description) by extensions ['ignore', 'ignore_ament_install']
[0.229s] Level 1:colcon.colcon_core.package_identification:_identify(src/megarover3_ros2/megarover_description) by extension 'ignore'
[0.229s] Level 1:colcon.colcon_core.package_identification:_identify(src/megarover3_ros2/megarover_description) by extension 'ignore_ament_install'
[0.229s] Level 1:colcon.colcon_core.package_identification:_identify(src/megarover3_ros2/megarover_description) by extensions ['colcon_pkg']
[0.229s] Level 1:colcon.colcon_core.package_identification:_identify(src/megarover3_ros2/megarover_description) by extension 'colcon_pkg'
[0.229s] Level 1:colcon.colcon_core.package_identification:_identify(src/megarover3_ros2/megarover_description) by extensions ['colcon_meta']
[0.229s] Level 1:colcon.colcon_core.package_identification:_identify(src/megarover3_ros2/megarover_description) by extension 'colcon_meta'
[0.229s] Level 1:colcon.colcon_core.package_identification:_identify(src/megarover3_ros2/megarover_description) by extensions ['ros']
[0.229s] Level 1:colcon.colcon_core.package_identification:_identify(src/megarover3_ros2/megarover_description) by extension 'ros'
[0.229s] DEBUG:colcon.colcon_core.package_identification:Package 'src/megarover3_ros2/megarover_description' with type 'ros.ament_cmake' and name 'megarover_description'
[0.229s] Level 1:colcon.colcon_core.package_identification:_identify(src/my_scan_merger) by extensions ['ignore', 'ignore_ament_install']
[0.229s] Level 1:colcon.colcon_core.package_identification:_identify(src/my_scan_merger) by extension 'ignore'
[0.230s] Level 1:colcon.colcon_core.package_identification:_identify(src/my_scan_merger) by extension 'ignore_ament_install'
[0.230s] Level 1:colcon.colcon_core.package_identification:_identify(src/my_scan_merger) by extensions ['colcon_pkg']
[0.230s] Level 1:colcon.colcon_core.package_identification:_identify(src/my_scan_merger) by extension 'colcon_pkg'
[0.230s] Level 1:colcon.colcon_core.package_identification:_identify(src/my_scan_merger) by extensions ['colcon_meta']
[0.230s] Level 1:colcon.colcon_core.package_identification:_identify(src/my_scan_merger) by extension 'colcon_meta'
[0.230s] Level 1:colcon.colcon_core.package_identification:_identify(src/my_scan_merger) by extensions ['ros']
[0.230s] Level 1:colcon.colcon_core.package_identification:_identify(src/my_scan_merger) by extension 'ros'
[0.230s] DEBUG:colcon.colcon_core.package_identification:Package 'src/my_scan_merger' with type 'ros.ament_cmake' and name 'my_scan_merger'
[0.230s] Level 1:colcon.colcon_core.package_identification:_identify(src/navigation2) by extensions ['ignore', 'ignore_ament_install']
[0.230s] Level 1:colcon.colcon_core.package_identification:_identify(src/navigation2) by extension 'ignore'
[0.230s] Level 1:colcon.colcon_core.package_identification:_identify(src/navigation2) by extension 'ignore_ament_install'
[0.230s] Level 1:colcon.colcon_core.package_identification:_identify(src/navigation2) by extensions ['colcon_pkg']
[0.230s] Level 1:colcon.colcon_core.package_identification:_identify(src/navigation2) by extension 'colcon_pkg'
[0.230s] Level 1:colcon.colcon_core.package_identification:_identify(src/navigation2) by extensions ['colcon_meta']
[0.230s] Level 1:colcon.colcon_core.package_identification:_identify(src/navigation2) by extension 'colcon_meta'
[0.230s] Level 1:colcon.colcon_core.package_identification:_identify(src/navigation2) by extensions ['ros']
[0.230s] Level 1:colcon.colcon_core.package_identification:_identify(src/navigation2) by extension 'ros'
[0.230s] Level 1:colcon.colcon_core.package_identification:_identify(src/navigation2) by extensions ['cmake', 'python']
[0.230s] Level 1:colcon.colcon_core.package_identification:_identify(src/navigation2) by extension 'cmake'
[0.230s] Level 1:colcon.colcon_core.package_identification:_identify(src/navigation2) by extension 'python'
[0.230s] Level 1:colcon.colcon_core.package_identification:_identify(src/navigation2) by extensions ['python_setup_py']
[0.230s] Level 1:colcon.colcon_core.package_identification:_identify(src/navigation2) by extension 'python_setup_py'
[0.230s] Level 1:colcon.colcon_core.package_identification:_identify(src/navigation2/nav2_amcl) by extensions ['ignore', 'ignore_ament_install']
[0.231s] Level 1:colcon.colcon_core.package_identification:_identify(src/navigation2/nav2_amcl) by extension 'ignore'
[0.231s] Level 1:colcon.colcon_core.package_identification:_identify(src/navigation2/nav2_amcl) by extension 'ignore_ament_install'
[0.231s] Level 1:colcon.colcon_core.package_identification:_identify(src/navigation2/nav2_amcl) by extensions ['colcon_pkg']
[0.231s] Level 1:colcon.colcon_core.package_identification:_identify(src/navigation2/nav2_amcl) by extension 'colcon_pkg'
[0.231s] Level 1:colcon.colcon_core.package_identification:_identify(src/navigation2/nav2_amcl) by extensions ['colcon_meta']
[0.231s] Level 1:colcon.colcon_core.package_identification:_identify(src/navigation2/nav2_amcl) by extension 'colcon_meta'
[0.231s] Level 1:colcon.colcon_core.package_identification:_identify(src/navigation2/nav2_amcl) by extensions ['ros']
[0.231s] Level 1:colcon.colcon_core.package_identification:_identify(src/navigation2/nav2_amcl) by extension 'ros'
[0.232s] DEBUG:colcon.colcon_core.package_identification:Package 'src/navigation2/nav2_amcl' with type 'ros.ament_cmake' and name 'nav2_amcl'
[0.232s] Level 1:colcon.colcon_core.package_identification:_identify(src/realsense-ros) by extensions ['ignore', 'ignore_ament_install']
[0.232s] Level 1:colcon.colcon_core.package_identification:_identify(src/realsense-ros) by extension 'ignore'
[0.232s] Level 1:colcon.colcon_core.package_identification:_identify(src/realsense-ros) by extension 'ignore_ament_install'
[0.232s] Level 1:colcon.colcon_core.package_identification:_identify(src/realsense-ros) by extensions ['colcon_pkg']
[0.232s] Level 1:colcon.colcon_core.package_identification:_identify(src/realsense-ros) by extension 'colcon_pkg'
[0.232s] Level 1:colcon.colcon_core.package_identification:_identify(src/realsense-ros) by extensions ['colcon_meta']
[0.232s] Level 1:colcon.colcon_core.package_identification:_identify(src/realsense-ros) by extension 'colcon_meta'
[0.232s] Level 1:colcon.colcon_core.package_identification:_identify(src/realsense-ros) by extensions ['ros']
[0.232s] Level 1:colcon.colcon_core.package_identification:_identify(src/realsense-ros) by extension 'ros'
[0.232s] Level 1:colcon.colcon_core.package_identification:_identify(src/realsense-ros) by extensions ['cmake', 'python']
[0.232s] Level 1:colcon.colcon_core.package_identification:_identify(src/realsense-ros) by extension 'cmake'
[0.232s] Level 1:colcon.colcon_core.package_identification:_identify(src/realsense-ros) by extension 'python'
[0.232s] Level 1:colcon.colcon_core.package_identification:_identify(src/realsense-ros) by extensions ['python_setup_py']
[0.232s] Level 1:colcon.colcon_core.package_identification:_identify(src/realsense-ros) by extension 'python_setup_py'
[0.232s] Level 1:colcon.colcon_core.package_identification:_identify(src/realsense-ros/realsense2_camera) by extensions ['ignore', 'ignore_ament_install']
[0.232s] Level 1:colcon.colcon_core.package_identification:_identify(src/realsense-ros/realsense2_camera) by extension 'ignore'
[0.232s] Level 1:colcon.colcon_core.package_identification:_identify(src/realsense-ros/realsense2_camera) by extension 'ignore_ament_install'
[0.232s] Level 1:colcon.colcon_core.package_identification:_identify(src/realsense-ros/realsense2_camera) by extensions ['colcon_pkg']
[0.232s] Level 1:colcon.colcon_core.package_identification:_identify(src/realsense-ros/realsense2_camera) by extension 'colcon_pkg'
[0.232s] Level 1:colcon.colcon_core.package_identification:_identify(src/realsense-ros/realsense2_camera) by extensions ['colcon_meta']
[0.232s] Level 1:colcon.colcon_core.package_identification:_identify(src/realsense-ros/realsense2_camera) by extension 'colcon_meta'
[0.232s] Level 1:colcon.colcon_core.package_identification:_identify(src/realsense-ros/realsense2_camera) by extensions ['ros']
[0.232s] Level 1:colcon.colcon_core.package_identification:_identify(src/realsense-ros/realsense2_camera) by extension 'ros'
[0.235s] DEBUG:colcon.colcon_core.package_identification:Package 'src/realsense-ros/realsense2_camera' with type 'ros.ament_cmake' and name 'realsense2_camera'
[0.235s] Level 1:colcon.colcon_core.package_identification:_identify(src/realsense-ros/realsense2_camera_msgs) by extensions ['ignore', 'ignore_ament_install']
[0.235s] Level 1:colcon.colcon_core.package_identification:_identify(src/realsense-ros/realsense2_camera_msgs) by extension 'ignore'
[0.235s] Level 1:colcon.colcon_core.package_identification:_identify(src/realsense-ros/realsense2_camera_msgs) by extension 'ignore_ament_install'
[0.235s] Level 1:colcon.colcon_core.package_identification:_identify(src/realsense-ros/realsense2_camera_msgs) by extensions ['colcon_pkg']
[0.235s] Level 1:colcon.colcon_core.package_identification:_identify(src/realsense-ros/realsense2_camera_msgs) by extension 'colcon_pkg'
[0.235s] Level 1:colcon.colcon_core.package_identification:_identify(src/realsense-ros/realsense2_camera_msgs) by extensions ['colcon_meta']
[0.236s] Level 1:colcon.colcon_core.package_identification:_identify(src/realsense-ros/realsense2_camera_msgs) by extension 'colcon_meta'
[0.236s] Level 1:colcon.colcon_core.package_identification:_identify(src/realsense-ros/realsense2_camera_msgs) by extensions ['ros']
[0.236s] Level 1:colcon.colcon_core.package_identification:_identify(src/realsense-ros/realsense2_camera_msgs) by extension 'ros'
[0.236s] DEBUG:colcon.colcon_core.package_identification:Package 'src/realsense-ros/realsense2_camera_msgs' with type 'ros.ament_cmake' and name 'realsense2_camera_msgs'
[0.236s] Level 1:colcon.colcon_core.package_identification:_identify(src/realsense-ros/realsense2_description) by extensions ['ignore', 'ignore_ament_install']
[0.236s] Level 1:colcon.colcon_core.package_identification:_identify(src/realsense-ros/realsense2_description) by extension 'ignore'
[0.236s] Level 1:colcon.colcon_core.package_identification:_identify(src/realsense-ros/realsense2_description) by extension 'ignore_ament_install'
[0.236s] Level 1:colcon.colcon_core.package_identification:_identify(src/realsense-ros/realsense2_description) by extensions ['colcon_pkg']
[0.236s] Level 1:colcon.colcon_core.package_identification:_identify(src/realsense-ros/realsense2_description) by extension 'colcon_pkg'
[0.236s] Level 1:colcon.colcon_core.package_identification:_identify(src/realsense-ros/realsense2_description) by extensions ['colcon_meta']
[0.236s] Level 1:colcon.colcon_core.package_identification:_identify(src/realsense-ros/realsense2_description) by extension 'colcon_meta'
[0.236s] Level 1:colcon.colcon_core.package_identification:_identify(src/realsense-ros/realsense2_description) by extensions ['ros']
[0.236s] Level 1:colcon.colcon_core.package_identification:_identify(src/realsense-ros/realsense2_description) by extension 'ros'
[0.237s] DEBUG:colcon.colcon_core.package_identification:Package 'src/realsense-ros/realsense2_description' with type 'ros.ament_cmake' and name 'realsense2_description'
[0.237s] Level 1:colcon.colcon_core.package_identification:_identify(src/realsense-ros/scripts) by extensions ['ignore', 'ignore_ament_install']
[0.237s] Level 1:colcon.colcon_core.package_identification:_identify(src/realsense-ros/scripts) by extension 'ignore'
[0.237s] Level 1:colcon.colcon_core.package_identification:_identify(src/realsense-ros/scripts) by extension 'ignore_ament_install'
[0.237s] Level 1:colcon.colcon_core.package_identification:_identify(src/realsense-ros/scripts) by extensions ['colcon_pkg']
[0.237s] Level 1:colcon.colcon_core.package_identification:_identify(src/realsense-ros/scripts) by extension 'colcon_pkg'
[0.237s] Level 1:colcon.colcon_core.package_identification:_identify(src/realsense-ros/scripts) by extensions ['colcon_meta']
[0.237s] Level 1:colcon.colcon_core.package_identification:_identify(src/realsense-ros/scripts) by extension 'colcon_meta'
[0.237s] Level 1:colcon.colcon_core.package_identification:_identify(src/realsense-ros/scripts) by extensions ['ros']
[0.237s] Level 1:colcon.colcon_core.package_identification:_identify(src/realsense-ros/scripts) by extension 'ros'
[0.237s] Level 1:colcon.colcon_core.package_identification:_identify(src/realsense-ros/scripts) by extensions ['cmake', 'python']
[0.237s] Level 1:colcon.colcon_core.package_identification:_identify(src/realsense-ros/scripts) by extension 'cmake'
[0.237s] Level 1:colcon.colcon_core.package_identification:_identify(src/realsense-ros/scripts) by extension 'python'
[0.237s] Level 1:colcon.colcon_core.package_identification:_identify(src/realsense-ros/scripts) by extensions ['python_setup_py']
[0.237s] Level 1:colcon.colcon_core.package_identification:_identify(src/realsense-ros/scripts) by extension 'python_setup_py'
[0.237s] Level 1:colcon.colcon_core.package_identification:_identify(src/rf2o_laser_odometry) by extensions ['ignore', 'ignore_ament_install']
[0.237s] Level 1:colcon.colcon_core.package_identification:_identify(src/rf2o_laser_odometry) by extension 'ignore'
[0.237s] Level 1:colcon.colcon_core.package_identification:_identify(src/rf2o_laser_odometry) by extension 'ignore_ament_install'
[0.237s] Level 1:colcon.colcon_core.package_identification:_identify(src/rf2o_laser_odometry) by extensions ['colcon_pkg']
[0.237s] Level 1:colcon.colcon_core.package_identification:_identify(src/rf2o_laser_odometry) by extension 'colcon_pkg'
[0.237s] Level 1:colcon.colcon_core.package_identification:_identify(src/rf2o_laser_odometry) by extensions ['colcon_meta']
[0.238s] Level 1:colcon.colcon_core.package_identification:_identify(src/rf2o_laser_odometry) by extension 'colcon_meta'
[0.238s] Level 1:colcon.colcon_core.package_identification:_identify(src/rf2o_laser_odometry) by extensions ['ros']
[0.238s] Level 1:colcon.colcon_core.package_identification:_identify(src/rf2o_laser_odometry) by extension 'ros'
[0.238s] DEBUG:colcon.colcon_core.package_identification:Package 'src/rf2o_laser_odometry' with type 'ros.ament_cmake' and name 'rf2o_laser_odometry'
[0.238s] Level 1:colcon.colcon_core.package_identification:_identify(src/ros2_to_ros1_bridge) by extensions ['ignore', 'ignore_ament_install']
[0.238s] Level 1:colcon.colcon_core.package_identification:_identify(src/ros2_to_ros1_bridge) by extension 'ignore'
[0.238s] Level 1:colcon.colcon_core.package_identification:_identify(src/ros2_to_ros1_bridge) by extension 'ignore_ament_install'
[0.238s] Level 1:colcon.colcon_core.package_identification:_identify(src/ros2_to_ros1_bridge) by extensions ['colcon_pkg']
[0.238s] Level 1:colcon.colcon_core.package_identification:_identify(src/ros2_to_ros1_bridge) by extension 'colcon_pkg'
[0.238s] Level 1:colcon.colcon_core.package_identification:_identify(src/ros2_to_ros1_bridge) by extensions ['colcon_meta']
[0.238s] Level 1:colcon.colcon_core.package_identification:_identify(src/ros2_to_ros1_bridge) by extension 'colcon_meta'
[0.238s] Level 1:colcon.colcon_core.package_identification:_identify(src/ros2_to_ros1_bridge) by extensions ['ros']
[0.238s] Level 1:colcon.colcon_core.package_identification:_identify(src/ros2_to_ros1_bridge) by extension 'ros'
[0.239s] DEBUG:colcon.colcon_core.package_identification:Package 'src/ros2_to_ros1_bridge' with type 'ros.ament_python' and name 'ros2_to_ros1_bridge'
[0.239s] Level 1:colcon.colcon_core.package_identification:_identify(src/shelf_navigator) by extensions ['ignore', 'ignore_ament_install']
[0.239s] Level 1:colcon.colcon_core.package_identification:_identify(src/shelf_navigator) by extension 'ignore'
[0.239s] Level 1:colcon.colcon_core.package_identification:_identify(src/shelf_navigator) by extension 'ignore_ament_install'
[0.239s] Level 1:colcon.colcon_core.package_identification:_identify(src/shelf_navigator) by extensions ['colcon_pkg']
[0.239s] Level 1:colcon.colcon_core.package_identification:_identify(src/shelf_navigator) by extension 'colcon_pkg'
[0.239s] Level 1:colcon.colcon_core.package_identification:_identify(src/shelf_navigator) by extensions ['colcon_meta']
[0.239s] Level 1:colcon.colcon_core.package_identification:_identify(src/shelf_navigator) by extension 'colcon_meta'
[0.239s] Level 1:colcon.colcon_core.package_identification:_identify(src/shelf_navigator) by extensions ['ros']
[0.239s] Level 1:colcon.colcon_core.package_identification:_identify(src/shelf_navigator) by extension 'ros'
[0.239s] DEBUG:colcon.colcon_core.package_identification:Package 'src/shelf_navigator' with type 'ros.ament_python' and name 'shelf_navigator'
[0.240s] Level 1:colcon.colcon_core.package_identification:_identify(src/trajectory_logger) by extensions ['ignore', 'ignore_ament_install']
[0.240s] Level 1:colcon.colcon_core.package_identification:_identify(src/trajectory_logger) by extension 'ignore'
[0.240s] Level 1:colcon.colcon_core.package_identification:_identify(src/trajectory_logger) by extension 'ignore_ament_install'
[0.240s] Level 1:colcon.colcon_core.package_identification:_identify(src/trajectory_logger) by extensions ['colcon_pkg']
[0.240s] Level 1:colcon.colcon_core.package_identification:_identify(src/trajectory_logger) by extension 'colcon_pkg'
[0.240s] Level 1:colcon.colcon_core.package_identification:_identify(src/trajectory_logger) by extensions ['colcon_meta']
[0.240s] Level 1:colcon.colcon_core.package_identification:_identify(src/trajectory_logger) by extension 'colcon_meta'
[0.240s] Level 1:colcon.colcon_core.package_identification:_identify(src/trajectory_logger) by extensions ['ros']
[0.240s] Level 1:colcon.colcon_core.package_identification:_identify(src/trajectory_logger) by extension 'ros'
[0.240s] DEBUG:colcon.colcon_core.package_identification:Package 'src/trajectory_logger' with type 'ros.ament_python' and name 'trajectory_logger'
[0.240s] Level 1:colcon.colcon_core.package_identification:_identify(src/udp_bridge) by extensions ['ignore', 'ignore_ament_install']
[0.240s] Level 1:colcon.colcon_core.package_identification:_identify(src/udp_bridge) by extension 'ignore'
[0.240s] Level 1:colcon.colcon_core.package_identification:_identify(src/udp_bridge) by extension 'ignore_ament_install'
[0.240s] Level 1:colcon.colcon_core.package_identification:_identify(src/udp_bridge) by extensions ['colcon_pkg']
[0.240s] Level 1:colcon.colcon_core.package_identification:_identify(src/udp_bridge) by extension 'colcon_pkg'
[0.240s] Level 1:colcon.colcon_core.package_identification:_identify(src/udp_bridge) by extensions ['colcon_meta']
[0.240s] Level 1:colcon.colcon_core.package_identification:_identify(src/udp_bridge) by extension 'colcon_meta'
[0.240s] Level 1:colcon.colcon_core.package_identification:_identify(src/udp_bridge) by extensions ['ros']
[0.240s] Level 1:colcon.colcon_core.package_identification:_identify(src/udp_bridge) by extension 'ros'
[0.241s] DEBUG:colcon.colcon_core.package_identification:Package 'src/udp_bridge' with type 'ros.ament_python' and name 'udp_bridge'
[0.241s] Level 1:colcon.colcon_core.package_identification:_identify(src/vs_rover_options_description) by extensions ['ignore', 'ignore_ament_install']
[0.241s] Level 1:colcon.colcon_core.package_identification:_identify(src/vs_rover_options_description) by extension 'ignore'
[0.241s] Level 1:colcon.colcon_core.package_identification:_identify(src/vs_rover_options_description) by extension 'ignore_ament_install'
[0.241s] Level 1:colcon.colcon_core.package_identification:_identify(src/vs_rover_options_description) by extensions ['colcon_pkg']
[0.241s] Level 1:colcon.colcon_core.package_identification:_identify(src/vs_rover_options_description) by extension 'colcon_pkg'
[0.241s] Level 1:colcon.colcon_core.package_identification:_identify(src/vs_rover_options_description) by extensions ['colcon_meta']
[0.241s] Level 1:colcon.colcon_core.package_identification:_identify(src/vs_rover_options_description) by extension 'colcon_meta'
[0.241s] Level 1:colcon.colcon_core.package_identification:_identify(src/vs_rover_options_description) by extensions ['ros']
[0.241s] Level 1:colcon.colcon_core.package_identification:_identify(src/vs_rover_options_description) by extension 'ros'
[0.241s] DEBUG:colcon.colcon_core.package_identification:Package 'src/vs_rover_options_description' with type 'ros.ament_cmake' and name 'vs_rover_options_description'
[0.241s] Level 1:colcon.colcon_core.package_identification:_identify(src/wall_ransac_initializer) by extensions ['ignore', 'ignore_ament_install']
[0.242s] Level 1:colcon.colcon_core.package_identification:_identify(src/wall_ransac_initializer) by extension 'ignore'
[0.242s] Level 1:colcon.colcon_core.package_identification:_identify(src/wall_ransac_initializer) by extension 'ignore_ament_install'
[0.242s] Level 1:colcon.colcon_core.package_identification:_identify(src/wall_ransac_initializer) by extensions ['colcon_pkg']
[0.242s] Level 1:colcon.colcon_core.package_identification:_identify(src/wall_ransac_initializer) by extension 'colcon_pkg'
[0.242s] Level 1:colcon.colcon_core.package_identification:_identify(src/wall_ransac_initializer) by extensions ['colcon_meta']
[0.242s] Level 1:colcon.colcon_core.package_identification:_identify(src/wall_ransac_initializer) by extension 'colcon_meta'
[0.242s] Level 1:colcon.colcon_core.package_identification:_identify(src/wall_ransac_initializer) by extensions ['ros']
[0.242s] Level 1:colcon.colcon_core.package_identification:_identify(src/wall_ransac_initializer) by extension 'ros'
[0.242s] DEBUG:colcon.colcon_core.package_identification:Package 'src/wall_ransac_initializer' with type 'ros.ament_python' and name 'wall_ransac_initializer'
[0.242s] Level 1:colcon.colcon_core.package_identification:_identify(src/ydlidar_ros2_driver) by extensions ['ignore', 'ignore_ament_install']
[0.242s] Level 1:colcon.colcon_core.package_identification:_identify(src/ydlidar_ros2_driver) by extension 'ignore'
[0.242s] Level 1:colcon.colcon_core.package_identification:_identify(src/ydlidar_ros2_driver) by extension 'ignore_ament_install'
[0.242s] Level 1:colcon.colcon_core.package_identification:_identify(src/ydlidar_ros2_driver) by extensions ['colcon_pkg']
[0.242s] Level 1:colcon.colcon_core.package_identification:_identify(src/ydlidar_ros2_driver) by extension 'colcon_pkg'
[0.242s] Level 1:colcon.colcon_core.package_identification:_identify(src/ydlidar_ros2_driver) by extensions ['colcon_meta']
[0.242s] Level 1:colcon.colcon_core.package_identification:_identify(src/ydlidar_ros2_driver) by extension 'colcon_meta'
[0.242s] Level 1:colcon.colcon_core.package_identification:_identify(src/ydlidar_ros2_driver) by extensions ['ros']
[0.242s] Level 1:colcon.colcon_core.package_identification:_identify(src/ydlidar_ros2_driver) by extension 'ros'
[0.243s] DEBUG:colcon.colcon_core.package_identification:Package 'src/ydlidar_ros2_driver' with type 'ros.ament_cmake' and name 'ydlidar_ros2_driver'
[0.243s] Level 1:colcon.colcon_core.package_discovery:discover_packages(recursive) using defaults
[0.243s] Level 1:colcon.colcon_core.package_discovery:discover_packages(ignore) discover
[0.243s] Level 1:colcon.colcon_core.package_discovery:discover_packages(ignore) using defaults
[0.243s] Level 1:colcon.colcon_core.package_discovery:discover_packages(path) discover
[0.243s] Level 1:colcon.colcon_core.package_discovery:discover_packages(path) using defaults
[0.258s] INFO:colcon.colcon_core.package_selection:Skipping not selected package 'amr_log' in 'src/amr_log'
[0.258s] INFO:colcon.colcon_core.package_selection:Skipping not selected package 'arrow_key_teleop' in 'src/arrow_key_teleop'
[0.258s] INFO:colcon.colcon_core.package_selection:Skipping not selected package 'final_approach_controller' in 'src/final_approach_controller'
[0.258s] INFO:colcon.colcon_core.package_selection:Skipping not selected package 'iai_cylinder' in 'src/iai_cylinder'
[0.258s] INFO:colcon.colcon_core.package_selection:Skipping not selected package 'js0_teleop' in 'src/js0_teleop'
[0.258s] INFO:colcon.colcon_core.package_selection:Skipping not selected package 'megarover3_bringup' in 'src/megarover3_ros2/megarover3_bringup'
[0.258s] INFO:colcon.colcon_core.package_selection:Skipping not selected package 'megarover3_navigation' in 'src/megarover3_ros2/megarover3_navigation'
[0.258s] INFO:colcon.colcon_core.package_selection:Skipping not selected package 'megarover_description' in 'src/megarover3_ros2/megarover_description'
[0.258s] INFO:colcon.colcon_core.package_selection:Skipping not selected package 'my_scan_merger' in 'src/my_scan_merger'
[0.258s] INFO:colcon.colcon_core.package_selection:Skipping not selected package 'nav2_amcl' in 'src/navigation2/nav2_amcl'
[0.258s] INFO:colcon.colcon_core.package_selection:Skipping not selected package 'realsense2_camera_msgs' in 'src/realsense-ros/realsense2_camera_msgs'
[0.258s] INFO:colcon.colcon_core.package_selection:Skipping not selected package 'rf2o_laser_odometry' in 'src/rf2o_laser_odometry'
[0.258s] INFO:colcon.colcon_core.package_selection:Skipping not selected package 'ros2_to_ros1_bridge' in 'src/ros2_to_ros1_bridge'
[0.258s] INFO:colcon.colcon_core.package_selection:Skipping not selected package 'trajectory_logger' in 'src/trajectory_logger'
[0.258s] INFO:colcon.colcon_core.package_selection:Skipping not selected package 'udp_bridge' in 'src/udp_bridge'
[0.258s] INFO:colcon.colcon_core.package_selection:Skipping not selected package 'vs_rover_options_description' in 'src/vs_rover_options_description'
[0.258s] INFO:colcon.colcon_core.package_selection:Skipping not selected package 'wall_ransac_initializer' in 'src/wall_ransac_initializer'
[0.258s] INFO:colcon.colcon_core.package_selection:Skipping not selected package 'ydlidar_ros2_driver' in 'src/ydlidar_ros2_driver'
[0.258s] INFO:colcon.colcon_core.package_selection:Skipping not selected package 'megarover3' in 'src/megarover3_ros2/megarover3'
[0.258s] INFO:colcon.colcon_core.package_selection:Skipping not selected package 'realsense2_camera' in 'src/realsense-ros/realsense2_camera'
[0.258s] INFO:colcon.colcon_core.package_selection:Skipping not selected package 'realsense2_description' in 'src/realsense-ros/realsense2_description'
[0.258s] Level 1:colcon.colcon_core.package_discovery:discover_packages(prefix_path) check parameters
[0.258s] Level 1:colcon.colcon_core.package_discovery:discover_packages(prefix_path) discover
[0.260s] DEBUG:colcon.colcon_installed_package_information.package_discovery:Found 22 installed packages in /home/rover/ros2_ws/install
[0.260s] DEBUG:colcon.colcon_installed_package_information.package_discovery:Found 3 installed packages in /home/rover/uros_ws/install
[0.261s] DEBUG:colcon.colcon_installed_package_information.package_discovery:Found 429 installed packages in /opt/ros/humble
[0.263s] Level 1:colcon.colcon_core.package_discovery:discover_packages(prefix_path) using defaults
[0.294s] Level 5:colcon.colcon_core.verb:set package 'shelf_navigator' build argument 'cmake_args' from command line to 'None'
[0.294s] Level 5:colcon.colcon_core.verb:set package 'shelf_navigator' build argument 'cmake_target' from command line to 'None'
[0.294s] Level 5:colcon.colcon_core.verb:set package 'shelf_navigator' build argument 'cmake_target_skip_unavailable' from command line to 'False'
[0.294s] Level 5:colcon.colcon_core.verb:set package 'shelf_navigator' build argument 'cmake_clean_cache' from command line to 'False'
[0.294s] Level 5:colcon.colcon_core.verb:set package 'shelf_navigator' build argument 'cmake_clean_first' from command line to 'False'
[0.294s] Level 5:colcon.colcon_core.verb:set package 'shelf_navigator' build argument 'cmake_force_configure' from command line to 'False'
[0.294s] Level 5:colcon.colcon_core.verb:set package 'shelf_navigator' build argument 'ament_cmake_args' from command line to 'None'
[0.294s] Level 5:colcon.colcon_core.verb:set package 'shelf_navigator' build argument 'catkin_cmake_args' from command line to 'None'
[0.294s] Level 5:colcon.colcon_core.verb:set package 'shelf_navigator' build argument 'catkin_skip_building_tests' from command line to 'False'
[0.294s] DEBUG:colcon.colcon_core.verb:Building package 'shelf_navigator' with the following arguments: {'ament_cmake_args': None, 'build_base': '/home/rover/ros2_ws/build/shelf_navigator', 'catkin_cmake_args': None, 'catkin_skip_building_tests': False, 'cmake_args': None, 'cmake_clean_cache': False, 'cmake_clean_first': False, 'cmake_force_configure': False, 'cmake_target': None, 'cmake_target_skip_unavailable': False, 'install_base': '/home/rover/ros2_ws/install/shelf_navigator', 'merge_install': False, 'path': '/home/rover/ros2_ws/src/shelf_navigator', 'symlink_install': False, 'test_result_base': None}
[0.294s] INFO:colcon.colcon_core.executor:Executing jobs using 'parallel' executor
[0.295s] DEBUG:colcon.colcon_parallel_executor.executor.parallel:run_until_complete
[0.295s] INFO:colcon.colcon_ros.task.ament_python.build:Building ROS package in '/home/rover/ros2_ws/src/shelf_navigator' with build type 'ament_python'
[0.295s] Level 1:colcon.colcon_core.shell:create_environment_hook('shelf_navigator', 'ament_prefix_path')
[0.297s] INFO:colcon.colcon_core.plugin_system:Skipping extension 'colcon_core.shell.bat': Not used on non-Windows systems
[0.297s] INFO:colcon.colcon_core.shell:Creating environment hook '/home/rover/ros2_ws/install/shelf_navigator/share/shelf_navigator/hook/ament_prefix_path.ps1'
[0.298s] INFO:colcon.colcon_core.shell:Creating environment descriptor '/home/rover/ros2_ws/install/shelf_navigator/share/shelf_navigator/hook/ament_prefix_path.dsv'
[0.298s] INFO:colcon.colcon_core.shell:Creating environment hook '/home/rover/ros2_ws/install/shelf_navigator/share/shelf_navigator/hook/ament_prefix_path.sh'
[0.298s] INFO:colcon.colcon_core.shell:Skip shell extension 'powershell' for command environment: Not usable outside of PowerShell
[0.298s] DEBUG:colcon.colcon_core.shell:Skip shell extension 'dsv' for command environment
[0.483s] INFO:colcon.colcon_core.task.python.build:Building Python package in '/home/rover/ros2_ws/src/shelf_navigator'
[0.484s] INFO:colcon.colcon_core.shell:Skip shell extension 'powershell' for command environment: Not usable outside of PowerShell
[0.484s] DEBUG:colcon.colcon_core.shell:Skip shell extension 'dsv' for command environment
[0.730s] DEBUG:colcon.colcon_core.event_handler.log_command:Invoking command in '/home/rover/ros2_ws/src/shelf_navigator': PYTHONPATH=/home/rover/ros2_ws/build/shelf_navigator/prefix_override:/usr/lib/python3/dist-packages/colcon_core/task/python/colcon_distutils_commands:/home/rover/ros2_ws/install/shelf_navigator/lib/python3.10/site-packages:${PYTHONPATH} /usr/bin/python3 -W ignore:setup.py install is deprecated -W ignore:easy_install command is deprecated setup.py egg_info --egg-base ../../build/shelf_navigator build --build-base /home/rover/ros2_ws/build/shelf_navigator/build install --record /home/rover/ros2_ws/build/shelf_navigator/install.log --single-version-externally-managed install_data
[0.936s] DEBUG:colcon.colcon_core.event_handler.log_command:Invoked command in '/home/rover/ros2_ws/src/shelf_navigator' returned '0': PYTHONPATH=/home/rover/ros2_ws/build/shelf_navigator/prefix_override:/usr/lib/python3/dist-packages/colcon_core/task/python/colcon_distutils_commands:/home/rover/ros2_ws/install/shelf_navigator/lib/python3.10/site-packages:${PYTHONPATH} /usr/bin/python3 -W ignore:setup.py install is deprecated -W ignore:easy_install command is deprecated setup.py egg_info --egg-base ../../build/shelf_navigator build --build-base /home/rover/ros2_ws/build/shelf_navigator/build install --record /home/rover/ros2_ws/build/shelf_navigator/install.log --single-version-externally-managed install_data
[0.939s] Level 1:colcon.colcon_core.environment:checking '/home/rover/ros2_ws/install/shelf_navigator' for CMake module files
[0.939s] Level 1:colcon.colcon_core.environment:checking '/home/rover/ros2_ws/install/shelf_navigator' for CMake config files
[0.940s] Level 1:colcon.colcon_core.environment:checking '/home/rover/ros2_ws/install/shelf_navigator/lib'
[0.940s] Level 1:colcon.colcon_core.environment:checking '/home/rover/ros2_ws/install/shelf_navigator/bin'
[0.940s] Level 1:colcon.colcon_core.environment:checking '/home/rover/ros2_ws/install/shelf_navigator/lib/pkgconfig/shelf_navigator.pc'
[0.940s] Level 1:colcon.colcon_core.environment:checking '/home/rover/ros2_ws/install/shelf_navigator/lib/python3.10/site-packages'
[0.940s] Level 1:colcon.colcon_core.shell:create_environment_hook('shelf_navigator', 'pythonpath')
[0.940s] INFO:colcon.colcon_core.shell:Creating environment hook '/home/rover/ros2_ws/install/shelf_navigator/share/shelf_navigator/hook/pythonpath.ps1'
[0.941s] INFO:colcon.colcon_core.shell:Creating environment descriptor '/home/rover/ros2_ws/install/shelf_navigator/share/shelf_navigator/hook/pythonpath.dsv'
[0.941s] INFO:colcon.colcon_core.shell:Creating environment hook '/home/rover/ros2_ws/install/shelf_navigator/share/shelf_navigator/hook/pythonpath.sh'
[0.942s] Level 1:colcon.colcon_core.environment:checking '/home/rover/ros2_ws/install/shelf_navigator/bin'
[0.942s] Level 1:colcon.colcon_core.environment:create_environment_scripts_only(shelf_navigator)
[0.942s] INFO:colcon.colcon_core.shell:Creating package script '/home/rover/ros2_ws/install/shelf_navigator/share/shelf_navigator/package.ps1'
[0.943s] INFO:colcon.colcon_core.shell:Creating package descriptor '/home/rover/ros2_ws/install/shelf_navigator/share/shelf_navigator/package.dsv'
[0.944s] INFO:colcon.colcon_core.shell:Creating package script '/home/rover/ros2_ws/install/shelf_navigator/share/shelf_navigator/package.sh'
[0.944s] INFO:colcon.colcon_core.shell:Creating package script '/home/rover/ros2_ws/install/shelf_navigator/share/shelf_navigator/package.bash'
[0.945s] INFO:colcon.colcon_core.shell:Creating package script '/home/rover/ros2_ws/install/shelf_navigator/share/shelf_navigator/package.zsh'
[0.945s] Level 1:colcon.colcon_core.environment:create_file_with_runtime_dependencies(/home/rover/ros2_ws/install/shelf_navigator/share/colcon-core/packages/shelf_navigator)
[0.946s] DEBUG:colcon.colcon_parallel_executor.executor.parallel:closing loop
[0.946s] DEBUG:colcon.colcon_parallel_executor.executor.parallel:loop closed
[0.946s] DEBUG:colcon.colcon_parallel_executor.executor.parallel:run_until_complete finished with '0'
[0.946s] DEBUG:colcon.colcon_core.event_reactor:joining thread
[0.952s] INFO:colcon.colcon_core.plugin_system:Skipping extension 'colcon_notification.desktop_notification.terminal_notifier': Not used on non-Darwin systems
[0.952s] INFO:colcon.colcon_core.plugin_system:Skipping extension 'colcon_notification.desktop_notification.win32': Not used on non-Windows systems
[0.952s] INFO:colcon.colcon_notification.desktop_notification:Sending desktop notification using 'notify2'
[0.961s] DEBUG:colcon.colcon_core.event_reactor:joined thread
[0.961s] INFO:colcon.colcon_core.shell:Creating prefix script '/home/rover/ros2_ws/install/local_setup.ps1'
[0.962s] INFO:colcon.colcon_core.shell:Creating prefix util module '/home/rover/ros2_ws/install/_local_setup_util_ps1.py'
[0.963s] INFO:colcon.colcon_core.shell:Creating prefix chain script '/home/rover/ros2_ws/install/setup.ps1'
[0.964s] INFO:colcon.colcon_core.shell:Creating prefix script '/home/rover/ros2_ws/install/local_setup.sh'
[0.965s] INFO:colcon.colcon_core.shell:Creating prefix util module '/home/rover/ros2_ws/install/_local_setup_util_sh.py'
[0.965s] INFO:colcon.colcon_core.shell:Creating prefix chain script '/home/rover/ros2_ws/install/setup.sh'
[0.966s] INFO:colcon.colcon_core.shell:Creating prefix script '/home/rover/ros2_ws/install/local_setup.bash'
[0.966s] INFO:colcon.colcon_core.shell:Creating prefix chain script '/home/rover/ros2_ws/install/setup.bash'
[0.967s] INFO:colcon.colcon_core.shell:Creating prefix script '/home/rover/ros2_ws/install/local_setup.zsh'
[0.967s] INFO:colcon.colcon_core.shell:Creating prefix chain script '/home/rover/ros2_ws/install/setup.zsh'
