[0.401s] Invoking command in '/home/rover/ros2_ws/src/shelf_navigator': PYTHONPATH=/home/rover/ros2_ws/build/shelf_navigator/prefix_override:/usr/lib/python3/dist-packages/colcon_core/task/python/colcon_distutils_commands:/home/rover/ros2_ws/install/shelf_navigator/lib/python3.10/site-packages:${PYTHONPATH} /usr/bin/python3 -W ignore:setup.py install is deprecated -W ignore:easy_install command is deprecated setup.py egg_info --egg-base ../../build/shelf_navigator build --build-base /home/rover/ros2_ws/build/shelf_navigator/build install --record /home/rover/ros2_ws/build/shelf_navigator/install.log --single-version-externally-managed install_data
[0.551s] running egg_info
[0.551s] writing ../../build/shelf_navigator/shelf_navigator.egg-info/PKG-INFO
[0.554s] writing dependency_links to ../../build/shelf_navigator/shelf_navigator.egg-info/dependency_links.txt
[0.554s] writing entry points to ../../build/shelf_navigator/shelf_navigator.egg-info/entry_points.txt
[0.554s] writing requirements to ../../build/shelf_navigator/shelf_navigator.egg-info/requires.txt
[0.554s] writing top-level names to ../../build/shelf_navigator/shelf_navigator.egg-info/top_level.txt
[0.555s] reading manifest file '../../build/shelf_navigator/shelf_navigator.egg-info/SOURCES.txt'
[0.556s] writing manifest file '../../build/shelf_navigator/shelf_navigator.egg-info/SOURCES.txt'
[0.556s] running build
[0.556s] running build_py
[0.556s] copying shelf_navigator/nodes/shelf_id_logic2.py -> /home/rover/ros2_ws/build/shelf_navigator/build/lib/shelf_navigator/nodes
[0.557s] running install
[0.557s] running install_lib
[0.557s] copying /home/rover/ros2_ws/build/shelf_navigator/build/lib/shelf_navigator/nodes/shelf_id_logic2.py -> /home/rover/ros2_ws/install/shelf_navigator/lib/python3.10/site-packages/shelf_navigator/nodes
[0.558s] byte-compiling /home/rover/ros2_ws/install/shelf_navigator/lib/python3.10/site-packages/shelf_navigator/nodes/shelf_id_logic2.py to shelf_id_logic2.cpython-310.pyc
[0.559s] running install_data
[0.559s] running install_egg_info
[0.560s] removing '/home/rover/ros2_ws/install/shelf_navigator/lib/python3.10/site-packages/shelf_navigator-0.0.0-py3.10.egg-info' (and everything under it)
[0.561s] Copying ../../build/shelf_navigator/shelf_navigator.egg-info to /home/rover/ros2_ws/install/shelf_navigator/lib/python3.10/site-packages/shelf_navigator-0.0.0-py3.10.egg-info
[0.561s] running install_scripts
[0.573s] Installing shelf_id_logic script to /home/rover/ros2_ws/install/shelf_navigator/lib/shelf_navigator
[0.573s] Installing shelf_id_logic2 script to /home/rover/ros2_ws/install/shelf_navigator/lib/shelf_navigator
[0.573s] writing list of installed files to '/home/rover/ros2_ws/build/shelf_navigator/install.log'
[0.589s] Invoked command in '/home/rover/ros2_ws/src/shelf_navigator' returned '0': PYTHONPATH=/home/rover/ros2_ws/build/shelf_navigator/prefix_override:/usr/lib/python3/dist-packages/colcon_core/task/python/colcon_distutils_commands:/home/rover/ros2_ws/install/shelf_navigator/lib/python3.10/site-packages:${PYTHONPATH} /usr/bin/python3 -W ignore:setup.py install is deprecated -W ignore:easy_install command is deprecated setup.py egg_info --egg-base ../../build/shelf_navigator build --build-base /home/rover/ros2_ws/build/shelf_navigator/build install --record /home/rover/ros2_ws/build/shelf_navigator/install.log --single-version-externally-managed install_data
