/home/rover/ros2_ws/install/shelf_navigator/lib/python3.10/site-packages/shelf_navigator/__init__.py
/home/rover/ros2_ws/install/shelf_navigator/lib/python3.10/site-packages/shelf_navigator/nodes/shelf_id_logic2.py
/home/rover/ros2_ws/install/shelf_navigator/lib/python3.10/site-packages/shelf_navigator/nodes/shelf_id_logic.py
/home/rover/ros2_ws/install/shelf_navigator/lib/python3.10/site-packages/shelf_navigator/nodes/__init__.py
/home/rover/ros2_ws/install/shelf_navigator/lib/python3.10/site-packages/shelf_navigator/__pycache__/__init__.cpython-310.pyc
/home/rover/ros2_ws/install/shelf_navigator/lib/python3.10/site-packages/shelf_navigator/nodes/__pycache__/shelf_id_logic2.cpython-310.pyc
/home/rover/ros2_ws/install/shelf_navigator/lib/python3.10/site-packages/shelf_navigator/nodes/__pycache__/shelf_id_logic.cpython-310.pyc
/home/rover/ros2_ws/install/shelf_navigator/lib/python3.10/site-packages/shelf_navigator/nodes/__pycache__/__init__.cpython-310.pyc
/home/rover/ros2_ws/install/shelf_navigator/share/ament_index/resource_index/packages/shelf_navigator
/home/rover/ros2_ws/install/shelf_navigator/share/shelf_navigator/package.xml
/home/rover/ros2_ws/install/shelf_navigator/share/shelf_navigator/config/area_home2.yaml
/home/rover/ros2_ws/install/shelf_navigator/share/shelf_navigator/config/area_home.yaml
/home/rover/ros2_ws/install/shelf_navigator/share/shelf_navigator/config/TOHAN.yaml
/home/rover/ros2_ws/install/shelf_navigator/lib/python3.10/site-packages/shelf_navigator-0.0.0-py3.10.egg-info/requires.txt
/home/rover/ros2_ws/install/shelf_navigator/lib/python3.10/site-packages/shelf_navigator-0.0.0-py3.10.egg-info/entry_points.txt
/home/rover/ros2_ws/install/shelf_navigator/lib/python3.10/site-packages/shelf_navigator-0.0.0-py3.10.egg-info/zip-safe
/home/rover/ros2_ws/install/shelf_navigator/lib/python3.10/site-packages/shelf_navigator-0.0.0-py3.10.egg-info/top_level.txt
/home/rover/ros2_ws/install/shelf_navigator/lib/python3.10/site-packages/shelf_navigator-0.0.0-py3.10.egg-info/dependency_links.txt
/home/rover/ros2_ws/install/shelf_navigator/lib/python3.10/site-packages/shelf_navigator-0.0.0-py3.10.egg-info/SOURCES.txt
/home/rover/ros2_ws/install/shelf_navigator/lib/python3.10/site-packages/shelf_navigator-0.0.0-py3.10.egg-info/PKG-INFO
/home/rover/ros2_ws/install/shelf_navigator/lib/shelf_navigator/shelf_id_logic
/home/rover/ros2_ws/install/shelf_navigator/lib/shelf_navigator/shelf_id_logic2
