running egg_info
creating ../../build/iai_cylinder/iai_cylinder.egg-info
writing ../../build/iai_cylinder/iai_cylinder.egg-info/PKG-INFO
writing dependency_links to ../../build/iai_cylinder/iai_cylinder.egg-info/dependency_links.txt
writing entry points to ../../build/iai_cylinder/iai_cylinder.egg-info/entry_points.txt
writing requirements to ../../build/iai_cylinder/iai_cylinder.egg-info/requires.txt
writing top-level names to ../../build/iai_cylinder/iai_cylinder.egg-info/top_level.txt
writing manifest file '../../build/iai_cylinder/iai_cylinder.egg-info/SOURCES.txt'
reading manifest file '../../build/iai_cylinder/iai_cylinder.egg-info/SOURCES.txt'
writing manifest file '../../build/iai_cylinder/iai_cylinder.egg-info/SOURCES.txt'
running build
running build_py
creating /home/rover/ros2_ws/build/iai_cylinder/build
creating /home/rover/ros2_ws/build/iai_cylinder/build/lib
creating /home/rover/ros2_ws/build/iai_cylinder/build/lib/iai_cylinder
copying iai_cylinder/height_controller.py -> /home/rover/ros2_ws/build/iai_cylinder/build/lib/iai_cylinder
copying iai_cylinder/__init__.py -> /home/rover/ros2_ws/build/iai_cylinder/build/lib/iai_cylinder
running install
running install_lib
creating /home/rover/ros2_ws/install/iai_cylinder/lib/python3.10/site-packages/iai_cylinder
copying /home/rover/ros2_ws/build/iai_cylinder/build/lib/iai_cylinder/height_controller.py -> /home/rover/ros2_ws/install/iai_cylinder/lib/python3.10/site-packages/iai_cylinder
copying /home/rover/ros2_ws/build/iai_cylinder/build/lib/iai_cylinder/__init__.py -> /home/rover/ros2_ws/install/iai_cylinder/lib/python3.10/site-packages/iai_cylinder
byte-compiling /home/rover/ros2_ws/install/iai_cylinder/lib/python3.10/site-packages/iai_cylinder/height_controller.py to height_controller.cpython-310.pyc
byte-compiling /home/rover/ros2_ws/install/iai_cylinder/lib/python3.10/site-packages/iai_cylinder/__init__.py to __init__.cpython-310.pyc
running install_data
creating /home/rover/ros2_ws/install/iai_cylinder/share/ament_index
creating /home/rover/ros2_ws/install/iai_cylinder/share/ament_index/resource_index
creating /home/rover/ros2_ws/install/iai_cylinder/share/ament_index/resource_index/packages
copying resource/iai_cylinder -> /home/rover/ros2_ws/install/iai_cylinder/share/ament_index/resource_index/packages
copying package.xml -> /home/rover/ros2_ws/install/iai_cylinder/share/iai_cylinder
running install_egg_info
Copying ../../build/iai_cylinder/iai_cylinder.egg-info to /home/rover/ros2_ws/install/iai_cylinder/lib/python3.10/site-packages/iai_cylinder-0.0.0-py3.10.egg-info
running install_scripts
Installing height_controller script to /home/rover/ros2_ws/install/iai_cylinder/lib/iai_cylinder
writing list of installed files to '/home/rover/ros2_ws/build/iai_cylinder/install.log'
