[2.263s] Invoking command in '/home/rover/ros2_ws/src/iai_cylinder': PYTHONPATH=/home/rover/ros2_ws/build/iai_cylinder/prefix_override:/usr/lib/python3/dist-packages/colcon_core/task/python/colcon_distutils_commands:/home/rover/ros2_ws/install/iai_cylinder/lib/python3.10/site-packages:${PYTHONPATH} /usr/bin/python3 -W ignore:setup.py install is deprecated -W ignore:easy_install command is deprecated setup.py egg_info --egg-base ../../build/iai_cylinder build --build-base /home/rover/ros2_ws/build/iai_cylinder/build install --record /home/rover/ros2_ws/build/iai_cylinder/install.log --single-version-externally-managed install_data
[2.584s] running egg_info
[2.584s] creating ../../build/iai_cylinder/iai_cylinder.egg-info
[2.585s] writing ../../build/iai_cylinder/iai_cylinder.egg-info/PKG-INFO
[2.585s] writing dependency_links to ../../build/iai_cylinder/iai_cylinder.egg-info/dependency_links.txt
[2.585s] writing entry points to ../../build/iai_cylinder/iai_cylinder.egg-info/entry_points.txt
[2.585s] writing requirements to ../../build/iai_cylinder/iai_cylinder.egg-info/requires.txt
[2.585s] writing top-level names to ../../build/iai_cylinder/iai_cylinder.egg-info/top_level.txt
[2.585s] writing manifest file '../../build/iai_cylinder/iai_cylinder.egg-info/SOURCES.txt'
[2.585s] reading manifest file '../../build/iai_cylinder/iai_cylinder.egg-info/SOURCES.txt'
[2.585s] writing manifest file '../../build/iai_cylinder/iai_cylinder.egg-info/SOURCES.txt'
[2.585s] running build
[2.585s] running build_py
[2.585s] creating /home/rover/ros2_ws/build/iai_cylinder/build
[2.585s] creating /home/rover/ros2_ws/build/iai_cylinder/build/lib
[2.585s] creating /home/rover/ros2_ws/build/iai_cylinder/build/lib/iai_cylinder
[2.585s] copying iai_cylinder/height_controller.py -> /home/rover/ros2_ws/build/iai_cylinder/build/lib/iai_cylinder
[2.585s] copying iai_cylinder/__init__.py -> /home/rover/ros2_ws/build/iai_cylinder/build/lib/iai_cylinder
[2.585s] running install
[2.586s] running install_lib
[2.586s] creating /home/rover/ros2_ws/install/iai_cylinder/lib/python3.10/site-packages/iai_cylinder
[2.586s] copying /home/rover/ros2_ws/build/iai_cylinder/build/lib/iai_cylinder/height_controller.py -> /home/rover/ros2_ws/install/iai_cylinder/lib/python3.10/site-packages/iai_cylinder
[2.586s] copying /home/rover/ros2_ws/build/iai_cylinder/build/lib/iai_cylinder/__init__.py -> /home/rover/ros2_ws/install/iai_cylinder/lib/python3.10/site-packages/iai_cylinder
[2.586s] byte-compiling /home/rover/ros2_ws/install/iai_cylinder/lib/python3.10/site-packages/iai_cylinder/height_controller.py to height_controller.cpython-310.pyc
[2.586s] byte-compiling /home/rover/ros2_ws/install/iai_cylinder/lib/python3.10/site-packages/iai_cylinder/__init__.py to __init__.cpython-310.pyc
[2.586s] running install_data
[2.586s] creating /home/rover/ros2_ws/install/iai_cylinder/share/ament_index
[2.586s] creating /home/rover/ros2_ws/install/iai_cylinder/share/ament_index/resource_index
[2.586s] creating /home/rover/ros2_ws/install/iai_cylinder/share/ament_index/resource_index/packages
[2.586s] copying resource/iai_cylinder -> /home/rover/ros2_ws/install/iai_cylinder/share/ament_index/resource_index/packages
[2.586s] copying package.xml -> /home/rover/ros2_ws/install/iai_cylinder/share/iai_cylinder
[2.586s] running install_egg_info
[2.586s] Copying ../../build/iai_cylinder/iai_cylinder.egg-info to /home/rover/ros2_ws/install/iai_cylinder/lib/python3.10/site-packages/iai_cylinder-0.0.0-py3.10.egg-info
[2.586s] running install_scripts
[2.605s] Installing height_controller script to /home/rover/ros2_ws/install/iai_cylinder/lib/iai_cylinder
[2.605s] writing list of installed files to '/home/rover/ros2_ws/build/iai_cylinder/install.log'
[2.665s] Invoked command in '/home/rover/ros2_ws/src/iai_cylinder' returned '0': PYTHONPATH=/home/rover/ros2_ws/build/iai_cylinder/prefix_override:/usr/lib/python3/dist-packages/colcon_core/task/python/colcon_distutils_commands:/home/rover/ros2_ws/install/iai_cylinder/lib/python3.10/site-packages:${PYTHONPATH} /usr/bin/python3 -W ignore:setup.py install is deprecated -W ignore:easy_install command is deprecated setup.py egg_info --egg-base ../../build/iai_cylinder build --build-base /home/rover/ros2_ws/build/iai_cylinder/build install --record /home/rover/ros2_ws/build/iai_cylinder/install.log --single-version-externally-managed install_data
