[1.423s] Invoking command in '/home/rover/ros2_ws/build/vs_rover_options_description': CMAKE_PREFIX_PATH=${CMAKE_PREFIX_PATH}:/home/rover/ros2_ws/install/wall_ransac_initializer:/home/rover/ros2_ws/install/udp_bridge:/home/rover/ros2_ws/install/trajectory_logger:/home/rover/ros2_ws/install/shelf_navigator:/home/rover/ros2_ws/install/ros2_to_ros1_bridge:/home/rover/ros2_ws/install/js0_teleop:/home/rover/ros2_ws/install/iai_cylinder:/home/rover/ros2_ws/install/final_approach_controller:/home/rover/ros2_ws/install/arrow_key_teleop:/opt/ros/humble /usr/bin/cmake /home/rover/ros2_ws/src/vs_rover_options_description -DCMAKE_INSTALL_PREFIX=/home/rover/ros2_ws/install/vs_rover_options_description
[1.628s] -- The C compiler identification is GNU 11.4.0
[1.628s] -- The CXX compiler identification is GNU 11.4.0
[1.628s] -- Detecting C compiler ABI info
[1.629s] -- Detecting C compiler ABI info - done
[1.629s] -- Check for working C compiler: /usr/bin/cc - skipped
[1.629s] -- Detecting C compile features
[1.629s] -- Detecting C compile features - done
[1.629s] -- Detecting CXX compiler ABI info
[1.717s] -- Detecting CXX compiler ABI info - done
[1.722s] -- Check for working CXX compiler: /usr/bin/c++ - skipped
[1.722s] -- Detecting CXX compile features
[1.722s] -- Detecting CXX compile features - done
[1.722s] -- Found ament_cmake: 1.3.12 (/opt/ros/humble/share/ament_cmake/cmake)
[2.074s] -- Found Python3: /usr/bin/python3 (found version "3.10.12") found components: Interpreter 
[2.220s] -- Found ament_lint_auto: 0.12.14 (/opt/ros/humble/share/ament_lint_auto/cmake)
[2.279s] -- Configuring done
[2.287s] -- Generating done
[2.289s] -- Build files have been written to: /home/rover/ros2_ws/build/vs_rover_options_description
[2.313s] Invoked command in '/home/rover/ros2_ws/build/vs_rover_options_description' returned '0': CMAKE_PREFIX_PATH=${CMAKE_PREFIX_PATH}:/home/rover/ros2_ws/install/wall_ransac_initializer:/home/rover/ros2_ws/install/udp_bridge:/home/rover/ros2_ws/install/trajectory_logger:/home/rover/ros2_ws/install/shelf_navigator:/home/rover/ros2_ws/install/ros2_to_ros1_bridge:/home/rover/ros2_ws/install/js0_teleop:/home/rover/ros2_ws/install/iai_cylinder:/home/rover/ros2_ws/install/final_approach_controller:/home/rover/ros2_ws/install/arrow_key_teleop:/opt/ros/humble /usr/bin/cmake /home/rover/ros2_ws/src/vs_rover_options_description -DCMAKE_INSTALL_PREFIX=/home/rover/ros2_ws/install/vs_rover_options_description
[2.317s] Invoking command in '/home/rover/ros2_ws/build/vs_rover_options_description': CMAKE_PREFIX_PATH=${CMAKE_PREFIX_PATH}:/home/rover/ros2_ws/install/wall_ransac_initializer:/home/rover/ros2_ws/install/udp_bridge:/home/rover/ros2_ws/install/trajectory_logger:/home/rover/ros2_ws/install/shelf_navigator:/home/rover/ros2_ws/install/ros2_to_ros1_bridge:/home/rover/ros2_ws/install/js0_teleop:/home/rover/ros2_ws/install/iai_cylinder:/home/rover/ros2_ws/install/final_approach_controller:/home/rover/ros2_ws/install/arrow_key_teleop:/opt/ros/humble /usr/bin/cmake --build /home/rover/ros2_ws/build/vs_rover_options_description -- -j18 -l18
[2.597s] Invoked command in '/home/rover/ros2_ws/build/vs_rover_options_description' returned '0': CMAKE_PREFIX_PATH=${CMAKE_PREFIX_PATH}:/home/rover/ros2_ws/install/wall_ransac_initializer:/home/rover/ros2_ws/install/udp_bridge:/home/rover/ros2_ws/install/trajectory_logger:/home/rover/ros2_ws/install/shelf_navigator:/home/rover/ros2_ws/install/ros2_to_ros1_bridge:/home/rover/ros2_ws/install/js0_teleop:/home/rover/ros2_ws/install/iai_cylinder:/home/rover/ros2_ws/install/final_approach_controller:/home/rover/ros2_ws/install/arrow_key_teleop:/opt/ros/humble /usr/bin/cmake --build /home/rover/ros2_ws/build/vs_rover_options_description -- -j18 -l18
[2.609s] Invoking command in '/home/rover/ros2_ws/build/vs_rover_options_description': CMAKE_PREFIX_PATH=${CMAKE_PREFIX_PATH}:/home/rover/ros2_ws/install/wall_ransac_initializer:/home/rover/ros2_ws/install/udp_bridge:/home/rover/ros2_ws/install/trajectory_logger:/home/rover/ros2_ws/install/shelf_navigator:/home/rover/ros2_ws/install/ros2_to_ros1_bridge:/home/rover/ros2_ws/install/js0_teleop:/home/rover/ros2_ws/install/iai_cylinder:/home/rover/ros2_ws/install/final_approach_controller:/home/rover/ros2_ws/install/arrow_key_teleop:/opt/ros/humble /usr/bin/cmake --install /home/rover/ros2_ws/build/vs_rover_options_description
[2.615s] -- Install configuration: ""
[2.616s] -- Installing: /home/rover/ros2_ws/install/vs_rover_options_description/share/vs_rover_options_description/meshes
[2.616s] -- Installing: /home/rover/ros2_ws/install/vs_rover_options_description/share/vs_rover_options_description/meshes/cam_stay
[2.616s] -- Installing: /home/rover/ros2_ws/install/vs_rover_options_description/share/vs_rover_options_description/meshes/cam_stay/cam_mount_frame.stl
[2.616s] -- Installing: /home/rover/ros2_ws/install/vs_rover_options_description/share/vs_rover_options_description/meshes/cam_stay/cam_mount_link.stl
[2.616s] -- Installing: /home/rover/ros2_ws/install/vs_rover_options_description/share/vs_rover_options_description/meshes/depth_cam
[2.616s] -- Installing: /home/rover/ros2_ws/install/vs_rover_options_description/share/vs_rover_options_description/meshes/depth_cam/d435.dae
[2.639s] -- Installing: /home/rover/ros2_ws/install/vs_rover_options_description/share/vs_rover_options_description/meshes/bumper
[2.639s] -- Installing: /home/rover/ros2_ws/install/vs_rover_options_description/share/vs_rover_options_description/meshes/bumper/mega3_bumper_link.stl
[2.639s] -- Installing: /home/rover/ros2_ws/install/vs_rover_options_description/share/vs_rover_options_description/meshes/bumper/f120a_bumper_plate.stl
[2.639s] -- Installing: /home/rover/ros2_ws/install/vs_rover_options_description/share/vs_rover_options_description/meshes/bumper/f120a_bumper_link.stl
[2.639s] -- Installing: /home/rover/ros2_ws/install/vs_rover_options_description/share/vs_rover_options_description/meshes/bumper/mega3_bumper_plate.stl
[2.639s] -- Installing: /home/rover/ros2_ws/install/vs_rover_options_description/share/vs_rover_options_description/meshes/lrf
[2.640s] -- Installing: /home/rover/ros2_ws/install/vs_rover_options_description/share/vs_rover_options_description/meshes/lrf/tg30.stl
[2.640s] -- Installing: /home/rover/ros2_ws/install/vs_rover_options_description/share/vs_rover_options_description/urdf
[2.640s] -- Installing: /home/rover/ros2_ws/install/vs_rover_options_description/share/vs_rover_options_description/urdf/cam_stay
[2.640s] -- Installing: /home/rover/ros2_ws/install/vs_rover_options_description/share/vs_rover_options_description/urdf/cam_stay/cam_stay_f120a.xacro
[2.640s] -- Installing: /home/rover/ros2_ws/install/vs_rover_options_description/share/vs_rover_options_description/urdf/cam_stay/cam_stay_mega3.xacro
[2.640s] -- Installing: /home/rover/ros2_ws/install/vs_rover_options_description/share/vs_rover_options_description/urdf/cam_stay/cam_stay_mecanum3.xacro
[2.640s] -- Installing: /home/rover/ros2_ws/install/vs_rover_options_description/share/vs_rover_options_description/urdf/depth_cam
[2.640s] -- Installing: /home/rover/ros2_ws/install/vs_rover_options_description/share/vs_rover_options_description/urdf/depth_cam/_d435.gazebo.xacro
[2.640s] -- Installing: /home/rover/ros2_ws/install/vs_rover_options_description/share/vs_rover_options_description/urdf/depth_cam/_d435.urdf.xacro
[2.640s] -- Installing: /home/rover/ros2_ws/install/vs_rover_options_description/share/vs_rover_options_description/urdf/depth_cam/_d435i_imu_modules.urdf.xacro
[2.640s] -- Installing: /home/rover/ros2_ws/install/vs_rover_options_description/share/vs_rover_options_description/urdf/depth_cam/_d435i.urdf.xacro
[2.640s] -- Installing: /home/rover/ros2_ws/install/vs_rover_options_description/share/vs_rover_options_description/urdf/bumper
[2.640s] -- Installing: /home/rover/ros2_ws/install/vs_rover_options_description/share/vs_rover_options_description/urdf/bumper/bumper_mega3.xacro
[2.641s] -- Installing: /home/rover/ros2_ws/install/vs_rover_options_description/share/vs_rover_options_description/urdf/bumper/bumper_f120a.xacro
[2.641s] -- Installing: /home/rover/ros2_ws/install/vs_rover_options_description/share/vs_rover_options_description/urdf/lrf
[2.641s] -- Installing: /home/rover/ros2_ws/install/vs_rover_options_description/share/vs_rover_options_description/urdf/lrf/tg30_f120a.gazebo
[2.641s] -- Installing: /home/rover/ros2_ws/install/vs_rover_options_description/share/vs_rover_options_description/urdf/lrf/tg30_f120a.xacro
[2.641s] -- Installing: /home/rover/ros2_ws/install/vs_rover_options_description/share/vs_rover_options_description/urdf/lrf/tg30_mecanum3.xacro
[2.641s] -- Installing: /home/rover/ros2_ws/install/vs_rover_options_description/share/vs_rover_options_description/urdf/lrf/tg30_mega3.xacro
[2.641s] -- Installing: /home/rover/ros2_ws/install/vs_rover_options_description/share/vs_rover_options_description/urdf/lrf/tg30_mecanum3.gazebo
[2.641s] -- Installing: /home/rover/ros2_ws/install/vs_rover_options_description/share/vs_rover_options_description/urdf/lrf/tg30_mega3.gazebo
[2.641s] -- Installing: /home/rover/ros2_ws/install/vs_rover_options_description/share/ament_index/resource_index/package_run_dependencies/vs_rover_options_description
[2.641s] -- Installing: /home/rover/ros2_ws/install/vs_rover_options_description/share/ament_index/resource_index/parent_prefix_path/vs_rover_options_description
[2.645s] -- Installing: /home/rover/ros2_ws/install/vs_rover_options_description/share/vs_rover_options_description/environment/ament_prefix_path.sh
[2.645s] -- Installing: /home/rover/ros2_ws/install/vs_rover_options_description/share/vs_rover_options_description/environment/ament_prefix_path.dsv
[2.645s] -- Installing: /home/rover/ros2_ws/install/vs_rover_options_description/share/vs_rover_options_description/environment/path.sh
[2.645s] -- Installing: /home/rover/ros2_ws/install/vs_rover_options_description/share/vs_rover_options_description/environment/path.dsv
[2.645s] -- Installing: /home/rover/ros2_ws/install/vs_rover_options_description/share/vs_rover_options_description/local_setup.bash
[2.645s] -- Installing: /home/rover/ros2_ws/install/vs_rover_options_description/share/vs_rover_options_description/local_setup.sh
[2.645s] -- Installing: /home/rover/ros2_ws/install/vs_rover_options_description/share/vs_rover_options_description/local_setup.zsh
[2.645s] -- Installing: /home/rover/ros2_ws/install/vs_rover_options_description/share/vs_rover_options_description/local_setup.dsv
[2.645s] -- Installing: /home/rover/ros2_ws/install/vs_rover_options_description/share/vs_rover_options_description/package.dsv
[2.645s] -- Installing: /home/rover/ros2_ws/install/vs_rover_options_description/share/ament_index/resource_index/packages/vs_rover_options_description
[2.645s] -- Installing: /home/rover/ros2_ws/install/vs_rover_options_description/share/vs_rover_options_description/cmake/vs_rover_options_descriptionConfig.cmake
[2.645s] -- Installing: /home/rover/ros2_ws/install/vs_rover_options_description/share/vs_rover_options_description/cmake/vs_rover_options_descriptionConfig-version.cmake
[2.645s] -- Installing: /home/rover/ros2_ws/install/vs_rover_options_description/share/vs_rover_options_description/package.xml
[2.652s] Invoked command in '/home/rover/ros2_ws/build/vs_rover_options_description' returned '0': CMAKE_PREFIX_PATH=${CMAKE_PREFIX_PATH}:/home/rover/ros2_ws/install/wall_ransac_initializer:/home/rover/ros2_ws/install/udp_bridge:/home/rover/ros2_ws/install/trajectory_logger:/home/rover/ros2_ws/install/shelf_navigator:/home/rover/ros2_ws/install/ros2_to_ros1_bridge:/home/rover/ros2_ws/install/js0_teleop:/home/rover/ros2_ws/install/iai_cylinder:/home/rover/ros2_ws/install/final_approach_controller:/home/rover/ros2_ws/install/arrow_key_teleop:/opt/ros/humble /usr/bin/cmake --install /home/rover/ros2_ws/build/vs_rover_options_description
