[35m[1mConsolidate compiler generated dependencies of target scan_merger[0m
[ 50%] [32mBuilding CXX object CMakeFiles/scan_merger.dir/src/scan_merger.cpp.o[0m
[100%] [32m[1mLinking CXX executable scan_merger[0m
[100%] Built target scan_merger
-- Install configuration: ""
-- Execute custom install script
-- Up-to-date symlink: /home/rover/ros2_ws/install/my_scan_merger/lib/my_scan_merger/scan_merger
-- Up-to-date symlink: /home/rover/ros2_ws/install/my_scan_merger/share/ament_index/resource_index/package_run_dependencies/my_scan_merger
-- Up-to-date symlink: /home/rover/ros2_ws/install/my_scan_merger/share/ament_index/resource_index/parent_prefix_path/my_scan_merger
-- Up-to-date symlink: /home/rover/ros2_ws/install/my_scan_merger/share/my_scan_merger/environment/ament_prefix_path.sh
-- Up-to-date symlink: /home/rover/ros2_ws/install/my_scan_merger/share/my_scan_merger/environment/ament_prefix_path.dsv
-- Up-to-date symlink: /home/rover/ros2_ws/install/my_scan_merger/share/my_scan_merger/environment/path.sh
-- Up-to-date symlink: /home/rover/ros2_ws/install/my_scan_merger/share/my_scan_merger/environment/path.dsv
-- Up-to-date symlink: /home/rover/ros2_ws/install/my_scan_merger/share/my_scan_merger/local_setup.bash
-- Up-to-date symlink: /home/rover/ros2_ws/install/my_scan_merger/share/my_scan_merger/local_setup.sh
-- Up-to-date symlink: /home/rover/ros2_ws/install/my_scan_merger/share/my_scan_merger/local_setup.zsh
-- Up-to-date symlink: /home/rover/ros2_ws/install/my_scan_merger/share/my_scan_merger/local_setup.dsv
-- Symlinking: /home/rover/ros2_ws/install/my_scan_merger/share/my_scan_merger/package.dsv
-- Up-to-date symlink: /home/rover/ros2_ws/install/my_scan_merger/share/ament_index/resource_index/packages/my_scan_merger
-- Up-to-date symlink: /home/rover/ros2_ws/install/my_scan_merger/share/my_scan_merger/cmake/my_scan_mergerConfig.cmake
-- Up-to-date symlink: /home/rover/ros2_ws/install/my_scan_merger/share/my_scan_merger/cmake/my_scan_mergerConfig-version.cmake
-- Up-to-date symlink: /home/rover/ros2_ws/install/my_scan_merger/share/my_scan_merger/package.xml
