[0.542s] Invoking command in '/home/rover/ros2_ws/src/udp_bridge': PYTHONPATH=/home/rover/ros2_ws/build/udp_bridge/prefix_override:/usr/lib/python3/dist-packages/colcon_core/task/python/colcon_distutils_commands:/home/rover/ros2_ws/install/udp_bridge/lib/python3.10/site-packages:${PYTHONPATH} /usr/bin/python3 -W ignore:setup.py install is deprecated -W ignore:easy_install command is deprecated setup.py egg_info --egg-base ../../build/udp_bridge build --build-base /home/rover/ros2_ws/build/udp_bridge/build install --record /home/rover/ros2_ws/build/udp_bridge/install.log --single-version-externally-managed install_data
[0.760s] running egg_info
[0.760s] writing ../../build/udp_bridge/udp_bridge.egg-info/PKG-INFO
[0.760s] writing dependency_links to ../../build/udp_bridge/udp_bridge.egg-info/dependency_links.txt
[0.760s] writing entry points to ../../build/udp_bridge/udp_bridge.egg-info/entry_points.txt
[0.761s] writing requirements to ../../build/udp_bridge/udp_bridge.egg-info/requires.txt
[0.761s] writing top-level names to ../../build/udp_bridge/udp_bridge.egg-info/top_level.txt
[0.762s] reading manifest file '../../build/udp_bridge/udp_bridge.egg-info/SOURCES.txt'
[0.763s] writing manifest file '../../build/udp_bridge/udp_bridge.egg-info/SOURCES.txt'
[0.763s] running build
[0.763s] running build_py
[0.763s] copying udp_bridge/wall_distance_sender.py -> /home/rover/ros2_ws/build/udp_bridge/build/lib/udp_bridge
[0.763s] running install
[0.764s] running install_lib
[0.764s] copying /home/rover/ros2_ws/build/udp_bridge/build/lib/udp_bridge/wall_distance_sender.py -> /home/rover/ros2_ws/install/udp_bridge/lib/python3.10/site-packages/udp_bridge
[0.765s] byte-compiling /home/rover/ros2_ws/install/udp_bridge/lib/python3.10/site-packages/udp_bridge/wall_distance_sender.py to wall_distance_sender.cpython-310.pyc
[0.766s] running install_data
[0.766s] copying launch/udp_bridge.launch.py -> /home/rover/ros2_ws/install/udp_bridge/share/udp_bridge/launch
[0.766s] running install_egg_info
[0.767s] removing '/home/rover/ros2_ws/install/udp_bridge/lib/python3.10/site-packages/udp_bridge-0.0.0-py3.10.egg-info' (and everything under it)
[0.767s] Copying ../../build/udp_bridge/udp_bridge.egg-info to /home/rover/ros2_ws/install/udp_bridge/lib/python3.10/site-packages/udp_bridge-0.0.0-py3.10.egg-info
[0.768s] running install_scripts
[0.787s] Installing error_x_receiver script to /home/rover/ros2_ws/install/udp_bridge/lib/udp_bridge
[0.787s] Installing navigation_goal_final_sender script to /home/rover/ros2_ws/install/udp_bridge/lib/udp_bridge
[0.787s] Installing navigation_goal_sender script to /home/rover/ros2_ws/install/udp_bridge/lib/udp_bridge
[0.787s] Installing shelf_id_receiver script to /home/rover/ros2_ws/install/udp_bridge/lib/udp_bridge
[0.787s] Installing wall_distance_sender script to /home/rover/ros2_ws/install/udp_bridge/lib/udp_bridge
[0.787s] writing list of installed files to '/home/rover/ros2_ws/build/udp_bridge/install.log'
[0.804s] Invoked command in '/home/rover/ros2_ws/src/udp_bridge' returned '0': PYTHONPATH=/home/rover/ros2_ws/build/udp_bridge/prefix_override:/usr/lib/python3/dist-packages/colcon_core/task/python/colcon_distutils_commands:/home/rover/ros2_ws/install/udp_bridge/lib/python3.10/site-packages:${PYTHONPATH} /usr/bin/python3 -W ignore:setup.py install is deprecated -W ignore:easy_install command is deprecated setup.py egg_info --egg-base ../../build/udp_bridge build --build-base /home/rover/ros2_ws/build/udp_bridge/build install --record /home/rover/ros2_ws/build/udp_bridge/install.log --single-version-externally-managed install_data
