running egg_info
creating ../../build/ros2_to_ros1_bridge/ros2_to_ros1_bridge.egg-info
writing ../../build/ros2_to_ros1_bridge/ros2_to_ros1_bridge.egg-info/PKG-INFO
writing dependency_links to ../../build/ros2_to_ros1_bridge/ros2_to_ros1_bridge.egg-info/dependency_links.txt
writing entry points to ../../build/ros2_to_ros1_bridge/ros2_to_ros1_bridge.egg-info/entry_points.txt
writing requirements to ../../build/ros2_to_ros1_bridge/ros2_to_ros1_bridge.egg-info/requires.txt
writing top-level names to ../../build/ros2_to_ros1_bridge/ros2_to_ros1_bridge.egg-info/top_level.txt
writing manifest file '../../build/ros2_to_ros1_bridge/ros2_to_ros1_bridge.egg-info/SOURCES.txt'
reading manifest file '../../build/ros2_to_ros1_bridge/ros2_to_ros1_bridge.egg-info/SOURCES.txt'
writing manifest file '../../build/ros2_to_ros1_bridge/ros2_to_ros1_bridge.egg-info/SOURCES.txt'
running build
running build_py
creating /home/rover/ros2_ws/build/ros2_to_ros1_bridge/build
creating /home/rover/ros2_ws/build/ros2_to_ros1_bridge/build/lib
creating /home/rover/ros2_ws/build/ros2_to_ros1_bridge/build/lib/ros2_to_ros1_bridge
copying ros2_to_ros1_bridge/rover_odo_bridge.py -> /home/rover/ros2_ws/build/ros2_to_ros1_bridge/build/lib/ros2_to_ros1_bridge
copying ros2_to_ros1_bridge/ros2_cmd_vel_bridge.py -> /home/rover/ros2_ws/build/ros2_to_ros1_bridge/build/lib/ros2_to_ros1_bridge
copying ros2_to_ros1_bridge/__init__.py -> /home/rover/ros2_ws/build/ros2_to_ros1_bridge/build/lib/ros2_to_ros1_bridge
copying ros2_to_ros1_bridge/rover_encoder_bridge_ros2.py -> /home/rover/ros2_ws/build/ros2_to_ros1_bridge/build/lib/ros2_to_ros1_bridge
running install
running install_lib
creating /home/rover/ros2_ws/install/ros2_to_ros1_bridge/lib/python3.10/site-packages/ros2_to_ros1_bridge
copying /home/rover/ros2_ws/build/ros2_to_ros1_bridge/build/lib/ros2_to_ros1_bridge/rover_odo_bridge.py -> /home/rover/ros2_ws/install/ros2_to_ros1_bridge/lib/python3.10/site-packages/ros2_to_ros1_bridge
copying /home/rover/ros2_ws/build/ros2_to_ros1_bridge/build/lib/ros2_to_ros1_bridge/ros2_cmd_vel_bridge.py -> /home/rover/ros2_ws/install/ros2_to_ros1_bridge/lib/python3.10/site-packages/ros2_to_ros1_bridge
copying /home/rover/ros2_ws/build/ros2_to_ros1_bridge/build/lib/ros2_to_ros1_bridge/__init__.py -> /home/rover/ros2_ws/install/ros2_to_ros1_bridge/lib/python3.10/site-packages/ros2_to_ros1_bridge
copying /home/rover/ros2_ws/build/ros2_to_ros1_bridge/build/lib/ros2_to_ros1_bridge/rover_encoder_bridge_ros2.py -> /home/rover/ros2_ws/install/ros2_to_ros1_bridge/lib/python3.10/site-packages/ros2_to_ros1_bridge
byte-compiling /home/rover/ros2_ws/install/ros2_to_ros1_bridge/lib/python3.10/site-packages/ros2_to_ros1_bridge/rover_odo_bridge.py to rover_odo_bridge.cpython-310.pyc
byte-compiling /home/rover/ros2_ws/install/ros2_to_ros1_bridge/lib/python3.10/site-packages/ros2_to_ros1_bridge/ros2_cmd_vel_bridge.py to ros2_cmd_vel_bridge.cpython-310.pyc
byte-compiling /home/rover/ros2_ws/install/ros2_to_ros1_bridge/lib/python3.10/site-packages/ros2_to_ros1_bridge/__init__.py to __init__.cpython-310.pyc
byte-compiling /home/rover/ros2_ws/install/ros2_to_ros1_bridge/lib/python3.10/site-packages/ros2_to_ros1_bridge/rover_encoder_bridge_ros2.py to rover_encoder_bridge_ros2.cpython-310.pyc
running install_data
creating /home/rover/ros2_ws/install/ros2_to_ros1_bridge/share/ament_index
creating /home/rover/ros2_ws/install/ros2_to_ros1_bridge/share/ament_index/resource_index
creating /home/rover/ros2_ws/install/ros2_to_ros1_bridge/share/ament_index/resource_index/packages
copying resource/ros2_to_ros1_bridge -> /home/rover/ros2_ws/install/ros2_to_ros1_bridge/share/ament_index/resource_index/packages
copying package.xml -> /home/rover/ros2_ws/install/ros2_to_ros1_bridge/share/ros2_to_ros1_bridge
running install_egg_info
Copying ../../build/ros2_to_ros1_bridge/ros2_to_ros1_bridge.egg-info to /home/rover/ros2_ws/install/ros2_to_ros1_bridge/lib/python3.10/site-packages/ros2_to_ros1_bridge-0.0.0-py3.10.egg-info
running install_scripts
Installing ros2_cmd_vel_bridge script to /home/rover/ros2_ws/install/ros2_to_ros1_bridge/lib/ros2_to_ros1_bridge
Installing ros2_rover_odo_bridge script to /home/rover/ros2_ws/install/ros2_to_ros1_bridge/lib/ros2_to_ros1_bridge
Installing rover_encoder_bridge_ros2 script to /home/rover/ros2_ws/install/ros2_to_ros1_bridge/lib/ros2_to_ros1_bridge
writing list of installed files to '/home/rover/ros2_ws/build/ros2_to_ros1_bridge/install.log'
