[2.244s] Invoking command in '/home/rover/ros2_ws/src/ros2_to_ros1_bridge': PYTHONPATH=/home/rover/ros2_ws/build/ros2_to_ros1_bridge/prefix_override:/usr/lib/python3/dist-packages/colcon_core/task/python/colcon_distutils_commands:/home/rover/ros2_ws/install/ros2_to_ros1_bridge/lib/python3.10/site-packages:${PYTHONPATH} /usr/bin/python3 -W ignore:setup.py install is deprecated -W ignore:easy_install command is deprecated setup.py egg_info --egg-base ../../build/ros2_to_ros1_bridge build --build-base /home/rover/ros2_ws/build/ros2_to_ros1_bridge/build install --record /home/rover/ros2_ws/build/ros2_to_ros1_bridge/install.log --single-version-externally-managed install_data
[2.624s] running egg_info
[2.624s] creating ../../build/ros2_to_ros1_bridge/ros2_to_ros1_bridge.egg-info
[2.624s] writing ../../build/ros2_to_ros1_bridge/ros2_to_ros1_bridge.egg-info/PKG-INFO
[2.624s] writing dependency_links to ../../build/ros2_to_ros1_bridge/ros2_to_ros1_bridge.egg-info/dependency_links.txt
[2.624s] writing entry points to ../../build/ros2_to_ros1_bridge/ros2_to_ros1_bridge.egg-info/entry_points.txt
[2.624s] writing requirements to ../../build/ros2_to_ros1_bridge/ros2_to_ros1_bridge.egg-info/requires.txt
[2.624s] writing top-level names to ../../build/ros2_to_ros1_bridge/ros2_to_ros1_bridge.egg-info/top_level.txt
[2.624s] writing manifest file '../../build/ros2_to_ros1_bridge/ros2_to_ros1_bridge.egg-info/SOURCES.txt'
[2.625s] reading manifest file '../../build/ros2_to_ros1_bridge/ros2_to_ros1_bridge.egg-info/SOURCES.txt'
[2.625s] writing manifest file '../../build/ros2_to_ros1_bridge/ros2_to_ros1_bridge.egg-info/SOURCES.txt'
[2.625s] running build
[2.625s] running build_py
[2.626s] creating /home/rover/ros2_ws/build/ros2_to_ros1_bridge/build
[2.626s] creating /home/rover/ros2_ws/build/ros2_to_ros1_bridge/build/lib
[2.626s] creating /home/rover/ros2_ws/build/ros2_to_ros1_bridge/build/lib/ros2_to_ros1_bridge
[2.626s] copying ros2_to_ros1_bridge/rover_odo_bridge.py -> /home/rover/ros2_ws/build/ros2_to_ros1_bridge/build/lib/ros2_to_ros1_bridge
[2.628s] copying ros2_to_ros1_bridge/ros2_cmd_vel_bridge.py -> /home/rover/ros2_ws/build/ros2_to_ros1_bridge/build/lib/ros2_to_ros1_bridge
[2.628s] copying ros2_to_ros1_bridge/__init__.py -> /home/rover/ros2_ws/build/ros2_to_ros1_bridge/build/lib/ros2_to_ros1_bridge
[2.628s] copying ros2_to_ros1_bridge/rover_encoder_bridge_ros2.py -> /home/rover/ros2_ws/build/ros2_to_ros1_bridge/build/lib/ros2_to_ros1_bridge
[2.629s] running install
[2.629s] running install_lib
[2.631s] creating /home/rover/ros2_ws/install/ros2_to_ros1_bridge/lib/python3.10/site-packages/ros2_to_ros1_bridge
[2.631s] copying /home/rover/ros2_ws/build/ros2_to_ros1_bridge/build/lib/ros2_to_ros1_bridge/rover_odo_bridge.py -> /home/rover/ros2_ws/install/ros2_to_ros1_bridge/lib/python3.10/site-packages/ros2_to_ros1_bridge
[2.631s] copying /home/rover/ros2_ws/build/ros2_to_ros1_bridge/build/lib/ros2_to_ros1_bridge/ros2_cmd_vel_bridge.py -> /home/rover/ros2_ws/install/ros2_to_ros1_bridge/lib/python3.10/site-packages/ros2_to_ros1_bridge
[2.631s] copying /home/rover/ros2_ws/build/ros2_to_ros1_bridge/build/lib/ros2_to_ros1_bridge/__init__.py -> /home/rover/ros2_ws/install/ros2_to_ros1_bridge/lib/python3.10/site-packages/ros2_to_ros1_bridge
[2.635s] copying /home/rover/ros2_ws/build/ros2_to_ros1_bridge/build/lib/ros2_to_ros1_bridge/rover_encoder_bridge_ros2.py -> /home/rover/ros2_ws/install/ros2_to_ros1_bridge/lib/python3.10/site-packages/ros2_to_ros1_bridge
[2.636s] byte-compiling /home/rover/ros2_ws/install/ros2_to_ros1_bridge/lib/python3.10/site-packages/ros2_to_ros1_bridge/rover_odo_bridge.py to rover_odo_bridge.cpython-310.pyc
[2.637s] byte-compiling /home/rover/ros2_ws/install/ros2_to_ros1_bridge/lib/python3.10/site-packages/ros2_to_ros1_bridge/ros2_cmd_vel_bridge.py to ros2_cmd_vel_bridge.cpython-310.pyc
[2.638s] byte-compiling /home/rover/ros2_ws/install/ros2_to_ros1_bridge/lib/python3.10/site-packages/ros2_to_ros1_bridge/__init__.py to __init__.cpython-310.pyc
[2.638s] byte-compiling /home/rover/ros2_ws/install/ros2_to_ros1_bridge/lib/python3.10/site-packages/ros2_to_ros1_bridge/rover_encoder_bridge_ros2.py to rover_encoder_bridge_ros2.cpython-310.pyc
[2.640s] running install_data
[2.640s] creating /home/rover/ros2_ws/install/ros2_to_ros1_bridge/share/ament_index
[2.640s] creating /home/rover/ros2_ws/install/ros2_to_ros1_bridge/share/ament_index/resource_index
[2.640s] creating /home/rover/ros2_ws/install/ros2_to_ros1_bridge/share/ament_index/resource_index/packages
[2.640s] copying resource/ros2_to_ros1_bridge -> /home/rover/ros2_ws/install/ros2_to_ros1_bridge/share/ament_index/resource_index/packages
[2.641s] copying package.xml -> /home/rover/ros2_ws/install/ros2_to_ros1_bridge/share/ros2_to_ros1_bridge
[2.641s] running install_egg_info
[2.651s] Copying ../../build/ros2_to_ros1_bridge/ros2_to_ros1_bridge.egg-info to /home/rover/ros2_ws/install/ros2_to_ros1_bridge/lib/python3.10/site-packages/ros2_to_ros1_bridge-0.0.0-py3.10.egg-info
[2.651s] running install_scripts
[2.679s] Installing ros2_cmd_vel_bridge script to /home/rover/ros2_ws/install/ros2_to_ros1_bridge/lib/ros2_to_ros1_bridge
[2.679s] Installing ros2_rover_odo_bridge script to /home/rover/ros2_ws/install/ros2_to_ros1_bridge/lib/ros2_to_ros1_bridge
[2.679s] Installing rover_encoder_bridge_ros2 script to /home/rover/ros2_ws/install/ros2_to_ros1_bridge/lib/ros2_to_ros1_bridge
[2.680s] writing list of installed files to '/home/rover/ros2_ws/build/ros2_to_ros1_bridge/install.log'
[2.758s] Invoked command in '/home/rover/ros2_ws/src/ros2_to_ros1_bridge' returned '0': PYTHONPATH=/home/rover/ros2_ws/build/ros2_to_ros1_bridge/prefix_override:/usr/lib/python3/dist-packages/colcon_core/task/python/colcon_distutils_commands:/home/rover/ros2_ws/install/ros2_to_ros1_bridge/lib/python3.10/site-packages:${PYTHONPATH} /usr/bin/python3 -W ignore:setup.py install is deprecated -W ignore:easy_install command is deprecated setup.py egg_info --egg-base ../../build/ros2_to_ros1_bridge build --build-base /home/rover/ros2_ws/build/ros2_to_ros1_bridge/build install --record /home/rover/ros2_ws/build/ros2_to_ros1_bridge/install.log --single-version-externally-managed install_data
