[0.561s] Invoking command in '/home/rover/ros2_ws/src/final_approach_controller': PYTHONPATH=/home/rover/ros2_ws/build/final_approach_controller/prefix_override:/usr/lib/python3/dist-packages/colcon_core/task/python/colcon_distutils_commands:/home/rover/ros2_ws/install/final_approach_controller/lib/python3.10/site-packages:${PYTHONPATH} /usr/bin/python3 -W ignore:setup.py install is deprecated -W ignore:easy_install command is deprecated setup.py egg_info --egg-base ../../build/final_approach_controller build --build-base /home/rover/ros2_ws/build/final_approach_controller/build install --record /home/rover/ros2_ws/build/final_approach_controller/install.log --single-version-externally-managed install_data
[0.757s] running egg_info
[0.757s] writing ../../build/final_approach_controller/final_approach_controller.egg-info/PKG-INFO
[0.758s] writing dependency_links to ../../build/final_approach_controller/final_approach_controller.egg-info/dependency_links.txt
[0.758s] writing entry points to ../../build/final_approach_controller/final_approach_controller.egg-info/entry_points.txt
[0.758s] writing requirements to ../../build/final_approach_controller/final_approach_controller.egg-info/requires.txt
[0.758s] writing top-level names to ../../build/final_approach_controller/final_approach_controller.egg-info/top_level.txt
[0.759s] reading manifest file '../../build/final_approach_controller/final_approach_controller.egg-info/SOURCES.txt'
[0.760s] writing manifest file '../../build/final_approach_controller/final_approach_controller.egg-info/SOURCES.txt'
[0.760s] running build
[0.760s] running build_py
[0.760s] copying final_approach_controller/final_approach_node2.py -> /home/rover/ros2_ws/build/final_approach_controller/build/lib/final_approach_controller
[0.760s] running install
[0.761s] running install_lib
[0.761s] copying /home/rover/ros2_ws/build/final_approach_controller/build/lib/final_approach_controller/final_approach_node2.py -> /home/rover/ros2_ws/install/final_approach_controller/lib/python3.10/site-packages/final_approach_controller
[0.762s] byte-compiling /home/rover/ros2_ws/install/final_approach_controller/lib/python3.10/site-packages/final_approach_controller/final_approach_node2.py to final_approach_node2.cpython-310.pyc
[0.763s] running install_data
[0.763s] running install_egg_info
[0.765s] removing '/home/rover/ros2_ws/install/final_approach_controller/lib/python3.10/site-packages/final_approach_controller-0.0.0-py3.10.egg-info' (and everything under it)
[0.765s] Copying ../../build/final_approach_controller/final_approach_controller.egg-info to /home/rover/ros2_ws/install/final_approach_controller/lib/python3.10/site-packages/final_approach_controller-0.0.0-py3.10.egg-info
[0.765s] running install_scripts
[0.782s] Installing final_approach_node script to /home/rover/ros2_ws/install/final_approach_controller/lib/final_approach_controller
[0.782s] Installing final_approach_node2 script to /home/rover/ros2_ws/install/final_approach_controller/lib/final_approach_controller
[0.782s] writing list of installed files to '/home/rover/ros2_ws/build/final_approach_controller/install.log'
[0.800s] Invoked command in '/home/rover/ros2_ws/src/final_approach_controller' returned '0': PYTHONPATH=/home/rover/ros2_ws/build/final_approach_controller/prefix_override:/usr/lib/python3/dist-packages/colcon_core/task/python/colcon_distutils_commands:/home/rover/ros2_ws/install/final_approach_controller/lib/python3.10/site-packages:${PYTHONPATH} /usr/bin/python3 -W ignore:setup.py install is deprecated -W ignore:easy_install command is deprecated setup.py egg_info --egg-base ../../build/final_approach_controller build --build-base /home/rover/ros2_ws/build/final_approach_controller/build install --record /home/rover/ros2_ws/build/final_approach_controller/install.log --single-version-externally-managed install_data
