[0.701s] Invoking command in '/home/rover/ros2_ws/build/rf2o_laser_odometry': CMAKE_PREFIX_PATH=${CMAKE_PREFIX_PATH}:/home/rover/ros2_ws/install/wall_ransac_initializer:/home/rover/ros2_ws/install/udp_bridge:/home/rover/ros2_ws/install/trajectory_logger:/home/rover/ros2_ws/install/shelf_navigator:/home/rover/ros2_ws/install/ros2_to_ros1_bridge:/home/rover/ros2_ws/install/js0_teleop:/home/rover/ros2_ws/install/iai_cylinder:/home/rover/ros2_ws/install/final_approach_controller:/home/rover/ros2_ws/install/arrow_key_teleop:/opt/ros/humble /usr/bin/cmake /home/rover/ros2_ws/src/rf2o_laser_odometry -DCMAKE_INSTALL_PREFIX=/home/rover/ros2_ws/install/rf2o_laser_odometry
[1.643s] -- The C compiler identification is GNU 11.4.0
[1.643s] -- The CXX compiler identification is GNU 11.4.0
[1.643s] -- Detecting C compiler ABI info
[1.644s] -- Detecting C compiler ABI info - done
[1.644s] -- Check for working C compiler: /usr/bin/cc - skipped
[1.644s] -- Detecting C compile features
[1.644s] -- Detecting C compile features - done
[1.644s] -- Detecting CXX compiler ABI info
[1.644s] -- Detecting CXX compiler ABI info - done
[1.644s] -- Check for working CXX compiler: /usr/bin/c++ - skipped
[1.644s] -- Detecting CXX compile features
[1.644s] -- Detecting CXX compile features - done
[1.644s] -- Found ament_cmake: 1.3.12 (/opt/ros/humble/share/ament_cmake/cmake)
[1.644s] -- Found Python3: /usr/bin/python3 (found version "3.10.12") found components: Interpreter 
[1.644s] -- Found rclcpp: 16.0.15 (/opt/ros/humble/share/rclcpp/cmake)
[1.644s] -- Found rosidl_generator_c: 3.1.7 (/opt/ros/humble/share/rosidl_generator_c/cmake)
[1.644s] -- Found rosidl_adapter: 3.1.7 (/opt/ros/humble/share/rosidl_adapter/cmake)
[1.644s] -- Found rosidl_generator_cpp: 3.1.7 (/opt/ros/humble/share/rosidl_generator_cpp/cmake)
[1.644s] -- Using all available rosidl_typesupport_c: rosidl_typesupport_fastrtps_c;rosidl_typesupport_introspection_c
[1.644s] -- Using all available rosidl_typesupport_cpp: rosidl_typesupport_fastrtps_cpp;rosidl_typesupport_introspection_cpp
[1.644s] -- Found rmw_implementation_cmake: 6.1.2 (/opt/ros/humble/share/rmw_implementation_cmake/cmake)
[1.645s] -- Found rmw_fastrtps_cpp: 6.2.9 (/opt/ros/humble/share/rmw_fastrtps_cpp/cmake)
[1.645s] -- Found OpenSSL: /usr/lib/x86_64-linux-gnu/libcrypto.so (found version "3.0.2")  
[1.645s] -- Found FastRTPS: /opt/ros/humble/include  
[1.645s] -- Using RMW implementation 'rmw_fastrtps_cpp' as default
[1.645s] -- Looking for pthread.h
[1.645s] -- Looking for pthread.h - found
[1.645s] -- Performing Test CMAKE_HAVE_LIBC_PTHREAD
[1.645s] -- Performing Test CMAKE_HAVE_LIBC_PTHREAD - Success
[1.645s] -- Found Threads: TRUE  
[1.645s] -- Found geometry_msgs: 4.9.0 (/opt/ros/humble/share/geometry_msgs/cmake)
[1.645s] -- Found tf2_geometry_msgs: 0.25.17 (/opt/ros/humble/share/tf2_geometry_msgs/cmake)
[1.645s] -- Found eigen3_cmake_module: 0.1.1 (/opt/ros/humble/share/eigen3_cmake_module/cmake)
[1.645s] -- Found Eigen3: TRUE (found version "3.4.0") 
[1.645s] -- Ensuring Eigen3 include directory is part of orocos-kdl CMake target
[1.645s] -- Found sensor_msgs: 4.9.0 (/opt/ros/humble/share/sensor_msgs/cmake)
[1.645s] -- Found nav_msgs: 4.9.0 (/opt/ros/humble/share/nav_msgs/cmake)
[1.645s] -- Found Boost: /usr/lib/x86_64-linux-gnu/cmake/Boost-1.74.0/BoostConfig.cmake (found version "1.74.0")  
[1.774s] -- Configuring done
[1.793s] -- Generating done
[1.796s] -- Build files have been written to: /home/rover/ros2_ws/build/rf2o_laser_odometry
[1.811s] Invoked command in '/home/rover/ros2_ws/build/rf2o_laser_odometry' returned '0': CMAKE_PREFIX_PATH=${CMAKE_PREFIX_PATH}:/home/rover/ros2_ws/install/wall_ransac_initializer:/home/rover/ros2_ws/install/udp_bridge:/home/rover/ros2_ws/install/trajectory_logger:/home/rover/ros2_ws/install/shelf_navigator:/home/rover/ros2_ws/install/ros2_to_ros1_bridge:/home/rover/ros2_ws/install/js0_teleop:/home/rover/ros2_ws/install/iai_cylinder:/home/rover/ros2_ws/install/final_approach_controller:/home/rover/ros2_ws/install/arrow_key_teleop:/opt/ros/humble /usr/bin/cmake /home/rover/ros2_ws/src/rf2o_laser_odometry -DCMAKE_INSTALL_PREFIX=/home/rover/ros2_ws/install/rf2o_laser_odometry
[1.812s] Invoking command in '/home/rover/ros2_ws/build/rf2o_laser_odometry': CMAKE_PREFIX_PATH=${CMAKE_PREFIX_PATH}:/home/rover/ros2_ws/install/wall_ransac_initializer:/home/rover/ros2_ws/install/udp_bridge:/home/rover/ros2_ws/install/trajectory_logger:/home/rover/ros2_ws/install/shelf_navigator:/home/rover/ros2_ws/install/ros2_to_ros1_bridge:/home/rover/ros2_ws/install/js0_teleop:/home/rover/ros2_ws/install/iai_cylinder:/home/rover/ros2_ws/install/final_approach_controller:/home/rover/ros2_ws/install/arrow_key_teleop:/opt/ros/humble /usr/bin/cmake --build /home/rover/ros2_ws/build/rf2o_laser_odometry -- -j18 -l18
[1.863s] [ 40%] [32mBuilding CXX object CMakeFiles/rf2o_laser_odometry.dir/src/CLaserOdometry2D.cpp.o[0m
[1.863s] [ 40%] [32mBuilding CXX object CMakeFiles/rf2o_laser_odometry_node.dir/src/CLaserOdometry2D.cpp.o[0m
[1.869s] [ 60%] [32mBuilding CXX object CMakeFiles/rf2o_laser_odometry_node.dir/src/CLaserOdometry2DNode.cpp.o[0m
[27.513s] [ 80%] [32m[1mLinking CXX executable rf2o_laser_odometry_node[0m
[27.940s] [100%] [32m[1mLinking CXX static library librf2o_laser_odometry.a[0m
[28.098s] [100%] Built target rf2o_laser_odometry
[28.367s] [100%] Built target rf2o_laser_odometry_node
[28.377s] Invoked command in '/home/rover/ros2_ws/build/rf2o_laser_odometry' returned '0': CMAKE_PREFIX_PATH=${CMAKE_PREFIX_PATH}:/home/rover/ros2_ws/install/wall_ransac_initializer:/home/rover/ros2_ws/install/udp_bridge:/home/rover/ros2_ws/install/trajectory_logger:/home/rover/ros2_ws/install/shelf_navigator:/home/rover/ros2_ws/install/ros2_to_ros1_bridge:/home/rover/ros2_ws/install/js0_teleop:/home/rover/ros2_ws/install/iai_cylinder:/home/rover/ros2_ws/install/final_approach_controller:/home/rover/ros2_ws/install/arrow_key_teleop:/opt/ros/humble /usr/bin/cmake --build /home/rover/ros2_ws/build/rf2o_laser_odometry -- -j18 -l18
[28.379s] Invoking command in '/home/rover/ros2_ws/build/rf2o_laser_odometry': CMAKE_PREFIX_PATH=${CMAKE_PREFIX_PATH}:/home/rover/ros2_ws/install/wall_ransac_initializer:/home/rover/ros2_ws/install/udp_bridge:/home/rover/ros2_ws/install/trajectory_logger:/home/rover/ros2_ws/install/shelf_navigator:/home/rover/ros2_ws/install/ros2_to_ros1_bridge:/home/rover/ros2_ws/install/js0_teleop:/home/rover/ros2_ws/install/iai_cylinder:/home/rover/ros2_ws/install/final_approach_controller:/home/rover/ros2_ws/install/arrow_key_teleop:/opt/ros/humble /usr/bin/cmake --install /home/rover/ros2_ws/build/rf2o_laser_odometry
[28.385s] -- Install configuration: ""
[28.385s] -- Installing: /home/rover/ros2_ws/install/rf2o_laser_odometry/lib/rf2o_laser_odometry/rf2o_laser_odometry_node
[28.389s] -- Set runtime path of "/home/rover/ros2_ws/install/rf2o_laser_odometry/lib/rf2o_laser_odometry/rf2o_laser_odometry_node" to ""
[28.389s] -- Installing: /home/rover/ros2_ws/install/rf2o_laser_odometry/share/rf2o_laser_odometry/launch
[28.390s] -- Installing: /home/rover/ros2_ws/install/rf2o_laser_odometry/share/rf2o_laser_odometry/launch/rf2o_laser_odometry.launch.py
[28.390s] -- Installing: /home/rover/ros2_ws/install/rf2o_laser_odometry/share/ament_index/resource_index/package_run_dependencies/rf2o_laser_odometry
[28.390s] -- Installing: /home/rover/ros2_ws/install/rf2o_laser_odometry/share/ament_index/resource_index/parent_prefix_path/rf2o_laser_odometry
[28.390s] -- Installing: /home/rover/ros2_ws/install/rf2o_laser_odometry/share/rf2o_laser_odometry/environment/ament_prefix_path.sh
[28.390s] -- Installing: /home/rover/ros2_ws/install/rf2o_laser_odometry/share/rf2o_laser_odometry/environment/ament_prefix_path.dsv
[28.390s] -- Installing: /home/rover/ros2_ws/install/rf2o_laser_odometry/share/rf2o_laser_odometry/environment/path.sh
[28.390s] -- Installing: /home/rover/ros2_ws/install/rf2o_laser_odometry/share/rf2o_laser_odometry/environment/path.dsv
[28.390s] -- Installing: /home/rover/ros2_ws/install/rf2o_laser_odometry/share/rf2o_laser_odometry/local_setup.bash
[28.390s] -- Installing: /home/rover/ros2_ws/install/rf2o_laser_odometry/share/rf2o_laser_odometry/local_setup.sh
[28.390s] -- Installing: /home/rover/ros2_ws/install/rf2o_laser_odometry/share/rf2o_laser_odometry/local_setup.zsh
[28.390s] -- Installing: /home/rover/ros2_ws/install/rf2o_laser_odometry/share/rf2o_laser_odometry/local_setup.dsv
[28.390s] -- Installing: /home/rover/ros2_ws/install/rf2o_laser_odometry/share/rf2o_laser_odometry/package.dsv
[28.390s] -- Installing: /home/rover/ros2_ws/install/rf2o_laser_odometry/share/ament_index/resource_index/packages/rf2o_laser_odometry
[28.390s] -- Installing: /home/rover/ros2_ws/install/rf2o_laser_odometry/share/rf2o_laser_odometry/cmake/rf2o_laser_odometryConfig.cmake
[28.390s] -- Installing: /home/rover/ros2_ws/install/rf2o_laser_odometry/share/rf2o_laser_odometry/cmake/rf2o_laser_odometryConfig-version.cmake
[28.391s] -- Installing: /home/rover/ros2_ws/install/rf2o_laser_odometry/share/rf2o_laser_odometry/package.xml
[28.392s] Invoked command in '/home/rover/ros2_ws/build/rf2o_laser_odometry' returned '0': CMAKE_PREFIX_PATH=${CMAKE_PREFIX_PATH}:/home/rover/ros2_ws/install/wall_ransac_initializer:/home/rover/ros2_ws/install/udp_bridge:/home/rover/ros2_ws/install/trajectory_logger:/home/rover/ros2_ws/install/shelf_navigator:/home/rover/ros2_ws/install/ros2_to_ros1_bridge:/home/rover/ros2_ws/install/js0_teleop:/home/rover/ros2_ws/install/iai_cylinder:/home/rover/ros2_ws/install/final_approach_controller:/home/rover/ros2_ws/install/arrow_key_teleop:/opt/ros/humble /usr/bin/cmake --install /home/rover/ros2_ws/build/rf2o_laser_odometry
