-- Found ament_cmake: 1.3.12 (/opt/ros/humble/share/ament_cmake/cmake)
-- Override CMake install command with custom implementation using symlinks instead of copying resources
-- Found rclcpp: 16.0.15 (/opt/ros/humble/share/rclcpp/cmake)
-- Found rosidl_generator_c: 3.1.7 (/opt/ros/humble/share/rosidl_generator_c/cmake)
-- Found rosidl_adapter: 3.1.7 (/opt/ros/humble/share/rosidl_adapter/cmake)
-- Found rosidl_generator_cpp: 3.1.7 (/opt/ros/humble/share/rosidl_generator_cpp/cmake)
-- Using all available rosidl_typesupport_c: rosidl_typesupport_fastrtps_c;rosidl_typesupport_introspection_c
-- Using all available rosidl_typesupport_cpp: rosidl_typesupport_fastrtps_cpp;rosidl_typesupport_introspection_cpp
-- Found rmw_implementation_cmake: 6.1.2 (/opt/ros/humble/share/rmw_implementation_cmake/cmake)
-- Found rmw_fastrtps_cpp: 6.2.9 (/opt/ros/humble/share/rmw_fastrtps_cpp/cmake)
-- Using RMW implementation 'rmw_fastrtps_cpp' as default
-- Found geometry_msgs: 4.9.0 (/opt/ros/humble/share/geometry_msgs/cmake)
-- Found nav_msgs: 4.9.0 (/opt/ros/humble/share/nav_msgs/cmake)
-- Found tf2_geometry_msgs: 0.25.17 (/opt/ros/humble/share/tf2_geometry_msgs/cmake)
-- Found eigen3_cmake_module: 0.1.1 (/opt/ros/humble/share/eigen3_cmake_module/cmake)
-- Ensuring Eigen3 include directory is part of orocos-kdl CMake target
-- Found ament_lint_auto: 0.12.14 (/opt/ros/humble/share/ament_lint_auto/cmake)
-- Added test 'cppcheck' to perform static code analysis on C / C++ code
-- Configured cppcheck include dirs: 
-- Configured cppcheck exclude dirs and/or files: 
-- Added test 'flake8' to check Python code syntax and style conventions
-- Added test 'lint_cmake' to check CMake code style
-- Added test 'pep257' to check Python code against some of the docstring style conventions in PEP 257
-- Added test 'uncrustify' to check C / C++ code style
-- Configured uncrustify additional arguments: 
-- Added test 'xmllint' to check XML markup files
-- Configuring done
-- Generating done
-- Build files have been written to: /home/rover/ros2_ws/build/megarover3_bringup
[35m[1mConsolidate compiler generated dependencies of target pub_odom[0m
[100%] Built target pub_odom
-- Install configuration: ""
-- Execute custom install script
-- Symlinking: /home/rover/ros2_ws/install/megarover3_bringup/lib/megarover3_bringup/pub_odom
-- Symlinking: /home/rover/ros2_ws/install/megarover3_bringup/share/megarover3_bringup/launch/__pycache__/ydlidar_tg30_dual_launch.cpython-310.pyc
-- Symlinking: /home/rover/ros2_ws/install/megarover3_bringup/share/megarover3_bringup/launch/all_launch.py
-- Symlinking: /home/rover/ros2_ws/install/megarover3_bringup/share/megarover3_bringup/launch/positioning.launch.py
-- Symlinking: /home/rover/ros2_ws/install/megarover3_bringup/share/megarover3_bringup/launch/ydlidar_tg30_dual_launch.py
-- Symlinking: /home/rover/ros2_ws/install/megarover3_bringup/share/megarover3_bringup/launch/ydlidar_tg30_launch.py
-- Symlinking: /home/rover/ros2_ws/install/megarover3_bringup/share/megarover3_bringup/launch/ydlidar_view.launch.py
-- Symlinking: /home/rover/ros2_ws/install/megarover3_bringup/share/megarover3_bringup/rviz/f120a.rviz
-- Symlinking: /home/rover/ros2_ws/install/megarover3_bringup/share/megarover3_bringup/rviz/laser.rviz
-- Symlinking: /home/rover/ros2_ws/install/megarover3_bringup/share/megarover3_bringup/rviz/mega3.rviz
-- Symlinking: /home/rover/ros2_ws/install/megarover3_bringup/share/megarover3_bringup/params/TG30_front.yaml
-- Symlinking: /home/rover/ros2_ws/install/megarover3_bringup/share/megarover3_bringup/params/TG30_rear.yaml
-- Symlinking: /home/rover/ros2_ws/install/megarover3_bringup/share/ament_index/resource_index/package_run_dependencies/megarover3_bringup
-- Symlinking: /home/rover/ros2_ws/install/megarover3_bringup/share/ament_index/resource_index/parent_prefix_path/megarover3_bringup
-- Symlinking: /home/rover/ros2_ws/install/megarover3_bringup/share/megarover3_bringup/environment/ament_prefix_path.sh
-- Symlinking: /home/rover/ros2_ws/install/megarover3_bringup/share/megarover3_bringup/environment/ament_prefix_path.dsv
-- Symlinking: /home/rover/ros2_ws/install/megarover3_bringup/share/megarover3_bringup/environment/path.sh
-- Symlinking: /home/rover/ros2_ws/install/megarover3_bringup/share/megarover3_bringup/environment/path.dsv
-- Symlinking: /home/rover/ros2_ws/install/megarover3_bringup/share/megarover3_bringup/local_setup.bash
-- Symlinking: /home/rover/ros2_ws/install/megarover3_bringup/share/megarover3_bringup/local_setup.sh
-- Symlinking: /home/rover/ros2_ws/install/megarover3_bringup/share/megarover3_bringup/local_setup.zsh
-- Symlinking: /home/rover/ros2_ws/install/megarover3_bringup/share/megarover3_bringup/local_setup.dsv
-- Symlinking: /home/rover/ros2_ws/install/megarover3_bringup/share/megarover3_bringup/package.dsv
-- Symlinking: /home/rover/ros2_ws/install/megarover3_bringup/share/ament_index/resource_index/packages/megarover3_bringup
-- Symlinking: /home/rover/ros2_ws/install/megarover3_bringup/share/megarover3_bringup/cmake/megarover3_bringupConfig.cmake
-- Symlinking: /home/rover/ros2_ws/install/megarover3_bringup/share/megarover3_bringup/cmake/megarover3_bringupConfig-version.cmake
-- Symlinking: /home/rover/ros2_ws/install/megarover3_bringup/share/megarover3_bringup/package.xml
