[0.013s] Invoking command in '/home/rover/ros2_ws/build/megarover3_bringup': CMAKE_PREFIX_PATH=${CMAKE_PREFIX_PATH}:/home/rover/ros2_ws/install/wall_ransac_initializer:/home/rover/ros2_ws/install/vs_rover_options_description:/home/rover/ros2_ws/install/udp_bridge:/home/rover/ros2_ws/install/trajectory_logger:/home/rover/ros2_ws/install/shelf_navigator:/home/rover/ros2_ws/install/ros2_to_ros1_bridge:/home/rover/ros2_ws/install/megarover_description:/home/rover/ros2_ws/install/megarover3_navigation:/home/rover/ros2_ws/install/js0_teleop:/home/rover/ros2_ws/install/iai_cylinder:/home/rover/ros2_ws/install/final_approach_controller:/home/rover/ros2_ws/install/arrow_key_teleop:/opt/ros/humble /usr/bin/cmake /home/rover/ros2_ws/src/megarover3_ros2/megarover3_bringup -DCMAKE_INSTALL_PREFIX=/home/rover/ros2_ws/install/megarover3_bringup
[0.043s] -- Found ament_cmake: 1.3.12 (/opt/ros/humble/share/ament_cmake/cmake)
[0.149s] -- Override CMake install command with custom implementation using symlinks instead of copying resources
[0.160s] -- Found rclcpp: 16.0.15 (/opt/ros/humble/share/rclcpp/cmake)
[0.186s] -- Found rosidl_generator_c: 3.1.7 (/opt/ros/humble/share/rosidl_generator_c/cmake)
[0.188s] -- Found rosidl_adapter: 3.1.7 (/opt/ros/humble/share/rosidl_adapter/cmake)
[0.194s] -- Found rosidl_generator_cpp: 3.1.7 (/opt/ros/humble/share/rosidl_generator_cpp/cmake)
[0.206s] -- Using all available rosidl_typesupport_c: rosidl_typesupport_fastrtps_c;rosidl_typesupport_introspection_c
[0.218s] -- Using all available rosidl_typesupport_cpp: rosidl_typesupport_fastrtps_cpp;rosidl_typesupport_introspection_cpp
[0.247s] -- Found rmw_implementation_cmake: 6.1.2 (/opt/ros/humble/share/rmw_implementation_cmake/cmake)
[0.249s] -- Found rmw_fastrtps_cpp: 6.2.9 (/opt/ros/humble/share/rmw_fastrtps_cpp/cmake)
[0.331s] -- Using RMW implementation 'rmw_fastrtps_cpp' as default
[0.377s] -- Found geometry_msgs: 4.9.0 (/opt/ros/humble/share/geometry_msgs/cmake)
[0.389s] -- Found nav_msgs: 4.9.0 (/opt/ros/humble/share/nav_msgs/cmake)
[0.405s] -- Found tf2_geometry_msgs: 0.25.17 (/opt/ros/humble/share/tf2_geometry_msgs/cmake)
[0.410s] -- Found eigen3_cmake_module: 0.1.1 (/opt/ros/humble/share/eigen3_cmake_module/cmake)
[0.411s] -- Ensuring Eigen3 include directory is part of orocos-kdl CMake target
[0.484s] -- Found ament_lint_auto: 0.12.14 (/opt/ros/humble/share/ament_lint_auto/cmake)
[0.541s] -- Added test 'cppcheck' to perform static code analysis on C / C++ code
[0.542s] -- Configured cppcheck include dirs: 
[0.542s] -- Configured cppcheck exclude dirs and/or files: 
[0.542s] -- Added test 'flake8' to check Python code syntax and style conventions
[0.542s] -- Added test 'lint_cmake' to check CMake code style
[0.543s] -- Added test 'pep257' to check Python code against some of the docstring style conventions in PEP 257
[0.543s] -- Added test 'uncrustify' to check C / C++ code style
[0.543s] -- Configured uncrustify additional arguments: 
[0.543s] -- Added test 'xmllint' to check XML markup files
[0.544s] -- Configuring done
[0.555s] -- Generating done
[0.558s] -- Build files have been written to: /home/rover/ros2_ws/build/megarover3_bringup
[0.565s] Invoked command in '/home/rover/ros2_ws/build/megarover3_bringup' returned '0': CMAKE_PREFIX_PATH=${CMAKE_PREFIX_PATH}:/home/rover/ros2_ws/install/wall_ransac_initializer:/home/rover/ros2_ws/install/vs_rover_options_description:/home/rover/ros2_ws/install/udp_bridge:/home/rover/ros2_ws/install/trajectory_logger:/home/rover/ros2_ws/install/shelf_navigator:/home/rover/ros2_ws/install/ros2_to_ros1_bridge:/home/rover/ros2_ws/install/megarover_description:/home/rover/ros2_ws/install/megarover3_navigation:/home/rover/ros2_ws/install/js0_teleop:/home/rover/ros2_ws/install/iai_cylinder:/home/rover/ros2_ws/install/final_approach_controller:/home/rover/ros2_ws/install/arrow_key_teleop:/opt/ros/humble /usr/bin/cmake /home/rover/ros2_ws/src/megarover3_ros2/megarover3_bringup -DCMAKE_INSTALL_PREFIX=/home/rover/ros2_ws/install/megarover3_bringup
[0.567s] Invoking command in '/home/rover/ros2_ws/build/megarover3_bringup': CMAKE_PREFIX_PATH=${CMAKE_PREFIX_PATH}:/home/rover/ros2_ws/install/wall_ransac_initializer:/home/rover/ros2_ws/install/vs_rover_options_description:/home/rover/ros2_ws/install/udp_bridge:/home/rover/ros2_ws/install/trajectory_logger:/home/rover/ros2_ws/install/shelf_navigator:/home/rover/ros2_ws/install/ros2_to_ros1_bridge:/home/rover/ros2_ws/install/megarover_description:/home/rover/ros2_ws/install/megarover3_navigation:/home/rover/ros2_ws/install/js0_teleop:/home/rover/ros2_ws/install/iai_cylinder:/home/rover/ros2_ws/install/final_approach_controller:/home/rover/ros2_ws/install/arrow_key_teleop:/opt/ros/humble /usr/bin/cmake --build /home/rover/ros2_ws/build/megarover3_bringup -- -j18 -l18
[0.606s] [35m[1mConsolidate compiler generated dependencies of target pub_odom[0m
[0.631s] [100%] Built target pub_odom
[0.643s] Invoked command in '/home/rover/ros2_ws/build/megarover3_bringup' returned '0': CMAKE_PREFIX_PATH=${CMAKE_PREFIX_PATH}:/home/rover/ros2_ws/install/wall_ransac_initializer:/home/rover/ros2_ws/install/vs_rover_options_description:/home/rover/ros2_ws/install/udp_bridge:/home/rover/ros2_ws/install/trajectory_logger:/home/rover/ros2_ws/install/shelf_navigator:/home/rover/ros2_ws/install/ros2_to_ros1_bridge:/home/rover/ros2_ws/install/megarover_description:/home/rover/ros2_ws/install/megarover3_navigation:/home/rover/ros2_ws/install/js0_teleop:/home/rover/ros2_ws/install/iai_cylinder:/home/rover/ros2_ws/install/final_approach_controller:/home/rover/ros2_ws/install/arrow_key_teleop:/opt/ros/humble /usr/bin/cmake --build /home/rover/ros2_ws/build/megarover3_bringup -- -j18 -l18
[0.651s] Invoking command in '/home/rover/ros2_ws/build/megarover3_bringup': CMAKE_PREFIX_PATH=${CMAKE_PREFIX_PATH}:/home/rover/ros2_ws/install/wall_ransac_initializer:/home/rover/ros2_ws/install/vs_rover_options_description:/home/rover/ros2_ws/install/udp_bridge:/home/rover/ros2_ws/install/trajectory_logger:/home/rover/ros2_ws/install/shelf_navigator:/home/rover/ros2_ws/install/ros2_to_ros1_bridge:/home/rover/ros2_ws/install/megarover_description:/home/rover/ros2_ws/install/megarover3_navigation:/home/rover/ros2_ws/install/js0_teleop:/home/rover/ros2_ws/install/iai_cylinder:/home/rover/ros2_ws/install/final_approach_controller:/home/rover/ros2_ws/install/arrow_key_teleop:/opt/ros/humble /usr/bin/cmake --install /home/rover/ros2_ws/build/megarover3_bringup
[0.658s] -- Install configuration: ""
[0.658s] -- Execute custom install script
[0.658s] -- Symlinking: /home/rover/ros2_ws/install/megarover3_bringup/lib/megarover3_bringup/pub_odom
[0.665s] -- Symlinking: /home/rover/ros2_ws/install/megarover3_bringup/share/megarover3_bringup/launch/__pycache__/ydlidar_tg30_dual_launch.cpython-310.pyc
[0.670s] -- Symlinking: /home/rover/ros2_ws/install/megarover3_bringup/share/megarover3_bringup/launch/all_launch.py
[0.676s] -- Symlinking: /home/rover/ros2_ws/install/megarover3_bringup/share/megarover3_bringup/launch/positioning.launch.py
[0.681s] -- Symlinking: /home/rover/ros2_ws/install/megarover3_bringup/share/megarover3_bringup/launch/ydlidar_tg30_dual_launch.py
[0.689s] -- Symlinking: /home/rover/ros2_ws/install/megarover3_bringup/share/megarover3_bringup/launch/ydlidar_tg30_launch.py
[0.696s] -- Symlinking: /home/rover/ros2_ws/install/megarover3_bringup/share/megarover3_bringup/launch/ydlidar_view.launch.py
[0.703s] -- Symlinking: /home/rover/ros2_ws/install/megarover3_bringup/share/megarover3_bringup/rviz/f120a.rviz
[0.708s] -- Symlinking: /home/rover/ros2_ws/install/megarover3_bringup/share/megarover3_bringup/rviz/laser.rviz
[0.715s] -- Symlinking: /home/rover/ros2_ws/install/megarover3_bringup/share/megarover3_bringup/rviz/mega3.rviz
[0.720s] -- Symlinking: /home/rover/ros2_ws/install/megarover3_bringup/share/megarover3_bringup/params/TG30_front.yaml
[0.727s] -- Symlinking: /home/rover/ros2_ws/install/megarover3_bringup/share/megarover3_bringup/params/TG30_rear.yaml
[0.732s] -- Symlinking: /home/rover/ros2_ws/install/megarover3_bringup/share/ament_index/resource_index/package_run_dependencies/megarover3_bringup
[0.740s] -- Symlinking: /home/rover/ros2_ws/install/megarover3_bringup/share/ament_index/resource_index/parent_prefix_path/megarover3_bringup
[0.746s] -- Symlinking: /home/rover/ros2_ws/install/megarover3_bringup/share/megarover3_bringup/environment/ament_prefix_path.sh
[0.753s] -- Symlinking: /home/rover/ros2_ws/install/megarover3_bringup/share/megarover3_bringup/environment/ament_prefix_path.dsv
[0.759s] -- Symlinking: /home/rover/ros2_ws/install/megarover3_bringup/share/megarover3_bringup/environment/path.sh
[0.765s] -- Symlinking: /home/rover/ros2_ws/install/megarover3_bringup/share/megarover3_bringup/environment/path.dsv
[0.771s] -- Symlinking: /home/rover/ros2_ws/install/megarover3_bringup/share/megarover3_bringup/local_setup.bash
[0.776s] -- Symlinking: /home/rover/ros2_ws/install/megarover3_bringup/share/megarover3_bringup/local_setup.sh
[0.782s] -- Symlinking: /home/rover/ros2_ws/install/megarover3_bringup/share/megarover3_bringup/local_setup.zsh
[0.789s] -- Symlinking: /home/rover/ros2_ws/install/megarover3_bringup/share/megarover3_bringup/local_setup.dsv
[0.794s] -- Symlinking: /home/rover/ros2_ws/install/megarover3_bringup/share/megarover3_bringup/package.dsv
[0.800s] -- Symlinking: /home/rover/ros2_ws/install/megarover3_bringup/share/ament_index/resource_index/packages/megarover3_bringup
[0.807s] -- Symlinking: /home/rover/ros2_ws/install/megarover3_bringup/share/megarover3_bringup/cmake/megarover3_bringupConfig.cmake
[0.814s] -- Symlinking: /home/rover/ros2_ws/install/megarover3_bringup/share/megarover3_bringup/cmake/megarover3_bringupConfig-version.cmake
[0.820s] -- Symlinking: /home/rover/ros2_ws/install/megarover3_bringup/share/megarover3_bringup/package.xml
[0.827s] Invoked command in '/home/rover/ros2_ws/build/megarover3_bringup' returned '0': CMAKE_PREFIX_PATH=${CMAKE_PREFIX_PATH}:/home/rover/ros2_ws/install/wall_ransac_initializer:/home/rover/ros2_ws/install/vs_rover_options_description:/home/rover/ros2_ws/install/udp_bridge:/home/rover/ros2_ws/install/trajectory_logger:/home/rover/ros2_ws/install/shelf_navigator:/home/rover/ros2_ws/install/ros2_to_ros1_bridge:/home/rover/ros2_ws/install/megarover_description:/home/rover/ros2_ws/install/megarover3_navigation:/home/rover/ros2_ws/install/js0_teleop:/home/rover/ros2_ws/install/iai_cylinder:/home/rover/ros2_ws/install/final_approach_controller:/home/rover/ros2_ws/install/arrow_key_teleop:/opt/ros/humble /usr/bin/cmake --install /home/rover/ros2_ws/build/megarover3_bringup
