[0.011s] Invoking command in '/home/rover/ros2_ws/build/realsense2_description': CMAKE_PREFIX_PATH=/home/rover/ros2_ws/install/realsense2_camera_msgs:/home/rover/ros2_ws/install/ydlidar_ros2_driver:/home/rover/ros2_ws/install/vs_rover_options_description:/home/rover/ros2_ws/install/rf2o_laser_odometry:/home/rover/ros2_ws/install/realsense2_description:/home/rover/ros2_ws/install/realsense2_camera:/home/rover/ros2_ws/install/nav2_bt_dummy:/home/rover/ros2_ws/install/nav2_amcl:/home/rover/ros2_ws/install/my_scan_merger:/home/rover/ros2_ws/install/megarover3:/home/rover/ros2_ws/install/megarover_description:/home/rover/ros2_ws/install/megarover3_navigation:/home/rover/ros2_ws/install/megarover3_bringup:/home/rover/uros_ws/install/micro_ros_setup:/home/rover/uros_ws/install/micro_ros_agent:/home/rover/uros_ws/install/micro_ros_msgs:/home/rover/ros2_ws/install/wall_ransac_initializer:/home/rover/ros2_ws/install/udp_bridge:/home/rover/ros2_ws/install/trajectory_logger:/home/rover/ros2_ws/install/shelf_navigator:/home/rover/ros2_ws/install/ros2_to_ros1_bridge:/home/rover/ros2_ws/install/js0_teleop:/home/rover/ros2_ws/install/iai_cylinder:/home/rover/ros2_ws/install/final_approach_controller:/home/rover/ros2_ws/install/arrow_key_teleop:/opt/ros/humble LD_LIBRARY_PATH=/home/rover/ros2_ws/install/realsense2_camera_msgs/lib:/home/rover/ros2_ws/install/realsense2_camera/lib:/home/rover/ros2_ws/install/nav2_bt_dummy/lib:/home/rover/ros2_ws/install/nav2_amcl/lib:/home/rover/uros_ws/install/micro_ros_agent/lib:/home/rover/uros_ws/install/micro_ros_msgs/lib:/opt/ros/humble/opt/rviz_ogre_vendor/lib:/opt/ros/humble/lib/x86_64-linux-gnu:/opt/ros/humble/lib /usr/bin/cmake /home/rover/ros2_ws/src/realsense-ros/realsense2_description -DCMAKE_INSTALL_PREFIX=/home/rover/ros2_ws/install/realsense2_description
[0.059s] -- The C compiler identification is GNU 11.4.0
[0.105s] -- The CXX compiler identification is GNU 11.4.0
[0.109s] -- Detecting C compiler ABI info
[0.155s] -- Detecting C compiler ABI info - done
[0.160s] -- Check for working C compiler: /usr/bin/cc - skipped
[0.160s] -- Detecting C compile features
[0.160s] -- Detecting C compile features - done
[0.162s] -- Detecting CXX compiler ABI info
[0.219s] -- Detecting CXX compiler ABI info - done
[0.224s] -- Check for working CXX compiler: /usr/bin/c++ - skipped
[0.224s] -- Detecting CXX compile features
[0.224s] -- Detecting CXX compile features - done
[0.227s] -- Found ament_cmake: 1.3.12 (/opt/ros/humble/share/ament_cmake/cmake)
[0.361s] -- Found Python3: /usr/bin/python3 (found version "3.10.12") found components: Interpreter 
[0.505s] -- Configuring done
[0.508s] -- Generating done
[0.509s] -- Build files have been written to: /home/rover/ros2_ws/build/realsense2_description
[0.516s] Invoked command in '/home/rover/ros2_ws/build/realsense2_description' returned '0': CMAKE_PREFIX_PATH=/home/rover/ros2_ws/install/realsense2_camera_msgs:/home/rover/ros2_ws/install/ydlidar_ros2_driver:/home/rover/ros2_ws/install/vs_rover_options_description:/home/rover/ros2_ws/install/rf2o_laser_odometry:/home/rover/ros2_ws/install/realsense2_description:/home/rover/ros2_ws/install/realsense2_camera:/home/rover/ros2_ws/install/nav2_bt_dummy:/home/rover/ros2_ws/install/nav2_amcl:/home/rover/ros2_ws/install/my_scan_merger:/home/rover/ros2_ws/install/megarover3:/home/rover/ros2_ws/install/megarover_description:/home/rover/ros2_ws/install/megarover3_navigation:/home/rover/ros2_ws/install/megarover3_bringup:/home/rover/uros_ws/install/micro_ros_setup:/home/rover/uros_ws/install/micro_ros_agent:/home/rover/uros_ws/install/micro_ros_msgs:/home/rover/ros2_ws/install/wall_ransac_initializer:/home/rover/ros2_ws/install/udp_bridge:/home/rover/ros2_ws/install/trajectory_logger:/home/rover/ros2_ws/install/shelf_navigator:/home/rover/ros2_ws/install/ros2_to_ros1_bridge:/home/rover/ros2_ws/install/js0_teleop:/home/rover/ros2_ws/install/iai_cylinder:/home/rover/ros2_ws/install/final_approach_controller:/home/rover/ros2_ws/install/arrow_key_teleop:/opt/ros/humble LD_LIBRARY_PATH=/home/rover/ros2_ws/install/realsense2_camera_msgs/lib:/home/rover/ros2_ws/install/realsense2_camera/lib:/home/rover/ros2_ws/install/nav2_bt_dummy/lib:/home/rover/ros2_ws/install/nav2_amcl/lib:/home/rover/uros_ws/install/micro_ros_agent/lib:/home/rover/uros_ws/install/micro_ros_msgs/lib:/opt/ros/humble/opt/rviz_ogre_vendor/lib:/opt/ros/humble/lib/x86_64-linux-gnu:/opt/ros/humble/lib /usr/bin/cmake /home/rover/ros2_ws/src/realsense-ros/realsense2_description -DCMAKE_INSTALL_PREFIX=/home/rover/ros2_ws/install/realsense2_description
[0.517s] Invoking command in '/home/rover/ros2_ws/build/realsense2_description': CMAKE_PREFIX_PATH=/home/rover/ros2_ws/install/realsense2_camera_msgs:/home/rover/ros2_ws/install/ydlidar_ros2_driver:/home/rover/ros2_ws/install/vs_rover_options_description:/home/rover/ros2_ws/install/rf2o_laser_odometry:/home/rover/ros2_ws/install/realsense2_description:/home/rover/ros2_ws/install/realsense2_camera:/home/rover/ros2_ws/install/nav2_bt_dummy:/home/rover/ros2_ws/install/nav2_amcl:/home/rover/ros2_ws/install/my_scan_merger:/home/rover/ros2_ws/install/megarover3:/home/rover/ros2_ws/install/megarover_description:/home/rover/ros2_ws/install/megarover3_navigation:/home/rover/ros2_ws/install/megarover3_bringup:/home/rover/uros_ws/install/micro_ros_setup:/home/rover/uros_ws/install/micro_ros_agent:/home/rover/uros_ws/install/micro_ros_msgs:/home/rover/ros2_ws/install/wall_ransac_initializer:/home/rover/ros2_ws/install/udp_bridge:/home/rover/ros2_ws/install/trajectory_logger:/home/rover/ros2_ws/install/shelf_navigator:/home/rover/ros2_ws/install/ros2_to_ros1_bridge:/home/rover/ros2_ws/install/js0_teleop:/home/rover/ros2_ws/install/iai_cylinder:/home/rover/ros2_ws/install/final_approach_controller:/home/rover/ros2_ws/install/arrow_key_teleop:/opt/ros/humble LD_LIBRARY_PATH=/home/rover/ros2_ws/install/realsense2_camera_msgs/lib:/home/rover/ros2_ws/install/realsense2_camera/lib:/home/rover/ros2_ws/install/nav2_bt_dummy/lib:/home/rover/ros2_ws/install/nav2_amcl/lib:/home/rover/uros_ws/install/micro_ros_agent/lib:/home/rover/uros_ws/install/micro_ros_msgs/lib:/opt/ros/humble/opt/rviz_ogre_vendor/lib:/opt/ros/humble/lib/x86_64-linux-gnu:/opt/ros/humble/lib /usr/bin/cmake --build /home/rover/ros2_ws/build/realsense2_description -- -j18 -l18
[0.555s] Invoked command in '/home/rover/ros2_ws/build/realsense2_description' returned '0': CMAKE_PREFIX_PATH=/home/rover/ros2_ws/install/realsense2_camera_msgs:/home/rover/ros2_ws/install/ydlidar_ros2_driver:/home/rover/ros2_ws/install/vs_rover_options_description:/home/rover/ros2_ws/install/rf2o_laser_odometry:/home/rover/ros2_ws/install/realsense2_description:/home/rover/ros2_ws/install/realsense2_camera:/home/rover/ros2_ws/install/nav2_bt_dummy:/home/rover/ros2_ws/install/nav2_amcl:/home/rover/ros2_ws/install/my_scan_merger:/home/rover/ros2_ws/install/megarover3:/home/rover/ros2_ws/install/megarover_description:/home/rover/ros2_ws/install/megarover3_navigation:/home/rover/ros2_ws/install/megarover3_bringup:/home/rover/uros_ws/install/micro_ros_setup:/home/rover/uros_ws/install/micro_ros_agent:/home/rover/uros_ws/install/micro_ros_msgs:/home/rover/ros2_ws/install/wall_ransac_initializer:/home/rover/ros2_ws/install/udp_bridge:/home/rover/ros2_ws/install/trajectory_logger:/home/rover/ros2_ws/install/shelf_navigator:/home/rover/ros2_ws/install/ros2_to_ros1_bridge:/home/rover/ros2_ws/install/js0_teleop:/home/rover/ros2_ws/install/iai_cylinder:/home/rover/ros2_ws/install/final_approach_controller:/home/rover/ros2_ws/install/arrow_key_teleop:/opt/ros/humble LD_LIBRARY_PATH=/home/rover/ros2_ws/install/realsense2_camera_msgs/lib:/home/rover/ros2_ws/install/realsense2_camera/lib:/home/rover/ros2_ws/install/nav2_bt_dummy/lib:/home/rover/ros2_ws/install/nav2_amcl/lib:/home/rover/uros_ws/install/micro_ros_agent/lib:/home/rover/uros_ws/install/micro_ros_msgs/lib:/opt/ros/humble/opt/rviz_ogre_vendor/lib:/opt/ros/humble/lib/x86_64-linux-gnu:/opt/ros/humble/lib /usr/bin/cmake --build /home/rover/ros2_ws/build/realsense2_description -- -j18 -l18
[0.556s] Invoking command in '/home/rover/ros2_ws/build/realsense2_description': CMAKE_PREFIX_PATH=/home/rover/ros2_ws/install/realsense2_camera_msgs:/home/rover/ros2_ws/install/ydlidar_ros2_driver:/home/rover/ros2_ws/install/vs_rover_options_description:/home/rover/ros2_ws/install/rf2o_laser_odometry:/home/rover/ros2_ws/install/realsense2_description:/home/rover/ros2_ws/install/realsense2_camera:/home/rover/ros2_ws/install/nav2_bt_dummy:/home/rover/ros2_ws/install/nav2_amcl:/home/rover/ros2_ws/install/my_scan_merger:/home/rover/ros2_ws/install/megarover3:/home/rover/ros2_ws/install/megarover_description:/home/rover/ros2_ws/install/megarover3_navigation:/home/rover/ros2_ws/install/megarover3_bringup:/home/rover/uros_ws/install/micro_ros_setup:/home/rover/uros_ws/install/micro_ros_agent:/home/rover/uros_ws/install/micro_ros_msgs:/home/rover/ros2_ws/install/wall_ransac_initializer:/home/rover/ros2_ws/install/udp_bridge:/home/rover/ros2_ws/install/trajectory_logger:/home/rover/ros2_ws/install/shelf_navigator:/home/rover/ros2_ws/install/ros2_to_ros1_bridge:/home/rover/ros2_ws/install/js0_teleop:/home/rover/ros2_ws/install/iai_cylinder:/home/rover/ros2_ws/install/final_approach_controller:/home/rover/ros2_ws/install/arrow_key_teleop:/opt/ros/humble LD_LIBRARY_PATH=/home/rover/ros2_ws/install/realsense2_camera_msgs/lib:/home/rover/ros2_ws/install/realsense2_camera/lib:/home/rover/ros2_ws/install/nav2_bt_dummy/lib:/home/rover/ros2_ws/install/nav2_amcl/lib:/home/rover/uros_ws/install/micro_ros_agent/lib:/home/rover/uros_ws/install/micro_ros_msgs/lib:/opt/ros/humble/opt/rviz_ogre_vendor/lib:/opt/ros/humble/lib/x86_64-linux-gnu:/opt/ros/humble/lib /usr/bin/cmake --install /home/rover/ros2_ws/build/realsense2_description
[0.561s] -- Install configuration: ""
[0.561s] -- Installing: /home/rover/ros2_ws/install/realsense2_description/share/realsense2_description/launch
[0.561s] -- Installing: /home/rover/ros2_ws/install/realsense2_description/share/realsense2_description/launch/launch_utils.py
[0.561s] -- Installing: /home/rover/ros2_ws/install/realsense2_description/share/realsense2_description/launch/view_model.launch.py
[0.561s] -- Installing: /home/rover/ros2_ws/install/realsense2_description/share/realsense2_description/meshes
[0.562s] -- Installing: /home/rover/ros2_ws/install/realsense2_description/share/realsense2_description/meshes/plug_collision.stl
[0.562s] -- Installing: /home/rover/ros2_ws/install/realsense2_description/share/realsense2_description/meshes/plug.stl
[0.562s] -- Installing: /home/rover/ros2_ws/install/realsense2_description/share/realsense2_description/meshes/d415.stl
[0.574s] -- Installing: /home/rover/ros2_ws/install/realsense2_description/share/realsense2_description/meshes/d455.stl
[0.576s] -- Installing: /home/rover/ros2_ws/install/realsense2_description/share/realsense2_description/meshes/d405.stl
[0.577s] -- Installing: /home/rover/ros2_ws/install/realsense2_description/share/realsense2_description/meshes/d435.dae
[0.590s] -- Installing: /home/rover/ros2_ws/install/realsense2_description/share/realsense2_description/meshes/l515.dae
[0.615s] -- Installing: /home/rover/ros2_ws/install/realsense2_description/share/realsense2_description/rviz
[0.616s] -- Installing: /home/rover/ros2_ws/install/realsense2_description/share/realsense2_description/rviz/urdf.rviz
[0.616s] -- Installing: /home/rover/ros2_ws/install/realsense2_description/share/realsense2_description/urdf
[0.616s] -- Installing: /home/rover/ros2_ws/install/realsense2_description/share/realsense2_description/urdf/_r410.urdf.xacro
[0.616s] -- Installing: /home/rover/ros2_ws/install/realsense2_description/share/realsense2_description/urdf/_r430.urdf.xacro
[0.616s] -- Installing: /home/rover/ros2_ws/install/realsense2_description/share/realsense2_description/urdf/test_d405_camera.urdf.xacro
[0.616s] -- Installing: /home/rover/ros2_ws/install/realsense2_description/share/realsense2_description/urdf/test_d415_camera.urdf.xacro
[0.616s] -- Installing: /home/rover/ros2_ws/install/realsense2_description/share/realsense2_description/urdf/_d405.urdf.xacro
[0.616s] -- Installing: /home/rover/ros2_ws/install/realsense2_description/share/realsense2_description/urdf/test_d455_camera.urdf.xacro
[0.616s] -- Installing: /home/rover/ros2_ws/install/realsense2_description/share/realsense2_description/urdf/test_d435i_camera.urdf.xacro
[0.616s] -- Installing: /home/rover/ros2_ws/install/realsense2_description/share/realsense2_description/urdf/test_d435_multiple_cameras.urdf.xacro
[0.616s] -- Installing: /home/rover/ros2_ws/install/realsense2_description/share/realsense2_description/urdf/test_r410_camera.urdf.xacro
[0.616s] -- Installing: /home/rover/ros2_ws/install/realsense2_description/share/realsense2_description/urdf/_materials.urdf.xacro
[0.617s] -- Installing: /home/rover/ros2_ws/install/realsense2_description/share/realsense2_description/urdf/_d435.urdf.xacro
[0.617s] -- Installing: /home/rover/ros2_ws/install/realsense2_description/share/realsense2_description/urdf/test_d435_camera.urdf.xacro
[0.617s] -- Installing: /home/rover/ros2_ws/install/realsense2_description/share/realsense2_description/urdf/_d435i_imu_modules.urdf.xacro
[0.617s] -- Installing: /home/rover/ros2_ws/install/realsense2_description/share/realsense2_description/urdf/_d415.urdf.xacro
[0.617s] -- Installing: /home/rover/ros2_ws/install/realsense2_description/share/realsense2_description/urdf/test_r430_camera.urdf.xacro
[0.617s] -- Installing: /home/rover/ros2_ws/install/realsense2_description/share/realsense2_description/urdf/_d455.urdf.xacro
[0.617s] -- Installing: /home/rover/ros2_ws/install/realsense2_description/share/realsense2_description/urdf/_usb_plug.urdf.xacro
[0.617s] -- Installing: /home/rover/ros2_ws/install/realsense2_description/share/realsense2_description/urdf/_d435i.urdf.xacro
[0.617s] -- Installing: /home/rover/ros2_ws/install/realsense2_description/share/ament_index/resource_index/package_run_dependencies/realsense2_description
[0.617s] -- Installing: /home/rover/ros2_ws/install/realsense2_description/share/ament_index/resource_index/parent_prefix_path/realsense2_description
[0.617s] -- Installing: /home/rover/ros2_ws/install/realsense2_description/share/realsense2_description/environment/ament_prefix_path.sh
[0.618s] -- Installing: /home/rover/ros2_ws/install/realsense2_description/share/realsense2_description/environment/ament_prefix_path.dsv
[0.618s] -- Installing: /home/rover/ros2_ws/install/realsense2_description/share/realsense2_description/environment/path.sh
[0.618s] -- Installing: /home/rover/ros2_ws/install/realsense2_description/share/realsense2_description/environment/path.dsv
[0.618s] -- Installing: /home/rover/ros2_ws/install/realsense2_description/share/realsense2_description/local_setup.bash
[0.618s] -- Installing: /home/rover/ros2_ws/install/realsense2_description/share/realsense2_description/local_setup.sh
[0.618s] -- Installing: /home/rover/ros2_ws/install/realsense2_description/share/realsense2_description/local_setup.zsh
[0.618s] -- Installing: /home/rover/ros2_ws/install/realsense2_description/share/realsense2_description/local_setup.dsv
[0.618s] -- Installing: /home/rover/ros2_ws/install/realsense2_description/share/realsense2_description/package.dsv
[0.618s] -- Installing: /home/rover/ros2_ws/install/realsense2_description/share/ament_index/resource_index/packages/realsense2_description
[0.619s] -- Installing: /home/rover/ros2_ws/install/realsense2_description/share/realsense2_description/cmake/realsense2_descriptionConfig.cmake
[0.619s] -- Installing: /home/rover/ros2_ws/install/realsense2_description/share/realsense2_description/cmake/realsense2_descriptionConfig-version.cmake
[0.619s] -- Installing: /home/rover/ros2_ws/install/realsense2_description/share/realsense2_description/package.xml
[0.622s] Invoked command in '/home/rover/ros2_ws/build/realsense2_description' returned '0': CMAKE_PREFIX_PATH=/home/rover/ros2_ws/install/realsense2_camera_msgs:/home/rover/ros2_ws/install/ydlidar_ros2_driver:/home/rover/ros2_ws/install/vs_rover_options_description:/home/rover/ros2_ws/install/rf2o_laser_odometry:/home/rover/ros2_ws/install/realsense2_description:/home/rover/ros2_ws/install/realsense2_camera:/home/rover/ros2_ws/install/nav2_bt_dummy:/home/rover/ros2_ws/install/nav2_amcl:/home/rover/ros2_ws/install/my_scan_merger:/home/rover/ros2_ws/install/megarover3:/home/rover/ros2_ws/install/megarover_description:/home/rover/ros2_ws/install/megarover3_navigation:/home/rover/ros2_ws/install/megarover3_bringup:/home/rover/uros_ws/install/micro_ros_setup:/home/rover/uros_ws/install/micro_ros_agent:/home/rover/uros_ws/install/micro_ros_msgs:/home/rover/ros2_ws/install/wall_ransac_initializer:/home/rover/ros2_ws/install/udp_bridge:/home/rover/ros2_ws/install/trajectory_logger:/home/rover/ros2_ws/install/shelf_navigator:/home/rover/ros2_ws/install/ros2_to_ros1_bridge:/home/rover/ros2_ws/install/js0_teleop:/home/rover/ros2_ws/install/iai_cylinder:/home/rover/ros2_ws/install/final_approach_controller:/home/rover/ros2_ws/install/arrow_key_teleop:/opt/ros/humble LD_LIBRARY_PATH=/home/rover/ros2_ws/install/realsense2_camera_msgs/lib:/home/rover/ros2_ws/install/realsense2_camera/lib:/home/rover/ros2_ws/install/nav2_bt_dummy/lib:/home/rover/ros2_ws/install/nav2_amcl/lib:/home/rover/uros_ws/install/micro_ros_agent/lib:/home/rover/uros_ws/install/micro_ros_msgs/lib:/opt/ros/humble/opt/rviz_ogre_vendor/lib:/opt/ros/humble/lib/x86_64-linux-gnu:/opt/ros/humble/lib /usr/bin/cmake --install /home/rover/ros2_ws/build/realsense2_description
