[0.485s] Invoking command in '/home/rover/ros2_ws/src/js0_teleop': PYTHONPATH=/home/rover/ros2_ws/build/js0_teleop/prefix_override:/usr/lib/python3/dist-packages/colcon_core/task/python/colcon_distutils_commands:/home/rover/ros2_ws/install/js0_teleop/lib/python3.10/site-packages:${PYTHONPATH} /usr/bin/python3 -W ignore:setup.py install is deprecated -W ignore:easy_install command is deprecated setup.py egg_info --egg-base ../../build/js0_teleop build --build-base /home/rover/ros2_ws/build/js0_teleop/build install --record /home/rover/ros2_ws/build/js0_teleop/install.log --single-version-externally-managed install_data
[0.645s] running egg_info
[0.645s] writing ../../build/js0_teleop/js0_teleop.egg-info/PKG-INFO
[0.645s] writing dependency_links to ../../build/js0_teleop/js0_teleop.egg-info/dependency_links.txt
[0.645s] writing entry points to ../../build/js0_teleop/js0_teleop.egg-info/entry_points.txt
[0.645s] writing requirements to ../../build/js0_teleop/js0_teleop.egg-info/requires.txt
[0.645s] writing top-level names to ../../build/js0_teleop/js0_teleop.egg-info/top_level.txt
[0.646s] reading manifest file '../../build/js0_teleop/js0_teleop.egg-info/SOURCES.txt'
[0.647s] writing manifest file '../../build/js0_teleop/js0_teleop.egg-info/SOURCES.txt'
[0.647s] running build
[0.647s] running build_py
[0.647s] copying js0_teleop/js0_teleop_safe.py -> /home/rover/ros2_ws/build/js0_teleop/build/lib/js0_teleop
[0.647s] running install
[0.647s] running install_lib
[0.648s] copying /home/rover/ros2_ws/build/js0_teleop/build/lib/js0_teleop/js0_teleop_safe.py -> /home/rover/ros2_ws/install/js0_teleop/lib/python3.10/site-packages/js0_teleop
[0.648s] byte-compiling /home/rover/ros2_ws/install/js0_teleop/lib/python3.10/site-packages/js0_teleop/js0_teleop_safe.py to js0_teleop_safe.cpython-310.pyc
[0.649s] running install_data
[0.649s] running install_egg_info
[0.650s] removing '/home/rover/ros2_ws/install/js0_teleop/lib/python3.10/site-packages/js0_teleop-0.0.0-py3.10.egg-info' (and everything under it)
[0.650s] Copying ../../build/js0_teleop/js0_teleop.egg-info to /home/rover/ros2_ws/install/js0_teleop/lib/python3.10/site-packages/js0_teleop-0.0.0-py3.10.egg-info
[0.650s] running install_scripts
[0.664s] Installing js0_teleop script to /home/rover/ros2_ws/install/js0_teleop/lib/js0_teleop
[0.664s] writing list of installed files to '/home/rover/ros2_ws/build/js0_teleop/install.log'
[0.680s] Invoked command in '/home/rover/ros2_ws/src/js0_teleop' returned '0': PYTHONPATH=/home/rover/ros2_ws/build/js0_teleop/prefix_override:/usr/lib/python3/dist-packages/colcon_core/task/python/colcon_distutils_commands:/home/rover/ros2_ws/install/js0_teleop/lib/python3.10/site-packages:${PYTHONPATH} /usr/bin/python3 -W ignore:setup.py install is deprecated -W ignore:easy_install command is deprecated setup.py egg_info --egg-base ../../build/js0_teleop build --build-base /home/rover/ros2_ws/build/js0_teleop/build install --record /home/rover/ros2_ws/build/js0_teleop/install.log --single-version-externally-managed install_data
