-- Found ament_cmake: 1.3.12 (/opt/ros/humble/share/ament_cmake/cmake)
-- Override CMake install command with custom implementation using symlinks instead of copying resources
-- Found rclcpp: 16.0.15 (/opt/ros/humble/share/rclcpp/cmake)
-- Found rosidl_generator_c: 3.1.7 (/opt/ros/humble/share/rosidl_generator_c/cmake)
-- Found rosidl_adapter: 3.1.7 (/opt/ros/humble/share/rosidl_adapter/cmake)
-- Found rosidl_generator_cpp: 3.1.7 (/opt/ros/humble/share/rosidl_generator_cpp/cmake)
-- Using all available rosidl_typesupport_c: rosidl_typesupport_fastrtps_c;rosidl_typesupport_introspection_c
-- Using all available rosidl_typesupport_cpp: rosidl_typesupport_fastrtps_cpp;rosidl_typesupport_introspection_cpp
-- Found rmw_implementation_cmake: 6.1.2 (/opt/ros/humble/share/rmw_implementation_cmake/cmake)
-- Found rmw_cyclonedds_cpp: 1.3.4 (/opt/ros/humble/share/rmw_cyclonedds_cpp/cmake)
-- Using RMW implementation 'rmw_cyclonedds_cpp' as default
-- Found sensor_msgs: 4.9.0 (/opt/ros/humble/share/sensor_msgs/cmake)
-- Found tf2: 0.25.16 (/opt/ros/humble/share/tf2/cmake)
-- Found tf2_ros: 0.25.16 (/opt/ros/humble/share/tf2_ros/cmake)
-- Found tf2_geometry_msgs: 0.25.17 (/opt/ros/humble/share/tf2_geometry_msgs/cmake)
-- Found eigen3_cmake_module: 0.1.1 (/opt/ros/humble/share/eigen3_cmake_module/cmake)
-- Ensuring Eigen3 include directory is part of orocos-kdl CMake target
-- Configuring done
-- Generating done
-- Build files have been written to: /home/rover/ros2_ws/build/my_scan_merger
[35m[1mConsolidate compiler generated dependencies of target scan_merger[0m
[ 50%] [32mBuilding CXX object CMakeFiles/scan_merger.dir/src/scan_merger.cpp.o[0m
[100%] [32m[1mLinking CXX executable scan_merger[0m
[100%] Built target scan_merger
-- Install configuration: ""
-- Execute custom install script
-- Symlinking: /home/rover/ros2_ws/install/my_scan_merger/lib/my_scan_merger/scan_merger
-- Symlinking: /home/rover/ros2_ws/install/my_scan_merger/share/ament_index/resource_index/package_run_dependencies/my_scan_merger
-- Symlinking: /home/rover/ros2_ws/install/my_scan_merger/share/ament_index/resource_index/parent_prefix_path/my_scan_merger
-- Symlinking: /home/rover/ros2_ws/install/my_scan_merger/share/my_scan_merger/environment/ament_prefix_path.sh
-- Symlinking: /home/rover/ros2_ws/install/my_scan_merger/share/my_scan_merger/environment/ament_prefix_path.dsv
-- Symlinking: /home/rover/ros2_ws/install/my_scan_merger/share/my_scan_merger/environment/path.sh
-- Symlinking: /home/rover/ros2_ws/install/my_scan_merger/share/my_scan_merger/environment/path.dsv
-- Symlinking: /home/rover/ros2_ws/install/my_scan_merger/share/my_scan_merger/local_setup.bash
-- Symlinking: /home/rover/ros2_ws/install/my_scan_merger/share/my_scan_merger/local_setup.sh
-- Symlinking: /home/rover/ros2_ws/install/my_scan_merger/share/my_scan_merger/local_setup.zsh
-- Symlinking: /home/rover/ros2_ws/install/my_scan_merger/share/my_scan_merger/local_setup.dsv
-- Symlinking: /home/rover/ros2_ws/install/my_scan_merger/share/my_scan_merger/package.dsv
-- Symlinking: /home/rover/ros2_ws/install/my_scan_merger/share/ament_index/resource_index/packages/my_scan_merger
-- Symlinking: /home/rover/ros2_ws/install/my_scan_merger/share/my_scan_merger/cmake/my_scan_mergerConfig.cmake
-- Symlinking: /home/rover/ros2_ws/install/my_scan_merger/share/my_scan_merger/cmake/my_scan_mergerConfig-version.cmake
-- Symlinking: /home/rover/ros2_ws/install/my_scan_merger/share/my_scan_merger/package.xml
