[0.013s] Invoking command in '/home/rover/ros2_ws/build/my_scan_merger': CMAKE_PREFIX_PATH=${CMAKE_PREFIX_PATH}:/home/rover/ros2_ws/install/wall_ransac_initializer:/home/rover/ros2_ws/install/vs_rover_options_description:/home/rover/ros2_ws/install/udp_bridge:/home/rover/ros2_ws/install/trajectory_logger:/home/rover/ros2_ws/install/shelf_navigator:/home/rover/ros2_ws/install/ros2_to_ros1_bridge:/home/rover/ros2_ws/install/megarover_description:/home/rover/ros2_ws/install/megarover3_navigation:/home/rover/ros2_ws/install/js0_teleop:/home/rover/ros2_ws/install/iai_cylinder:/home/rover/ros2_ws/install/final_approach_controller:/home/rover/ros2_ws/install/arrow_key_teleop:/home/rover/ros2_ws/install/amr_log:/opt/ros/humble /usr/bin/cmake /home/rover/ros2_ws/src/my_scan_merger -DCMAKE_INSTALL_PREFIX=/home/rover/ros2_ws/install/my_scan_merger
[0.040s] -- Found ament_cmake: 1.3.12 (/opt/ros/humble/share/ament_cmake/cmake)
[0.146s] -- Override CMake install command with custom implementation using symlinks instead of copying resources
[0.156s] -- Found rclcpp: 16.0.15 (/opt/ros/humble/share/rclcpp/cmake)
[0.184s] -- Found rosidl_generator_c: 3.1.7 (/opt/ros/humble/share/rosidl_generator_c/cmake)
[0.187s] -- Found rosidl_adapter: 3.1.7 (/opt/ros/humble/share/rosidl_adapter/cmake)
[0.194s] -- Found rosidl_generator_cpp: 3.1.7 (/opt/ros/humble/share/rosidl_generator_cpp/cmake)
[0.203s] -- Using all available rosidl_typesupport_c: rosidl_typesupport_fastrtps_c;rosidl_typesupport_introspection_c
[0.214s] -- Using all available rosidl_typesupport_cpp: rosidl_typesupport_fastrtps_cpp;rosidl_typesupport_introspection_cpp
[0.242s] -- Found rmw_implementation_cmake: 6.1.2 (/opt/ros/humble/share/rmw_implementation_cmake/cmake)
[0.245s] -- Found rmw_cyclonedds_cpp: 1.3.4 (/opt/ros/humble/share/rmw_cyclonedds_cpp/cmake)
[0.267s] -- Using RMW implementation 'rmw_cyclonedds_cpp' as default
[0.306s] -- Found sensor_msgs: 4.9.0 (/opt/ros/humble/share/sensor_msgs/cmake)
[0.328s] -- Found tf2: 0.25.16 (/opt/ros/humble/share/tf2/cmake)
[0.331s] -- Found tf2_ros: 0.25.16 (/opt/ros/humble/share/tf2_ros/cmake)
[0.396s] -- Found tf2_geometry_msgs: 0.25.17 (/opt/ros/humble/share/tf2_geometry_msgs/cmake)
[0.400s] -- Found eigen3_cmake_module: 0.1.1 (/opt/ros/humble/share/eigen3_cmake_module/cmake)
[0.401s] -- Ensuring Eigen3 include directory is part of orocos-kdl CMake target
[0.456s] -- Configuring done
[0.464s] -- Generating done
[0.466s] -- Build files have been written to: /home/rover/ros2_ws/build/my_scan_merger
[0.472s] Invoked command in '/home/rover/ros2_ws/build/my_scan_merger' returned '0': CMAKE_PREFIX_PATH=${CMAKE_PREFIX_PATH}:/home/rover/ros2_ws/install/wall_ransac_initializer:/home/rover/ros2_ws/install/vs_rover_options_description:/home/rover/ros2_ws/install/udp_bridge:/home/rover/ros2_ws/install/trajectory_logger:/home/rover/ros2_ws/install/shelf_navigator:/home/rover/ros2_ws/install/ros2_to_ros1_bridge:/home/rover/ros2_ws/install/megarover_description:/home/rover/ros2_ws/install/megarover3_navigation:/home/rover/ros2_ws/install/js0_teleop:/home/rover/ros2_ws/install/iai_cylinder:/home/rover/ros2_ws/install/final_approach_controller:/home/rover/ros2_ws/install/arrow_key_teleop:/home/rover/ros2_ws/install/amr_log:/opt/ros/humble /usr/bin/cmake /home/rover/ros2_ws/src/my_scan_merger -DCMAKE_INSTALL_PREFIX=/home/rover/ros2_ws/install/my_scan_merger
[0.473s] Invoking command in '/home/rover/ros2_ws/build/my_scan_merger': CMAKE_PREFIX_PATH=${CMAKE_PREFIX_PATH}:/home/rover/ros2_ws/install/wall_ransac_initializer:/home/rover/ros2_ws/install/vs_rover_options_description:/home/rover/ros2_ws/install/udp_bridge:/home/rover/ros2_ws/install/trajectory_logger:/home/rover/ros2_ws/install/shelf_navigator:/home/rover/ros2_ws/install/ros2_to_ros1_bridge:/home/rover/ros2_ws/install/megarover_description:/home/rover/ros2_ws/install/megarover3_navigation:/home/rover/ros2_ws/install/js0_teleop:/home/rover/ros2_ws/install/iai_cylinder:/home/rover/ros2_ws/install/final_approach_controller:/home/rover/ros2_ws/install/arrow_key_teleop:/home/rover/ros2_ws/install/amr_log:/opt/ros/humble /usr/bin/cmake --build /home/rover/ros2_ws/build/my_scan_merger -- -j18 -l18
[0.512s] [35m[1mConsolidate compiler generated dependencies of target scan_merger[0m
[0.535s] [ 50%] [32mBuilding CXX object CMakeFiles/scan_merger.dir/src/scan_merger.cpp.o[0m
[10.682s] [100%] [32m[1mLinking CXX executable scan_merger[0m
[11.275s] [100%] Built target scan_merger
[11.287s] Invoked command in '/home/rover/ros2_ws/build/my_scan_merger' returned '0': CMAKE_PREFIX_PATH=${CMAKE_PREFIX_PATH}:/home/rover/ros2_ws/install/wall_ransac_initializer:/home/rover/ros2_ws/install/vs_rover_options_description:/home/rover/ros2_ws/install/udp_bridge:/home/rover/ros2_ws/install/trajectory_logger:/home/rover/ros2_ws/install/shelf_navigator:/home/rover/ros2_ws/install/ros2_to_ros1_bridge:/home/rover/ros2_ws/install/megarover_description:/home/rover/ros2_ws/install/megarover3_navigation:/home/rover/ros2_ws/install/js0_teleop:/home/rover/ros2_ws/install/iai_cylinder:/home/rover/ros2_ws/install/final_approach_controller:/home/rover/ros2_ws/install/arrow_key_teleop:/home/rover/ros2_ws/install/amr_log:/opt/ros/humble /usr/bin/cmake --build /home/rover/ros2_ws/build/my_scan_merger -- -j18 -l18
[11.295s] Invoking command in '/home/rover/ros2_ws/build/my_scan_merger': CMAKE_PREFIX_PATH=${CMAKE_PREFIX_PATH}:/home/rover/ros2_ws/install/wall_ransac_initializer:/home/rover/ros2_ws/install/vs_rover_options_description:/home/rover/ros2_ws/install/udp_bridge:/home/rover/ros2_ws/install/trajectory_logger:/home/rover/ros2_ws/install/shelf_navigator:/home/rover/ros2_ws/install/ros2_to_ros1_bridge:/home/rover/ros2_ws/install/megarover_description:/home/rover/ros2_ws/install/megarover3_navigation:/home/rover/ros2_ws/install/js0_teleop:/home/rover/ros2_ws/install/iai_cylinder:/home/rover/ros2_ws/install/final_approach_controller:/home/rover/ros2_ws/install/arrow_key_teleop:/home/rover/ros2_ws/install/amr_log:/opt/ros/humble /usr/bin/cmake --install /home/rover/ros2_ws/build/my_scan_merger
[11.301s] -- Install configuration: ""
[11.301s] -- Execute custom install script
[11.301s] -- Symlinking: /home/rover/ros2_ws/install/my_scan_merger/lib/my_scan_merger/scan_merger
[11.307s] -- Symlinking: /home/rover/ros2_ws/install/my_scan_merger/share/ament_index/resource_index/package_run_dependencies/my_scan_merger
[11.314s] -- Symlinking: /home/rover/ros2_ws/install/my_scan_merger/share/ament_index/resource_index/parent_prefix_path/my_scan_merger
[11.323s] -- Symlinking: /home/rover/ros2_ws/install/my_scan_merger/share/my_scan_merger/environment/ament_prefix_path.sh
[11.331s] -- Symlinking: /home/rover/ros2_ws/install/my_scan_merger/share/my_scan_merger/environment/ament_prefix_path.dsv
[11.338s] -- Symlinking: /home/rover/ros2_ws/install/my_scan_merger/share/my_scan_merger/environment/path.sh
[11.344s] -- Symlinking: /home/rover/ros2_ws/install/my_scan_merger/share/my_scan_merger/environment/path.dsv
[11.350s] -- Symlinking: /home/rover/ros2_ws/install/my_scan_merger/share/my_scan_merger/local_setup.bash
[11.358s] -- Symlinking: /home/rover/ros2_ws/install/my_scan_merger/share/my_scan_merger/local_setup.sh
[11.363s] -- Symlinking: /home/rover/ros2_ws/install/my_scan_merger/share/my_scan_merger/local_setup.zsh
[11.369s] -- Symlinking: /home/rover/ros2_ws/install/my_scan_merger/share/my_scan_merger/local_setup.dsv
[11.377s] -- Symlinking: /home/rover/ros2_ws/install/my_scan_merger/share/my_scan_merger/package.dsv
[11.384s] -- Symlinking: /home/rover/ros2_ws/install/my_scan_merger/share/ament_index/resource_index/packages/my_scan_merger
[11.391s] -- Symlinking: /home/rover/ros2_ws/install/my_scan_merger/share/my_scan_merger/cmake/my_scan_mergerConfig.cmake
[11.399s] -- Symlinking: /home/rover/ros2_ws/install/my_scan_merger/share/my_scan_merger/cmake/my_scan_mergerConfig-version.cmake
[11.406s] -- Symlinking: /home/rover/ros2_ws/install/my_scan_merger/share/my_scan_merger/package.xml
[11.414s] Invoked command in '/home/rover/ros2_ws/build/my_scan_merger' returned '0': CMAKE_PREFIX_PATH=${CMAKE_PREFIX_PATH}:/home/rover/ros2_ws/install/wall_ransac_initializer:/home/rover/ros2_ws/install/vs_rover_options_description:/home/rover/ros2_ws/install/udp_bridge:/home/rover/ros2_ws/install/trajectory_logger:/home/rover/ros2_ws/install/shelf_navigator:/home/rover/ros2_ws/install/ros2_to_ros1_bridge:/home/rover/ros2_ws/install/megarover_description:/home/rover/ros2_ws/install/megarover3_navigation:/home/rover/ros2_ws/install/js0_teleop:/home/rover/ros2_ws/install/iai_cylinder:/home/rover/ros2_ws/install/final_approach_controller:/home/rover/ros2_ws/install/arrow_key_teleop:/home/rover/ros2_ws/install/amr_log:/opt/ros/humble /usr/bin/cmake --install /home/rover/ros2_ws/build/my_scan_merger
