running egg_info
creating ../../build/amr_log/amr_log.egg-info
writing ../../build/amr_log/amr_log.egg-info/PKG-INFO
writing dependency_links to ../../build/amr_log/amr_log.egg-info/dependency_links.txt
writing entry points to ../../build/amr_log/amr_log.egg-info/entry_points.txt
writing requirements to ../../build/amr_log/amr_log.egg-info/requires.txt
writing top-level names to ../../build/amr_log/amr_log.egg-info/top_level.txt
writing manifest file '../../build/amr_log/amr_log.egg-info/SOURCES.txt'
reading manifest file '../../build/amr_log/amr_log.egg-info/SOURCES.txt'
writing manifest file '../../build/amr_log/amr_log.egg-info/SOURCES.txt'
running build
running build_py
creating /home/rover/ros2_ws/build/amr_log/build
creating /home/rover/ros2_ws/build/amr_log/build/lib
creating /home/rover/ros2_ws/build/amr_log/build/lib/amr_log
copying amr_log/amr_log.py -> /home/rover/ros2_ws/build/amr_log/build/lib/amr_log
copying amr_log/__init__.py -> /home/rover/ros2_ws/build/amr_log/build/lib/amr_log
running install
running install_lib
creating /home/rover/ros2_ws/install/amr_log/lib/python3.10/site-packages/amr_log
copying /home/rover/ros2_ws/build/amr_log/build/lib/amr_log/amr_log.py -> /home/rover/ros2_ws/install/amr_log/lib/python3.10/site-packages/amr_log
copying /home/rover/ros2_ws/build/amr_log/build/lib/amr_log/__init__.py -> /home/rover/ros2_ws/install/amr_log/lib/python3.10/site-packages/amr_log
byte-compiling /home/rover/ros2_ws/install/amr_log/lib/python3.10/site-packages/amr_log/amr_log.py to amr_log.cpython-310.pyc
byte-compiling /home/rover/ros2_ws/install/amr_log/lib/python3.10/site-packages/amr_log/__init__.py to __init__.cpython-310.pyc
running install_data
creating /home/rover/ros2_ws/install/amr_log/share/ament_index
creating /home/rover/ros2_ws/install/amr_log/share/ament_index/resource_index
creating /home/rover/ros2_ws/install/amr_log/share/ament_index/resource_index/packages
copying resource/amr_log -> /home/rover/ros2_ws/install/amr_log/share/ament_index/resource_index/packages
copying package.xml -> /home/rover/ros2_ws/install/amr_log/share/amr_log
running install_egg_info
Copying ../../build/amr_log/amr_log.egg-info to /home/rover/ros2_ws/install/amr_log/lib/python3.10/site-packages/amr_log-0.0.0-py3.10.egg-info
running install_scripts
Installing amr_log script to /home/rover/ros2_ws/install/amr_log/lib/amr_log
writing list of installed files to '/home/rover/ros2_ws/build/amr_log/install.log'
