running egg_info
creating ../../build/js0_teleop/js0_teleop.egg-info
writing ../../build/js0_teleop/js0_teleop.egg-info/PKG-INFO
writing dependency_links to ../../build/js0_teleop/js0_teleop.egg-info/dependency_links.txt
writing entry points to ../../build/js0_teleop/js0_teleop.egg-info/entry_points.txt
writing requirements to ../../build/js0_teleop/js0_teleop.egg-info/requires.txt
writing top-level names to ../../build/js0_teleop/js0_teleop.egg-info/top_level.txt
writing manifest file '../../build/js0_teleop/js0_teleop.egg-info/SOURCES.txt'
reading manifest file '../../build/js0_teleop/js0_teleop.egg-info/SOURCES.txt'
writing manifest file '../../build/js0_teleop/js0_teleop.egg-info/SOURCES.txt'
running build
running build_py
creating /home/rover/ros2_ws/build/js0_teleop/build
creating /home/rover/ros2_ws/build/js0_teleop/build/lib
creating /home/rover/ros2_ws/build/js0_teleop/build/lib/js0_teleop
copying js0_teleop/js0_teleop_safe.py -> /home/rover/ros2_ws/build/js0_teleop/build/lib/js0_teleop
copying js0_teleop/__init__.py -> /home/rover/ros2_ws/build/js0_teleop/build/lib/js0_teleop
running install
running install_lib
creating /home/rover/ros2_ws/install/js0_teleop/lib/python3.10/site-packages/js0_teleop
copying /home/rover/ros2_ws/build/js0_teleop/build/lib/js0_teleop/js0_teleop_safe.py -> /home/rover/ros2_ws/install/js0_teleop/lib/python3.10/site-packages/js0_teleop
copying /home/rover/ros2_ws/build/js0_teleop/build/lib/js0_teleop/__init__.py -> /home/rover/ros2_ws/install/js0_teleop/lib/python3.10/site-packages/js0_teleop
byte-compiling /home/rover/ros2_ws/install/js0_teleop/lib/python3.10/site-packages/js0_teleop/js0_teleop_safe.py to js0_teleop_safe.cpython-310.pyc
byte-compiling /home/rover/ros2_ws/install/js0_teleop/lib/python3.10/site-packages/js0_teleop/__init__.py to __init__.cpython-310.pyc
running install_data
creating /home/rover/ros2_ws/install/js0_teleop/share/ament_index
creating /home/rover/ros2_ws/install/js0_teleop/share/ament_index/resource_index
creating /home/rover/ros2_ws/install/js0_teleop/share/ament_index/resource_index/packages
copying resource/js0_teleop -> /home/rover/ros2_ws/install/js0_teleop/share/ament_index/resource_index/packages
copying package.xml -> /home/rover/ros2_ws/install/js0_teleop/share/js0_teleop
running install_egg_info
Copying ../../build/js0_teleop/js0_teleop.egg-info to /home/rover/ros2_ws/install/js0_teleop/lib/python3.10/site-packages/js0_teleop-0.0.0-py3.10.egg-info
running install_scripts
Installing js0_teleop script to /home/rover/ros2_ws/install/js0_teleop/lib/js0_teleop
writing list of installed files to '/home/rover/ros2_ws/build/js0_teleop/install.log'
