[1.129s] Invoking command in '/home/rover/ros2_ws/src/wall_ransac_initializer': PYTHONPATH=/home/rover/ros2_ws/build/wall_ransac_initializer/prefix_override:/usr/lib/python3/dist-packages/colcon_core/task/python/colcon_distutils_commands:/home/rover/ros2_ws/install/wall_ransac_initializer/lib/python3.10/site-packages:${PYTHONPATH} /usr/bin/python3 -W ignore:setup.py install is deprecated -W ignore:easy_install command is deprecated setup.py egg_info --egg-base ../../build/wall_ransac_initializer build --build-base /home/rover/ros2_ws/build/wall_ransac_initializer/build install --record /home/rover/ros2_ws/build/wall_ransac_initializer/install.log --single-version-externally-managed install_data
[1.479s] running egg_info
[1.479s] writing ../../build/wall_ransac_initializer/wall_ransac_initializer.egg-info/PKG-INFO
[1.479s] writing dependency_links to ../../build/wall_ransac_initializer/wall_ransac_initializer.egg-info/dependency_links.txt
[1.479s] writing entry points to ../../build/wall_ransac_initializer/wall_ransac_initializer.egg-info/entry_points.txt
[1.480s] writing requirements to ../../build/wall_ransac_initializer/wall_ransac_initializer.egg-info/requires.txt
[1.480s] writing top-level names to ../../build/wall_ransac_initializer/wall_ransac_initializer.egg-info/top_level.txt
[1.481s] reading manifest file '../../build/wall_ransac_initializer/wall_ransac_initializer.egg-info/SOURCES.txt'
[1.482s] writing manifest file '../../build/wall_ransac_initializer/wall_ransac_initializer.egg-info/SOURCES.txt'
[1.482s] running build
[1.482s] running build_py
[1.482s] running install
[1.482s] running install_lib
[1.483s] running install_data
[1.484s] running install_egg_info
[1.485s] removing '/home/rover/ros2_ws/install/wall_ransac_initializer/lib/python3.10/site-packages/wall_ransac_initializer-0.0.0-py3.10.egg-info' (and everything under it)
[1.485s] Copying ../../build/wall_ransac_initializer/wall_ransac_initializer.egg-info to /home/rover/ros2_ws/install/wall_ransac_initializer/lib/python3.10/site-packages/wall_ransac_initializer-0.0.0-py3.10.egg-info
[1.486s] running install_scripts
[1.503s] Installing map_error_x script to /home/rover/ros2_ws/install/wall_ransac_initializer/lib/wall_ransac_initializer
[1.503s] Installing map_error_y script to /home/rover/ros2_ws/install/wall_ransac_initializer/lib/wall_ransac_initializer
[1.504s] Installing wall_ransac_initialpose script to /home/rover/ros2_ws/install/wall_ransac_initializer/lib/wall_ransac_initializer
[1.504s] writing list of installed files to '/home/rover/ros2_ws/build/wall_ransac_initializer/install.log'
[1.524s] Invoked command in '/home/rover/ros2_ws/src/wall_ransac_initializer' returned '0': PYTHONPATH=/home/rover/ros2_ws/build/wall_ransac_initializer/prefix_override:/usr/lib/python3/dist-packages/colcon_core/task/python/colcon_distutils_commands:/home/rover/ros2_ws/install/wall_ransac_initializer/lib/python3.10/site-packages:${PYTHONPATH} /usr/bin/python3 -W ignore:setup.py install is deprecated -W ignore:easy_install command is deprecated setup.py egg_info --egg-base ../../build/wall_ransac_initializer build --build-base /home/rover/ros2_ws/build/wall_ransac_initializer/build install --record /home/rover/ros2_ws/build/wall_ransac_initializer/install.log --single-version-externally-managed install_data
