[0.015s] Invoking command in '/home/rover/ros2_ws/build/realsense2_camera': CMAKE_PREFIX_PATH=/home/rover/ros2_ws/install/realsense2_camera_msgs:/home/rover/ros2_ws/install/ydlidar_ros2_driver:/home/rover/ros2_ws/install/vs_rover_options_description:/home/rover/ros2_ws/install/rf2o_laser_odometry:/home/rover/ros2_ws/install/realsense2_description:/home/rover/ros2_ws/install/realsense2_camera:/home/rover/ros2_ws/install/nav2_bt_dummy:/home/rover/ros2_ws/install/nav2_amcl:/home/rover/ros2_ws/install/my_scan_merger:/home/rover/ros2_ws/install/megarover3:/home/rover/ros2_ws/install/megarover_description:/home/rover/ros2_ws/install/megarover3_navigation:/home/rover/ros2_ws/install/megarover3_bringup:/home/rover/uros_ws/install/micro_ros_setup:/home/rover/uros_ws/install/micro_ros_agent:/home/rover/uros_ws/install/micro_ros_msgs:/home/rover/ros2_ws/install/wall_ransac_initializer:/home/rover/ros2_ws/install/udp_bridge:/home/rover/ros2_ws/install/trajectory_logger:/home/rover/ros2_ws/install/shelf_navigator:/home/rover/ros2_ws/install/ros2_to_ros1_bridge:/home/rover/ros2_ws/install/js0_teleop:/home/rover/ros2_ws/install/iai_cylinder:/home/rover/ros2_ws/install/final_approach_controller:/home/rover/ros2_ws/install/arrow_key_teleop:/opt/ros/humble LD_LIBRARY_PATH=/home/rover/ros2_ws/install/realsense2_camera_msgs/lib:/home/rover/ros2_ws/install/realsense2_camera/lib:/home/rover/ros2_ws/install/nav2_bt_dummy/lib:/home/rover/ros2_ws/install/nav2_amcl/lib:/home/rover/uros_ws/install/micro_ros_agent/lib:/home/rover/uros_ws/install/micro_ros_msgs/lib:/opt/ros/humble/opt/rviz_ogre_vendor/lib:/opt/ros/humble/lib/x86_64-linux-gnu:/opt/ros/humble/lib /usr/bin/cmake /home/rover/ros2_ws/src/realsense-ros/realsense2_camera -DCMAKE_INSTALL_PREFIX=/home/rover/ros2_ws/install/realsense2_camera
[0.075s] -- The C compiler identification is GNU 11.4.0
[0.135s] -- The CXX compiler identification is GNU 11.4.0
[0.141s] -- Detecting C compiler ABI info
[0.192s] -- Detecting C compiler ABI info - done
[0.200s] -- Check for working C compiler: /usr/bin/cc - skipped
[0.200s] -- Detecting C compile features
[0.200s] -- Detecting C compile features - done
[0.203s] -- Detecting CXX compiler ABI info
[0.259s] -- Detecting CXX compiler ABI info - done
[0.267s] -- Check for working CXX compiler: /usr/bin/c++ - skipped
[0.267s] -- Detecting CXX compile features
[0.268s] -- Detecting CXX compile features - done
[0.268s] -- Create Release Build.
[0.272s] -- Found ament_cmake: 1.3.12 (/opt/ros/humble/share/ament_cmake/cmake)
[0.426s] -- Found Python3: /usr/bin/python3 (found version "3.10.12") found components: Interpreter 
[0.512s] -- Found builtin_interfaces: 1.2.2 (/opt/ros/humble/share/builtin_interfaces/cmake)
[0.538s] -- Found rosidl_generator_c: 3.1.7 (/opt/ros/humble/share/rosidl_generator_c/cmake)
[0.542s] -- Found rosidl_adapter: 3.1.7 (/opt/ros/humble/share/rosidl_adapter/cmake)
[0.552s] -- Found rosidl_generator_cpp: 3.1.7 (/opt/ros/humble/share/rosidl_generator_cpp/cmake)
[0.569s] -- Using all available rosidl_typesupport_c: rosidl_typesupport_fastrtps_c;rosidl_typesupport_introspection_c
[0.587s] -- Using all available rosidl_typesupport_cpp: rosidl_typesupport_fastrtps_cpp;rosidl_typesupport_introspection_cpp
[0.599s] -- Found cv_bridge: 3.2.1 (/opt/ros/humble/share/cv_bridge/cmake)
[0.641s] -- Found image_transport: 3.1.12 (/opt/ros/humble/share/image_transport/cmake)
[0.680s] -- Found rmw_implementation_cmake: 6.1.2 (/opt/ros/humble/share/rmw_implementation_cmake/cmake)
[0.683s] -- Found rmw_fastrtps_cpp: 6.2.9 (/opt/ros/humble/share/rmw_fastrtps_cpp/cmake)
[0.759s] -- Found OpenSSL: /usr/lib/x86_64-linux-gnu/libcrypto.so (found version "3.0.2")  
[0.791s] -- Found FastRTPS: /opt/ros/humble/include  
[0.833s] -- Using RMW implementation 'rmw_fastrtps_cpp' as default
[0.848s] -- Looking for pthread.h
[0.920s] -- Looking for pthread.h - found
[0.920s] -- Performing Test CMAKE_HAVE_LIBC_PTHREAD
[0.994s] -- Performing Test CMAKE_HAVE_LIBC_PTHREAD - Success
[0.995s] -- Found Threads: TRUE  
[1.081s] -- Found rclcpp_components: 16.0.15 (/opt/ros/humble/share/rclcpp_components/cmake)
[1.102s] -- Found realsense2_camera_msgs: 4.55.1 (/home/rover/ros2_ws/install/realsense2_camera_msgs/share/realsense2_camera_msgs/cmake)
[1.125s] -- Found nav_msgs: 4.9.0 (/opt/ros/humble/share/nav_msgs/cmake)
[1.146s] -- Found tf2_ros: 0.25.16 (/opt/ros/humble/share/tf2_ros/cmake)
[1.238s] -- Found diagnostic_updater: 4.0.6 (/opt/ros/humble/share/diagnostic_updater/cmake)
[1.270s] -- Found OpenCV: /usr (found version "4.5.4") found components: core 
[1.273s] -- Build for ROS2 Humble
[1.288s] -- Found ament_cmake_gtest: 1.3.12 (/opt/ros/humble/share/ament_cmake_gtest/cmake)
[1.293s] -- Found gtest sources under '/opt/ros/humble/src/gtest_vendor': C++ tests using 'Google Test' will be built
[1.303s] -- Found ament_cmake_pytest: 1.3.12 (/opt/ros/humble/share/ament_cmake_pytest/cmake)
[4.179s] -- rs_device_info:
[4.179s] --  04/01 01:23:56,338 ERROR [133617567016832] (context.cpp:40) No valid configuration file found at : /home/rover/.realsense-config.json loading defaults
[4.179s] No device detected. Is it plugged in?
[4.179s] 
[4.279s] -- Configuring done
[4.314s] -- Generating done
[4.325s] -- Build files have been written to: /home/rover/ros2_ws/build/realsense2_camera
[4.349s] Invoked command in '/home/rover/ros2_ws/build/realsense2_camera' returned '0': CMAKE_PREFIX_PATH=/home/rover/ros2_ws/install/realsense2_camera_msgs:/home/rover/ros2_ws/install/ydlidar_ros2_driver:/home/rover/ros2_ws/install/vs_rover_options_description:/home/rover/ros2_ws/install/rf2o_laser_odometry:/home/rover/ros2_ws/install/realsense2_description:/home/rover/ros2_ws/install/realsense2_camera:/home/rover/ros2_ws/install/nav2_bt_dummy:/home/rover/ros2_ws/install/nav2_amcl:/home/rover/ros2_ws/install/my_scan_merger:/home/rover/ros2_ws/install/megarover3:/home/rover/ros2_ws/install/megarover_description:/home/rover/ros2_ws/install/megarover3_navigation:/home/rover/ros2_ws/install/megarover3_bringup:/home/rover/uros_ws/install/micro_ros_setup:/home/rover/uros_ws/install/micro_ros_agent:/home/rover/uros_ws/install/micro_ros_msgs:/home/rover/ros2_ws/install/wall_ransac_initializer:/home/rover/ros2_ws/install/udp_bridge:/home/rover/ros2_ws/install/trajectory_logger:/home/rover/ros2_ws/install/shelf_navigator:/home/rover/ros2_ws/install/ros2_to_ros1_bridge:/home/rover/ros2_ws/install/js0_teleop:/home/rover/ros2_ws/install/iai_cylinder:/home/rover/ros2_ws/install/final_approach_controller:/home/rover/ros2_ws/install/arrow_key_teleop:/opt/ros/humble LD_LIBRARY_PATH=/home/rover/ros2_ws/install/realsense2_camera_msgs/lib:/home/rover/ros2_ws/install/realsense2_camera/lib:/home/rover/ros2_ws/install/nav2_bt_dummy/lib:/home/rover/ros2_ws/install/nav2_amcl/lib:/home/rover/uros_ws/install/micro_ros_agent/lib:/home/rover/uros_ws/install/micro_ros_msgs/lib:/opt/ros/humble/opt/rviz_ogre_vendor/lib:/opt/ros/humble/lib/x86_64-linux-gnu:/opt/ros/humble/lib /usr/bin/cmake /home/rover/ros2_ws/src/realsense-ros/realsense2_camera -DCMAKE_INSTALL_PREFIX=/home/rover/ros2_ws/install/realsense2_camera
[4.351s] Invoking command in '/home/rover/ros2_ws/build/realsense2_camera': CMAKE_PREFIX_PATH=/home/rover/ros2_ws/install/realsense2_camera_msgs:/home/rover/ros2_ws/install/ydlidar_ros2_driver:/home/rover/ros2_ws/install/vs_rover_options_description:/home/rover/ros2_ws/install/rf2o_laser_odometry:/home/rover/ros2_ws/install/realsense2_description:/home/rover/ros2_ws/install/realsense2_camera:/home/rover/ros2_ws/install/nav2_bt_dummy:/home/rover/ros2_ws/install/nav2_amcl:/home/rover/ros2_ws/install/my_scan_merger:/home/rover/ros2_ws/install/megarover3:/home/rover/ros2_ws/install/megarover_description:/home/rover/ros2_ws/install/megarover3_navigation:/home/rover/ros2_ws/install/megarover3_bringup:/home/rover/uros_ws/install/micro_ros_setup:/home/rover/uros_ws/install/micro_ros_agent:/home/rover/uros_ws/install/micro_ros_msgs:/home/rover/ros2_ws/install/wall_ransac_initializer:/home/rover/ros2_ws/install/udp_bridge:/home/rover/ros2_ws/install/trajectory_logger:/home/rover/ros2_ws/install/shelf_navigator:/home/rover/ros2_ws/install/ros2_to_ros1_bridge:/home/rover/ros2_ws/install/js0_teleop:/home/rover/ros2_ws/install/iai_cylinder:/home/rover/ros2_ws/install/final_approach_controller:/home/rover/ros2_ws/install/arrow_key_teleop:/opt/ros/humble LD_LIBRARY_PATH=/home/rover/ros2_ws/install/realsense2_camera_msgs/lib:/home/rover/ros2_ws/install/realsense2_camera/lib:/home/rover/ros2_ws/install/nav2_bt_dummy/lib:/home/rover/ros2_ws/install/nav2_amcl/lib:/home/rover/uros_ws/install/micro_ros_agent/lib:/home/rover/uros_ws/install/micro_ros_msgs/lib:/opt/ros/humble/opt/rviz_ogre_vendor/lib:/opt/ros/humble/lib/x86_64-linux-gnu:/opt/ros/humble/lib /usr/bin/cmake --build /home/rover/ros2_ws/build/realsense2_camera -- -j18 -l18
[4.405s] [  9%] [32mBuilding CXX object gtest/CMakeFiles/gtest_main.dir/src/gtest_main.cc.o[0m
[4.405s] [  9%] [32mBuilding CXX object gtest/CMakeFiles/gtest.dir/src/gtest-all.cc.o[0m
[4.405s] [ 13%] [32mBuilding CXX object CMakeFiles/realsense2_camera_node.dir/rclcpp_components/node_main_realsense2_camera_node.cpp.o[0m
[4.405s] [ 22%] [32mBuilding CXX object CMakeFiles/realsense2_camera.dir/src/realsense_node_factory.cpp.o[0m
[4.405s] [ 22%] [32mBuilding CXX object CMakeFiles/realsense2_camera.dir/src/parameters.cpp.o[0m
[4.405s] [ 27%] [32mBuilding CXX object CMakeFiles/realsense2_camera.dir/src/ros_sensor.cpp.o[0m
[4.406s] [ 31%] [32mBuilding CXX object CMakeFiles/realsense2_camera.dir/src/ros_utils.cpp.o[0m
[4.407s] [ 40%] [32mBuilding CXX object CMakeFiles/realsense2_camera.dir/src/rs_node_setup.cpp.o[0m
[4.407s] [ 45%] [32mBuilding CXX object CMakeFiles/realsense2_camera.dir/src/dynamic_params.cpp.o[0m
[4.407s] [ 45%] [32mBuilding CXX object CMakeFiles/realsense2_camera.dir/src/sensor_params.cpp.o[0m
[4.412s] [ 50%] [32mBuilding CXX object CMakeFiles/realsense2_camera.dir/src/base_realsense_node.cpp.o[0m
[4.413s] [ 54%] [32mBuilding CXX object CMakeFiles/realsense2_camera.dir/src/named_filter.cpp.o[0m
[4.415s] [ 59%] [32mBuilding CXX object CMakeFiles/realsense2_camera.dir/src/image_publisher.cpp.o[0m
[4.415s] [ 63%] [32mBuilding CXX object CMakeFiles/realsense2_camera.dir/src/profile_manager.cpp.o[0m
[4.426s] [ 68%] [32mBuilding CXX object CMakeFiles/realsense2_camera.dir/src/tfs.cpp.o[0m
[4.436s] [ 72%] [32mBuilding CXX object CMakeFiles/realsense2_camera.dir/src/ros_param_backend.cpp.o[0m
[5.443s] [ 77%] [32m[1mLinking CXX static library libgtest_main.a[0m
[5.857s] [ 77%] Built target gtest_main
[10.576s] [ 81%] [32m[1mLinking CXX executable realsense2_camera_node[0m
[10.880s] [ 81%] Built target realsense2_camera_node
[15.868s] [ 86%] [32m[1mLinking CXX static library libgtest.a[0m
[15.933s] [ 86%] Built target gtest
[15.955s] [ 90%] [32mBuilding CXX object CMakeFiles/gtest_template.dir/test/gtest_template.cpp.o[0m
[16.483s] [ 95%] [32m[1mLinking CXX executable gtest_template[0m
[16.552s] [ 95%] Built target gtest_template
[21.832s] [100%] [32m[1mLinking CXX shared library librealsense2_camera.so[0m
[22.169s] [100%] Built target realsense2_camera
[22.180s] Invoked command in '/home/rover/ros2_ws/build/realsense2_camera' returned '0': CMAKE_PREFIX_PATH=/home/rover/ros2_ws/install/realsense2_camera_msgs:/home/rover/ros2_ws/install/ydlidar_ros2_driver:/home/rover/ros2_ws/install/vs_rover_options_description:/home/rover/ros2_ws/install/rf2o_laser_odometry:/home/rover/ros2_ws/install/realsense2_description:/home/rover/ros2_ws/install/realsense2_camera:/home/rover/ros2_ws/install/nav2_bt_dummy:/home/rover/ros2_ws/install/nav2_amcl:/home/rover/ros2_ws/install/my_scan_merger:/home/rover/ros2_ws/install/megarover3:/home/rover/ros2_ws/install/megarover_description:/home/rover/ros2_ws/install/megarover3_navigation:/home/rover/ros2_ws/install/megarover3_bringup:/home/rover/uros_ws/install/micro_ros_setup:/home/rover/uros_ws/install/micro_ros_agent:/home/rover/uros_ws/install/micro_ros_msgs:/home/rover/ros2_ws/install/wall_ransac_initializer:/home/rover/ros2_ws/install/udp_bridge:/home/rover/ros2_ws/install/trajectory_logger:/home/rover/ros2_ws/install/shelf_navigator:/home/rover/ros2_ws/install/ros2_to_ros1_bridge:/home/rover/ros2_ws/install/js0_teleop:/home/rover/ros2_ws/install/iai_cylinder:/home/rover/ros2_ws/install/final_approach_controller:/home/rover/ros2_ws/install/arrow_key_teleop:/opt/ros/humble LD_LIBRARY_PATH=/home/rover/ros2_ws/install/realsense2_camera_msgs/lib:/home/rover/ros2_ws/install/realsense2_camera/lib:/home/rover/ros2_ws/install/nav2_bt_dummy/lib:/home/rover/ros2_ws/install/nav2_amcl/lib:/home/rover/uros_ws/install/micro_ros_agent/lib:/home/rover/uros_ws/install/micro_ros_msgs/lib:/opt/ros/humble/opt/rviz_ogre_vendor/lib:/opt/ros/humble/lib/x86_64-linux-gnu:/opt/ros/humble/lib /usr/bin/cmake --build /home/rover/ros2_ws/build/realsense2_camera -- -j18 -l18
[22.182s] Invoking command in '/home/rover/ros2_ws/build/realsense2_camera': CMAKE_PREFIX_PATH=/home/rover/ros2_ws/install/realsense2_camera_msgs:/home/rover/ros2_ws/install/ydlidar_ros2_driver:/home/rover/ros2_ws/install/vs_rover_options_description:/home/rover/ros2_ws/install/rf2o_laser_odometry:/home/rover/ros2_ws/install/realsense2_description:/home/rover/ros2_ws/install/realsense2_camera:/home/rover/ros2_ws/install/nav2_bt_dummy:/home/rover/ros2_ws/install/nav2_amcl:/home/rover/ros2_ws/install/my_scan_merger:/home/rover/ros2_ws/install/megarover3:/home/rover/ros2_ws/install/megarover_description:/home/rover/ros2_ws/install/megarover3_navigation:/home/rover/ros2_ws/install/megarover3_bringup:/home/rover/uros_ws/install/micro_ros_setup:/home/rover/uros_ws/install/micro_ros_agent:/home/rover/uros_ws/install/micro_ros_msgs:/home/rover/ros2_ws/install/wall_ransac_initializer:/home/rover/ros2_ws/install/udp_bridge:/home/rover/ros2_ws/install/trajectory_logger:/home/rover/ros2_ws/install/shelf_navigator:/home/rover/ros2_ws/install/ros2_to_ros1_bridge:/home/rover/ros2_ws/install/js0_teleop:/home/rover/ros2_ws/install/iai_cylinder:/home/rover/ros2_ws/install/final_approach_controller:/home/rover/ros2_ws/install/arrow_key_teleop:/opt/ros/humble LD_LIBRARY_PATH=/home/rover/ros2_ws/install/realsense2_camera_msgs/lib:/home/rover/ros2_ws/install/realsense2_camera/lib:/home/rover/ros2_ws/install/nav2_bt_dummy/lib:/home/rover/ros2_ws/install/nav2_amcl/lib:/home/rover/uros_ws/install/micro_ros_agent/lib:/home/rover/uros_ws/install/micro_ros_msgs/lib:/opt/ros/humble/opt/rviz_ogre_vendor/lib:/opt/ros/humble/lib/x86_64-linux-gnu:/opt/ros/humble/lib /usr/bin/cmake --install /home/rover/ros2_ws/build/realsense2_camera
[22.190s] -- Install configuration: "Release"
[22.190s] -- Installing: /home/rover/ros2_ws/install/realsense2_camera/lib/realsense2_camera/realsense2_camera_node
[22.190s] -- Set runtime path of "/home/rover/ros2_ws/install/realsense2_camera/lib/realsense2_camera/realsense2_camera_node" to ""
[22.190s] -- Installing: /home/rover/ros2_ws/install/realsense2_camera/lib/librealsense2_camera.so
[22.191s] -- Set runtime path of "/home/rover/ros2_ws/install/realsense2_camera/lib/librealsense2_camera.so" to ""
[22.192s] -- Installing: /home/rover/ros2_ws/install/realsense2_camera/include
[22.192s] -- Installing: /home/rover/ros2_ws/install/realsense2_camera/include/dynamic_params.h
[22.192s] -- Installing: /home/rover/ros2_ws/install/realsense2_camera/include/named_filter.h
[22.192s] -- Installing: /home/rover/ros2_ws/install/realsense2_camera/include/sensor_params.h
[22.192s] -- Installing: /home/rover/ros2_ws/install/realsense2_camera/include/ros_param_backend.h
[22.192s] -- Installing: /home/rover/ros2_ws/install/realsense2_camera/include/ros_utils.h
[22.192s] -- Installing: /home/rover/ros2_ws/install/realsense2_camera/include/profile_manager.h
[22.192s] -- Installing: /home/rover/ros2_ws/install/realsense2_camera/include/image_publisher.h
[22.192s] -- Installing: /home/rover/ros2_ws/install/realsense2_camera/include/constants.h
[22.192s] -- Installing: /home/rover/ros2_ws/install/realsense2_camera/include/ros_sensor.h
[22.192s] -- Installing: /home/rover/ros2_ws/install/realsense2_camera/include/gl_window.h
[22.192s] -- Installing: /home/rover/ros2_ws/install/realsense2_camera/include/base_realsense_node.h
[22.192s] -- Installing: /home/rover/ros2_ws/install/realsense2_camera/include/realsense_node_factory.h
[22.192s] -- Installing: /home/rover/ros2_ws/install/realsense2_camera/share/realsense2_camera/launch
[22.192s] -- Installing: /home/rover/ros2_ws/install/realsense2_camera/share/realsense2_camera/launch/rs_launch.py
[22.192s] -- Installing: /home/rover/ros2_ws/install/realsense2_camera/share/realsense2_camera/launch/rs_intra_process_demo_launch.py
[22.192s] -- Installing: /home/rover/ros2_ws/install/realsense2_camera/share/realsense2_camera/launch/default.rviz
[22.192s] -- Installing: /home/rover/ros2_ws/install/realsense2_camera/share/realsense2_camera/launch/rs_multi_camera_launch.py
[22.192s] -- Installing: /home/rover/ros2_ws/install/realsense2_camera/share/realsense2_camera/examples
[22.192s] -- Installing: /home/rover/ros2_ws/install/realsense2_camera/share/realsense2_camera/examples/align_depth
[22.192s] -- Installing: /home/rover/ros2_ws/install/realsense2_camera/share/realsense2_camera/examples/align_depth/README.md
[22.192s] -- Installing: /home/rover/ros2_ws/install/realsense2_camera/share/realsense2_camera/examples/align_depth/rs_align_depth_launch.py
[22.192s] -- Installing: /home/rover/ros2_ws/install/realsense2_camera/share/realsense2_camera/examples/pointcloud
[22.192s] -- Installing: /home/rover/ros2_ws/install/realsense2_camera/share/realsense2_camera/examples/pointcloud/rviz
[22.192s] -- Installing: /home/rover/ros2_ws/install/realsense2_camera/share/realsense2_camera/examples/pointcloud/rviz/urdf_pointcloud.rviz
[22.192s] -- Installing: /home/rover/ros2_ws/install/realsense2_camera/share/realsense2_camera/examples/pointcloud/rviz/pointcloud.rviz
[22.193s] -- Installing: /home/rover/ros2_ws/install/realsense2_camera/share/realsense2_camera/examples/pointcloud/rs_d405_pointcloud_launch.py
[22.193s] -- Installing: /home/rover/ros2_ws/install/realsense2_camera/share/realsense2_camera/examples/pointcloud/README.md
[22.193s] -- Installing: /home/rover/ros2_ws/install/realsense2_camera/share/realsense2_camera/examples/pointcloud/rs_pointcloud_launch.py
[22.193s] -- Installing: /home/rover/ros2_ws/install/realsense2_camera/share/realsense2_camera/examples/pointcloud/rs_d455_pointcloud_launch.py
[22.193s] -- Installing: /home/rover/ros2_ws/install/realsense2_camera/share/realsense2_camera/examples/launch_from_rosbag
[22.193s] -- Installing: /home/rover/ros2_ws/install/realsense2_camera/share/realsense2_camera/examples/launch_from_rosbag/rs_launch_from_rosbag.py
[22.193s] -- Installing: /home/rover/ros2_ws/install/realsense2_camera/share/realsense2_camera/examples/launch_from_rosbag/README.md
[22.193s] -- Installing: /home/rover/ros2_ws/install/realsense2_camera/share/realsense2_camera/examples/dual_camera
[22.193s] -- Installing: /home/rover/ros2_ws/install/realsense2_camera/share/realsense2_camera/examples/dual_camera/rviz
[22.193s] -- Installing: /home/rover/ros2_ws/install/realsense2_camera/share/realsense2_camera/examples/dual_camera/rviz/dual_camera_pointcloud.rviz
[22.193s] -- Installing: /home/rover/ros2_ws/install/realsense2_camera/share/realsense2_camera/examples/dual_camera/README.md
[22.193s] -- Installing: /home/rover/ros2_ws/install/realsense2_camera/share/realsense2_camera/examples/dual_camera/rs_dual_camera_launch.py
[22.193s] -- Installing: /home/rover/ros2_ws/install/realsense2_camera/share/realsense2_camera/examples/launch_params_from_file
[22.193s] -- Installing: /home/rover/ros2_ws/install/realsense2_camera/share/realsense2_camera/examples/launch_params_from_file/config
[22.193s] -- Installing: /home/rover/ros2_ws/install/realsense2_camera/share/realsense2_camera/examples/launch_params_from_file/config/config.yaml
[22.193s] -- Installing: /home/rover/ros2_ws/install/realsense2_camera/share/realsense2_camera/examples/launch_params_from_file/README.md
[22.193s] -- Installing: /home/rover/ros2_ws/install/realsense2_camera/share/realsense2_camera/examples/launch_params_from_file/rs_launch_get_params_from_yaml.py
[22.193s] -- Installing: /home/rover/ros2_ws/install/realsense2_camera/share/realsense2_camera/environment/library_path.sh
[22.193s] -- Installing: /home/rover/ros2_ws/install/realsense2_camera/share/realsense2_camera/environment/library_path.dsv
[22.193s] -- Installing: /home/rover/ros2_ws/install/realsense2_camera/share/ament_index/resource_index/package_run_dependencies/realsense2_camera
[22.193s] -- Installing: /home/rover/ros2_ws/install/realsense2_camera/share/ament_index/resource_index/parent_prefix_path/realsense2_camera
[22.193s] -- Installing: /home/rover/ros2_ws/install/realsense2_camera/share/realsense2_camera/environment/ament_prefix_path.sh
[22.193s] -- Installing: /home/rover/ros2_ws/install/realsense2_camera/share/realsense2_camera/environment/ament_prefix_path.dsv
[22.193s] -- Installing: /home/rover/ros2_ws/install/realsense2_camera/share/realsense2_camera/environment/path.sh
[22.193s] -- Installing: /home/rover/ros2_ws/install/realsense2_camera/share/realsense2_camera/environment/path.dsv
[22.193s] -- Installing: /home/rover/ros2_ws/install/realsense2_camera/share/realsense2_camera/local_setup.bash
[22.193s] -- Installing: /home/rover/ros2_ws/install/realsense2_camera/share/realsense2_camera/local_setup.sh
[22.193s] -- Installing: /home/rover/ros2_ws/install/realsense2_camera/share/realsense2_camera/local_setup.zsh
[22.194s] -- Installing: /home/rover/ros2_ws/install/realsense2_camera/share/realsense2_camera/local_setup.dsv
[22.194s] -- Installing: /home/rover/ros2_ws/install/realsense2_camera/share/realsense2_camera/package.dsv
[22.194s] -- Installing: /home/rover/ros2_ws/install/realsense2_camera/share/ament_index/resource_index/packages/realsense2_camera
[22.194s] -- Installing: /home/rover/ros2_ws/install/realsense2_camera/share/ament_index/resource_index/rclcpp_components/realsense2_camera
[22.194s] -- Installing: /home/rover/ros2_ws/install/realsense2_camera/share/realsense2_camera/cmake/ament_cmake_export_include_directories-extras.cmake
[22.194s] -- Installing: /home/rover/ros2_ws/install/realsense2_camera/share/realsense2_camera/cmake/ament_cmake_export_libraries-extras.cmake
[22.194s] -- Installing: /home/rover/ros2_ws/install/realsense2_camera/share/realsense2_camera/cmake/ament_cmake_export_dependencies-extras.cmake
[22.194s] -- Installing: /home/rover/ros2_ws/install/realsense2_camera/share/realsense2_camera/cmake/realsense2_cameraConfig.cmake
[22.194s] -- Installing: /home/rover/ros2_ws/install/realsense2_camera/share/realsense2_camera/cmake/realsense2_cameraConfig-version.cmake
[22.194s] -- Installing: /home/rover/ros2_ws/install/realsense2_camera/share/realsense2_camera/package.xml
[22.196s] Invoked command in '/home/rover/ros2_ws/build/realsense2_camera' returned '0': CMAKE_PREFIX_PATH=/home/rover/ros2_ws/install/realsense2_camera_msgs:/home/rover/ros2_ws/install/ydlidar_ros2_driver:/home/rover/ros2_ws/install/vs_rover_options_description:/home/rover/ros2_ws/install/rf2o_laser_odometry:/home/rover/ros2_ws/install/realsense2_description:/home/rover/ros2_ws/install/realsense2_camera:/home/rover/ros2_ws/install/nav2_bt_dummy:/home/rover/ros2_ws/install/nav2_amcl:/home/rover/ros2_ws/install/my_scan_merger:/home/rover/ros2_ws/install/megarover3:/home/rover/ros2_ws/install/megarover_description:/home/rover/ros2_ws/install/megarover3_navigation:/home/rover/ros2_ws/install/megarover3_bringup:/home/rover/uros_ws/install/micro_ros_setup:/home/rover/uros_ws/install/micro_ros_agent:/home/rover/uros_ws/install/micro_ros_msgs:/home/rover/ros2_ws/install/wall_ransac_initializer:/home/rover/ros2_ws/install/udp_bridge:/home/rover/ros2_ws/install/trajectory_logger:/home/rover/ros2_ws/install/shelf_navigator:/home/rover/ros2_ws/install/ros2_to_ros1_bridge:/home/rover/ros2_ws/install/js0_teleop:/home/rover/ros2_ws/install/iai_cylinder:/home/rover/ros2_ws/install/final_approach_controller:/home/rover/ros2_ws/install/arrow_key_teleop:/opt/ros/humble LD_LIBRARY_PATH=/home/rover/ros2_ws/install/realsense2_camera_msgs/lib:/home/rover/ros2_ws/install/realsense2_camera/lib:/home/rover/ros2_ws/install/nav2_bt_dummy/lib:/home/rover/ros2_ws/install/nav2_amcl/lib:/home/rover/uros_ws/install/micro_ros_agent/lib:/home/rover/uros_ws/install/micro_ros_msgs/lib:/opt/ros/humble/opt/rviz_ogre_vendor/lib:/opt/ros/humble/lib/x86_64-linux-gnu:/opt/ros/humble/lib /usr/bin/cmake --install /home/rover/ros2_ws/build/realsense2_camera
