/home/rover/ros2_ws/install/ros2_to_ros1_bridge/lib/python3.10/site-packages/ros2_to_ros1_bridge/rover_odo_bridge.py
/home/rover/ros2_ws/install/ros2_to_ros1_bridge/lib/python3.10/site-packages/ros2_to_ros1_bridge/ros2_cmd_vel_bridge.py
/home/rover/ros2_ws/install/ros2_to_ros1_bridge/lib/python3.10/site-packages/ros2_to_ros1_bridge/__init__.py
/home/rover/ros2_ws/install/ros2_to_ros1_bridge/lib/python3.10/site-packages/ros2_to_ros1_bridge/rover_encoder_bridge_ros2.py
/home/rover/ros2_ws/install/ros2_to_ros1_bridge/lib/python3.10/site-packages/ros2_to_ros1_bridge/__pycache__/rover_odo_bridge.cpython-310.pyc
/home/rover/ros2_ws/install/ros2_to_ros1_bridge/lib/python3.10/site-packages/ros2_to_ros1_bridge/__pycache__/ros2_cmd_vel_bridge.cpython-310.pyc
/home/rover/ros2_ws/install/ros2_to_ros1_bridge/lib/python3.10/site-packages/ros2_to_ros1_bridge/__pycache__/__init__.cpython-310.pyc
/home/rover/ros2_ws/install/ros2_to_ros1_bridge/lib/python3.10/site-packages/ros2_to_ros1_bridge/__pycache__/rover_encoder_bridge_ros2.cpython-310.pyc
/home/rover/ros2_ws/install/ros2_to_ros1_bridge/share/ament_index/resource_index/packages/ros2_to_ros1_bridge
/home/rover/ros2_ws/install/ros2_to_ros1_bridge/share/ros2_to_ros1_bridge/package.xml
/home/rover/ros2_ws/install/ros2_to_ros1_bridge/lib/python3.10/site-packages/ros2_to_ros1_bridge-0.0.0-py3.10.egg-info/requires.txt
/home/rover/ros2_ws/install/ros2_to_ros1_bridge/lib/python3.10/site-packages/ros2_to_ros1_bridge-0.0.0-py3.10.egg-info/entry_points.txt
/home/rover/ros2_ws/install/ros2_to_ros1_bridge/lib/python3.10/site-packages/ros2_to_ros1_bridge-0.0.0-py3.10.egg-info/zip-safe
/home/rover/ros2_ws/install/ros2_to_ros1_bridge/lib/python3.10/site-packages/ros2_to_ros1_bridge-0.0.0-py3.10.egg-info/top_level.txt
/home/rover/ros2_ws/install/ros2_to_ros1_bridge/lib/python3.10/site-packages/ros2_to_ros1_bridge-0.0.0-py3.10.egg-info/dependency_links.txt
/home/rover/ros2_ws/install/ros2_to_ros1_bridge/lib/python3.10/site-packages/ros2_to_ros1_bridge-0.0.0-py3.10.egg-info/SOURCES.txt
/home/rover/ros2_ws/install/ros2_to_ros1_bridge/lib/python3.10/site-packages/ros2_to_ros1_bridge-0.0.0-py3.10.egg-info/PKG-INFO
/home/rover/ros2_ws/install/ros2_to_ros1_bridge/lib/ros2_to_ros1_bridge/ros2_cmd_vel_bridge
/home/rover/ros2_ws/install/ros2_to_ros1_bridge/lib/ros2_to_ros1_bridge/ros2_rover_odo_bridge
/home/rover/ros2_ws/install/ros2_to_ros1_bridge/lib/ros2_to_ros1_bridge/rover_encoder_bridge_ros2
