running egg_info
writing ../../build/final_approach_controller/final_approach_controller.egg-info/PKG-INFO
writing dependency_links to ../../build/final_approach_controller/final_approach_controller.egg-info/dependency_links.txt
writing entry points to ../../build/final_approach_controller/final_approach_controller.egg-info/entry_points.txt
writing requirements to ../../build/final_approach_controller/final_approach_controller.egg-info/requires.txt
writing top-level names to ../../build/final_approach_controller/final_approach_controller.egg-info/top_level.txt
reading manifest file '../../build/final_approach_controller/final_approach_controller.egg-info/SOURCES.txt'
writing manifest file '../../build/final_approach_controller/final_approach_controller.egg-info/SOURCES.txt'
running build
running build_py
copying final_approach_controller/final_approach_node2.py -> /home/rover/ros2_ws/build/final_approach_controller/build/lib/final_approach_controller
running install
running install_lib
copying /home/rover/ros2_ws/build/final_approach_controller/build/lib/final_approach_controller/final_approach_node2.py -> /home/rover/ros2_ws/install/final_approach_controller/lib/python3.10/site-packages/final_approach_controller
byte-compiling /home/rover/ros2_ws/install/final_approach_controller/lib/python3.10/site-packages/final_approach_controller/final_approach_node2.py to final_approach_node2.cpython-310.pyc
running install_data
running install_egg_info
removing '/home/rover/ros2_ws/install/final_approach_controller/lib/python3.10/site-packages/final_approach_controller-0.0.0-py3.10.egg-info' (and everything under it)
Copying ../../build/final_approach_controller/final_approach_controller.egg-info to /home/rover/ros2_ws/install/final_approach_controller/lib/python3.10/site-packages/final_approach_controller-0.0.0-py3.10.egg-info
running install_scripts
Installing final_approach_node script to /home/rover/ros2_ws/install/final_approach_controller/lib/final_approach_controller
Installing final_approach_node2 script to /home/rover/ros2_ws/install/final_approach_controller/lib/final_approach_controller
writing list of installed files to '/home/rover/ros2_ws/build/final_approach_controller/install.log'
