[0.166s] DEBUG:colcon:Command line arguments: ['/usr/bin/colcon', 'build', '--packages-select', 'shelf_navigator']
[0.166s] DEBUG:colcon:Parsed command line arguments: Namespace(log_base=None, log_level=None, verb_name='build', build_base='build', install_base='install', merge_install=False, symlink_install=False, test_result_base=None, continue_on_error=False, executor='parallel', parallel_workers=18, event_handlers=None, ignore_user_meta=False, metas=['./colcon.meta'], base_paths=['.'], packages_ignore=None, packages_ignore_regex=None, paths=None, packages_up_to=None, packages_up_to_regex=None, packages_above=None, packages_above_and_dependencies=None, packages_above_depth=None, packages_select_by_dep=None, packages_skip_by_dep=None, packages_skip_up_to=None, packages_select_build_failed=False, packages_skip_build_finished=False, packages_select_test_failures=False, packages_skip_test_passed=False, packages_select=['shelf_navigator'], packages_skip=None, packages_select_regex=None, packages_skip_regex=None, packages_start=None, packages_end=None, allow_overriding=[], cmake_args=None, cmake_target=None, cmake_target_skip_unavailable=False, cmake_clean_cache=False, cmake_clean_first=False, cmake_force_configure=False, ament_cmake_args=None, catkin_cmake_args=None, catkin_skip_building_tests=False, mixin_files=None, mixin=None, verb_parser=<colcon_mixin.mixin.mixin_argument.MixinArgumentDecorator object at 0x740da4184b80>, verb_extension=<colcon_core.verb.build.BuildVerb object at 0x740da4184580>, main=<bound method BuildVerb.main of <colcon_core.verb.build.BuildVerb object at 0x740da4184580>>, mixin_verb=('build',))
[0.436s] Level 1:colcon.colcon_core.package_discovery:discover_packages(colcon_meta) check parameters
[0.436s] Level 1:colcon.colcon_core.package_discovery:discover_packages(recursive) check parameters
[0.436s] Level 1:colcon.colcon_core.package_discovery:discover_packages(ignore) check parameters
[0.436s] Level 1:colcon.colcon_core.package_discovery:discover_packages(path) check parameters
[0.436s] Level 1:colcon.colcon_core.package_discovery:discover_packages(colcon_meta) discover
[0.436s] Level 1:colcon.colcon_core.package_discovery:discover_packages(recursive) discover
[0.437s] INFO:colcon.colcon_core.package_discovery:Crawling recursively for packages in '/home/rover/ros2_ws'
[0.437s] Level 1:colcon.colcon_core.package_identification:_identify(.) by extensions ['ignore', 'ignore_ament_install']
[0.437s] Level 1:colcon.colcon_core.package_identification:_identify(.) by extension 'ignore'
[0.437s] Level 1:colcon.colcon_core.package_identification:_identify(.) by extension 'ignore_ament_install'
[0.437s] Level 1:colcon.colcon_core.package_identification:_identify(.) by extensions ['colcon_pkg']
[0.437s] Level 1:colcon.colcon_core.package_identification:_identify(.) by extension 'colcon_pkg'
[0.437s] Level 1:colcon.colcon_core.package_identification:_identify(.) by extensions ['colcon_meta']
[0.437s] Level 1:colcon.colcon_core.package_identification:_identify(.) by extension 'colcon_meta'
[0.437s] Level 1:colcon.colcon_core.package_identification:_identify(.) by extensions ['ros']
[0.437s] Level 1:colcon.colcon_core.package_identification:_identify(.) by extension 'ros'
[0.454s] Level 1:colcon.colcon_core.package_identification:_identify(.) by extensions ['cmake', 'python']
[0.454s] Level 1:colcon.colcon_core.package_identification:_identify(.) by extension 'cmake'
[0.454s] Level 1:colcon.colcon_core.package_identification:_identify(.) by extension 'python'
[0.454s] Level 1:colcon.colcon_core.package_identification:_identify(.) by extensions ['python_setup_py']
[0.454s] Level 1:colcon.colcon_core.package_identification:_identify(.) by extension 'python_setup_py'
[0.454s] Level 1:colcon.colcon_core.package_identification:_identify(build) by extensions ['ignore', 'ignore_ament_install']
[0.454s] Level 1:colcon.colcon_core.package_identification:_identify(build) by extension 'ignore'
[0.455s] Level 1:colcon.colcon_core.package_identification:_identify(build) ignored
[0.455s] Level 1:colcon.colcon_core.package_identification:_identify(install) by extensions ['ignore', 'ignore_ament_install']
[0.455s] Level 1:colcon.colcon_core.package_identification:_identify(install) by extension 'ignore'
[0.455s] Level 1:colcon.colcon_core.package_identification:_identify(install) ignored
[0.455s] Level 1:colcon.colcon_core.package_identification:_identify(log) by extensions ['ignore', 'ignore_ament_install']
[0.456s] Level 1:colcon.colcon_core.package_identification:_identify(log) by extension 'ignore'
[0.456s] Level 1:colcon.colcon_core.package_identification:_identify(log) ignored
[0.456s] Level 1:colcon.colcon_core.package_identification:_identify(src) by extensions ['ignore', 'ignore_ament_install']
[0.456s] Level 1:colcon.colcon_core.package_identification:_identify(src) by extension 'ignore'
[0.456s] Level 1:colcon.colcon_core.package_identification:_identify(src) by extension 'ignore_ament_install'
[0.456s] Level 1:colcon.colcon_core.package_identification:_identify(src) by extensions ['colcon_pkg']
[0.456s] Level 1:colcon.colcon_core.package_identification:_identify(src) by extension 'colcon_pkg'
[0.456s] Level 1:colcon.colcon_core.package_identification:_identify(src) by extensions ['colcon_meta']
[0.456s] Level 1:colcon.colcon_core.package_identification:_identify(src) by extension 'colcon_meta'
[0.456s] Level 1:colcon.colcon_core.package_identification:_identify(src) by extensions ['ros']
[0.456s] Level 1:colcon.colcon_core.package_identification:_identify(src) by extension 'ros'
[0.456s] Level 1:colcon.colcon_core.package_identification:_identify(src) by extensions ['cmake', 'python']
[0.456s] Level 1:colcon.colcon_core.package_identification:_identify(src) by extension 'cmake'
[0.456s] Level 1:colcon.colcon_core.package_identification:_identify(src) by extension 'python'
[0.456s] Level 1:colcon.colcon_core.package_identification:_identify(src) by extensions ['python_setup_py']
[0.456s] Level 1:colcon.colcon_core.package_identification:_identify(src) by extension 'python_setup_py'
[0.457s] Level 1:colcon.colcon_core.package_identification:_identify(src/amr_log) by extensions ['ignore', 'ignore_ament_install']
[0.457s] Level 1:colcon.colcon_core.package_identification:_identify(src/amr_log) by extension 'ignore'
[0.457s] Level 1:colcon.colcon_core.package_identification:_identify(src/amr_log) by extension 'ignore_ament_install'
[0.457s] Level 1:colcon.colcon_core.package_identification:_identify(src/amr_log) by extensions ['colcon_pkg']
[0.457s] Level 1:colcon.colcon_core.package_identification:_identify(src/amr_log) by extension 'colcon_pkg'
[0.457s] Level 1:colcon.colcon_core.package_identification:_identify(src/amr_log) by extensions ['colcon_meta']
[0.457s] Level 1:colcon.colcon_core.package_identification:_identify(src/amr_log) by extension 'colcon_meta'
[0.457s] Level 1:colcon.colcon_core.package_identification:_identify(src/amr_log) by extensions ['ros']
[0.457s] Level 1:colcon.colcon_core.package_identification:_identify(src/amr_log) by extension 'ros'
[0.461s] DEBUG:colcon.colcon_core.package_identification:Package 'src/amr_log' with type 'ros.ament_python' and name 'amr_log'
[0.461s] Level 1:colcon.colcon_core.package_identification:_identify(src/arrow_key_teleop) by extensions ['ignore', 'ignore_ament_install']
[0.461s] Level 1:colcon.colcon_core.package_identification:_identify(src/arrow_key_teleop) by extension 'ignore'
[0.461s] Level 1:colcon.colcon_core.package_identification:_identify(src/arrow_key_teleop) by extension 'ignore_ament_install'
[0.461s] Level 1:colcon.colcon_core.package_identification:_identify(src/arrow_key_teleop) by extensions ['colcon_pkg']
[0.461s] Level 1:colcon.colcon_core.package_identification:_identify(src/arrow_key_teleop) by extension 'colcon_pkg'
[0.461s] Level 1:colcon.colcon_core.package_identification:_identify(src/arrow_key_teleop) by extensions ['colcon_meta']
[0.461s] Level 1:colcon.colcon_core.package_identification:_identify(src/arrow_key_teleop) by extension 'colcon_meta'
[0.462s] Level 1:colcon.colcon_core.package_identification:_identify(src/arrow_key_teleop) by extensions ['ros']
[0.462s] Level 1:colcon.colcon_core.package_identification:_identify(src/arrow_key_teleop) by extension 'ros'
[0.465s] DEBUG:colcon.colcon_core.package_identification:Package 'src/arrow_key_teleop' with type 'ros.ament_python' and name 'arrow_key_teleop'
[0.465s] Level 1:colcon.colcon_core.package_identification:_identify(src/final_approach_controller) by extensions ['ignore', 'ignore_ament_install']
[0.466s] Level 1:colcon.colcon_core.package_identification:_identify(src/final_approach_controller) by extension 'ignore'
[0.466s] Level 1:colcon.colcon_core.package_identification:_identify(src/final_approach_controller) by extension 'ignore_ament_install'
[0.466s] Level 1:colcon.colcon_core.package_identification:_identify(src/final_approach_controller) by extensions ['colcon_pkg']
[0.466s] Level 1:colcon.colcon_core.package_identification:_identify(src/final_approach_controller) by extension 'colcon_pkg'
[0.466s] Level 1:colcon.colcon_core.package_identification:_identify(src/final_approach_controller) by extensions ['colcon_meta']
[0.466s] Level 1:colcon.colcon_core.package_identification:_identify(src/final_approach_controller) by extension 'colcon_meta'
[0.466s] Level 1:colcon.colcon_core.package_identification:_identify(src/final_approach_controller) by extensions ['ros']
[0.466s] Level 1:colcon.colcon_core.package_identification:_identify(src/final_approach_controller) by extension 'ros'
[0.468s] DEBUG:colcon.colcon_core.package_identification:Package 'src/final_approach_controller' with type 'ros.ament_python' and name 'final_approach_controller'
[0.469s] Level 1:colcon.colcon_core.package_identification:_identify(src/iai_cylinder) by extensions ['ignore', 'ignore_ament_install']
[0.469s] Level 1:colcon.colcon_core.package_identification:_identify(src/iai_cylinder) by extension 'ignore'
[0.469s] Level 1:colcon.colcon_core.package_identification:_identify(src/iai_cylinder) by extension 'ignore_ament_install'
[0.469s] Level 1:colcon.colcon_core.package_identification:_identify(src/iai_cylinder) by extensions ['colcon_pkg']
[0.469s] Level 1:colcon.colcon_core.package_identification:_identify(src/iai_cylinder) by extension 'colcon_pkg'
[0.469s] Level 1:colcon.colcon_core.package_identification:_identify(src/iai_cylinder) by extensions ['colcon_meta']
[0.469s] Level 1:colcon.colcon_core.package_identification:_identify(src/iai_cylinder) by extension 'colcon_meta'
[0.470s] Level 1:colcon.colcon_core.package_identification:_identify(src/iai_cylinder) by extensions ['ros']
[0.470s] Level 1:colcon.colcon_core.package_identification:_identify(src/iai_cylinder) by extension 'ros'
[0.471s] DEBUG:colcon.colcon_core.package_identification:Package 'src/iai_cylinder' with type 'ros.ament_python' and name 'iai_cylinder'
[0.471s] Level 1:colcon.colcon_core.package_identification:_identify(src/js0_teleop) by extensions ['ignore', 'ignore_ament_install']
[0.471s] Level 1:colcon.colcon_core.package_identification:_identify(src/js0_teleop) by extension 'ignore'
[0.471s] Level 1:colcon.colcon_core.package_identification:_identify(src/js0_teleop) by extension 'ignore_ament_install'
[0.471s] Level 1:colcon.colcon_core.package_identification:_identify(src/js0_teleop) by extensions ['colcon_pkg']
[0.471s] Level 1:colcon.colcon_core.package_identification:_identify(src/js0_teleop) by extension 'colcon_pkg'
[0.471s] Level 1:colcon.colcon_core.package_identification:_identify(src/js0_teleop) by extensions ['colcon_meta']
[0.471s] Level 1:colcon.colcon_core.package_identification:_identify(src/js0_teleop) by extension 'colcon_meta'
[0.471s] Level 1:colcon.colcon_core.package_identification:_identify(src/js0_teleop) by extensions ['ros']
[0.472s] Level 1:colcon.colcon_core.package_identification:_identify(src/js0_teleop) by extension 'ros'
[0.472s] DEBUG:colcon.colcon_core.package_identification:Package 'src/js0_teleop' with type 'ros.ament_python' and name 'js0_teleop'
[0.473s] Level 1:colcon.colcon_core.package_identification:_identify(src/megarover3_ros2) by extensions ['ignore', 'ignore_ament_install']
[0.473s] Level 1:colcon.colcon_core.package_identification:_identify(src/megarover3_ros2) by extension 'ignore'
[0.473s] Level 1:colcon.colcon_core.package_identification:_identify(src/megarover3_ros2) by extension 'ignore_ament_install'
[0.473s] Level 1:colcon.colcon_core.package_identification:_identify(src/megarover3_ros2) by extensions ['colcon_pkg']
[0.473s] Level 1:colcon.colcon_core.package_identification:_identify(src/megarover3_ros2) by extension 'colcon_pkg'
[0.473s] Level 1:colcon.colcon_core.package_identification:_identify(src/megarover3_ros2) by extensions ['colcon_meta']
[0.473s] Level 1:colcon.colcon_core.package_identification:_identify(src/megarover3_ros2) by extension 'colcon_meta'
[0.473s] Level 1:colcon.colcon_core.package_identification:_identify(src/megarover3_ros2) by extensions ['ros']
[0.473s] Level 1:colcon.colcon_core.package_identification:_identify(src/megarover3_ros2) by extension 'ros'
[0.473s] Level 1:colcon.colcon_core.package_identification:_identify(src/megarover3_ros2) by extensions ['cmake', 'python']
[0.473s] Level 1:colcon.colcon_core.package_identification:_identify(src/megarover3_ros2) by extension 'cmake'
[0.473s] Level 1:colcon.colcon_core.package_identification:_identify(src/megarover3_ros2) by extension 'python'
[0.473s] Level 1:colcon.colcon_core.package_identification:_identify(src/megarover3_ros2) by extensions ['python_setup_py']
[0.473s] Level 1:colcon.colcon_core.package_identification:_identify(src/megarover3_ros2) by extension 'python_setup_py'
[0.473s] Level 1:colcon.colcon_core.package_identification:_identify(src/megarover3_ros2/images) by extensions ['ignore', 'ignore_ament_install']
[0.474s] Level 1:colcon.colcon_core.package_identification:_identify(src/megarover3_ros2/images) by extension 'ignore'
[0.474s] Level 1:colcon.colcon_core.package_identification:_identify(src/megarover3_ros2/images) by extension 'ignore_ament_install'
[0.474s] Level 1:colcon.colcon_core.package_identification:_identify(src/megarover3_ros2/images) by extensions ['colcon_pkg']
[0.474s] Level 1:colcon.colcon_core.package_identification:_identify(src/megarover3_ros2/images) by extension 'colcon_pkg'
[0.474s] Level 1:colcon.colcon_core.package_identification:_identify(src/megarover3_ros2/images) by extensions ['colcon_meta']
[0.474s] Level 1:colcon.colcon_core.package_identification:_identify(src/megarover3_ros2/images) by extension 'colcon_meta'
[0.474s] Level 1:colcon.colcon_core.package_identification:_identify(src/megarover3_ros2/images) by extensions ['ros']
[0.474s] Level 1:colcon.colcon_core.package_identification:_identify(src/megarover3_ros2/images) by extension 'ros'
[0.474s] Level 1:colcon.colcon_core.package_identification:_identify(src/megarover3_ros2/images) by extensions ['cmake', 'python']
[0.474s] Level 1:colcon.colcon_core.package_identification:_identify(src/megarover3_ros2/images) by extension 'cmake'
[0.474s] Level 1:colcon.colcon_core.package_identification:_identify(src/megarover3_ros2/images) by extension 'python'
[0.474s] Level 1:colcon.colcon_core.package_identification:_identify(src/megarover3_ros2/images) by extensions ['python_setup_py']
[0.474s] Level 1:colcon.colcon_core.package_identification:_identify(src/megarover3_ros2/images) by extension 'python_setup_py'
[0.474s] Level 1:colcon.colcon_core.package_identification:_identify(src/megarover3_ros2/megarover3) by extensions ['ignore', 'ignore_ament_install']
[0.474s] Level 1:colcon.colcon_core.package_identification:_identify(src/megarover3_ros2/megarover3) by extension 'ignore'
[0.475s] Level 1:colcon.colcon_core.package_identification:_identify(src/megarover3_ros2/megarover3) by extension 'ignore_ament_install'
[0.475s] Level 1:colcon.colcon_core.package_identification:_identify(src/megarover3_ros2/megarover3) by extensions ['colcon_pkg']
[0.475s] Level 1:colcon.colcon_core.package_identification:_identify(src/megarover3_ros2/megarover3) by extension 'colcon_pkg'
[0.475s] Level 1:colcon.colcon_core.package_identification:_identify(src/megarover3_ros2/megarover3) by extensions ['colcon_meta']
[0.475s] Level 1:colcon.colcon_core.package_identification:_identify(src/megarover3_ros2/megarover3) by extension 'colcon_meta'
[0.475s] Level 1:colcon.colcon_core.package_identification:_identify(src/megarover3_ros2/megarover3) by extensions ['ros']
[0.475s] Level 1:colcon.colcon_core.package_identification:_identify(src/megarover3_ros2/megarover3) by extension 'ros'
[0.476s] DEBUG:colcon.colcon_core.package_identification:Package 'src/megarover3_ros2/megarover3' with type 'ros.ament_cmake' and name 'megarover3'
[0.476s] Level 1:colcon.colcon_core.package_identification:_identify(src/megarover3_ros2/megarover3_bringup) by extensions ['ignore', 'ignore_ament_install']
[0.476s] Level 1:colcon.colcon_core.package_identification:_identify(src/megarover3_ros2/megarover3_bringup) by extension 'ignore'
[0.476s] Level 1:colcon.colcon_core.package_identification:_identify(src/megarover3_ros2/megarover3_bringup) by extension 'ignore_ament_install'
[0.476s] Level 1:colcon.colcon_core.package_identification:_identify(src/megarover3_ros2/megarover3_bringup) by extensions ['colcon_pkg']
[0.476s] Level 1:colcon.colcon_core.package_identification:_identify(src/megarover3_ros2/megarover3_bringup) by extension 'colcon_pkg'
[0.476s] Level 1:colcon.colcon_core.package_identification:_identify(src/megarover3_ros2/megarover3_bringup) by extensions ['colcon_meta']
[0.476s] Level 1:colcon.colcon_core.package_identification:_identify(src/megarover3_ros2/megarover3_bringup) by extension 'colcon_meta'
[0.476s] Level 1:colcon.colcon_core.package_identification:_identify(src/megarover3_ros2/megarover3_bringup) by extensions ['ros']
[0.476s] Level 1:colcon.colcon_core.package_identification:_identify(src/megarover3_ros2/megarover3_bringup) by extension 'ros'
[0.479s] DEBUG:colcon.colcon_core.package_identification:Package 'src/megarover3_ros2/megarover3_bringup' with type 'ros.ament_cmake' and name 'megarover3_bringup'
[0.479s] Level 1:colcon.colcon_core.package_identification:_identify(src/megarover3_ros2/megarover3_navigation) by extensions ['ignore', 'ignore_ament_install']
[0.500s] Level 1:colcon.colcon_core.package_identification:_identify(src/megarover3_ros2/megarover3_navigation) by extension 'ignore'
[0.501s] Level 1:colcon.colcon_core.package_identification:_identify(src/megarover3_ros2/megarover3_navigation) by extension 'ignore_ament_install'
[0.501s] Level 1:colcon.colcon_core.package_identification:_identify(src/megarover3_ros2/megarover3_navigation) by extensions ['colcon_pkg']
[0.501s] Level 1:colcon.colcon_core.package_identification:_identify(src/megarover3_ros2/megarover3_navigation) by extension 'colcon_pkg'
[0.501s] Level 1:colcon.colcon_core.package_identification:_identify(src/megarover3_ros2/megarover3_navigation) by extensions ['colcon_meta']
[0.501s] Level 1:colcon.colcon_core.package_identification:_identify(src/megarover3_ros2/megarover3_navigation) by extension 'colcon_meta'
[0.501s] Level 1:colcon.colcon_core.package_identification:_identify(src/megarover3_ros2/megarover3_navigation) by extensions ['ros']
[0.501s] Level 1:colcon.colcon_core.package_identification:_identify(src/megarover3_ros2/megarover3_navigation) by extension 'ros'
[0.502s] DEBUG:colcon.colcon_core.package_identification:Package 'src/megarover3_ros2/megarover3_navigation' with type 'ros.ament_cmake' and name 'megarover3_navigation'
[0.502s] Level 1:colcon.colcon_core.package_identification:_identify(src/megarover3_ros2/megarover_description) by extensions ['ignore', 'ignore_ament_install']
[0.502s] Level 1:colcon.colcon_core.package_identification:_identify(src/megarover3_ros2/megarover_description) by extension 'ignore'
[0.502s] Level 1:colcon.colcon_core.package_identification:_identify(src/megarover3_ros2/megarover_description) by extension 'ignore_ament_install'
[0.502s] Level 1:colcon.colcon_core.package_identification:_identify(src/megarover3_ros2/megarover_description) by extensions ['colcon_pkg']
[0.502s] Level 1:colcon.colcon_core.package_identification:_identify(src/megarover3_ros2/megarover_description) by extension 'colcon_pkg'
[0.502s] Level 1:colcon.colcon_core.package_identification:_identify(src/megarover3_ros2/megarover_description) by extensions ['colcon_meta']
[0.503s] Level 1:colcon.colcon_core.package_identification:_identify(src/megarover3_ros2/megarover_description) by extension 'colcon_meta'
[0.503s] Level 1:colcon.colcon_core.package_identification:_identify(src/megarover3_ros2/megarover_description) by extensions ['ros']
[0.503s] Level 1:colcon.colcon_core.package_identification:_identify(src/megarover3_ros2/megarover_description) by extension 'ros'
[0.504s] DEBUG:colcon.colcon_core.package_identification:Package 'src/megarover3_ros2/megarover_description' with type 'ros.ament_cmake' and name 'megarover_description'
[0.504s] Level 1:colcon.colcon_core.package_identification:_identify(src/my_scan_merger) by extensions ['ignore', 'ignore_ament_install']
[0.504s] Level 1:colcon.colcon_core.package_identification:_identify(src/my_scan_merger) by extension 'ignore'
[0.504s] Level 1:colcon.colcon_core.package_identification:_identify(src/my_scan_merger) by extension 'ignore_ament_install'
[0.504s] Level 1:colcon.colcon_core.package_identification:_identify(src/my_scan_merger) by extensions ['colcon_pkg']
[0.504s] Level 1:colcon.colcon_core.package_identification:_identify(src/my_scan_merger) by extension 'colcon_pkg'
[0.504s] Level 1:colcon.colcon_core.package_identification:_identify(src/my_scan_merger) by extensions ['colcon_meta']
[0.504s] Level 1:colcon.colcon_core.package_identification:_identify(src/my_scan_merger) by extension 'colcon_meta'
[0.504s] Level 1:colcon.colcon_core.package_identification:_identify(src/my_scan_merger) by extensions ['ros']
[0.505s] Level 1:colcon.colcon_core.package_identification:_identify(src/my_scan_merger) by extension 'ros'
[0.507s] DEBUG:colcon.colcon_core.package_identification:Package 'src/my_scan_merger' with type 'ros.ament_cmake' and name 'my_scan_merger'
[0.508s] Level 1:colcon.colcon_core.package_identification:_identify(src/navigation2) by extensions ['ignore', 'ignore_ament_install']
[0.508s] Level 1:colcon.colcon_core.package_identification:_identify(src/navigation2) by extension 'ignore'
[0.509s] Level 1:colcon.colcon_core.package_identification:_identify(src/navigation2) by extension 'ignore_ament_install'
[0.509s] Level 1:colcon.colcon_core.package_identification:_identify(src/navigation2) by extensions ['colcon_pkg']
[0.509s] Level 1:colcon.colcon_core.package_identification:_identify(src/navigation2) by extension 'colcon_pkg'
[0.509s] Level 1:colcon.colcon_core.package_identification:_identify(src/navigation2) by extensions ['colcon_meta']
[0.510s] Level 1:colcon.colcon_core.package_identification:_identify(src/navigation2) by extension 'colcon_meta'
[0.510s] Level 1:colcon.colcon_core.package_identification:_identify(src/navigation2) by extensions ['ros']
[0.510s] Level 1:colcon.colcon_core.package_identification:_identify(src/navigation2) by extension 'ros'
[0.510s] Level 1:colcon.colcon_core.package_identification:_identify(src/navigation2) by extensions ['cmake', 'python']
[0.511s] Level 1:colcon.colcon_core.package_identification:_identify(src/navigation2) by extension 'cmake'
[0.511s] Level 1:colcon.colcon_core.package_identification:_identify(src/navigation2) by extension 'python'
[0.511s] Level 1:colcon.colcon_core.package_identification:_identify(src/navigation2) by extensions ['python_setup_py']
[0.511s] Level 1:colcon.colcon_core.package_identification:_identify(src/navigation2) by extension 'python_setup_py'
[0.512s] Level 1:colcon.colcon_core.package_identification:_identify(src/navigation2/nav2_amcl) by extensions ['ignore', 'ignore_ament_install']
[0.512s] Level 1:colcon.colcon_core.package_identification:_identify(src/navigation2/nav2_amcl) by extension 'ignore'
[0.513s] Level 1:colcon.colcon_core.package_identification:_identify(src/navigation2/nav2_amcl) by extension 'ignore_ament_install'
[0.513s] Level 1:colcon.colcon_core.package_identification:_identify(src/navigation2/nav2_amcl) by extensions ['colcon_pkg']
[0.513s] Level 1:colcon.colcon_core.package_identification:_identify(src/navigation2/nav2_amcl) by extension 'colcon_pkg'
[0.513s] Level 1:colcon.colcon_core.package_identification:_identify(src/navigation2/nav2_amcl) by extensions ['colcon_meta']
[0.513s] Level 1:colcon.colcon_core.package_identification:_identify(src/navigation2/nav2_amcl) by extension 'colcon_meta'
[0.514s] Level 1:colcon.colcon_core.package_identification:_identify(src/navigation2/nav2_amcl) by extensions ['ros']
[0.514s] Level 1:colcon.colcon_core.package_identification:_identify(src/navigation2/nav2_amcl) by extension 'ros'
[0.518s] DEBUG:colcon.colcon_core.package_identification:Package 'src/navigation2/nav2_amcl' with type 'ros.ament_cmake' and name 'nav2_amcl'
[0.519s] Level 1:colcon.colcon_core.package_identification:_identify(src/realsense-ros) by extensions ['ignore', 'ignore_ament_install']
[0.519s] Level 1:colcon.colcon_core.package_identification:_identify(src/realsense-ros) by extension 'ignore'
[0.519s] Level 1:colcon.colcon_core.package_identification:_identify(src/realsense-ros) by extension 'ignore_ament_install'
[0.519s] Level 1:colcon.colcon_core.package_identification:_identify(src/realsense-ros) by extensions ['colcon_pkg']
[0.519s] Level 1:colcon.colcon_core.package_identification:_identify(src/realsense-ros) by extension 'colcon_pkg'
[0.520s] Level 1:colcon.colcon_core.package_identification:_identify(src/realsense-ros) by extensions ['colcon_meta']
[0.520s] Level 1:colcon.colcon_core.package_identification:_identify(src/realsense-ros) by extension 'colcon_meta'
[0.520s] Level 1:colcon.colcon_core.package_identification:_identify(src/realsense-ros) by extensions ['ros']
[0.520s] Level 1:colcon.colcon_core.package_identification:_identify(src/realsense-ros) by extension 'ros'
[0.520s] Level 1:colcon.colcon_core.package_identification:_identify(src/realsense-ros) by extensions ['cmake', 'python']
[0.520s] Level 1:colcon.colcon_core.package_identification:_identify(src/realsense-ros) by extension 'cmake'
[0.520s] Level 1:colcon.colcon_core.package_identification:_identify(src/realsense-ros) by extension 'python'
[0.521s] Level 1:colcon.colcon_core.package_identification:_identify(src/realsense-ros) by extensions ['python_setup_py']
[0.521s] Level 1:colcon.colcon_core.package_identification:_identify(src/realsense-ros) by extension 'python_setup_py'
[0.521s] Level 1:colcon.colcon_core.package_identification:_identify(src/realsense-ros/realsense2_camera) by extensions ['ignore', 'ignore_ament_install']
[0.521s] Level 1:colcon.colcon_core.package_identification:_identify(src/realsense-ros/realsense2_camera) by extension 'ignore'
[0.522s] Level 1:colcon.colcon_core.package_identification:_identify(src/realsense-ros/realsense2_camera) by extension 'ignore_ament_install'
[0.522s] Level 1:colcon.colcon_core.package_identification:_identify(src/realsense-ros/realsense2_camera) by extensions ['colcon_pkg']
[0.522s] Level 1:colcon.colcon_core.package_identification:_identify(src/realsense-ros/realsense2_camera) by extension 'colcon_pkg'
[0.522s] Level 1:colcon.colcon_core.package_identification:_identify(src/realsense-ros/realsense2_camera) by extensions ['colcon_meta']
[0.522s] Level 1:colcon.colcon_core.package_identification:_identify(src/realsense-ros/realsense2_camera) by extension 'colcon_meta'
[0.522s] Level 1:colcon.colcon_core.package_identification:_identify(src/realsense-ros/realsense2_camera) by extensions ['ros']
[0.522s] Level 1:colcon.colcon_core.package_identification:_identify(src/realsense-ros/realsense2_camera) by extension 'ros'
[0.570s] DEBUG:colcon.colcon_core.package_identification:Package 'src/realsense-ros/realsense2_camera' with type 'ros.ament_cmake' and name 'realsense2_camera'
[0.570s] Level 1:colcon.colcon_core.package_identification:_identify(src/realsense-ros/realsense2_camera_msgs) by extensions ['ignore', 'ignore_ament_install']
[0.570s] Level 1:colcon.colcon_core.package_identification:_identify(src/realsense-ros/realsense2_camera_msgs) by extension 'ignore'
[0.570s] Level 1:colcon.colcon_core.package_identification:_identify(src/realsense-ros/realsense2_camera_msgs) by extension 'ignore_ament_install'
[0.570s] Level 1:colcon.colcon_core.package_identification:_identify(src/realsense-ros/realsense2_camera_msgs) by extensions ['colcon_pkg']
[0.570s] Level 1:colcon.colcon_core.package_identification:_identify(src/realsense-ros/realsense2_camera_msgs) by extension 'colcon_pkg'
[0.570s] Level 1:colcon.colcon_core.package_identification:_identify(src/realsense-ros/realsense2_camera_msgs) by extensions ['colcon_meta']
[0.571s] Level 1:colcon.colcon_core.package_identification:_identify(src/realsense-ros/realsense2_camera_msgs) by extension 'colcon_meta'
[0.571s] Level 1:colcon.colcon_core.package_identification:_identify(src/realsense-ros/realsense2_camera_msgs) by extensions ['ros']
[0.571s] Level 1:colcon.colcon_core.package_identification:_identify(src/realsense-ros/realsense2_camera_msgs) by extension 'ros'
[0.572s] DEBUG:colcon.colcon_core.package_identification:Package 'src/realsense-ros/realsense2_camera_msgs' with type 'ros.ament_cmake' and name 'realsense2_camera_msgs'
[0.572s] Level 1:colcon.colcon_core.package_identification:_identify(src/realsense-ros/realsense2_description) by extensions ['ignore', 'ignore_ament_install']
[0.572s] Level 1:colcon.colcon_core.package_identification:_identify(src/realsense-ros/realsense2_description) by extension 'ignore'
[0.572s] Level 1:colcon.colcon_core.package_identification:_identify(src/realsense-ros/realsense2_description) by extension 'ignore_ament_install'
[0.572s] Level 1:colcon.colcon_core.package_identification:_identify(src/realsense-ros/realsense2_description) by extensions ['colcon_pkg']
[0.572s] Level 1:colcon.colcon_core.package_identification:_identify(src/realsense-ros/realsense2_description) by extension 'colcon_pkg'
[0.572s] Level 1:colcon.colcon_core.package_identification:_identify(src/realsense-ros/realsense2_description) by extensions ['colcon_meta']
[0.572s] Level 1:colcon.colcon_core.package_identification:_identify(src/realsense-ros/realsense2_description) by extension 'colcon_meta'
[0.572s] Level 1:colcon.colcon_core.package_identification:_identify(src/realsense-ros/realsense2_description) by extensions ['ros']
[0.572s] Level 1:colcon.colcon_core.package_identification:_identify(src/realsense-ros/realsense2_description) by extension 'ros'
[0.573s] DEBUG:colcon.colcon_core.package_identification:Package 'src/realsense-ros/realsense2_description' with type 'ros.ament_cmake' and name 'realsense2_description'
[0.573s] Level 1:colcon.colcon_core.package_identification:_identify(src/realsense-ros/scripts) by extensions ['ignore', 'ignore_ament_install']
[0.573s] Level 1:colcon.colcon_core.package_identification:_identify(src/realsense-ros/scripts) by extension 'ignore'
[0.573s] Level 1:colcon.colcon_core.package_identification:_identify(src/realsense-ros/scripts) by extension 'ignore_ament_install'
[0.573s] Level 1:colcon.colcon_core.package_identification:_identify(src/realsense-ros/scripts) by extensions ['colcon_pkg']
[0.574s] Level 1:colcon.colcon_core.package_identification:_identify(src/realsense-ros/scripts) by extension 'colcon_pkg'
[0.574s] Level 1:colcon.colcon_core.package_identification:_identify(src/realsense-ros/scripts) by extensions ['colcon_meta']
[0.574s] Level 1:colcon.colcon_core.package_identification:_identify(src/realsense-ros/scripts) by extension 'colcon_meta'
[0.574s] Level 1:colcon.colcon_core.package_identification:_identify(src/realsense-ros/scripts) by extensions ['ros']
[0.574s] Level 1:colcon.colcon_core.package_identification:_identify(src/realsense-ros/scripts) by extension 'ros'
[0.574s] Level 1:colcon.colcon_core.package_identification:_identify(src/realsense-ros/scripts) by extensions ['cmake', 'python']
[0.574s] Level 1:colcon.colcon_core.package_identification:_identify(src/realsense-ros/scripts) by extension 'cmake'
[0.574s] Level 1:colcon.colcon_core.package_identification:_identify(src/realsense-ros/scripts) by extension 'python'
[0.574s] Level 1:colcon.colcon_core.package_identification:_identify(src/realsense-ros/scripts) by extensions ['python_setup_py']
[0.574s] Level 1:colcon.colcon_core.package_identification:_identify(src/realsense-ros/scripts) by extension 'python_setup_py'
[0.574s] Level 1:colcon.colcon_core.package_identification:_identify(src/rf2o_laser_odometry) by extensions ['ignore', 'ignore_ament_install']
[0.575s] Level 1:colcon.colcon_core.package_identification:_identify(src/rf2o_laser_odometry) by extension 'ignore'
[0.575s] Level 1:colcon.colcon_core.package_identification:_identify(src/rf2o_laser_odometry) by extension 'ignore_ament_install'
[0.575s] Level 1:colcon.colcon_core.package_identification:_identify(src/rf2o_laser_odometry) by extensions ['colcon_pkg']
[0.575s] Level 1:colcon.colcon_core.package_identification:_identify(src/rf2o_laser_odometry) by extension 'colcon_pkg'
[0.575s] Level 1:colcon.colcon_core.package_identification:_identify(src/rf2o_laser_odometry) by extensions ['colcon_meta']
[0.575s] Level 1:colcon.colcon_core.package_identification:_identify(src/rf2o_laser_odometry) by extension 'colcon_meta'
[0.575s] Level 1:colcon.colcon_core.package_identification:_identify(src/rf2o_laser_odometry) by extensions ['ros']
[0.575s] Level 1:colcon.colcon_core.package_identification:_identify(src/rf2o_laser_odometry) by extension 'ros'
[0.576s] DEBUG:colcon.colcon_core.package_identification:Package 'src/rf2o_laser_odometry' with type 'ros.ament_cmake' and name 'rf2o_laser_odometry'
[0.576s] Level 1:colcon.colcon_core.package_identification:_identify(src/ros2_to_ros1_bridge) by extensions ['ignore', 'ignore_ament_install']
[0.577s] Level 1:colcon.colcon_core.package_identification:_identify(src/ros2_to_ros1_bridge) by extension 'ignore'
[0.577s] Level 1:colcon.colcon_core.package_identification:_identify(src/ros2_to_ros1_bridge) by extension 'ignore_ament_install'
[0.577s] Level 1:colcon.colcon_core.package_identification:_identify(src/ros2_to_ros1_bridge) by extensions ['colcon_pkg']
[0.577s] Level 1:colcon.colcon_core.package_identification:_identify(src/ros2_to_ros1_bridge) by extension 'colcon_pkg'
[0.577s] Level 1:colcon.colcon_core.package_identification:_identify(src/ros2_to_ros1_bridge) by extensions ['colcon_meta']
[0.577s] Level 1:colcon.colcon_core.package_identification:_identify(src/ros2_to_ros1_bridge) by extension 'colcon_meta'
[0.577s] Level 1:colcon.colcon_core.package_identification:_identify(src/ros2_to_ros1_bridge) by extensions ['ros']
[0.577s] Level 1:colcon.colcon_core.package_identification:_identify(src/ros2_to_ros1_bridge) by extension 'ros'
[0.578s] DEBUG:colcon.colcon_core.package_identification:Package 'src/ros2_to_ros1_bridge' with type 'ros.ament_python' and name 'ros2_to_ros1_bridge'
[0.578s] Level 1:colcon.colcon_core.package_identification:_identify(src/shelf_navigator) by extensions ['ignore', 'ignore_ament_install']
[0.578s] Level 1:colcon.colcon_core.package_identification:_identify(src/shelf_navigator) by extension 'ignore'
[0.578s] Level 1:colcon.colcon_core.package_identification:_identify(src/shelf_navigator) by extension 'ignore_ament_install'
[0.578s] Level 1:colcon.colcon_core.package_identification:_identify(src/shelf_navigator) by extensions ['colcon_pkg']
[0.578s] Level 1:colcon.colcon_core.package_identification:_identify(src/shelf_navigator) by extension 'colcon_pkg'
[0.578s] Level 1:colcon.colcon_core.package_identification:_identify(src/shelf_navigator) by extensions ['colcon_meta']
[0.578s] Level 1:colcon.colcon_core.package_identification:_identify(src/shelf_navigator) by extension 'colcon_meta'
[0.578s] Level 1:colcon.colcon_core.package_identification:_identify(src/shelf_navigator) by extensions ['ros']
[0.578s] Level 1:colcon.colcon_core.package_identification:_identify(src/shelf_navigator) by extension 'ros'
[0.579s] DEBUG:colcon.colcon_core.package_identification:Package 'src/shelf_navigator' with type 'ros.ament_python' and name 'shelf_navigator'
[0.579s] Level 1:colcon.colcon_core.package_identification:_identify(src/trajectory_logger) by extensions ['ignore', 'ignore_ament_install']
[0.579s] Level 1:colcon.colcon_core.package_identification:_identify(src/trajectory_logger) by extension 'ignore'
[0.579s] Level 1:colcon.colcon_core.package_identification:_identify(src/trajectory_logger) by extension 'ignore_ament_install'
[0.579s] Level 1:colcon.colcon_core.package_identification:_identify(src/trajectory_logger) by extensions ['colcon_pkg']
[0.579s] Level 1:colcon.colcon_core.package_identification:_identify(src/trajectory_logger) by extension 'colcon_pkg'
[0.579s] Level 1:colcon.colcon_core.package_identification:_identify(src/trajectory_logger) by extensions ['colcon_meta']
[0.579s] Level 1:colcon.colcon_core.package_identification:_identify(src/trajectory_logger) by extension 'colcon_meta'
[0.579s] Level 1:colcon.colcon_core.package_identification:_identify(src/trajectory_logger) by extensions ['ros']
[0.579s] Level 1:colcon.colcon_core.package_identification:_identify(src/trajectory_logger) by extension 'ros'
[0.580s] DEBUG:colcon.colcon_core.package_identification:Package 'src/trajectory_logger' with type 'ros.ament_python' and name 'trajectory_logger'
[0.580s] Level 1:colcon.colcon_core.package_identification:_identify(src/udp_bridge) by extensions ['ignore', 'ignore_ament_install']
[0.580s] Level 1:colcon.colcon_core.package_identification:_identify(src/udp_bridge) by extension 'ignore'
[0.580s] Level 1:colcon.colcon_core.package_identification:_identify(src/udp_bridge) by extension 'ignore_ament_install'
[0.580s] Level 1:colcon.colcon_core.package_identification:_identify(src/udp_bridge) by extensions ['colcon_pkg']
[0.580s] Level 1:colcon.colcon_core.package_identification:_identify(src/udp_bridge) by extension 'colcon_pkg'
[0.580s] Level 1:colcon.colcon_core.package_identification:_identify(src/udp_bridge) by extensions ['colcon_meta']
[0.580s] Level 1:colcon.colcon_core.package_identification:_identify(src/udp_bridge) by extension 'colcon_meta'
[0.580s] Level 1:colcon.colcon_core.package_identification:_identify(src/udp_bridge) by extensions ['ros']
[0.580s] Level 1:colcon.colcon_core.package_identification:_identify(src/udp_bridge) by extension 'ros'
[0.581s] DEBUG:colcon.colcon_core.package_identification:Package 'src/udp_bridge' with type 'ros.ament_python' and name 'udp_bridge'
[0.581s] Level 1:colcon.colcon_core.package_identification:_identify(src/vs_rover_options_description) by extensions ['ignore', 'ignore_ament_install']
[0.581s] Level 1:colcon.colcon_core.package_identification:_identify(src/vs_rover_options_description) by extension 'ignore'
[0.581s] Level 1:colcon.colcon_core.package_identification:_identify(src/vs_rover_options_description) by extension 'ignore_ament_install'
[0.581s] Level 1:colcon.colcon_core.package_identification:_identify(src/vs_rover_options_description) by extensions ['colcon_pkg']
[0.581s] Level 1:colcon.colcon_core.package_identification:_identify(src/vs_rover_options_description) by extension 'colcon_pkg'
[0.581s] Level 1:colcon.colcon_core.package_identification:_identify(src/vs_rover_options_description) by extensions ['colcon_meta']
[0.581s] Level 1:colcon.colcon_core.package_identification:_identify(src/vs_rover_options_description) by extension 'colcon_meta'
[0.581s] Level 1:colcon.colcon_core.package_identification:_identify(src/vs_rover_options_description) by extensions ['ros']
[0.581s] Level 1:colcon.colcon_core.package_identification:_identify(src/vs_rover_options_description) by extension 'ros'
[0.582s] DEBUG:colcon.colcon_core.package_identification:Package 'src/vs_rover_options_description' with type 'ros.ament_cmake' and name 'vs_rover_options_description'
[0.582s] Level 1:colcon.colcon_core.package_identification:_identify(src/wall_ransac_initializer) by extensions ['ignore', 'ignore_ament_install']
[0.582s] Level 1:colcon.colcon_core.package_identification:_identify(src/wall_ransac_initializer) by extension 'ignore'
[0.582s] Level 1:colcon.colcon_core.package_identification:_identify(src/wall_ransac_initializer) by extension 'ignore_ament_install'
[0.582s] Level 1:colcon.colcon_core.package_identification:_identify(src/wall_ransac_initializer) by extensions ['colcon_pkg']
[0.582s] Level 1:colcon.colcon_core.package_identification:_identify(src/wall_ransac_initializer) by extension 'colcon_pkg'
[0.582s] Level 1:colcon.colcon_core.package_identification:_identify(src/wall_ransac_initializer) by extensions ['colcon_meta']
[0.582s] Level 1:colcon.colcon_core.package_identification:_identify(src/wall_ransac_initializer) by extension 'colcon_meta'
[0.582s] Level 1:colcon.colcon_core.package_identification:_identify(src/wall_ransac_initializer) by extensions ['ros']
[0.582s] Level 1:colcon.colcon_core.package_identification:_identify(src/wall_ransac_initializer) by extension 'ros'
[0.583s] DEBUG:colcon.colcon_core.package_identification:Package 'src/wall_ransac_initializer' with type 'ros.ament_python' and name 'wall_ransac_initializer'
[0.583s] Level 1:colcon.colcon_core.package_identification:_identify(src/ydlidar_ros2_driver) by extensions ['ignore', 'ignore_ament_install']
[0.583s] Level 1:colcon.colcon_core.package_identification:_identify(src/ydlidar_ros2_driver) by extension 'ignore'
[0.583s] Level 1:colcon.colcon_core.package_identification:_identify(src/ydlidar_ros2_driver) by extension 'ignore_ament_install'
[0.583s] Level 1:colcon.colcon_core.package_identification:_identify(src/ydlidar_ros2_driver) by extensions ['colcon_pkg']
[0.583s] Level 1:colcon.colcon_core.package_identification:_identify(src/ydlidar_ros2_driver) by extension 'colcon_pkg'
[0.583s] Level 1:colcon.colcon_core.package_identification:_identify(src/ydlidar_ros2_driver) by extensions ['colcon_meta']
[0.583s] Level 1:colcon.colcon_core.package_identification:_identify(src/ydlidar_ros2_driver) by extension 'colcon_meta'
[0.583s] Level 1:colcon.colcon_core.package_identification:_identify(src/ydlidar_ros2_driver) by extensions ['ros']
[0.583s] Level 1:colcon.colcon_core.package_identification:_identify(src/ydlidar_ros2_driver) by extension 'ros'
[0.584s] DEBUG:colcon.colcon_core.package_identification:Package 'src/ydlidar_ros2_driver' with type 'ros.ament_cmake' and name 'ydlidar_ros2_driver'
[0.584s] Level 1:colcon.colcon_core.package_discovery:discover_packages(recursive) using defaults
[0.584s] Level 1:colcon.colcon_core.package_discovery:discover_packages(ignore) discover
[0.584s] Level 1:colcon.colcon_core.package_discovery:discover_packages(ignore) using defaults
[0.584s] Level 1:colcon.colcon_core.package_discovery:discover_packages(path) discover
[0.584s] Level 1:colcon.colcon_core.package_discovery:discover_packages(path) using defaults
[0.610s] INFO:colcon.colcon_core.package_selection:Skipping not selected package 'amr_log' in 'src/amr_log'
[0.611s] INFO:colcon.colcon_core.package_selection:Skipping not selected package 'arrow_key_teleop' in 'src/arrow_key_teleop'
[0.611s] INFO:colcon.colcon_core.package_selection:Skipping not selected package 'final_approach_controller' in 'src/final_approach_controller'
[0.611s] INFO:colcon.colcon_core.package_selection:Skipping not selected package 'iai_cylinder' in 'src/iai_cylinder'
[0.611s] INFO:colcon.colcon_core.package_selection:Skipping not selected package 'js0_teleop' in 'src/js0_teleop'
[0.611s] INFO:colcon.colcon_core.package_selection:Skipping not selected package 'megarover3_bringup' in 'src/megarover3_ros2/megarover3_bringup'
[0.611s] INFO:colcon.colcon_core.package_selection:Skipping not selected package 'megarover3_navigation' in 'src/megarover3_ros2/megarover3_navigation'
[0.611s] INFO:colcon.colcon_core.package_selection:Skipping not selected package 'megarover_description' in 'src/megarover3_ros2/megarover_description'
[0.611s] INFO:colcon.colcon_core.package_selection:Skipping not selected package 'my_scan_merger' in 'src/my_scan_merger'
[0.611s] INFO:colcon.colcon_core.package_selection:Skipping not selected package 'nav2_amcl' in 'src/navigation2/nav2_amcl'
[0.611s] INFO:colcon.colcon_core.package_selection:Skipping not selected package 'realsense2_camera_msgs' in 'src/realsense-ros/realsense2_camera_msgs'
[0.611s] INFO:colcon.colcon_core.package_selection:Skipping not selected package 'rf2o_laser_odometry' in 'src/rf2o_laser_odometry'
[0.611s] INFO:colcon.colcon_core.package_selection:Skipping not selected package 'ros2_to_ros1_bridge' in 'src/ros2_to_ros1_bridge'
[0.611s] INFO:colcon.colcon_core.package_selection:Skipping not selected package 'trajectory_logger' in 'src/trajectory_logger'
[0.611s] INFO:colcon.colcon_core.package_selection:Skipping not selected package 'udp_bridge' in 'src/udp_bridge'
[0.611s] INFO:colcon.colcon_core.package_selection:Skipping not selected package 'vs_rover_options_description' in 'src/vs_rover_options_description'
[0.611s] INFO:colcon.colcon_core.package_selection:Skipping not selected package 'wall_ransac_initializer' in 'src/wall_ransac_initializer'
[0.611s] INFO:colcon.colcon_core.package_selection:Skipping not selected package 'ydlidar_ros2_driver' in 'src/ydlidar_ros2_driver'
[0.611s] INFO:colcon.colcon_core.package_selection:Skipping not selected package 'megarover3' in 'src/megarover3_ros2/megarover3'
[0.611s] INFO:colcon.colcon_core.package_selection:Skipping not selected package 'realsense2_camera' in 'src/realsense-ros/realsense2_camera'
[0.611s] INFO:colcon.colcon_core.package_selection:Skipping not selected package 'realsense2_description' in 'src/realsense-ros/realsense2_description'
[0.611s] Level 1:colcon.colcon_core.package_discovery:discover_packages(prefix_path) check parameters
[0.611s] Level 1:colcon.colcon_core.package_discovery:discover_packages(prefix_path) discover
[0.613s] DEBUG:colcon.colcon_installed_package_information.package_discovery:Found 22 installed packages in /home/rover/ros2_ws/install
[0.614s] DEBUG:colcon.colcon_installed_package_information.package_discovery:Found 3 installed packages in /home/rover/uros_ws/install
[0.615s] DEBUG:colcon.colcon_installed_package_information.package_discovery:Found 429 installed packages in /opt/ros/humble
[0.617s] Level 1:colcon.colcon_core.package_discovery:discover_packages(prefix_path) using defaults
[0.678s] Level 5:colcon.colcon_core.verb:set package 'shelf_navigator' build argument 'cmake_args' from command line to 'None'
[0.678s] Level 5:colcon.colcon_core.verb:set package 'shelf_navigator' build argument 'cmake_target' from command line to 'None'
[0.678s] Level 5:colcon.colcon_core.verb:set package 'shelf_navigator' build argument 'cmake_target_skip_unavailable' from command line to 'False'
[0.678s] Level 5:colcon.colcon_core.verb:set package 'shelf_navigator' build argument 'cmake_clean_cache' from command line to 'False'
[0.678s] Level 5:colcon.colcon_core.verb:set package 'shelf_navigator' build argument 'cmake_clean_first' from command line to 'False'
[0.678s] Level 5:colcon.colcon_core.verb:set package 'shelf_navigator' build argument 'cmake_force_configure' from command line to 'False'
[0.678s] Level 5:colcon.colcon_core.verb:set package 'shelf_navigator' build argument 'ament_cmake_args' from command line to 'None'
[0.678s] Level 5:colcon.colcon_core.verb:set package 'shelf_navigator' build argument 'catkin_cmake_args' from command line to 'None'
[0.678s] Level 5:colcon.colcon_core.verb:set package 'shelf_navigator' build argument 'catkin_skip_building_tests' from command line to 'False'
[0.678s] DEBUG:colcon.colcon_core.verb:Building package 'shelf_navigator' with the following arguments: {'ament_cmake_args': None, 'build_base': '/home/rover/ros2_ws/build/shelf_navigator', 'catkin_cmake_args': None, 'catkin_skip_building_tests': False, 'cmake_args': None, 'cmake_clean_cache': False, 'cmake_clean_first': False, 'cmake_force_configure': False, 'cmake_target': None, 'cmake_target_skip_unavailable': False, 'install_base': '/home/rover/ros2_ws/install/shelf_navigator', 'merge_install': False, 'path': '/home/rover/ros2_ws/src/shelf_navigator', 'symlink_install': False, 'test_result_base': None}
[0.678s] INFO:colcon.colcon_core.executor:Executing jobs using 'parallel' executor
[0.679s] DEBUG:colcon.colcon_parallel_executor.executor.parallel:run_until_complete
[0.680s] INFO:colcon.colcon_ros.task.ament_python.build:Building ROS package in '/home/rover/ros2_ws/src/shelf_navigator' with build type 'ament_python'
[0.680s] Level 1:colcon.colcon_core.shell:create_environment_hook('shelf_navigator', 'ament_prefix_path')
[0.683s] INFO:colcon.colcon_core.plugin_system:Skipping extension 'colcon_core.shell.bat': Not used on non-Windows systems
[0.683s] INFO:colcon.colcon_core.shell:Creating environment hook '/home/rover/ros2_ws/install/shelf_navigator/share/shelf_navigator/hook/ament_prefix_path.ps1'
[0.684s] INFO:colcon.colcon_core.shell:Creating environment descriptor '/home/rover/ros2_ws/install/shelf_navigator/share/shelf_navigator/hook/ament_prefix_path.dsv'
[0.684s] INFO:colcon.colcon_core.shell:Creating environment hook '/home/rover/ros2_ws/install/shelf_navigator/share/shelf_navigator/hook/ament_prefix_path.sh'
[0.686s] INFO:colcon.colcon_core.shell:Skip shell extension 'powershell' for command environment: Not usable outside of PowerShell
[0.686s] DEBUG:colcon.colcon_core.shell:Skip shell extension 'dsv' for command environment
[1.131s] INFO:colcon.colcon_core.task.python.build:Building Python package in '/home/rover/ros2_ws/src/shelf_navigator'
[1.132s] INFO:colcon.colcon_core.shell:Skip shell extension 'powershell' for command environment: Not usable outside of PowerShell
[1.132s] DEBUG:colcon.colcon_core.shell:Skip shell extension 'dsv' for command environment
[1.692s] DEBUG:colcon.colcon_core.event_handler.log_command:Invoking command in '/home/rover/ros2_ws/src/shelf_navigator': PYTHONPATH=/home/rover/ros2_ws/build/shelf_navigator/prefix_override:/usr/lib/python3/dist-packages/colcon_core/task/python/colcon_distutils_commands:/home/rover/ros2_ws/install/shelf_navigator/lib/python3.10/site-packages:${PYTHONPATH} /usr/bin/python3 -W ignore:setup.py install is deprecated -W ignore:easy_install command is deprecated setup.py egg_info --egg-base ../../build/shelf_navigator build --build-base /home/rover/ros2_ws/build/shelf_navigator/build install --record /home/rover/ros2_ws/build/shelf_navigator/install.log --single-version-externally-managed install_data
[2.125s] DEBUG:colcon.colcon_core.event_handler.log_command:Invoked command in '/home/rover/ros2_ws/src/shelf_navigator' returned '0': PYTHONPATH=/home/rover/ros2_ws/build/shelf_navigator/prefix_override:/usr/lib/python3/dist-packages/colcon_core/task/python/colcon_distutils_commands:/home/rover/ros2_ws/install/shelf_navigator/lib/python3.10/site-packages:${PYTHONPATH} /usr/bin/python3 -W ignore:setup.py install is deprecated -W ignore:easy_install command is deprecated setup.py egg_info --egg-base ../../build/shelf_navigator build --build-base /home/rover/ros2_ws/build/shelf_navigator/build install --record /home/rover/ros2_ws/build/shelf_navigator/install.log --single-version-externally-managed install_data
[2.128s] Level 1:colcon.colcon_core.environment:checking '/home/rover/ros2_ws/install/shelf_navigator' for CMake module files
[2.128s] Level 1:colcon.colcon_core.environment:checking '/home/rover/ros2_ws/install/shelf_navigator' for CMake config files
[2.129s] Level 1:colcon.colcon_core.environment:checking '/home/rover/ros2_ws/install/shelf_navigator/lib'
[2.129s] Level 1:colcon.colcon_core.environment:checking '/home/rover/ros2_ws/install/shelf_navigator/bin'
[2.130s] Level 1:colcon.colcon_core.environment:checking '/home/rover/ros2_ws/install/shelf_navigator/lib/pkgconfig/shelf_navigator.pc'
[2.130s] Level 1:colcon.colcon_core.environment:checking '/home/rover/ros2_ws/install/shelf_navigator/lib/python3.10/site-packages'
[2.130s] Level 1:colcon.colcon_core.shell:create_environment_hook('shelf_navigator', 'pythonpath')
[2.130s] INFO:colcon.colcon_core.shell:Creating environment hook '/home/rover/ros2_ws/install/shelf_navigator/share/shelf_navigator/hook/pythonpath.ps1'
[2.131s] INFO:colcon.colcon_core.shell:Creating environment descriptor '/home/rover/ros2_ws/install/shelf_navigator/share/shelf_navigator/hook/pythonpath.dsv'
[2.131s] INFO:colcon.colcon_core.shell:Creating environment hook '/home/rover/ros2_ws/install/shelf_navigator/share/shelf_navigator/hook/pythonpath.sh'
[2.132s] Level 1:colcon.colcon_core.environment:checking '/home/rover/ros2_ws/install/shelf_navigator/bin'
[2.132s] Level 1:colcon.colcon_core.environment:create_environment_scripts_only(shelf_navigator)
[2.132s] INFO:colcon.colcon_core.shell:Creating package script '/home/rover/ros2_ws/install/shelf_navigator/share/shelf_navigator/package.ps1'
[2.132s] INFO:colcon.colcon_core.shell:Creating package descriptor '/home/rover/ros2_ws/install/shelf_navigator/share/shelf_navigator/package.dsv'
[2.133s] INFO:colcon.colcon_core.shell:Creating package script '/home/rover/ros2_ws/install/shelf_navigator/share/shelf_navigator/package.sh'
[2.133s] INFO:colcon.colcon_core.shell:Creating package script '/home/rover/ros2_ws/install/shelf_navigator/share/shelf_navigator/package.bash'
[2.134s] INFO:colcon.colcon_core.shell:Creating package script '/home/rover/ros2_ws/install/shelf_navigator/share/shelf_navigator/package.zsh'
[2.134s] Level 1:colcon.colcon_core.environment:create_file_with_runtime_dependencies(/home/rover/ros2_ws/install/shelf_navigator/share/colcon-core/packages/shelf_navigator)
[2.135s] DEBUG:colcon.colcon_parallel_executor.executor.parallel:closing loop
[2.135s] DEBUG:colcon.colcon_parallel_executor.executor.parallel:loop closed
[2.135s] DEBUG:colcon.colcon_parallel_executor.executor.parallel:run_until_complete finished with '0'
[2.135s] DEBUG:colcon.colcon_core.event_reactor:joining thread
[2.142s] INFO:colcon.colcon_core.plugin_system:Skipping extension 'colcon_notification.desktop_notification.terminal_notifier': Not used on non-Darwin systems
[2.142s] INFO:colcon.colcon_core.plugin_system:Skipping extension 'colcon_notification.desktop_notification.win32': Not used on non-Windows systems
[2.142s] INFO:colcon.colcon_notification.desktop_notification:Sending desktop notification using 'notify2'
[2.154s] DEBUG:colcon.colcon_core.event_reactor:joined thread
[2.155s] INFO:colcon.colcon_core.shell:Creating prefix script '/home/rover/ros2_ws/install/local_setup.ps1'
[2.157s] INFO:colcon.colcon_core.shell:Creating prefix util module '/home/rover/ros2_ws/install/_local_setup_util_ps1.py'
[2.158s] INFO:colcon.colcon_core.shell:Creating prefix chain script '/home/rover/ros2_ws/install/setup.ps1'
[2.159s] INFO:colcon.colcon_core.shell:Creating prefix script '/home/rover/ros2_ws/install/local_setup.sh'
[2.160s] INFO:colcon.colcon_core.shell:Creating prefix util module '/home/rover/ros2_ws/install/_local_setup_util_sh.py'
[2.160s] INFO:colcon.colcon_core.shell:Creating prefix chain script '/home/rover/ros2_ws/install/setup.sh'
[2.162s] INFO:colcon.colcon_core.shell:Creating prefix script '/home/rover/ros2_ws/install/local_setup.bash'
[2.162s] INFO:colcon.colcon_core.shell:Creating prefix chain script '/home/rover/ros2_ws/install/setup.bash'
[2.164s] INFO:colcon.colcon_core.shell:Creating prefix script '/home/rover/ros2_ws/install/local_setup.zsh'
[2.164s] INFO:colcon.colcon_core.shell:Creating prefix chain script '/home/rover/ros2_ws/install/setup.zsh'
