/home/rover/ros2_ws/install/wall_ransac_initializer/lib/python3.10/site-packages/wall_ransac_initializer/wall_ransac_initialpose.py
/home/rover/ros2_ws/install/wall_ransac_initializer/lib/python3.10/site-packages/wall_ransac_initializer/map_error_x.py
/home/rover/ros2_ws/install/wall_ransac_initializer/lib/python3.10/site-packages/wall_ransac_initializer/map_error_y.py
/home/rover/ros2_ws/install/wall_ransac_initializer/lib/python3.10/site-packages/wall_ransac_initializer/__init__.py
/home/rover/ros2_ws/install/wall_ransac_initializer/lib/python3.10/site-packages/wall_ransac_initializer/__pycache__/wall_ransac_initialpose.cpython-310.pyc
/home/rover/ros2_ws/install/wall_ransac_initializer/lib/python3.10/site-packages/wall_ransac_initializer/__pycache__/map_error_x.cpython-310.pyc
/home/rover/ros2_ws/install/wall_ransac_initializer/lib/python3.10/site-packages/wall_ransac_initializer/__pycache__/map_error_y.cpython-310.pyc
/home/rover/ros2_ws/install/wall_ransac_initializer/lib/python3.10/site-packages/wall_ransac_initializer/__pycache__/__init__.cpython-310.pyc
/home/rover/ros2_ws/install/wall_ransac_initializer/share/ament_index/resource_index/packages/wall_ransac_initializer
/home/rover/ros2_ws/install/wall_ransac_initializer/share/wall_ransac_initializer/package.xml
/home/rover/ros2_ws/install/wall_ransac_initializer/lib/python3.10/site-packages/wall_ransac_initializer-0.0.0-py3.10.egg-info/requires.txt
/home/rover/ros2_ws/install/wall_ransac_initializer/lib/python3.10/site-packages/wall_ransac_initializer-0.0.0-py3.10.egg-info/entry_points.txt
/home/rover/ros2_ws/install/wall_ransac_initializer/lib/python3.10/site-packages/wall_ransac_initializer-0.0.0-py3.10.egg-info/zip-safe
/home/rover/ros2_ws/install/wall_ransac_initializer/lib/python3.10/site-packages/wall_ransac_initializer-0.0.0-py3.10.egg-info/top_level.txt
/home/rover/ros2_ws/install/wall_ransac_initializer/lib/python3.10/site-packages/wall_ransac_initializer-0.0.0-py3.10.egg-info/dependency_links.txt
/home/rover/ros2_ws/install/wall_ransac_initializer/lib/python3.10/site-packages/wall_ransac_initializer-0.0.0-py3.10.egg-info/SOURCES.txt
/home/rover/ros2_ws/install/wall_ransac_initializer/lib/python3.10/site-packages/wall_ransac_initializer-0.0.0-py3.10.egg-info/PKG-INFO
/home/rover/ros2_ws/install/wall_ransac_initializer/lib/wall_ransac_initializer/map_error_x
/home/rover/ros2_ws/install/wall_ransac_initializer/lib/wall_ransac_initializer/map_error_y
/home/rover/ros2_ws/install/wall_ransac_initializer/lib/wall_ransac_initializer/wall_ransac_initialpose
