-- The C compiler identification is GNU 11.4.0
-- The CXX compiler identification is GNU 11.4.0
-- Detecting C compiler ABI info
-- Detecting C compiler ABI info - done
-- Check for working C compiler: /usr/bin/cc - skipped
-- Detecting C compile features
-- Detecting C compile features - done
-- Detecting CXX compiler ABI info
-- Detecting CXX compiler ABI info - done
-- Check for working CXX compiler: /usr/bin/c++ - skipped
-- Detecting CXX compile features
-- Detecting CXX compile features - done
-- Found ament_cmake: 1.3.12 (/opt/ros/humble/share/ament_cmake/cmake)
-- Found Python3: /usr/bin/python3 (found version "3.10.12") found components: Interpreter 
-- Found rclcpp: 16.0.15 (/opt/ros/humble/share/rclcpp/cmake)
-- Found rosidl_generator_c: 3.1.7 (/opt/ros/humble/share/rosidl_generator_c/cmake)
-- Found rosidl_adapter: 3.1.7 (/opt/ros/humble/share/rosidl_adapter/cmake)
-- Found rosidl_generator_cpp: 3.1.7 (/opt/ros/humble/share/rosidl_generator_cpp/cmake)
-- Using all available rosidl_typesupport_c: rosidl_typesupport_fastrtps_c;rosidl_typesupport_introspection_c
-- Using all available rosidl_typesupport_cpp: rosidl_typesupport_fastrtps_cpp;rosidl_typesupport_introspection_cpp
-- Found rmw_implementation_cmake: 6.1.2 (/opt/ros/humble/share/rmw_implementation_cmake/cmake)
-- Found rmw_fastrtps_cpp: 6.2.9 (/opt/ros/humble/share/rmw_fastrtps_cpp/cmake)
-- Found OpenSSL: /usr/lib/x86_64-linux-gnu/libcrypto.so (found version "3.0.2")  
-- Found FastRTPS: /opt/ros/humble/include  
-- Using RMW implementation 'rmw_fastrtps_cpp' as default
-- Looking for pthread.h
-- Looking for pthread.h - found
-- Performing Test CMAKE_HAVE_LIBC_PTHREAD
-- Performing Test CMAKE_HAVE_LIBC_PTHREAD - Success
-- Found Threads: TRUE  
-- Found geometry_msgs: 4.9.0 (/opt/ros/humble/share/geometry_msgs/cmake)
-- Found nav_msgs: 4.9.0 (/opt/ros/humble/share/nav_msgs/cmake)
-- Found tf2_geometry_msgs: 0.25.17 (/opt/ros/humble/share/tf2_geometry_msgs/cmake)
-- Found eigen3_cmake_module: 0.1.1 (/opt/ros/humble/share/eigen3_cmake_module/cmake)
-- Found Eigen3: TRUE (found version "3.4.0") 
-- Ensuring Eigen3 include directory is part of orocos-kdl CMake target
-- Found ament_lint_auto: 0.12.14 (/opt/ros/humble/share/ament_lint_auto/cmake)
-- Added test 'cppcheck' to perform static code analysis on C / C++ code
-- Configured cppcheck include dirs: 
-- Configured cppcheck exclude dirs and/or files: 
-- Added test 'flake8' to check Python code syntax and style conventions
-- Added test 'lint_cmake' to check CMake code style
-- Added test 'pep257' to check Python code against some of the docstring style conventions in PEP 257
-- Added test 'uncrustify' to check C / C++ code style
-- Configured uncrustify additional arguments: 
-- Added test 'xmllint' to check XML markup files
-- Configuring done
-- Generating done
-- Build files have been written to: /home/rover/ros2_ws/build/megarover3_bringup
[ 50%] [32mBuilding CXX object CMakeFiles/pub_odom.dir/src/pub_odom.cpp.o[0m
[100%] [32m[1mLinking CXX executable pub_odom[0m
[100%] Built target pub_odom
-- Install configuration: ""
-- Installing: /home/rover/ros2_ws/install/megarover3_bringup/lib/megarover3_bringup/pub_odom
-- Set runtime path of "/home/rover/ros2_ws/install/megarover3_bringup/lib/megarover3_bringup/pub_odom" to ""
-- Installing: /home/rover/ros2_ws/install/megarover3_bringup/share/megarover3_bringup/launch
-- Installing: /home/rover/ros2_ws/install/megarover3_bringup/share/megarover3_bringup/launch/__pycache__
-- Installing: /home/rover/ros2_ws/install/megarover3_bringup/share/megarover3_bringup/launch/__pycache__/ydlidar_tg30_dual_launch.cpython-310.pyc
-- Installing: /home/rover/ros2_ws/install/megarover3_bringup/share/megarover3_bringup/launch/all_launch.py
-- Installing: /home/rover/ros2_ws/install/megarover3_bringup/share/megarover3_bringup/launch/ydlidar_tg30_dual_launch.py
-- Installing: /home/rover/ros2_ws/install/megarover3_bringup/share/megarover3_bringup/launch/ydlidar_tg30_launch.py
-- Installing: /home/rover/ros2_ws/install/megarover3_bringup/share/megarover3_bringup/launch/positioning.launch.py
-- Installing: /home/rover/ros2_ws/install/megarover3_bringup/share/megarover3_bringup/launch/ydlidar_view.launch.py
-- Installing: /home/rover/ros2_ws/install/megarover3_bringup/share/megarover3_bringup/rviz
-- Installing: /home/rover/ros2_ws/install/megarover3_bringup/share/megarover3_bringup/rviz/mega3.rviz
-- Installing: /home/rover/ros2_ws/install/megarover3_bringup/share/megarover3_bringup/rviz/laser.rviz
-- Installing: /home/rover/ros2_ws/install/megarover3_bringup/share/megarover3_bringup/rviz/f120a.rviz
-- Installing: /home/rover/ros2_ws/install/megarover3_bringup/share/megarover3_bringup/params
-- Installing: /home/rover/ros2_ws/install/megarover3_bringup/share/megarover3_bringup/params/TG30_rear.yaml
-- Installing: /home/rover/ros2_ws/install/megarover3_bringup/share/megarover3_bringup/params/TG30_front.yaml
-- Installing: /home/rover/ros2_ws/install/megarover3_bringup/share/ament_index/resource_index/package_run_dependencies/megarover3_bringup
-- Installing: /home/rover/ros2_ws/install/megarover3_bringup/share/ament_index/resource_index/parent_prefix_path/megarover3_bringup
-- Installing: /home/rover/ros2_ws/install/megarover3_bringup/share/megarover3_bringup/environment/ament_prefix_path.sh
-- Installing: /home/rover/ros2_ws/install/megarover3_bringup/share/megarover3_bringup/environment/ament_prefix_path.dsv
-- Installing: /home/rover/ros2_ws/install/megarover3_bringup/share/megarover3_bringup/environment/path.sh
-- Installing: /home/rover/ros2_ws/install/megarover3_bringup/share/megarover3_bringup/environment/path.dsv
-- Installing: /home/rover/ros2_ws/install/megarover3_bringup/share/megarover3_bringup/local_setup.bash
-- Installing: /home/rover/ros2_ws/install/megarover3_bringup/share/megarover3_bringup/local_setup.sh
-- Installing: /home/rover/ros2_ws/install/megarover3_bringup/share/megarover3_bringup/local_setup.zsh
-- Installing: /home/rover/ros2_ws/install/megarover3_bringup/share/megarover3_bringup/local_setup.dsv
-- Installing: /home/rover/ros2_ws/install/megarover3_bringup/share/megarover3_bringup/package.dsv
-- Installing: /home/rover/ros2_ws/install/megarover3_bringup/share/ament_index/resource_index/packages/megarover3_bringup
-- Installing: /home/rover/ros2_ws/install/megarover3_bringup/share/megarover3_bringup/cmake/megarover3_bringupConfig.cmake
-- Installing: /home/rover/ros2_ws/install/megarover3_bringup/share/megarover3_bringup/cmake/megarover3_bringupConfig-version.cmake
-- Installing: /home/rover/ros2_ws/install/megarover3_bringup/share/megarover3_bringup/package.xml
