[0.053s] Invoking command in '/home/rover/ros2_ws/build/megarover3_bringup': CMAKE_PREFIX_PATH=${CMAKE_PREFIX_PATH}:/home/rover/ros2_ws/install/wall_ransac_initializer:/home/rover/ros2_ws/install/udp_bridge:/home/rover/ros2_ws/install/trajectory_logger:/home/rover/ros2_ws/install/shelf_navigator:/home/rover/ros2_ws/install/ros2_to_ros1_bridge:/home/rover/ros2_ws/install/js0_teleop:/home/rover/ros2_ws/install/iai_cylinder:/home/rover/ros2_ws/install/final_approach_controller:/home/rover/ros2_ws/install/arrow_key_teleop:/opt/ros/humble /usr/bin/cmake /home/rover/ros2_ws/src/megarover3_ros2/megarover3_bringup -DCMAKE_INSTALL_PREFIX=/home/rover/ros2_ws/install/megarover3_bringup
[1.661s] -- The C compiler identification is GNU 11.4.0
[1.661s] -- The CXX compiler identification is GNU 11.4.0
[1.661s] -- Detecting C compiler ABI info
[1.661s] -- Detecting C compiler ABI info - done
[1.661s] -- Check for working C compiler: /usr/bin/cc - skipped
[1.661s] -- Detecting C compile features
[1.661s] -- Detecting C compile features - done
[1.661s] -- Detecting CXX compiler ABI info
[1.661s] -- Detecting CXX compiler ABI info - done
[1.661s] -- Check for working CXX compiler: /usr/bin/c++ - skipped
[1.661s] -- Detecting CXX compile features
[1.661s] -- Detecting CXX compile features - done
[1.662s] -- Found ament_cmake: 1.3.12 (/opt/ros/humble/share/ament_cmake/cmake)
[1.662s] -- Found Python3: /usr/bin/python3 (found version "3.10.12") found components: Interpreter 
[1.662s] -- Found rclcpp: 16.0.15 (/opt/ros/humble/share/rclcpp/cmake)
[1.662s] -- Found rosidl_generator_c: 3.1.7 (/opt/ros/humble/share/rosidl_generator_c/cmake)
[1.662s] -- Found rosidl_adapter: 3.1.7 (/opt/ros/humble/share/rosidl_adapter/cmake)
[1.662s] -- Found rosidl_generator_cpp: 3.1.7 (/opt/ros/humble/share/rosidl_generator_cpp/cmake)
[1.662s] -- Using all available rosidl_typesupport_c: rosidl_typesupport_fastrtps_c;rosidl_typesupport_introspection_c
[1.662s] -- Using all available rosidl_typesupport_cpp: rosidl_typesupport_fastrtps_cpp;rosidl_typesupport_introspection_cpp
[1.662s] -- Found rmw_implementation_cmake: 6.1.2 (/opt/ros/humble/share/rmw_implementation_cmake/cmake)
[1.662s] -- Found rmw_fastrtps_cpp: 6.2.9 (/opt/ros/humble/share/rmw_fastrtps_cpp/cmake)
[1.662s] -- Found OpenSSL: /usr/lib/x86_64-linux-gnu/libcrypto.so (found version "3.0.2")  
[1.662s] -- Found FastRTPS: /opt/ros/humble/include  
[1.662s] -- Using RMW implementation 'rmw_fastrtps_cpp' as default
[1.662s] -- Looking for pthread.h
[1.662s] -- Looking for pthread.h - found
[1.662s] -- Performing Test CMAKE_HAVE_LIBC_PTHREAD
[1.662s] -- Performing Test CMAKE_HAVE_LIBC_PTHREAD - Success
[1.662s] -- Found Threads: TRUE  
[1.662s] -- Found geometry_msgs: 4.9.0 (/opt/ros/humble/share/geometry_msgs/cmake)
[1.662s] -- Found nav_msgs: 4.9.0 (/opt/ros/humble/share/nav_msgs/cmake)
[1.662s] -- Found tf2_geometry_msgs: 0.25.17 (/opt/ros/humble/share/tf2_geometry_msgs/cmake)
[1.662s] -- Found eigen3_cmake_module: 0.1.1 (/opt/ros/humble/share/eigen3_cmake_module/cmake)
[1.662s] -- Found Eigen3: TRUE (found version "3.4.0") 
[1.662s] -- Ensuring Eigen3 include directory is part of orocos-kdl CMake target
[1.662s] -- Found ament_lint_auto: 0.12.14 (/opt/ros/humble/share/ament_lint_auto/cmake)
[1.662s] -- Added test 'cppcheck' to perform static code analysis on C / C++ code
[1.662s] -- Configured cppcheck include dirs: 
[1.662s] -- Configured cppcheck exclude dirs and/or files: 
[1.662s] -- Added test 'flake8' to check Python code syntax and style conventions
[1.663s] -- Added test 'lint_cmake' to check CMake code style
[1.663s] -- Added test 'pep257' to check Python code against some of the docstring style conventions in PEP 257
[1.663s] -- Added test 'uncrustify' to check C / C++ code style
[1.663s] -- Configured uncrustify additional arguments: 
[1.663s] -- Added test 'xmllint' to check XML markup files
[1.663s] -- Configuring done
[1.663s] -- Generating done
[1.663s] -- Build files have been written to: /home/rover/ros2_ws/build/megarover3_bringup
[1.672s] Invoked command in '/home/rover/ros2_ws/build/megarover3_bringup' returned '0': CMAKE_PREFIX_PATH=${CMAKE_PREFIX_PATH}:/home/rover/ros2_ws/install/wall_ransac_initializer:/home/rover/ros2_ws/install/udp_bridge:/home/rover/ros2_ws/install/trajectory_logger:/home/rover/ros2_ws/install/shelf_navigator:/home/rover/ros2_ws/install/ros2_to_ros1_bridge:/home/rover/ros2_ws/install/js0_teleop:/home/rover/ros2_ws/install/iai_cylinder:/home/rover/ros2_ws/install/final_approach_controller:/home/rover/ros2_ws/install/arrow_key_teleop:/opt/ros/humble /usr/bin/cmake /home/rover/ros2_ws/src/megarover3_ros2/megarover3_bringup -DCMAKE_INSTALL_PREFIX=/home/rover/ros2_ws/install/megarover3_bringup
[1.673s] Invoking command in '/home/rover/ros2_ws/build/megarover3_bringup': CMAKE_PREFIX_PATH=${CMAKE_PREFIX_PATH}:/home/rover/ros2_ws/install/wall_ransac_initializer:/home/rover/ros2_ws/install/udp_bridge:/home/rover/ros2_ws/install/trajectory_logger:/home/rover/ros2_ws/install/shelf_navigator:/home/rover/ros2_ws/install/ros2_to_ros1_bridge:/home/rover/ros2_ws/install/js0_teleop:/home/rover/ros2_ws/install/iai_cylinder:/home/rover/ros2_ws/install/final_approach_controller:/home/rover/ros2_ws/install/arrow_key_teleop:/opt/ros/humble /usr/bin/cmake --build /home/rover/ros2_ws/build/megarover3_bringup -- -j18 -l18
[1.745s] [ 50%] [32mBuilding CXX object CMakeFiles/pub_odom.dir/src/pub_odom.cpp.o[0m
[15.073s] [100%] [32m[1mLinking CXX executable pub_odom[0m
[15.774s] [100%] Built target pub_odom
[15.817s] Invoked command in '/home/rover/ros2_ws/build/megarover3_bringup' returned '0': CMAKE_PREFIX_PATH=${CMAKE_PREFIX_PATH}:/home/rover/ros2_ws/install/wall_ransac_initializer:/home/rover/ros2_ws/install/udp_bridge:/home/rover/ros2_ws/install/trajectory_logger:/home/rover/ros2_ws/install/shelf_navigator:/home/rover/ros2_ws/install/ros2_to_ros1_bridge:/home/rover/ros2_ws/install/js0_teleop:/home/rover/ros2_ws/install/iai_cylinder:/home/rover/ros2_ws/install/final_approach_controller:/home/rover/ros2_ws/install/arrow_key_teleop:/opt/ros/humble /usr/bin/cmake --build /home/rover/ros2_ws/build/megarover3_bringup -- -j18 -l18
[15.826s] Invoking command in '/home/rover/ros2_ws/build/megarover3_bringup': CMAKE_PREFIX_PATH=${CMAKE_PREFIX_PATH}:/home/rover/ros2_ws/install/wall_ransac_initializer:/home/rover/ros2_ws/install/udp_bridge:/home/rover/ros2_ws/install/trajectory_logger:/home/rover/ros2_ws/install/shelf_navigator:/home/rover/ros2_ws/install/ros2_to_ros1_bridge:/home/rover/ros2_ws/install/js0_teleop:/home/rover/ros2_ws/install/iai_cylinder:/home/rover/ros2_ws/install/final_approach_controller:/home/rover/ros2_ws/install/arrow_key_teleop:/opt/ros/humble /usr/bin/cmake --install /home/rover/ros2_ws/build/megarover3_bringup
[15.855s] -- Install configuration: ""
[15.858s] -- Installing: /home/rover/ros2_ws/install/megarover3_bringup/lib/megarover3_bringup/pub_odom
[15.866s] -- Set runtime path of "/home/rover/ros2_ws/install/megarover3_bringup/lib/megarover3_bringup/pub_odom" to ""
[15.866s] -- Installing: /home/rover/ros2_ws/install/megarover3_bringup/share/megarover3_bringup/launch
[15.866s] -- Installing: /home/rover/ros2_ws/install/megarover3_bringup/share/megarover3_bringup/launch/__pycache__
[15.867s] -- Installing: /home/rover/ros2_ws/install/megarover3_bringup/share/megarover3_bringup/launch/__pycache__/ydlidar_tg30_dual_launch.cpython-310.pyc
[15.867s] -- Installing: /home/rover/ros2_ws/install/megarover3_bringup/share/megarover3_bringup/launch/all_launch.py
[15.868s] -- Installing: /home/rover/ros2_ws/install/megarover3_bringup/share/megarover3_bringup/launch/ydlidar_tg30_dual_launch.py
[15.871s] -- Installing: /home/rover/ros2_ws/install/megarover3_bringup/share/megarover3_bringup/launch/ydlidar_tg30_launch.py
[15.875s] -- Installing: /home/rover/ros2_ws/install/megarover3_bringup/share/megarover3_bringup/launch/positioning.launch.py
[15.875s] -- Installing: /home/rover/ros2_ws/install/megarover3_bringup/share/megarover3_bringup/launch/ydlidar_view.launch.py
[15.875s] -- Installing: /home/rover/ros2_ws/install/megarover3_bringup/share/megarover3_bringup/rviz
[15.875s] -- Installing: /home/rover/ros2_ws/install/megarover3_bringup/share/megarover3_bringup/rviz/mega3.rviz
[15.875s] -- Installing: /home/rover/ros2_ws/install/megarover3_bringup/share/megarover3_bringup/rviz/laser.rviz
[15.875s] -- Installing: /home/rover/ros2_ws/install/megarover3_bringup/share/megarover3_bringup/rviz/f120a.rviz
[15.875s] -- Installing: /home/rover/ros2_ws/install/megarover3_bringup/share/megarover3_bringup/params
[15.875s] -- Installing: /home/rover/ros2_ws/install/megarover3_bringup/share/megarover3_bringup/params/TG30_rear.yaml
[15.875s] -- Installing: /home/rover/ros2_ws/install/megarover3_bringup/share/megarover3_bringup/params/TG30_front.yaml
[15.875s] -- Installing: /home/rover/ros2_ws/install/megarover3_bringup/share/ament_index/resource_index/package_run_dependencies/megarover3_bringup
[15.877s] -- Installing: /home/rover/ros2_ws/install/megarover3_bringup/share/ament_index/resource_index/parent_prefix_path/megarover3_bringup
[15.878s] -- Installing: /home/rover/ros2_ws/install/megarover3_bringup/share/megarover3_bringup/environment/ament_prefix_path.sh
[15.878s] -- Installing: /home/rover/ros2_ws/install/megarover3_bringup/share/megarover3_bringup/environment/ament_prefix_path.dsv
[15.878s] -- Installing: /home/rover/ros2_ws/install/megarover3_bringup/share/megarover3_bringup/environment/path.sh
[15.878s] -- Installing: /home/rover/ros2_ws/install/megarover3_bringup/share/megarover3_bringup/environment/path.dsv
[15.878s] -- Installing: /home/rover/ros2_ws/install/megarover3_bringup/share/megarover3_bringup/local_setup.bash
[15.879s] -- Installing: /home/rover/ros2_ws/install/megarover3_bringup/share/megarover3_bringup/local_setup.sh
[15.879s] -- Installing: /home/rover/ros2_ws/install/megarover3_bringup/share/megarover3_bringup/local_setup.zsh
[15.879s] -- Installing: /home/rover/ros2_ws/install/megarover3_bringup/share/megarover3_bringup/local_setup.dsv
[15.879s] -- Installing: /home/rover/ros2_ws/install/megarover3_bringup/share/megarover3_bringup/package.dsv
[15.880s] -- Installing: /home/rover/ros2_ws/install/megarover3_bringup/share/ament_index/resource_index/packages/megarover3_bringup
[15.880s] -- Installing: /home/rover/ros2_ws/install/megarover3_bringup/share/megarover3_bringup/cmake/megarover3_bringupConfig.cmake
[15.884s] -- Installing: /home/rover/ros2_ws/install/megarover3_bringup/share/megarover3_bringup/cmake/megarover3_bringupConfig-version.cmake
[15.884s] -- Installing: /home/rover/ros2_ws/install/megarover3_bringup/share/megarover3_bringup/package.xml
[15.895s] Invoked command in '/home/rover/ros2_ws/build/megarover3_bringup' returned '0': CMAKE_PREFIX_PATH=${CMAKE_PREFIX_PATH}:/home/rover/ros2_ws/install/wall_ransac_initializer:/home/rover/ros2_ws/install/udp_bridge:/home/rover/ros2_ws/install/trajectory_logger:/home/rover/ros2_ws/install/shelf_navigator:/home/rover/ros2_ws/install/ros2_to_ros1_bridge:/home/rover/ros2_ws/install/js0_teleop:/home/rover/ros2_ws/install/iai_cylinder:/home/rover/ros2_ws/install/final_approach_controller:/home/rover/ros2_ws/install/arrow_key_teleop:/opt/ros/humble /usr/bin/cmake --install /home/rover/ros2_ws/build/megarover3_bringup
