[0.703s] Invoking command in '/home/rover/ros2_ws/build/my_scan_merger': CMAKE_PREFIX_PATH=${CMAKE_PREFIX_PATH}:/home/rover/ros2_ws/install/wall_ransac_initializer:/home/rover/ros2_ws/install/udp_bridge:/home/rover/ros2_ws/install/trajectory_logger:/home/rover/ros2_ws/install/shelf_navigator:/home/rover/ros2_ws/install/ros2_to_ros1_bridge:/home/rover/ros2_ws/install/js0_teleop:/home/rover/ros2_ws/install/iai_cylinder:/home/rover/ros2_ws/install/final_approach_controller:/home/rover/ros2_ws/install/arrow_key_teleop:/opt/ros/humble /usr/bin/cmake /home/rover/ros2_ws/src/my_scan_merger -DAMENT_CMAKE_SYMLINK_INSTALL=1 -DCMAKE_INSTALL_PREFIX=/home/rover/ros2_ws/install/my_scan_merger
[1.567s] -- Found ament_cmake: 1.3.12 (/opt/ros/humble/share/ament_cmake/cmake)
[1.567s] -- Override CMake install command with custom implementation using symlinks instead of copying resources
[1.567s] -- Found rclcpp: 16.0.15 (/opt/ros/humble/share/rclcpp/cmake)
[1.568s] -- Found rosidl_generator_c: 3.1.7 (/opt/ros/humble/share/rosidl_generator_c/cmake)
[1.568s] -- Found rosidl_adapter: 3.1.7 (/opt/ros/humble/share/rosidl_adapter/cmake)
[1.568s] -- Found rosidl_generator_cpp: 3.1.7 (/opt/ros/humble/share/rosidl_generator_cpp/cmake)
[1.568s] -- Using all available rosidl_typesupport_c: rosidl_typesupport_fastrtps_c;rosidl_typesupport_introspection_c
[1.568s] -- Using all available rosidl_typesupport_cpp: rosidl_typesupport_fastrtps_cpp;rosidl_typesupport_introspection_cpp
[1.568s] -- Found rmw_implementation_cmake: 6.1.2 (/opt/ros/humble/share/rmw_implementation_cmake/cmake)
[1.568s] -- Found rmw_fastrtps_cpp: 6.2.9 (/opt/ros/humble/share/rmw_fastrtps_cpp/cmake)
[1.568s] -- Using RMW implementation 'rmw_fastrtps_cpp' as default
[1.568s] -- Found sensor_msgs: 4.9.0 (/opt/ros/humble/share/sensor_msgs/cmake)
[1.568s] -- Found tf2: 0.25.16 (/opt/ros/humble/share/tf2/cmake)
[1.568s] -- Found tf2_ros: 0.25.16 (/opt/ros/humble/share/tf2_ros/cmake)
[1.568s] -- Found tf2_geometry_msgs: 0.25.17 (/opt/ros/humble/share/tf2_geometry_msgs/cmake)
[1.568s] -- Found eigen3_cmake_module: 0.1.1 (/opt/ros/humble/share/eigen3_cmake_module/cmake)
[1.568s] -- Ensuring Eigen3 include directory is part of orocos-kdl CMake target
[1.568s] -- Configuring done
[1.568s] -- Generating done
[1.569s] -- Build files have been written to: /home/rover/ros2_ws/build/my_scan_merger
[1.580s] Invoked command in '/home/rover/ros2_ws/build/my_scan_merger' returned '0': CMAKE_PREFIX_PATH=${CMAKE_PREFIX_PATH}:/home/rover/ros2_ws/install/wall_ransac_initializer:/home/rover/ros2_ws/install/udp_bridge:/home/rover/ros2_ws/install/trajectory_logger:/home/rover/ros2_ws/install/shelf_navigator:/home/rover/ros2_ws/install/ros2_to_ros1_bridge:/home/rover/ros2_ws/install/js0_teleop:/home/rover/ros2_ws/install/iai_cylinder:/home/rover/ros2_ws/install/final_approach_controller:/home/rover/ros2_ws/install/arrow_key_teleop:/opt/ros/humble /usr/bin/cmake /home/rover/ros2_ws/src/my_scan_merger -DAMENT_CMAKE_SYMLINK_INSTALL=1 -DCMAKE_INSTALL_PREFIX=/home/rover/ros2_ws/install/my_scan_merger
[1.581s] Invoking command in '/home/rover/ros2_ws/build/my_scan_merger': CMAKE_PREFIX_PATH=${CMAKE_PREFIX_PATH}:/home/rover/ros2_ws/install/wall_ransac_initializer:/home/rover/ros2_ws/install/udp_bridge:/home/rover/ros2_ws/install/trajectory_logger:/home/rover/ros2_ws/install/shelf_navigator:/home/rover/ros2_ws/install/ros2_to_ros1_bridge:/home/rover/ros2_ws/install/js0_teleop:/home/rover/ros2_ws/install/iai_cylinder:/home/rover/ros2_ws/install/final_approach_controller:/home/rover/ros2_ws/install/arrow_key_teleop:/opt/ros/humble /usr/bin/cmake --build /home/rover/ros2_ws/build/my_scan_merger -- -j18 -l18
[1.620s] [35m[1mConsolidate compiler generated dependencies of target scan_merger[0m
[1.668s] [ 50%] [32m[1mLinking CXX executable scan_merger[0m
[2.297s] [100%] Built target scan_merger
