[0.997s] Invoking command in '/home/rover/ros2_ws/src/final_approach_controller': PYTHONPATH=/home/rover/ros2_ws/build/final_approach_controller/prefix_override:/usr/lib/python3/dist-packages/colcon_core/task/python/colcon_distutils_commands:/home/rover/ros2_ws/install/final_approach_controller/lib/python3.10/site-packages:${PYTHONPATH} /usr/bin/python3 -W ignore:setup.py install is deprecated -W ignore:easy_install command is deprecated setup.py egg_info --egg-base ../../build/final_approach_controller build --build-base /home/rover/ros2_ws/build/final_approach_controller/build install --record /home/rover/ros2_ws/build/final_approach_controller/install.log --single-version-externally-managed install_data
[1.455s] running egg_info
[1.455s] writing ../../build/final_approach_controller/final_approach_controller.egg-info/PKG-INFO
[1.458s] writing dependency_links to ../../build/final_approach_controller/final_approach_controller.egg-info/dependency_links.txt
[1.458s] writing entry points to ../../build/final_approach_controller/final_approach_controller.egg-info/entry_points.txt
[1.458s] writing requirements to ../../build/final_approach_controller/final_approach_controller.egg-info/requires.txt
[1.458s] writing top-level names to ../../build/final_approach_controller/final_approach_controller.egg-info/top_level.txt
[1.460s] reading manifest file '../../build/final_approach_controller/final_approach_controller.egg-info/SOURCES.txt'
[1.461s] writing manifest file '../../build/final_approach_controller/final_approach_controller.egg-info/SOURCES.txt'
[1.461s] running build
[1.461s] running build_py
[1.461s] copying final_approach_controller/final_approach_node2.py -> /home/rover/ros2_ws/build/final_approach_controller/build/lib/final_approach_controller
[1.461s] running install
[1.461s] running install_lib
[1.462s] copying /home/rover/ros2_ws/build/final_approach_controller/build/lib/final_approach_controller/final_approach_node2.py -> /home/rover/ros2_ws/install/final_approach_controller/lib/python3.10/site-packages/final_approach_controller
[1.462s] byte-compiling /home/rover/ros2_ws/install/final_approach_controller/lib/python3.10/site-packages/final_approach_controller/final_approach_node2.py to final_approach_node2.cpython-310.pyc
[1.464s] running install_data
[1.464s] running install_egg_info
[1.466s] removing '/home/rover/ros2_ws/install/final_approach_controller/lib/python3.10/site-packages/final_approach_controller-0.0.0-py3.10.egg-info' (and everything under it)
[1.466s] Copying ../../build/final_approach_controller/final_approach_controller.egg-info to /home/rover/ros2_ws/install/final_approach_controller/lib/python3.10/site-packages/final_approach_controller-0.0.0-py3.10.egg-info
[1.467s] running install_scripts
[1.493s] Installing final_approach_node script to /home/rover/ros2_ws/install/final_approach_controller/lib/final_approach_controller
[1.494s] Installing final_approach_node2 script to /home/rover/ros2_ws/install/final_approach_controller/lib/final_approach_controller
[1.494s] writing list of installed files to '/home/rover/ros2_ws/build/final_approach_controller/install.log'
[1.516s] Invoked command in '/home/rover/ros2_ws/src/final_approach_controller' returned '0': PYTHONPATH=/home/rover/ros2_ws/build/final_approach_controller/prefix_override:/usr/lib/python3/dist-packages/colcon_core/task/python/colcon_distutils_commands:/home/rover/ros2_ws/install/final_approach_controller/lib/python3.10/site-packages:${PYTHONPATH} /usr/bin/python3 -W ignore:setup.py install is deprecated -W ignore:easy_install command is deprecated setup.py egg_info --egg-base ../../build/final_approach_controller build --build-base /home/rover/ros2_ws/build/final_approach_controller/build install --record /home/rover/ros2_ws/build/final_approach_controller/install.log --single-version-externally-managed install_data
