[1.059s] Invoking command in '/home/rover/ros2_ws/src/final_approach_controller': PYTHONPATH=/home/rover/ros2_ws/build/final_approach_controller/prefix_override:/usr/lib/python3/dist-packages/colcon_core/task/python/colcon_distutils_commands:/home/rover/ros2_ws/install/final_approach_controller/lib/python3.10/site-packages:${PYTHONPATH} /usr/bin/python3 -W ignore:setup.py install is deprecated -W ignore:easy_install command is deprecated setup.py egg_info --egg-base ../../build/final_approach_controller build --build-base /home/rover/ros2_ws/build/final_approach_controller/build install --record /home/rover/ros2_ws/build/final_approach_controller/install.log --single-version-externally-managed install_data
[1.486s] running egg_info
[1.486s] writing ../../build/final_approach_controller/final_approach_controller.egg-info/PKG-INFO
[1.487s] writing dependency_links to ../../build/final_approach_controller/final_approach_controller.egg-info/dependency_links.txt
[1.487s] writing entry points to ../../build/final_approach_controller/final_approach_controller.egg-info/entry_points.txt
[1.487s] writing requirements to ../../build/final_approach_controller/final_approach_controller.egg-info/requires.txt
[1.487s] writing top-level names to ../../build/final_approach_controller/final_approach_controller.egg-info/top_level.txt
[1.488s] reading manifest file '../../build/final_approach_controller/final_approach_controller.egg-info/SOURCES.txt'
[1.489s] writing manifest file '../../build/final_approach_controller/final_approach_controller.egg-info/SOURCES.txt'
[1.489s] running build
[1.489s] running build_py
[1.489s] copying final_approach_controller/final_approach_node2.py -> /home/rover/ros2_ws/build/final_approach_controller/build/lib/final_approach_controller
[1.489s] running install
[1.490s] running install_lib
[1.490s] copying /home/rover/ros2_ws/build/final_approach_controller/build/lib/final_approach_controller/final_approach_node2.py -> /home/rover/ros2_ws/install/final_approach_controller/lib/python3.10/site-packages/final_approach_controller
[1.491s] byte-compiling /home/rover/ros2_ws/install/final_approach_controller/lib/python3.10/site-packages/final_approach_controller/final_approach_node2.py to final_approach_node2.cpython-310.pyc
[1.493s] running install_data
[1.493s] running install_egg_info
[1.495s] removing '/home/rover/ros2_ws/install/final_approach_controller/lib/python3.10/site-packages/final_approach_controller-0.0.0-py3.10.egg-info' (and everything under it)
[1.495s] Copying ../../build/final_approach_controller/final_approach_controller.egg-info to /home/rover/ros2_ws/install/final_approach_controller/lib/python3.10/site-packages/final_approach_controller-0.0.0-py3.10.egg-info
[1.495s] running install_scripts
[1.517s] Installing final_approach_node script to /home/rover/ros2_ws/install/final_approach_controller/lib/final_approach_controller
[1.517s] Installing final_approach_node2 script to /home/rover/ros2_ws/install/final_approach_controller/lib/final_approach_controller
[1.518s] writing list of installed files to '/home/rover/ros2_ws/build/final_approach_controller/install.log'
[1.544s] Invoked command in '/home/rover/ros2_ws/src/final_approach_controller' returned '0': PYTHONPATH=/home/rover/ros2_ws/build/final_approach_controller/prefix_override:/usr/lib/python3/dist-packages/colcon_core/task/python/colcon_distutils_commands:/home/rover/ros2_ws/install/final_approach_controller/lib/python3.10/site-packages:${PYTHONPATH} /usr/bin/python3 -W ignore:setup.py install is deprecated -W ignore:easy_install command is deprecated setup.py egg_info --egg-base ../../build/final_approach_controller build --build-base /home/rover/ros2_ws/build/final_approach_controller/build install --record /home/rover/ros2_ws/build/final_approach_controller/install.log --single-version-externally-managed install_data
