-- The C compiler identification is GNU 11.4.0
-- The CXX compiler identification is GNU 11.4.0
-- Detecting C compiler ABI info
-- Detecting C compiler ABI info - done
-- Check for working C compiler: /usr/bin/cc - skipped
-- Detecting C compile features
-- Detecting C compile features - done
-- Detecting CXX compiler ABI info
-- Detecting CXX compiler ABI info - done
-- Check for working CXX compiler: /usr/bin/c++ - skipped
-- Detecting CXX compile features
-- Detecting CXX compile features - done
-- Found ament_cmake: 1.3.12 (/opt/ros/humble/share/ament_cmake/cmake)
-- Found Python3: /usr/bin/python3 (found version "3.10.12") found components: Interpreter 
-- Configuring done
-- Generating done
-- Build files have been written to: /home/rover/ros2_ws/build/megarover3
-- Install configuration: ""
-- Installing: /home/rover/ros2_ws/install/megarover3/share/ament_index/resource_index/package_run_dependencies/megarover3
-- Installing: /home/rover/ros2_ws/install/megarover3/share/ament_index/resource_index/parent_prefix_path/megarover3
-- Installing: /home/rover/ros2_ws/install/megarover3/share/megarover3/environment/ament_prefix_path.sh
-- Installing: /home/rover/ros2_ws/install/megarover3/share/megarover3/environment/ament_prefix_path.dsv
-- Installing: /home/rover/ros2_ws/install/megarover3/share/megarover3/environment/path.sh
-- Installing: /home/rover/ros2_ws/install/megarover3/share/megarover3/environment/path.dsv
-- Installing: /home/rover/ros2_ws/install/megarover3/share/megarover3/local_setup.bash
-- Installing: /home/rover/ros2_ws/install/megarover3/share/megarover3/local_setup.sh
-- Installing: /home/rover/ros2_ws/install/megarover3/share/megarover3/local_setup.zsh
-- Installing: /home/rover/ros2_ws/install/megarover3/share/megarover3/local_setup.dsv
-- Installing: /home/rover/ros2_ws/install/megarover3/share/megarover3/package.dsv
-- Installing: /home/rover/ros2_ws/install/megarover3/share/ament_index/resource_index/packages/megarover3
-- Installing: /home/rover/ros2_ws/install/megarover3/share/megarover3/cmake/megarover3Config.cmake
-- Installing: /home/rover/ros2_ws/install/megarover3/share/megarover3/cmake/megarover3Config-version.cmake
-- Installing: /home/rover/ros2_ws/install/megarover3/share/megarover3/package.xml
