[0.044s] Invoking command in '/home/rover/ros2_ws/build/megarover3': CMAKE_PREFIX_PATH=/home/rover/ros2_ws/install/megarover_description:/home/rover/ros2_ws/install/megarover3_bringup:/home/rover/ros2_ws/install/ydlidar_ros2_driver:/home/rover/ros2_ws/install/vs_rover_options_description:/home/rover/ros2_ws/install/rf2o_laser_odometry:/home/rover/ros2_ws/install/realsense2_description:/home/rover/ros2_ws/install/realsense2_camera:/home/rover/ros2_ws/install/realsense2_camera_msgs:/home/rover/ros2_ws/install/nav2_bt_dummy:/home/rover/ros2_ws/install/nav2_amcl:/home/rover/ros2_ws/install/my_scan_merger:/home/rover/ros2_ws/install/megarover3:/home/rover/ros2_ws/install/megarover3_navigation:/home/rover/uros_ws/install/micro_ros_setup:/home/rover/uros_ws/install/micro_ros_agent:/home/rover/uros_ws/install/micro_ros_msgs:/home/rover/ros2_ws/install/wall_ransac_initializer:/home/rover/ros2_ws/install/udp_bridge:/home/rover/ros2_ws/install/trajectory_logger:/home/rover/ros2_ws/install/shelf_navigator:/home/rover/ros2_ws/install/ros2_to_ros1_bridge:/home/rover/ros2_ws/install/js0_teleop:/home/rover/ros2_ws/install/iai_cylinder:/home/rover/ros2_ws/install/final_approach_controller:/home/rover/ros2_ws/install/arrow_key_teleop:/opt/ros/humble /usr/bin/cmake /home/rover/ros2_ws/src/megarover3_ros2/megarover3 -DCMAKE_INSTALL_PREFIX=/home/rover/ros2_ws/install/megarover3
[0.213s] -- The C compiler identification is GNU 11.4.0
[0.364s] -- The CXX compiler identification is GNU 11.4.0
[0.390s] -- Detecting C compiler ABI info
[0.463s] -- Detecting C compiler ABI info - done
[0.470s] -- Check for working C compiler: /usr/bin/cc - skipped
[0.470s] -- Detecting C compile features
[0.470s] -- Detecting C compile features - done
[0.473s] -- Detecting CXX compiler ABI info
[0.655s] -- Detecting CXX compiler ABI info - done
[0.663s] -- Check for working CXX compiler: /usr/bin/c++ - skipped
[0.663s] -- Detecting CXX compile features
[0.664s] -- Detecting CXX compile features - done
[0.669s] -- Found ament_cmake: 1.3.12 (/opt/ros/humble/share/ament_cmake/cmake)
[1.031s] -- Found Python3: /usr/bin/python3 (found version "3.10.12") found components: Interpreter 
[1.285s] -- Configuring done
[1.289s] -- Generating done
[1.292s] -- Build files have been written to: /home/rover/ros2_ws/build/megarover3
[1.298s] Invoked command in '/home/rover/ros2_ws/build/megarover3' returned '0': CMAKE_PREFIX_PATH=/home/rover/ros2_ws/install/megarover_description:/home/rover/ros2_ws/install/megarover3_bringup:/home/rover/ros2_ws/install/ydlidar_ros2_driver:/home/rover/ros2_ws/install/vs_rover_options_description:/home/rover/ros2_ws/install/rf2o_laser_odometry:/home/rover/ros2_ws/install/realsense2_description:/home/rover/ros2_ws/install/realsense2_camera:/home/rover/ros2_ws/install/realsense2_camera_msgs:/home/rover/ros2_ws/install/nav2_bt_dummy:/home/rover/ros2_ws/install/nav2_amcl:/home/rover/ros2_ws/install/my_scan_merger:/home/rover/ros2_ws/install/megarover3:/home/rover/ros2_ws/install/megarover3_navigation:/home/rover/uros_ws/install/micro_ros_setup:/home/rover/uros_ws/install/micro_ros_agent:/home/rover/uros_ws/install/micro_ros_msgs:/home/rover/ros2_ws/install/wall_ransac_initializer:/home/rover/ros2_ws/install/udp_bridge:/home/rover/ros2_ws/install/trajectory_logger:/home/rover/ros2_ws/install/shelf_navigator:/home/rover/ros2_ws/install/ros2_to_ros1_bridge:/home/rover/ros2_ws/install/js0_teleop:/home/rover/ros2_ws/install/iai_cylinder:/home/rover/ros2_ws/install/final_approach_controller:/home/rover/ros2_ws/install/arrow_key_teleop:/opt/ros/humble /usr/bin/cmake /home/rover/ros2_ws/src/megarover3_ros2/megarover3 -DCMAKE_INSTALL_PREFIX=/home/rover/ros2_ws/install/megarover3
[1.300s] Invoking command in '/home/rover/ros2_ws/build/megarover3': CMAKE_PREFIX_PATH=/home/rover/ros2_ws/install/megarover_description:/home/rover/ros2_ws/install/megarover3_bringup:/home/rover/ros2_ws/install/ydlidar_ros2_driver:/home/rover/ros2_ws/install/vs_rover_options_description:/home/rover/ros2_ws/install/rf2o_laser_odometry:/home/rover/ros2_ws/install/realsense2_description:/home/rover/ros2_ws/install/realsense2_camera:/home/rover/ros2_ws/install/realsense2_camera_msgs:/home/rover/ros2_ws/install/nav2_bt_dummy:/home/rover/ros2_ws/install/nav2_amcl:/home/rover/ros2_ws/install/my_scan_merger:/home/rover/ros2_ws/install/megarover3:/home/rover/ros2_ws/install/megarover3_navigation:/home/rover/uros_ws/install/micro_ros_setup:/home/rover/uros_ws/install/micro_ros_agent:/home/rover/uros_ws/install/micro_ros_msgs:/home/rover/ros2_ws/install/wall_ransac_initializer:/home/rover/ros2_ws/install/udp_bridge:/home/rover/ros2_ws/install/trajectory_logger:/home/rover/ros2_ws/install/shelf_navigator:/home/rover/ros2_ws/install/ros2_to_ros1_bridge:/home/rover/ros2_ws/install/js0_teleop:/home/rover/ros2_ws/install/iai_cylinder:/home/rover/ros2_ws/install/final_approach_controller:/home/rover/ros2_ws/install/arrow_key_teleop:/opt/ros/humble /usr/bin/cmake --build /home/rover/ros2_ws/build/megarover3 -- -j18 -l18
[1.344s] Invoked command in '/home/rover/ros2_ws/build/megarover3' returned '0': CMAKE_PREFIX_PATH=/home/rover/ros2_ws/install/megarover_description:/home/rover/ros2_ws/install/megarover3_bringup:/home/rover/ros2_ws/install/ydlidar_ros2_driver:/home/rover/ros2_ws/install/vs_rover_options_description:/home/rover/ros2_ws/install/rf2o_laser_odometry:/home/rover/ros2_ws/install/realsense2_description:/home/rover/ros2_ws/install/realsense2_camera:/home/rover/ros2_ws/install/realsense2_camera_msgs:/home/rover/ros2_ws/install/nav2_bt_dummy:/home/rover/ros2_ws/install/nav2_amcl:/home/rover/ros2_ws/install/my_scan_merger:/home/rover/ros2_ws/install/megarover3:/home/rover/ros2_ws/install/megarover3_navigation:/home/rover/uros_ws/install/micro_ros_setup:/home/rover/uros_ws/install/micro_ros_agent:/home/rover/uros_ws/install/micro_ros_msgs:/home/rover/ros2_ws/install/wall_ransac_initializer:/home/rover/ros2_ws/install/udp_bridge:/home/rover/ros2_ws/install/trajectory_logger:/home/rover/ros2_ws/install/shelf_navigator:/home/rover/ros2_ws/install/ros2_to_ros1_bridge:/home/rover/ros2_ws/install/js0_teleop:/home/rover/ros2_ws/install/iai_cylinder:/home/rover/ros2_ws/install/final_approach_controller:/home/rover/ros2_ws/install/arrow_key_teleop:/opt/ros/humble /usr/bin/cmake --build /home/rover/ros2_ws/build/megarover3 -- -j18 -l18
[1.345s] Invoking command in '/home/rover/ros2_ws/build/megarover3': CMAKE_PREFIX_PATH=/home/rover/ros2_ws/install/megarover_description:/home/rover/ros2_ws/install/megarover3_bringup:/home/rover/ros2_ws/install/ydlidar_ros2_driver:/home/rover/ros2_ws/install/vs_rover_options_description:/home/rover/ros2_ws/install/rf2o_laser_odometry:/home/rover/ros2_ws/install/realsense2_description:/home/rover/ros2_ws/install/realsense2_camera:/home/rover/ros2_ws/install/realsense2_camera_msgs:/home/rover/ros2_ws/install/nav2_bt_dummy:/home/rover/ros2_ws/install/nav2_amcl:/home/rover/ros2_ws/install/my_scan_merger:/home/rover/ros2_ws/install/megarover3:/home/rover/ros2_ws/install/megarover3_navigation:/home/rover/uros_ws/install/micro_ros_setup:/home/rover/uros_ws/install/micro_ros_agent:/home/rover/uros_ws/install/micro_ros_msgs:/home/rover/ros2_ws/install/wall_ransac_initializer:/home/rover/ros2_ws/install/udp_bridge:/home/rover/ros2_ws/install/trajectory_logger:/home/rover/ros2_ws/install/shelf_navigator:/home/rover/ros2_ws/install/ros2_to_ros1_bridge:/home/rover/ros2_ws/install/js0_teleop:/home/rover/ros2_ws/install/iai_cylinder:/home/rover/ros2_ws/install/final_approach_controller:/home/rover/ros2_ws/install/arrow_key_teleop:/opt/ros/humble /usr/bin/cmake --install /home/rover/ros2_ws/build/megarover3
[1.357s] -- Install configuration: ""
[1.357s] -- Installing: /home/rover/ros2_ws/install/megarover3/share/ament_index/resource_index/package_run_dependencies/megarover3
[1.357s] -- Installing: /home/rover/ros2_ws/install/megarover3/share/ament_index/resource_index/parent_prefix_path/megarover3
[1.357s] -- Installing: /home/rover/ros2_ws/install/megarover3/share/megarover3/environment/ament_prefix_path.sh
[1.357s] -- Installing: /home/rover/ros2_ws/install/megarover3/share/megarover3/environment/ament_prefix_path.dsv
[1.358s] -- Installing: /home/rover/ros2_ws/install/megarover3/share/megarover3/environment/path.sh
[1.358s] -- Installing: /home/rover/ros2_ws/install/megarover3/share/megarover3/environment/path.dsv
[1.358s] -- Installing: /home/rover/ros2_ws/install/megarover3/share/megarover3/local_setup.bash
[1.358s] -- Installing: /home/rover/ros2_ws/install/megarover3/share/megarover3/local_setup.sh
[1.358s] -- Installing: /home/rover/ros2_ws/install/megarover3/share/megarover3/local_setup.zsh
[1.358s] -- Installing: /home/rover/ros2_ws/install/megarover3/share/megarover3/local_setup.dsv
[1.358s] -- Installing: /home/rover/ros2_ws/install/megarover3/share/megarover3/package.dsv
[1.358s] -- Installing: /home/rover/ros2_ws/install/megarover3/share/ament_index/resource_index/packages/megarover3
[1.358s] -- Installing: /home/rover/ros2_ws/install/megarover3/share/megarover3/cmake/megarover3Config.cmake
[1.358s] -- Installing: /home/rover/ros2_ws/install/megarover3/share/megarover3/cmake/megarover3Config-version.cmake
[1.358s] -- Installing: /home/rover/ros2_ws/install/megarover3/share/megarover3/package.xml
[1.359s] Invoked command in '/home/rover/ros2_ws/build/megarover3' returned '0': CMAKE_PREFIX_PATH=/home/rover/ros2_ws/install/megarover_description:/home/rover/ros2_ws/install/megarover3_bringup:/home/rover/ros2_ws/install/ydlidar_ros2_driver:/home/rover/ros2_ws/install/vs_rover_options_description:/home/rover/ros2_ws/install/rf2o_laser_odometry:/home/rover/ros2_ws/install/realsense2_description:/home/rover/ros2_ws/install/realsense2_camera:/home/rover/ros2_ws/install/realsense2_camera_msgs:/home/rover/ros2_ws/install/nav2_bt_dummy:/home/rover/ros2_ws/install/nav2_amcl:/home/rover/ros2_ws/install/my_scan_merger:/home/rover/ros2_ws/install/megarover3:/home/rover/ros2_ws/install/megarover3_navigation:/home/rover/uros_ws/install/micro_ros_setup:/home/rover/uros_ws/install/micro_ros_agent:/home/rover/uros_ws/install/micro_ros_msgs:/home/rover/ros2_ws/install/wall_ransac_initializer:/home/rover/ros2_ws/install/udp_bridge:/home/rover/ros2_ws/install/trajectory_logger:/home/rover/ros2_ws/install/shelf_navigator:/home/rover/ros2_ws/install/ros2_to_ros1_bridge:/home/rover/ros2_ws/install/js0_teleop:/home/rover/ros2_ws/install/iai_cylinder:/home/rover/ros2_ws/install/final_approach_controller:/home/rover/ros2_ws/install/arrow_key_teleop:/opt/ros/humble /usr/bin/cmake --install /home/rover/ros2_ws/build/megarover3
