running egg_info
creating ../../build/wall_ransac_initializer/wall_ransac_initializer.egg-info
writing ../../build/wall_ransac_initializer/wall_ransac_initializer.egg-info/PKG-INFO
writing dependency_links to ../../build/wall_ransac_initializer/wall_ransac_initializer.egg-info/dependency_links.txt
writing entry points to ../../build/wall_ransac_initializer/wall_ransac_initializer.egg-info/entry_points.txt
writing requirements to ../../build/wall_ransac_initializer/wall_ransac_initializer.egg-info/requires.txt
writing top-level names to ../../build/wall_ransac_initializer/wall_ransac_initializer.egg-info/top_level.txt
writing manifest file '../../build/wall_ransac_initializer/wall_ransac_initializer.egg-info/SOURCES.txt'
reading manifest file '../../build/wall_ransac_initializer/wall_ransac_initializer.egg-info/SOURCES.txt'
writing manifest file '../../build/wall_ransac_initializer/wall_ransac_initializer.egg-info/SOURCES.txt'
running build
running build_py
creating /home/rover/ros2_ws/build/wall_ransac_initializer/build
creating /home/rover/ros2_ws/build/wall_ransac_initializer/build/lib
creating /home/rover/ros2_ws/build/wall_ransac_initializer/build/lib/wall_ransac_initializer
copying wall_ransac_initializer/wall_ransac_initialpose.py -> /home/rover/ros2_ws/build/wall_ransac_initializer/build/lib/wall_ransac_initializer
copying wall_ransac_initializer/map_error_y.py -> /home/rover/ros2_ws/build/wall_ransac_initializer/build/lib/wall_ransac_initializer
copying wall_ransac_initializer/__init__.py -> /home/rover/ros2_ws/build/wall_ransac_initializer/build/lib/wall_ransac_initializer
running install
running install_lib
creating /home/rover/ros2_ws/install/wall_ransac_initializer/lib/python3.10/site-packages/wall_ransac_initializer
copying /home/rover/ros2_ws/build/wall_ransac_initializer/build/lib/wall_ransac_initializer/wall_ransac_initialpose.py -> /home/rover/ros2_ws/install/wall_ransac_initializer/lib/python3.10/site-packages/wall_ransac_initializer
copying /home/rover/ros2_ws/build/wall_ransac_initializer/build/lib/wall_ransac_initializer/map_error_y.py -> /home/rover/ros2_ws/install/wall_ransac_initializer/lib/python3.10/site-packages/wall_ransac_initializer
copying /home/rover/ros2_ws/build/wall_ransac_initializer/build/lib/wall_ransac_initializer/__init__.py -> /home/rover/ros2_ws/install/wall_ransac_initializer/lib/python3.10/site-packages/wall_ransac_initializer
byte-compiling /home/rover/ros2_ws/install/wall_ransac_initializer/lib/python3.10/site-packages/wall_ransac_initializer/wall_ransac_initialpose.py to wall_ransac_initialpose.cpython-310.pyc
byte-compiling /home/rover/ros2_ws/install/wall_ransac_initializer/lib/python3.10/site-packages/wall_ransac_initializer/map_error_y.py to map_error_y.cpython-310.pyc
byte-compiling /home/rover/ros2_ws/install/wall_ransac_initializer/lib/python3.10/site-packages/wall_ransac_initializer/__init__.py to __init__.cpython-310.pyc
running install_data
creating /home/rover/ros2_ws/install/wall_ransac_initializer/share/ament_index
creating /home/rover/ros2_ws/install/wall_ransac_initializer/share/ament_index/resource_index
creating /home/rover/ros2_ws/install/wall_ransac_initializer/share/ament_index/resource_index/packages
copying resource/wall_ransac_initializer -> /home/rover/ros2_ws/install/wall_ransac_initializer/share/ament_index/resource_index/packages
copying package.xml -> /home/rover/ros2_ws/install/wall_ransac_initializer/share/wall_ransac_initializer
running install_egg_info
Copying ../../build/wall_ransac_initializer/wall_ransac_initializer.egg-info to /home/rover/ros2_ws/install/wall_ransac_initializer/lib/python3.10/site-packages/wall_ransac_initializer-0.0.0-py3.10.egg-info
running install_scripts
Installing map_error_y script to /home/rover/ros2_ws/install/wall_ransac_initializer/lib/wall_ransac_initializer
Installing wall_ransac_initialpose script to /home/rover/ros2_ws/install/wall_ransac_initializer/lib/wall_ransac_initializer
writing list of installed files to '/home/rover/ros2_ws/build/wall_ransac_initializer/install.log'
