running egg_info
writing ../../build/udp_bridge/udp_bridge.egg-info/PKG-INFO
writing dependency_links to ../../build/udp_bridge/udp_bridge.egg-info/dependency_links.txt
writing entry points to ../../build/udp_bridge/udp_bridge.egg-info/entry_points.txt
writing requirements to ../../build/udp_bridge/udp_bridge.egg-info/requires.txt
writing top-level names to ../../build/udp_bridge/udp_bridge.egg-info/top_level.txt
reading manifest file '../../build/udp_bridge/udp_bridge.egg-info/SOURCES.txt'
writing manifest file '../../build/udp_bridge/udp_bridge.egg-info/SOURCES.txt'
running build
running build_py
copying udp_bridge/navigation_goal_sender.py -> /home/rover/ros2_ws/build/udp_bridge/build/lib/udp_bridge
copying udp_bridge/cmd_vel_receiver.py -> /home/rover/ros2_ws/build/udp_bridge/build/lib/udp_bridge
copying udp_bridge/error_x_receiver.py -> /home/rover/ros2_ws/build/udp_bridge/build/lib/udp_bridge
copying udp_bridge/shelf_id_receiver.py -> /home/rover/ros2_ws/build/udp_bridge/build/lib/udp_bridge
copying udp_bridge/wall_yaw_deg_sender.py -> /home/rover/ros2_ws/build/udp_bridge/build/lib/udp_bridge
copying udp_bridge/navigation_goal_final_sender.py -> /home/rover/ros2_ws/build/udp_bridge/build/lib/udp_bridge
copying udp_bridge/wall_distance_sender.py -> /home/rover/ros2_ws/build/udp_bridge/build/lib/udp_bridge
running install
running install_lib
copying /home/rover/ros2_ws/build/udp_bridge/build/lib/udp_bridge/navigation_goal_sender.py -> /home/rover/ros2_ws/install/udp_bridge/lib/python3.10/site-packages/udp_bridge
copying /home/rover/ros2_ws/build/udp_bridge/build/lib/udp_bridge/cmd_vel_receiver.py -> /home/rover/ros2_ws/install/udp_bridge/lib/python3.10/site-packages/udp_bridge
copying /home/rover/ros2_ws/build/udp_bridge/build/lib/udp_bridge/error_x_receiver.py -> /home/rover/ros2_ws/install/udp_bridge/lib/python3.10/site-packages/udp_bridge
copying /home/rover/ros2_ws/build/udp_bridge/build/lib/udp_bridge/shelf_id_receiver.py -> /home/rover/ros2_ws/install/udp_bridge/lib/python3.10/site-packages/udp_bridge
copying /home/rover/ros2_ws/build/udp_bridge/build/lib/udp_bridge/wall_yaw_deg_sender.py -> /home/rover/ros2_ws/install/udp_bridge/lib/python3.10/site-packages/udp_bridge
copying /home/rover/ros2_ws/build/udp_bridge/build/lib/udp_bridge/navigation_goal_final_sender.py -> /home/rover/ros2_ws/install/udp_bridge/lib/python3.10/site-packages/udp_bridge
copying /home/rover/ros2_ws/build/udp_bridge/build/lib/udp_bridge/wall_distance_sender.py -> /home/rover/ros2_ws/install/udp_bridge/lib/python3.10/site-packages/udp_bridge
byte-compiling /home/rover/ros2_ws/install/udp_bridge/lib/python3.10/site-packages/udp_bridge/navigation_goal_sender.py to navigation_goal_sender.cpython-310.pyc
byte-compiling /home/rover/ros2_ws/install/udp_bridge/lib/python3.10/site-packages/udp_bridge/cmd_vel_receiver.py to cmd_vel_receiver.cpython-310.pyc
byte-compiling /home/rover/ros2_ws/install/udp_bridge/lib/python3.10/site-packages/udp_bridge/error_x_receiver.py to error_x_receiver.cpython-310.pyc
byte-compiling /home/rover/ros2_ws/install/udp_bridge/lib/python3.10/site-packages/udp_bridge/shelf_id_receiver.py to shelf_id_receiver.cpython-310.pyc
byte-compiling /home/rover/ros2_ws/install/udp_bridge/lib/python3.10/site-packages/udp_bridge/wall_yaw_deg_sender.py to wall_yaw_deg_sender.cpython-310.pyc
byte-compiling /home/rover/ros2_ws/install/udp_bridge/lib/python3.10/site-packages/udp_bridge/navigation_goal_final_sender.py to navigation_goal_final_sender.cpython-310.pyc
byte-compiling /home/rover/ros2_ws/install/udp_bridge/lib/python3.10/site-packages/udp_bridge/wall_distance_sender.py to wall_distance_sender.cpython-310.pyc
running install_data
copying launch/udp_bridge.launch.py -> /home/rover/ros2_ws/install/udp_bridge/share/udp_bridge/launch
running install_egg_info
removing '/home/rover/ros2_ws/install/udp_bridge/lib/python3.10/site-packages/udp_bridge-0.0.0-py3.10.egg-info' (and everything under it)
Copying ../../build/udp_bridge/udp_bridge.egg-info to /home/rover/ros2_ws/install/udp_bridge/lib/python3.10/site-packages/udp_bridge-0.0.0-py3.10.egg-info
running install_scripts
Installing cmd_vel_receiver script to /home/rover/ros2_ws/install/udp_bridge/lib/udp_bridge
Installing error_x_receiver script to /home/rover/ros2_ws/install/udp_bridge/lib/udp_bridge
Installing navigation_goal_final_sender script to /home/rover/ros2_ws/install/udp_bridge/lib/udp_bridge
Installing navigation_goal_sender script to /home/rover/ros2_ws/install/udp_bridge/lib/udp_bridge
Installing shelf_id_receiver script to /home/rover/ros2_ws/install/udp_bridge/lib/udp_bridge
Installing wall_distance_sender script to /home/rover/ros2_ws/install/udp_bridge/lib/udp_bridge
Installing wall_yaw_deg_sender script to /home/rover/ros2_ws/install/udp_bridge/lib/udp_bridge
writing list of installed files to '/home/rover/ros2_ws/build/udp_bridge/install.log'
