[0.011s] Invoking command in '/home/rover/ros2_ws/build/my_scan_merger': CMAKE_PREFIX_PATH=${CMAKE_PREFIX_PATH}:/home/rover/ros2_ws/install/wall_ransac_initializer:/home/rover/ros2_ws/install/vs_rover_options_description:/home/rover/ros2_ws/install/udp_bridge:/home/rover/ros2_ws/install/trajectory_logger:/home/rover/ros2_ws/install/shelf_navigator:/home/rover/ros2_ws/install/ros2_to_ros1_bridge:/home/rover/ros2_ws/install/megarover_description:/home/rover/ros2_ws/install/megarover3_navigation:/home/rover/ros2_ws/install/js0_teleop:/home/rover/ros2_ws/install/iai_cylinder:/home/rover/ros2_ws/install/final_approach_controller:/home/rover/ros2_ws/install/arrow_key_teleop:/home/rover/ros2_ws/install/amr_log:/opt/ros/humble /usr/bin/cmake --build /home/rover/ros2_ws/build/my_scan_merger -- -j18 -l18
[0.086s] [35m[1mConsolidate compiler generated dependencies of target scan_merger[0m
[0.116s] [ 50%] [32mBuilding CXX object CMakeFiles/scan_merger.dir/src/scan_merger.cpp.o[0m
[1.897s] [01m[K/home/rover/ros2_ws/src/my_scan_merger/src/scan_merger.cpp:[m[K In member function ‘[01m[Kvoid ScanMerger::merge_if_ready()[m[K’:
[1.897s] [01m[K/home/rover/ros2_ws/src/my_scan_merger/src/scan_merger.cpp:248:13:[m[K [01;31m[Kerror: [m[Kexpected ‘[01m[K;[m[K’ before ‘[01m[K{[m[K’ token
[1.897s]   248 |             [01;31m[K{[m[K
[1.897s]       |             [01;31m[K^[m[K
[1.898s] [01m[K/home/rover/ros2_ws/src/my_scan_merger/src/scan_merger.cpp:283:50:[m[K [01;31m[Kerror: [m[Kexpected ‘[01m[K)[m[K’ before ‘[01m[K;[m[K’ token
[1.898s]   283 |             merged->ranges[i] = merged->range_max[01;31m[K;[m[K
[1.898s]       |                                                  [01;31m[K^[m[K
[1.898s] [01m[K/home/rover/ros2_ws/src/my_scan_merger/src/scan_merger.cpp:238:16:[m[K [01;36m[Knote: [m[Kto match this ‘[01m[K([m[K’
[1.898s]   238 |             if [01;36m[K([m[Kcorridor_status_ >= 0
[1.898s]       |                [01;36m[K^[m[K
[1.898s] [01m[K/home/rover/ros2_ws/src/my_scan_merger/src/scan_merger.cpp:283:31:[m[K [01;35m[Kwarning: [m[Ksuggest parentheses around assignment used as truth value [[01;35m[K]8;;https://gcc.gnu.org/onlinedocs/gcc/Warning-Options.html#index-Wparentheses-Wparentheses]8;;[m[K]
[1.898s]   283 |             merged->ranges[i] = merged->range_max;
[1.898s] [01m[K/home/rover/ros2_ws/src/my_scan_merger/src/scan_merger.cpp:283:50:[m[K [01;35m[Kwarning: [m[Ksuggest braces around empty body in an ‘[01m[Kif[m[K’ statement [[01;35m[K]8;;https://gcc.gnu.org/onlinedocs/gcc/Warning-Options.html#index-Wempty-body-Wempty-body]8;;[m[K]
[1.898s]   283 |             merged->ranges[i] = merged->range_max[01;35m[K;[m[K
[1.898s]       |                                                  [01;35m[K^[m[K
[5.071s] gmake[2]: *** [CMakeFiles/scan_merger.dir/build.make:76: CMakeFiles/scan_merger.dir/src/scan_merger.cpp.o] エラー 1
[5.071s] gmake[1]: *** [CMakeFiles/Makefile2:137: CMakeFiles/scan_merger.dir/all] エラー 2
[5.072s] gmake: *** [Makefile:146: all] エラー 2
[5.075s] Invoked command in '/home/rover/ros2_ws/build/my_scan_merger' returned '2': CMAKE_PREFIX_PATH=${CMAKE_PREFIX_PATH}:/home/rover/ros2_ws/install/wall_ransac_initializer:/home/rover/ros2_ws/install/vs_rover_options_description:/home/rover/ros2_ws/install/udp_bridge:/home/rover/ros2_ws/install/trajectory_logger:/home/rover/ros2_ws/install/shelf_navigator:/home/rover/ros2_ws/install/ros2_to_ros1_bridge:/home/rover/ros2_ws/install/megarover_description:/home/rover/ros2_ws/install/megarover3_navigation:/home/rover/ros2_ws/install/js0_teleop:/home/rover/ros2_ws/install/iai_cylinder:/home/rover/ros2_ws/install/final_approach_controller:/home/rover/ros2_ws/install/arrow_key_teleop:/home/rover/ros2_ws/install/amr_log:/opt/ros/humble /usr/bin/cmake --build /home/rover/ros2_ws/build/my_scan_merger -- -j18 -l18
