[0.492s] Invoking command in '/home/rover/ros2_ws/src/final_approach_controller': PYTHONPATH=/home/rover/ros2_ws/build/final_approach_controller/prefix_override:/usr/lib/python3/dist-packages/colcon_core/task/python/colcon_distutils_commands:/home/rover/ros2_ws/install/final_approach_controller/lib/python3.10/site-packages:${PYTHONPATH} /usr/bin/python3 -W ignore:setup.py install is deprecated -W ignore:easy_install command is deprecated setup.py egg_info --egg-base ../../build/final_approach_controller build --build-base /home/rover/ros2_ws/build/final_approach_controller/build install --record /home/rover/ros2_ws/build/final_approach_controller/install.log --single-version-externally-managed install_data
[0.648s] running egg_info
[0.648s] writing ../../build/final_approach_controller/final_approach_controller.egg-info/PKG-INFO
[0.651s] writing dependency_links to ../../build/final_approach_controller/final_approach_controller.egg-info/dependency_links.txt
[0.652s] writing entry points to ../../build/final_approach_controller/final_approach_controller.egg-info/entry_points.txt
[0.652s] writing requirements to ../../build/final_approach_controller/final_approach_controller.egg-info/requires.txt
[0.652s] writing top-level names to ../../build/final_approach_controller/final_approach_controller.egg-info/top_level.txt
[0.653s] reading manifest file '../../build/final_approach_controller/final_approach_controller.egg-info/SOURCES.txt'
[0.653s] writing manifest file '../../build/final_approach_controller/final_approach_controller.egg-info/SOURCES.txt'
[0.653s] running build
[0.653s] running build_py
[0.654s] copying final_approach_controller/final_approach_node2.py -> /home/rover/ros2_ws/build/final_approach_controller/build/lib/final_approach_controller
[0.654s] copying final_approach_controller/final_approach_node.py -> /home/rover/ros2_ws/build/final_approach_controller/build/lib/final_approach_controller
[0.654s] running install
[0.654s] running install_lib
[0.655s] copying /home/rover/ros2_ws/build/final_approach_controller/build/lib/final_approach_controller/final_approach_node2.py -> /home/rover/ros2_ws/install/final_approach_controller/lib/python3.10/site-packages/final_approach_controller
[0.655s] copying /home/rover/ros2_ws/build/final_approach_controller/build/lib/final_approach_controller/final_approach_node.py -> /home/rover/ros2_ws/install/final_approach_controller/lib/python3.10/site-packages/final_approach_controller
[0.655s] byte-compiling /home/rover/ros2_ws/install/final_approach_controller/lib/python3.10/site-packages/final_approach_controller/final_approach_node2.py to final_approach_node2.cpython-310.pyc
[0.656s] byte-compiling /home/rover/ros2_ws/install/final_approach_controller/lib/python3.10/site-packages/final_approach_controller/final_approach_node.py to final_approach_node.cpython-310.pyc
[0.657s] running install_data
[0.657s] running install_egg_info
[0.658s] removing '/home/rover/ros2_ws/install/final_approach_controller/lib/python3.10/site-packages/final_approach_controller-0.0.0-py3.10.egg-info' (and everything under it)
[0.658s] Copying ../../build/final_approach_controller/final_approach_controller.egg-info to /home/rover/ros2_ws/install/final_approach_controller/lib/python3.10/site-packages/final_approach_controller-0.0.0-py3.10.egg-info
[0.659s] running install_scripts
[0.671s] Installing final_approach_node script to /home/rover/ros2_ws/install/final_approach_controller/lib/final_approach_controller
[0.672s] Installing final_approach_node2 script to /home/rover/ros2_ws/install/final_approach_controller/lib/final_approach_controller
[0.672s] writing list of installed files to '/home/rover/ros2_ws/build/final_approach_controller/install.log'
[0.688s] Invoked command in '/home/rover/ros2_ws/src/final_approach_controller' returned '0': PYTHONPATH=/home/rover/ros2_ws/build/final_approach_controller/prefix_override:/usr/lib/python3/dist-packages/colcon_core/task/python/colcon_distutils_commands:/home/rover/ros2_ws/install/final_approach_controller/lib/python3.10/site-packages:${PYTHONPATH} /usr/bin/python3 -W ignore:setup.py install is deprecated -W ignore:easy_install command is deprecated setup.py egg_info --egg-base ../../build/final_approach_controller build --build-base /home/rover/ros2_ws/build/final_approach_controller/build install --record /home/rover/ros2_ws/build/final_approach_controller/install.log --single-version-externally-managed install_data
