[0.704s] Invoking command in '/home/rover/ros2_ws/build/megarover3_navigation': CMAKE_PREFIX_PATH=${CMAKE_PREFIX_PATH}:/home/rover/ros2_ws/install/wall_ransac_initializer:/home/rover/ros2_ws/install/udp_bridge:/home/rover/ros2_ws/install/trajectory_logger:/home/rover/ros2_ws/install/shelf_navigator:/home/rover/ros2_ws/install/ros2_to_ros1_bridge:/home/rover/ros2_ws/install/js0_teleop:/home/rover/ros2_ws/install/iai_cylinder:/home/rover/ros2_ws/install/final_approach_controller:/home/rover/ros2_ws/install/arrow_key_teleop:/opt/ros/humble /usr/bin/cmake /home/rover/ros2_ws/src/megarover3_ros2/megarover3_navigation -DCMAKE_INSTALL_PREFIX=/home/rover/ros2_ws/install/megarover3_navigation
[1.646s] -- The C compiler identification is GNU 11.4.0
[1.646s] -- The CXX compiler identification is GNU 11.4.0
[1.646s] -- Detecting C compiler ABI info
[1.646s] -- Detecting C compiler ABI info - done
[1.646s] -- Check for working C compiler: /usr/bin/cc - skipped
[1.646s] -- Detecting C compile features
[1.646s] -- Detecting C compile features - done
[1.646s] -- Detecting CXX compiler ABI info
[1.646s] -- Detecting CXX compiler ABI info - done
[1.646s] -- Check for working CXX compiler: /usr/bin/c++ - skipped
[1.646s] -- Detecting CXX compile features
[1.646s] -- Detecting CXX compile features - done
[1.646s] -- Found ament_cmake: 1.3.12 (/opt/ros/humble/share/ament_cmake/cmake)
[1.646s] -- Found Python3: /usr/bin/python3 (found version "3.10.12") found components: Interpreter 
[1.646s] -- Found ament_lint_auto: 0.12.14 (/opt/ros/humble/share/ament_lint_auto/cmake)
[1.646s] -- Added test 'flake8' to check Python code syntax and style conventions
[1.646s] -- Added test 'lint_cmake' to check CMake code style
[1.646s] -- Added test 'pep257' to check Python code against some of the docstring style conventions in PEP 257
[1.647s] -- Added test 'xmllint' to check XML markup files
[1.647s] -- Configuring done
[1.647s] -- Generating done
[1.647s] -- Build files have been written to: /home/rover/ros2_ws/build/megarover3_navigation
[1.656s] Invoked command in '/home/rover/ros2_ws/build/megarover3_navigation' returned '0': CMAKE_PREFIX_PATH=${CMAKE_PREFIX_PATH}:/home/rover/ros2_ws/install/wall_ransac_initializer:/home/rover/ros2_ws/install/udp_bridge:/home/rover/ros2_ws/install/trajectory_logger:/home/rover/ros2_ws/install/shelf_navigator:/home/rover/ros2_ws/install/ros2_to_ros1_bridge:/home/rover/ros2_ws/install/js0_teleop:/home/rover/ros2_ws/install/iai_cylinder:/home/rover/ros2_ws/install/final_approach_controller:/home/rover/ros2_ws/install/arrow_key_teleop:/opt/ros/humble /usr/bin/cmake /home/rover/ros2_ws/src/megarover3_ros2/megarover3_navigation -DCMAKE_INSTALL_PREFIX=/home/rover/ros2_ws/install/megarover3_navigation
[1.656s] Invoking command in '/home/rover/ros2_ws/build/megarover3_navigation': CMAKE_PREFIX_PATH=${CMAKE_PREFIX_PATH}:/home/rover/ros2_ws/install/wall_ransac_initializer:/home/rover/ros2_ws/install/udp_bridge:/home/rover/ros2_ws/install/trajectory_logger:/home/rover/ros2_ws/install/shelf_navigator:/home/rover/ros2_ws/install/ros2_to_ros1_bridge:/home/rover/ros2_ws/install/js0_teleop:/home/rover/ros2_ws/install/iai_cylinder:/home/rover/ros2_ws/install/final_approach_controller:/home/rover/ros2_ws/install/arrow_key_teleop:/opt/ros/humble /usr/bin/cmake --build /home/rover/ros2_ws/build/megarover3_navigation -- -j18 -l18
[1.703s] Invoked command in '/home/rover/ros2_ws/build/megarover3_navigation' returned '0': CMAKE_PREFIX_PATH=${CMAKE_PREFIX_PATH}:/home/rover/ros2_ws/install/wall_ransac_initializer:/home/rover/ros2_ws/install/udp_bridge:/home/rover/ros2_ws/install/trajectory_logger:/home/rover/ros2_ws/install/shelf_navigator:/home/rover/ros2_ws/install/ros2_to_ros1_bridge:/home/rover/ros2_ws/install/js0_teleop:/home/rover/ros2_ws/install/iai_cylinder:/home/rover/ros2_ws/install/final_approach_controller:/home/rover/ros2_ws/install/arrow_key_teleop:/opt/ros/humble /usr/bin/cmake --build /home/rover/ros2_ws/build/megarover3_navigation -- -j18 -l18
[1.705s] Invoking command in '/home/rover/ros2_ws/build/megarover3_navigation': CMAKE_PREFIX_PATH=${CMAKE_PREFIX_PATH}:/home/rover/ros2_ws/install/wall_ransac_initializer:/home/rover/ros2_ws/install/udp_bridge:/home/rover/ros2_ws/install/trajectory_logger:/home/rover/ros2_ws/install/shelf_navigator:/home/rover/ros2_ws/install/ros2_to_ros1_bridge:/home/rover/ros2_ws/install/js0_teleop:/home/rover/ros2_ws/install/iai_cylinder:/home/rover/ros2_ws/install/final_approach_controller:/home/rover/ros2_ws/install/arrow_key_teleop:/opt/ros/humble /usr/bin/cmake --install /home/rover/ros2_ws/build/megarover3_navigation
[1.727s] -- Install configuration: ""
[1.728s] -- Installing: /home/rover/ros2_ws/install/megarover3_navigation/share/megarover3_navigation/config
[1.728s] -- Installing: /home/rover/ros2_ws/install/megarover3_navigation/share/megarover3_navigation/config/mega3_nav2_params.yaml
[1.728s] -- Installing: /home/rover/ros2_ws/install/megarover3_navigation/share/megarover3_navigation/config/scout_nav2_params.yaml
[1.728s] -- Installing: /home/rover/ros2_ws/install/megarover3_navigation/share/megarover3_navigation/config/mapper_params_online_async.yaml
[1.728s] -- Installing: /home/rover/ros2_ws/install/megarover3_navigation/share/megarover3_navigation/config/mapper_params_online_sync.yaml
[1.728s] -- Installing: /home/rover/ros2_ws/install/megarover3_navigation/share/megarover3_navigation/config/f120a_nav2_paramms.yaml
[1.728s] -- Installing: /home/rover/ros2_ws/install/megarover3_navigation/share/megarover3_navigation/config/f120a_nav2_params.yaml
[1.728s] -- Installing: /home/rover/ros2_ws/install/megarover3_navigation/share/megarover3_navigation/launch
[1.728s] -- Installing: /home/rover/ros2_ws/install/megarover3_navigation/share/megarover3_navigation/launch/slam_launch.py
[1.728s] -- Installing: /home/rover/ros2_ws/install/megarover3_navigation/share/megarover3_navigation/launch/slam.launch.py
[1.728s] -- Installing: /home/rover/ros2_ws/install/megarover3_navigation/share/megarover3_navigation/launch/online_async_launch.py
[1.729s] -- Installing: /home/rover/ros2_ws/install/megarover3_navigation/share/megarover3_navigation/launch/slam_sync.launch.py
[1.729s] -- Installing: /home/rover/ros2_ws/install/megarover3_navigation/share/megarover3_navigation/launch/gmapping.launch.py
[1.729s] -- Installing: /home/rover/ros2_ws/install/megarover3_navigation/share/megarover3_navigation/launch/navigation.launch.py
[1.729s] -- Installing: /home/rover/ros2_ws/install/megarover3_navigation/share/megarover3_navigation/launch/online_sync_launch.py
[1.729s] -- Installing: /home/rover/ros2_ws/install/megarover3_navigation/share/megarover3_navigation/launch/localization_launch.py
[1.729s] -- Installing: /home/rover/ros2_ws/install/megarover3_navigation/share/megarover3_navigation/launch/navigation_launch.py
[1.729s] -- Installing: /home/rover/ros2_ws/install/megarover3_navigation/share/megarover3_navigation/launch/bringup_launch.py
[1.729s] -- Installing: /home/rover/ros2_ws/install/megarover3_navigation/share/megarover3_navigation/maps
[1.729s] -- Installing: /home/rover/ros2_ws/install/megarover3_navigation/share/megarover3_navigation/maps/heika_map.yaml
[1.729s] -- Installing: /home/rover/ros2_ws/install/megarover3_navigation/share/megarover3_navigation/maps/heika_3.pgm
[1.729s] -- Installing: /home/rover/ros2_ws/install/megarover3_navigation/share/megarover3_navigation/maps/heika_5.yaml
[1.729s] -- Installing: /home/rover/ros2_ws/install/megarover3_navigation/share/megarover3_navigation/maps/heika_6.pgm
[1.729s] -- Installing: /home/rover/ros2_ws/install/megarover3_navigation/share/megarover3_navigation/maps/Lab_map.yaml
[1.729s] -- Installing: /home/rover/ros2_ws/install/megarover3_navigation/share/megarover3_navigation/maps/2gokan.pgm
[1.730s] -- Installing: /home/rover/ros2_ws/install/megarover3_navigation/share/megarover3_navigation/maps/Lab_map7.yaml
[1.736s] -- Installing: /home/rover/ros2_ws/install/megarover3_navigation/share/megarover3_navigation/maps/heika_4.yaml
[1.736s] -- Installing: /home/rover/ros2_ws/install/megarover3_navigation/share/megarover3_navigation/maps/heika_4.pgm
[1.736s] -- Installing: /home/rover/ros2_ws/install/megarover3_navigation/share/megarover3_navigation/maps/Lab_map.pgm
[1.736s] -- Installing: /home/rover/ros2_ws/install/megarover3_navigation/share/megarover3_navigation/maps/2gokan3.yaml
[1.736s] -- Installing: /home/rover/ros2_ws/install/megarover3_navigation/share/megarover3_navigation/maps/2gokan1.pgm
[1.736s] -- Installing: /home/rover/ros2_ws/install/megarover3_navigation/share/megarover3_navigation/maps/heika_6.yaml
[1.736s] -- Installing: /home/rover/ros2_ws/install/megarover3_navigation/share/megarover3_navigation/maps/heika_7.yaml
[1.737s] -- Installing: /home/rover/ros2_ws/install/megarover3_navigation/share/megarover3_navigation/maps/heika_3.yaml
[1.737s] -- Installing: /home/rover/ros2_ws/install/megarover3_navigation/share/megarover3_navigation/maps/heika_7.pgm
[1.737s] -- Installing: /home/rover/ros2_ws/install/megarover3_navigation/share/megarover3_navigation/maps/2gokan1.yaml
[1.737s] -- Installing: /home/rover/ros2_ws/install/megarover3_navigation/share/megarover3_navigation/maps/heika_5.pgm
[1.737s] -- Installing: /home/rover/ros2_ws/install/megarover3_navigation/share/megarover3_navigation/maps/Lab_map7.pgm
[1.737s] -- Installing: /home/rover/ros2_ws/install/megarover3_navigation/share/megarover3_navigation/maps/2gokan.yaml
[1.737s] -- Installing: /home/rover/ros2_ws/install/megarover3_navigation/share/megarover3_navigation/maps/2gokan3.pgm
[1.737s] -- Installing: /home/rover/ros2_ws/install/megarover3_navigation/share/megarover3_navigation/maps/heika_map.pgm
[1.737s] -- Installing: /home/rover/ros2_ws/install/megarover3_navigation/share/megarover3_navigation/rviz
[1.737s] -- Installing: /home/rover/ros2_ws/install/megarover3_navigation/share/megarover3_navigation/rviz/slam.rviz
[1.737s] -- Installing: /home/rover/ros2_ws/install/megarover3_navigation/share/megarover3_navigation/rviz/nav2.rviz
[1.737s] -- Installing: /home/rover/ros2_ws/install/megarover3_navigation/share/megarover3_navigation/rviz/gmapping.rviz
[1.737s] -- Installing: /home/rover/ros2_ws/install/megarover3_navigation/share/ament_index/resource_index/package_run_dependencies/megarover3_navigation
[1.737s] -- Installing: /home/rover/ros2_ws/install/megarover3_navigation/share/ament_index/resource_index/parent_prefix_path/megarover3_navigation
[1.737s] -- Installing: /home/rover/ros2_ws/install/megarover3_navigation/share/megarover3_navigation/environment/ament_prefix_path.sh
[1.737s] -- Installing: /home/rover/ros2_ws/install/megarover3_navigation/share/megarover3_navigation/environment/ament_prefix_path.dsv
[1.738s] -- Installing: /home/rover/ros2_ws/install/megarover3_navigation/share/megarover3_navigation/environment/path.sh
[1.738s] -- Installing: /home/rover/ros2_ws/install/megarover3_navigation/share/megarover3_navigation/environment/path.dsv
[1.741s] -- Installing: /home/rover/ros2_ws/install/megarover3_navigation/share/megarover3_navigation/local_setup.bash
[1.741s] -- Installing: /home/rover/ros2_ws/install/megarover3_navigation/share/megarover3_navigation/local_setup.sh
[1.741s] -- Installing: /home/rover/ros2_ws/install/megarover3_navigation/share/megarover3_navigation/local_setup.zsh
[1.741s] -- Installing: /home/rover/ros2_ws/install/megarover3_navigation/share/megarover3_navigation/local_setup.dsv
[1.742s] -- Installing: /home/rover/ros2_ws/install/megarover3_navigation/share/megarover3_navigation/package.dsv
[1.742s] -- Installing: /home/rover/ros2_ws/install/megarover3_navigation/share/ament_index/resource_index/packages/megarover3_navigation
[1.742s] -- Installing: /home/rover/ros2_ws/install/megarover3_navigation/share/megarover3_navigation/cmake/megarover3_navigationConfig.cmake
[1.742s] -- Installing: /home/rover/ros2_ws/install/megarover3_navigation/share/megarover3_navigation/cmake/megarover3_navigationConfig-version.cmake
[1.742s] -- Installing: /home/rover/ros2_ws/install/megarover3_navigation/share/megarover3_navigation/package.xml
[1.758s] Invoked command in '/home/rover/ros2_ws/build/megarover3_navigation' returned '0': CMAKE_PREFIX_PATH=${CMAKE_PREFIX_PATH}:/home/rover/ros2_ws/install/wall_ransac_initializer:/home/rover/ros2_ws/install/udp_bridge:/home/rover/ros2_ws/install/trajectory_logger:/home/rover/ros2_ws/install/shelf_navigator:/home/rover/ros2_ws/install/ros2_to_ros1_bridge:/home/rover/ros2_ws/install/js0_teleop:/home/rover/ros2_ws/install/iai_cylinder:/home/rover/ros2_ws/install/final_approach_controller:/home/rover/ros2_ws/install/arrow_key_teleop:/opt/ros/humble /usr/bin/cmake --install /home/rover/ros2_ws/build/megarover3_navigation
