[0.011s] Invoking command in '/home/rover/ros2_ws/build/my_scan_merger': CMAKE_PREFIX_PATH=${CMAKE_PREFIX_PATH}:/home/rover/ros2_ws/install/wall_ransac_initializer:/home/rover/ros2_ws/install/vs_rover_options_description:/home/rover/ros2_ws/install/udp_bridge:/home/rover/ros2_ws/install/trajectory_logger:/home/rover/ros2_ws/install/shelf_navigator:/home/rover/ros2_ws/install/ros2_to_ros1_bridge:/home/rover/ros2_ws/install/megarover_description:/home/rover/ros2_ws/install/megarover3_navigation:/home/rover/ros2_ws/install/js0_teleop:/home/rover/ros2_ws/install/iai_cylinder:/home/rover/ros2_ws/install/final_approach_controller:/home/rover/ros2_ws/install/arrow_key_teleop:/home/rover/ros2_ws/install/amr_log:/opt/ros/humble /usr/bin/cmake --build /home/rover/ros2_ws/build/my_scan_merger -- -j18 -l18
[0.048s] [35m[1mConsolidate compiler generated dependencies of target scan_merger[0m
[0.061s] [100%] Built target scan_merger
[0.069s] Invoked command in '/home/rover/ros2_ws/build/my_scan_merger' returned '0': CMAKE_PREFIX_PATH=${CMAKE_PREFIX_PATH}:/home/rover/ros2_ws/install/wall_ransac_initializer:/home/rover/ros2_ws/install/vs_rover_options_description:/home/rover/ros2_ws/install/udp_bridge:/home/rover/ros2_ws/install/trajectory_logger:/home/rover/ros2_ws/install/shelf_navigator:/home/rover/ros2_ws/install/ros2_to_ros1_bridge:/home/rover/ros2_ws/install/megarover_description:/home/rover/ros2_ws/install/megarover3_navigation:/home/rover/ros2_ws/install/js0_teleop:/home/rover/ros2_ws/install/iai_cylinder:/home/rover/ros2_ws/install/final_approach_controller:/home/rover/ros2_ws/install/arrow_key_teleop:/home/rover/ros2_ws/install/amr_log:/opt/ros/humble /usr/bin/cmake --build /home/rover/ros2_ws/build/my_scan_merger -- -j18 -l18
[0.079s] Invoking command in '/home/rover/ros2_ws/build/my_scan_merger': CMAKE_PREFIX_PATH=${CMAKE_PREFIX_PATH}:/home/rover/ros2_ws/install/wall_ransac_initializer:/home/rover/ros2_ws/install/vs_rover_options_description:/home/rover/ros2_ws/install/udp_bridge:/home/rover/ros2_ws/install/trajectory_logger:/home/rover/ros2_ws/install/shelf_navigator:/home/rover/ros2_ws/install/ros2_to_ros1_bridge:/home/rover/ros2_ws/install/megarover_description:/home/rover/ros2_ws/install/megarover3_navigation:/home/rover/ros2_ws/install/js0_teleop:/home/rover/ros2_ws/install/iai_cylinder:/home/rover/ros2_ws/install/final_approach_controller:/home/rover/ros2_ws/install/arrow_key_teleop:/home/rover/ros2_ws/install/amr_log:/opt/ros/humble /usr/bin/cmake --install /home/rover/ros2_ws/build/my_scan_merger
[0.084s] -- Install configuration: ""
[0.084s] -- Execute custom install script
[0.084s] -- Up-to-date symlink: /home/rover/ros2_ws/install/my_scan_merger/lib/my_scan_merger/scan_merger
[0.084s] -- Up-to-date symlink: /home/rover/ros2_ws/install/my_scan_merger/share/ament_index/resource_index/package_run_dependencies/my_scan_merger
[0.084s] -- Up-to-date symlink: /home/rover/ros2_ws/install/my_scan_merger/share/ament_index/resource_index/parent_prefix_path/my_scan_merger
[0.085s] -- Up-to-date symlink: /home/rover/ros2_ws/install/my_scan_merger/share/my_scan_merger/environment/ament_prefix_path.sh
[0.085s] -- Up-to-date symlink: /home/rover/ros2_ws/install/my_scan_merger/share/my_scan_merger/environment/ament_prefix_path.dsv
[0.085s] -- Up-to-date symlink: /home/rover/ros2_ws/install/my_scan_merger/share/my_scan_merger/environment/path.sh
[0.085s] -- Up-to-date symlink: /home/rover/ros2_ws/install/my_scan_merger/share/my_scan_merger/environment/path.dsv
[0.085s] -- Up-to-date symlink: /home/rover/ros2_ws/install/my_scan_merger/share/my_scan_merger/local_setup.bash
[0.085s] -- Up-to-date symlink: /home/rover/ros2_ws/install/my_scan_merger/share/my_scan_merger/local_setup.sh
[0.085s] -- Up-to-date symlink: /home/rover/ros2_ws/install/my_scan_merger/share/my_scan_merger/local_setup.zsh
[0.085s] -- Up-to-date symlink: /home/rover/ros2_ws/install/my_scan_merger/share/my_scan_merger/local_setup.dsv
[0.085s] -- Symlinking: /home/rover/ros2_ws/install/my_scan_merger/share/my_scan_merger/package.dsv
[0.091s] -- Up-to-date symlink: /home/rover/ros2_ws/install/my_scan_merger/share/ament_index/resource_index/packages/my_scan_merger
[0.091s] -- Up-to-date symlink: /home/rover/ros2_ws/install/my_scan_merger/share/my_scan_merger/cmake/my_scan_mergerConfig.cmake
[0.092s] -- Up-to-date symlink: /home/rover/ros2_ws/install/my_scan_merger/share/my_scan_merger/cmake/my_scan_mergerConfig-version.cmake
[0.092s] -- Up-to-date symlink: /home/rover/ros2_ws/install/my_scan_merger/share/my_scan_merger/package.xml
[0.093s] Invoked command in '/home/rover/ros2_ws/build/my_scan_merger' returned '0': CMAKE_PREFIX_PATH=${CMAKE_PREFIX_PATH}:/home/rover/ros2_ws/install/wall_ransac_initializer:/home/rover/ros2_ws/install/vs_rover_options_description:/home/rover/ros2_ws/install/udp_bridge:/home/rover/ros2_ws/install/trajectory_logger:/home/rover/ros2_ws/install/shelf_navigator:/home/rover/ros2_ws/install/ros2_to_ros1_bridge:/home/rover/ros2_ws/install/megarover_description:/home/rover/ros2_ws/install/megarover3_navigation:/home/rover/ros2_ws/install/js0_teleop:/home/rover/ros2_ws/install/iai_cylinder:/home/rover/ros2_ws/install/final_approach_controller:/home/rover/ros2_ws/install/arrow_key_teleop:/home/rover/ros2_ws/install/amr_log:/opt/ros/humble /usr/bin/cmake --install /home/rover/ros2_ws/build/my_scan_merger
