[0.069s] DEBUG:colcon:Command line arguments: ['/usr/bin/colcon', 'build', '--packages-select', 'nav2_amcl']
[0.069s] DEBUG:colcon:Parsed command line arguments: Namespace(log_base=None, log_level=None, verb_name='build', build_base='build', install_base='install', merge_install=False, symlink_install=False, test_result_base=None, continue_on_error=False, executor='parallel', parallel_workers=18, event_handlers=None, ignore_user_meta=False, metas=['./colcon.meta'], base_paths=['.'], packages_ignore=None, packages_ignore_regex=None, paths=None, packages_up_to=None, packages_up_to_regex=None, packages_above=None, packages_above_and_dependencies=None, packages_above_depth=None, packages_select_by_dep=None, packages_skip_by_dep=None, packages_skip_up_to=None, packages_select_build_failed=False, packages_skip_build_finished=False, packages_select_test_failures=False, packages_skip_test_passed=False, packages_select=['nav2_amcl'], packages_skip=None, packages_select_regex=None, packages_skip_regex=None, packages_start=None, packages_end=None, allow_overriding=[], cmake_args=None, cmake_target=None, cmake_target_skip_unavailable=False, cmake_clean_cache=False, cmake_clean_first=False, cmake_force_configure=False, ament_cmake_args=None, catkin_cmake_args=None, catkin_skip_building_tests=False, mixin_files=None, mixin=None, verb_parser=<colcon_mixin.mixin.mixin_argument.MixinArgumentDecorator object at 0x77fc2dc7d750>, verb_extension=<colcon_core.verb.build.BuildVerb object at 0x77fc2dc7d150>, main=<bound method BuildVerb.main of <colcon_core.verb.build.BuildVerb object at 0x77fc2dc7d150>>, mixin_verb=('build',))
[0.163s] Level 1:colcon.colcon_core.package_discovery:discover_packages(colcon_meta) check parameters
[0.163s] Level 1:colcon.colcon_core.package_discovery:discover_packages(recursive) check parameters
[0.163s] Level 1:colcon.colcon_core.package_discovery:discover_packages(ignore) check parameters
[0.163s] Level 1:colcon.colcon_core.package_discovery:discover_packages(path) check parameters
[0.163s] Level 1:colcon.colcon_core.package_discovery:discover_packages(colcon_meta) discover
[0.164s] Level 1:colcon.colcon_core.package_discovery:discover_packages(recursive) discover
[0.164s] INFO:colcon.colcon_core.package_discovery:Crawling recursively for packages in '/home/rover/ros2_ws'
[0.164s] Level 1:colcon.colcon_core.package_identification:_identify(.) by extensions ['ignore', 'ignore_ament_install']
[0.164s] Level 1:colcon.colcon_core.package_identification:_identify(.) by extension 'ignore'
[0.164s] Level 1:colcon.colcon_core.package_identification:_identify(.) by extension 'ignore_ament_install'
[0.164s] Level 1:colcon.colcon_core.package_identification:_identify(.) by extensions ['colcon_pkg']
[0.164s] Level 1:colcon.colcon_core.package_identification:_identify(.) by extension 'colcon_pkg'
[0.164s] Level 1:colcon.colcon_core.package_identification:_identify(.) by extensions ['colcon_meta']
[0.164s] Level 1:colcon.colcon_core.package_identification:_identify(.) by extension 'colcon_meta'
[0.164s] Level 1:colcon.colcon_core.package_identification:_identify(.) by extensions ['ros']
[0.164s] Level 1:colcon.colcon_core.package_identification:_identify(.) by extension 'ros'
[0.170s] Level 1:colcon.colcon_core.package_identification:_identify(.) by extensions ['cmake', 'python']
[0.170s] Level 1:colcon.colcon_core.package_identification:_identify(.) by extension 'cmake'
[0.170s] Level 1:colcon.colcon_core.package_identification:_identify(.) by extension 'python'
[0.170s] Level 1:colcon.colcon_core.package_identification:_identify(.) by extensions ['python_setup_py']
[0.170s] Level 1:colcon.colcon_core.package_identification:_identify(.) by extension 'python_setup_py'
[0.170s] Level 1:colcon.colcon_core.package_identification:_identify(build) by extensions ['ignore', 'ignore_ament_install']
[0.170s] Level 1:colcon.colcon_core.package_identification:_identify(build) by extension 'ignore'
[0.170s] Level 1:colcon.colcon_core.package_identification:_identify(build) ignored
[0.170s] Level 1:colcon.colcon_core.package_identification:_identify(install) by extensions ['ignore', 'ignore_ament_install']
[0.170s] Level 1:colcon.colcon_core.package_identification:_identify(install) by extension 'ignore'
[0.170s] Level 1:colcon.colcon_core.package_identification:_identify(install) ignored
[0.170s] Level 1:colcon.colcon_core.package_identification:_identify(log) by extensions ['ignore', 'ignore_ament_install']
[0.170s] Level 1:colcon.colcon_core.package_identification:_identify(log) by extension 'ignore'
[0.170s] Level 1:colcon.colcon_core.package_identification:_identify(log) ignored
[0.170s] Level 1:colcon.colcon_core.package_identification:_identify(src) by extensions ['ignore', 'ignore_ament_install']
[0.170s] Level 1:colcon.colcon_core.package_identification:_identify(src) by extension 'ignore'
[0.170s] Level 1:colcon.colcon_core.package_identification:_identify(src) by extension 'ignore_ament_install'
[0.170s] Level 1:colcon.colcon_core.package_identification:_identify(src) by extensions ['colcon_pkg']
[0.170s] Level 1:colcon.colcon_core.package_identification:_identify(src) by extension 'colcon_pkg'
[0.170s] Level 1:colcon.colcon_core.package_identification:_identify(src) by extensions ['colcon_meta']
[0.170s] Level 1:colcon.colcon_core.package_identification:_identify(src) by extension 'colcon_meta'
[0.170s] Level 1:colcon.colcon_core.package_identification:_identify(src) by extensions ['ros']
[0.171s] Level 1:colcon.colcon_core.package_identification:_identify(src) by extension 'ros'
[0.171s] Level 1:colcon.colcon_core.package_identification:_identify(src) by extensions ['cmake', 'python']
[0.171s] Level 1:colcon.colcon_core.package_identification:_identify(src) by extension 'cmake'
[0.171s] Level 1:colcon.colcon_core.package_identification:_identify(src) by extension 'python'
[0.171s] Level 1:colcon.colcon_core.package_identification:_identify(src) by extensions ['python_setup_py']
[0.171s] Level 1:colcon.colcon_core.package_identification:_identify(src) by extension 'python_setup_py'
[0.171s] Level 1:colcon.colcon_core.package_identification:_identify(src/arrow_key_teleop) by extensions ['ignore', 'ignore_ament_install']
[0.171s] Level 1:colcon.colcon_core.package_identification:_identify(src/arrow_key_teleop) by extension 'ignore'
[0.171s] Level 1:colcon.colcon_core.package_identification:_identify(src/arrow_key_teleop) by extension 'ignore_ament_install'
[0.171s] Level 1:colcon.colcon_core.package_identification:_identify(src/arrow_key_teleop) by extensions ['colcon_pkg']
[0.171s] Level 1:colcon.colcon_core.package_identification:_identify(src/arrow_key_teleop) by extension 'colcon_pkg'
[0.171s] Level 1:colcon.colcon_core.package_identification:_identify(src/arrow_key_teleop) by extensions ['colcon_meta']
[0.171s] Level 1:colcon.colcon_core.package_identification:_identify(src/arrow_key_teleop) by extension 'colcon_meta'
[0.171s] Level 1:colcon.colcon_core.package_identification:_identify(src/arrow_key_teleop) by extensions ['ros']
[0.171s] Level 1:colcon.colcon_core.package_identification:_identify(src/arrow_key_teleop) by extension 'ros'
[0.173s] DEBUG:colcon.colcon_core.package_identification:Package 'src/arrow_key_teleop' with type 'ros.ament_python' and name 'arrow_key_teleop'
[0.173s] Level 1:colcon.colcon_core.package_identification:_identify(src/final_approach_controller) by extensions ['ignore', 'ignore_ament_install']
[0.173s] Level 1:colcon.colcon_core.package_identification:_identify(src/final_approach_controller) by extension 'ignore'
[0.173s] Level 1:colcon.colcon_core.package_identification:_identify(src/final_approach_controller) by extension 'ignore_ament_install'
[0.173s] Level 1:colcon.colcon_core.package_identification:_identify(src/final_approach_controller) by extensions ['colcon_pkg']
[0.173s] Level 1:colcon.colcon_core.package_identification:_identify(src/final_approach_controller) by extension 'colcon_pkg'
[0.173s] Level 1:colcon.colcon_core.package_identification:_identify(src/final_approach_controller) by extensions ['colcon_meta']
[0.173s] Level 1:colcon.colcon_core.package_identification:_identify(src/final_approach_controller) by extension 'colcon_meta'
[0.173s] Level 1:colcon.colcon_core.package_identification:_identify(src/final_approach_controller) by extensions ['ros']
[0.173s] Level 1:colcon.colcon_core.package_identification:_identify(src/final_approach_controller) by extension 'ros'
[0.173s] DEBUG:colcon.colcon_core.package_identification:Package 'src/final_approach_controller' with type 'ros.ament_python' and name 'final_approach_controller'
[0.173s] Level 1:colcon.colcon_core.package_identification:_identify(src/iai_cylinder) by extensions ['ignore', 'ignore_ament_install']
[0.174s] Level 1:colcon.colcon_core.package_identification:_identify(src/iai_cylinder) by extension 'ignore'
[0.174s] Level 1:colcon.colcon_core.package_identification:_identify(src/iai_cylinder) by extension 'ignore_ament_install'
[0.174s] Level 1:colcon.colcon_core.package_identification:_identify(src/iai_cylinder) by extensions ['colcon_pkg']
[0.174s] Level 1:colcon.colcon_core.package_identification:_identify(src/iai_cylinder) by extension 'colcon_pkg'
[0.174s] Level 1:colcon.colcon_core.package_identification:_identify(src/iai_cylinder) by extensions ['colcon_meta']
[0.174s] Level 1:colcon.colcon_core.package_identification:_identify(src/iai_cylinder) by extension 'colcon_meta'
[0.174s] Level 1:colcon.colcon_core.package_identification:_identify(src/iai_cylinder) by extensions ['ros']
[0.174s] Level 1:colcon.colcon_core.package_identification:_identify(src/iai_cylinder) by extension 'ros'
[0.174s] DEBUG:colcon.colcon_core.package_identification:Package 'src/iai_cylinder' with type 'ros.ament_python' and name 'iai_cylinder'
[0.174s] Level 1:colcon.colcon_core.package_identification:_identify(src/js0_teleop) by extensions ['ignore', 'ignore_ament_install']
[0.174s] Level 1:colcon.colcon_core.package_identification:_identify(src/js0_teleop) by extension 'ignore'
[0.174s] Level 1:colcon.colcon_core.package_identification:_identify(src/js0_teleop) by extension 'ignore_ament_install'
[0.174s] Level 1:colcon.colcon_core.package_identification:_identify(src/js0_teleop) by extensions ['colcon_pkg']
[0.174s] Level 1:colcon.colcon_core.package_identification:_identify(src/js0_teleop) by extension 'colcon_pkg'
[0.174s] Level 1:colcon.colcon_core.package_identification:_identify(src/js0_teleop) by extensions ['colcon_meta']
[0.174s] Level 1:colcon.colcon_core.package_identification:_identify(src/js0_teleop) by extension 'colcon_meta'
[0.174s] Level 1:colcon.colcon_core.package_identification:_identify(src/js0_teleop) by extensions ['ros']
[0.174s] Level 1:colcon.colcon_core.package_identification:_identify(src/js0_teleop) by extension 'ros'
[0.175s] DEBUG:colcon.colcon_core.package_identification:Package 'src/js0_teleop' with type 'ros.ament_python' and name 'js0_teleop'
[0.175s] Level 1:colcon.colcon_core.package_identification:_identify(src/megarover3_ros2) by extensions ['ignore', 'ignore_ament_install']
[0.175s] Level 1:colcon.colcon_core.package_identification:_identify(src/megarover3_ros2) by extension 'ignore'
[0.175s] Level 1:colcon.colcon_core.package_identification:_identify(src/megarover3_ros2) by extension 'ignore_ament_install'
[0.175s] Level 1:colcon.colcon_core.package_identification:_identify(src/megarover3_ros2) by extensions ['colcon_pkg']
[0.175s] Level 1:colcon.colcon_core.package_identification:_identify(src/megarover3_ros2) by extension 'colcon_pkg'
[0.175s] Level 1:colcon.colcon_core.package_identification:_identify(src/megarover3_ros2) by extensions ['colcon_meta']
[0.175s] Level 1:colcon.colcon_core.package_identification:_identify(src/megarover3_ros2) by extension 'colcon_meta'
[0.175s] Level 1:colcon.colcon_core.package_identification:_identify(src/megarover3_ros2) by extensions ['ros']
[0.175s] Level 1:colcon.colcon_core.package_identification:_identify(src/megarover3_ros2) by extension 'ros'
[0.175s] Level 1:colcon.colcon_core.package_identification:_identify(src/megarover3_ros2) by extensions ['cmake', 'python']
[0.175s] Level 1:colcon.colcon_core.package_identification:_identify(src/megarover3_ros2) by extension 'cmake'
[0.175s] Level 1:colcon.colcon_core.package_identification:_identify(src/megarover3_ros2) by extension 'python'
[0.175s] Level 1:colcon.colcon_core.package_identification:_identify(src/megarover3_ros2) by extensions ['python_setup_py']
[0.175s] Level 1:colcon.colcon_core.package_identification:_identify(src/megarover3_ros2) by extension 'python_setup_py'
[0.175s] Level 1:colcon.colcon_core.package_identification:_identify(src/megarover3_ros2/images) by extensions ['ignore', 'ignore_ament_install']
[0.175s] Level 1:colcon.colcon_core.package_identification:_identify(src/megarover3_ros2/images) by extension 'ignore'
[0.175s] Level 1:colcon.colcon_core.package_identification:_identify(src/megarover3_ros2/images) by extension 'ignore_ament_install'
[0.175s] Level 1:colcon.colcon_core.package_identification:_identify(src/megarover3_ros2/images) by extensions ['colcon_pkg']
[0.175s] Level 1:colcon.colcon_core.package_identification:_identify(src/megarover3_ros2/images) by extension 'colcon_pkg'
[0.175s] Level 1:colcon.colcon_core.package_identification:_identify(src/megarover3_ros2/images) by extensions ['colcon_meta']
[0.175s] Level 1:colcon.colcon_core.package_identification:_identify(src/megarover3_ros2/images) by extension 'colcon_meta'
[0.175s] Level 1:colcon.colcon_core.package_identification:_identify(src/megarover3_ros2/images) by extensions ['ros']
[0.175s] Level 1:colcon.colcon_core.package_identification:_identify(src/megarover3_ros2/images) by extension 'ros'
[0.175s] Level 1:colcon.colcon_core.package_identification:_identify(src/megarover3_ros2/images) by extensions ['cmake', 'python']
[0.175s] Level 1:colcon.colcon_core.package_identification:_identify(src/megarover3_ros2/images) by extension 'cmake'
[0.175s] Level 1:colcon.colcon_core.package_identification:_identify(src/megarover3_ros2/images) by extension 'python'
[0.175s] Level 1:colcon.colcon_core.package_identification:_identify(src/megarover3_ros2/images) by extensions ['python_setup_py']
[0.175s] Level 1:colcon.colcon_core.package_identification:_identify(src/megarover3_ros2/images) by extension 'python_setup_py'
[0.175s] Level 1:colcon.colcon_core.package_identification:_identify(src/megarover3_ros2/megarover3) by extensions ['ignore', 'ignore_ament_install']
[0.175s] Level 1:colcon.colcon_core.package_identification:_identify(src/megarover3_ros2/megarover3) by extension 'ignore'
[0.175s] Level 1:colcon.colcon_core.package_identification:_identify(src/megarover3_ros2/megarover3) by extension 'ignore_ament_install'
[0.175s] Level 1:colcon.colcon_core.package_identification:_identify(src/megarover3_ros2/megarover3) by extensions ['colcon_pkg']
[0.175s] Level 1:colcon.colcon_core.package_identification:_identify(src/megarover3_ros2/megarover3) by extension 'colcon_pkg'
[0.175s] Level 1:colcon.colcon_core.package_identification:_identify(src/megarover3_ros2/megarover3) by extensions ['colcon_meta']
[0.175s] Level 1:colcon.colcon_core.package_identification:_identify(src/megarover3_ros2/megarover3) by extension 'colcon_meta'
[0.175s] Level 1:colcon.colcon_core.package_identification:_identify(src/megarover3_ros2/megarover3) by extensions ['ros']
[0.175s] Level 1:colcon.colcon_core.package_identification:_identify(src/megarover3_ros2/megarover3) by extension 'ros'
[0.176s] DEBUG:colcon.colcon_core.package_identification:Package 'src/megarover3_ros2/megarover3' with type 'ros.ament_cmake' and name 'megarover3'
[0.176s] Level 1:colcon.colcon_core.package_identification:_identify(src/megarover3_ros2/megarover3_bringup) by extensions ['ignore', 'ignore_ament_install']
[0.176s] Level 1:colcon.colcon_core.package_identification:_identify(src/megarover3_ros2/megarover3_bringup) by extension 'ignore'
[0.176s] Level 1:colcon.colcon_core.package_identification:_identify(src/megarover3_ros2/megarover3_bringup) by extension 'ignore_ament_install'
[0.176s] Level 1:colcon.colcon_core.package_identification:_identify(src/megarover3_ros2/megarover3_bringup) by extensions ['colcon_pkg']
[0.176s] Level 1:colcon.colcon_core.package_identification:_identify(src/megarover3_ros2/megarover3_bringup) by extension 'colcon_pkg'
[0.176s] Level 1:colcon.colcon_core.package_identification:_identify(src/megarover3_ros2/megarover3_bringup) by extensions ['colcon_meta']
[0.176s] Level 1:colcon.colcon_core.package_identification:_identify(src/megarover3_ros2/megarover3_bringup) by extension 'colcon_meta'
[0.176s] Level 1:colcon.colcon_core.package_identification:_identify(src/megarover3_ros2/megarover3_bringup) by extensions ['ros']
[0.176s] Level 1:colcon.colcon_core.package_identification:_identify(src/megarover3_ros2/megarover3_bringup) by extension 'ros'
[0.182s] DEBUG:colcon.colcon_core.package_identification:Package 'src/megarover3_ros2/megarover3_bringup' with type 'ros.ament_cmake' and name 'megarover3_bringup'
[0.182s] Level 1:colcon.colcon_core.package_identification:_identify(src/megarover3_ros2/megarover3_navigation) by extensions ['ignore', 'ignore_ament_install']
[0.182s] Level 1:colcon.colcon_core.package_identification:_identify(src/megarover3_ros2/megarover3_navigation) by extension 'ignore'
[0.182s] Level 1:colcon.colcon_core.package_identification:_identify(src/megarover3_ros2/megarover3_navigation) by extension 'ignore_ament_install'
[0.182s] Level 1:colcon.colcon_core.package_identification:_identify(src/megarover3_ros2/megarover3_navigation) by extensions ['colcon_pkg']
[0.182s] Level 1:colcon.colcon_core.package_identification:_identify(src/megarover3_ros2/megarover3_navigation) by extension 'colcon_pkg'
[0.182s] Level 1:colcon.colcon_core.package_identification:_identify(src/megarover3_ros2/megarover3_navigation) by extensions ['colcon_meta']
[0.182s] Level 1:colcon.colcon_core.package_identification:_identify(src/megarover3_ros2/megarover3_navigation) by extension 'colcon_meta'
[0.182s] Level 1:colcon.colcon_core.package_identification:_identify(src/megarover3_ros2/megarover3_navigation) by extensions ['ros']
[0.182s] Level 1:colcon.colcon_core.package_identification:_identify(src/megarover3_ros2/megarover3_navigation) by extension 'ros'
[0.183s] DEBUG:colcon.colcon_core.package_identification:Package 'src/megarover3_ros2/megarover3_navigation' with type 'ros.ament_cmake' and name 'megarover3_navigation'
[0.183s] Level 1:colcon.colcon_core.package_identification:_identify(src/megarover3_ros2/megarover_description) by extensions ['ignore', 'ignore_ament_install']
[0.183s] Level 1:colcon.colcon_core.package_identification:_identify(src/megarover3_ros2/megarover_description) by extension 'ignore'
[0.183s] Level 1:colcon.colcon_core.package_identification:_identify(src/megarover3_ros2/megarover_description) by extension 'ignore_ament_install'
[0.183s] Level 1:colcon.colcon_core.package_identification:_identify(src/megarover3_ros2/megarover_description) by extensions ['colcon_pkg']
[0.183s] Level 1:colcon.colcon_core.package_identification:_identify(src/megarover3_ros2/megarover_description) by extension 'colcon_pkg'
[0.183s] Level 1:colcon.colcon_core.package_identification:_identify(src/megarover3_ros2/megarover_description) by extensions ['colcon_meta']
[0.183s] Level 1:colcon.colcon_core.package_identification:_identify(src/megarover3_ros2/megarover_description) by extension 'colcon_meta'
[0.183s] Level 1:colcon.colcon_core.package_identification:_identify(src/megarover3_ros2/megarover_description) by extensions ['ros']
[0.183s] Level 1:colcon.colcon_core.package_identification:_identify(src/megarover3_ros2/megarover_description) by extension 'ros'
[0.183s] DEBUG:colcon.colcon_core.package_identification:Package 'src/megarover3_ros2/megarover_description' with type 'ros.ament_cmake' and name 'megarover_description'
[0.183s] Level 1:colcon.colcon_core.package_identification:_identify(src/my_scan_merger) by extensions ['ignore', 'ignore_ament_install']
[0.183s] Level 1:colcon.colcon_core.package_identification:_identify(src/my_scan_merger) by extension 'ignore'
[0.183s] Level 1:colcon.colcon_core.package_identification:_identify(src/my_scan_merger) by extension 'ignore_ament_install'
[0.183s] Level 1:colcon.colcon_core.package_identification:_identify(src/my_scan_merger) by extensions ['colcon_pkg']
[0.183s] Level 1:colcon.colcon_core.package_identification:_identify(src/my_scan_merger) by extension 'colcon_pkg'
[0.183s] Level 1:colcon.colcon_core.package_identification:_identify(src/my_scan_merger) by extensions ['colcon_meta']
[0.183s] Level 1:colcon.colcon_core.package_identification:_identify(src/my_scan_merger) by extension 'colcon_meta'
[0.183s] Level 1:colcon.colcon_core.package_identification:_identify(src/my_scan_merger) by extensions ['ros']
[0.183s] Level 1:colcon.colcon_core.package_identification:_identify(src/my_scan_merger) by extension 'ros'
[0.184s] DEBUG:colcon.colcon_core.package_identification:Package 'src/my_scan_merger' with type 'ros.ament_cmake' and name 'my_scan_merger'
[0.184s] Level 1:colcon.colcon_core.package_identification:_identify(src/navigation2) by extensions ['ignore', 'ignore_ament_install']
[0.184s] Level 1:colcon.colcon_core.package_identification:_identify(src/navigation2) by extension 'ignore'
[0.184s] Level 1:colcon.colcon_core.package_identification:_identify(src/navigation2) by extension 'ignore_ament_install'
[0.184s] Level 1:colcon.colcon_core.package_identification:_identify(src/navigation2) by extensions ['colcon_pkg']
[0.184s] Level 1:colcon.colcon_core.package_identification:_identify(src/navigation2) by extension 'colcon_pkg'
[0.184s] Level 1:colcon.colcon_core.package_identification:_identify(src/navigation2) by extensions ['colcon_meta']
[0.184s] Level 1:colcon.colcon_core.package_identification:_identify(src/navigation2) by extension 'colcon_meta'
[0.184s] Level 1:colcon.colcon_core.package_identification:_identify(src/navigation2) by extensions ['ros']
[0.184s] Level 1:colcon.colcon_core.package_identification:_identify(src/navigation2) by extension 'ros'
[0.184s] Level 1:colcon.colcon_core.package_identification:_identify(src/navigation2) by extensions ['cmake', 'python']
[0.184s] Level 1:colcon.colcon_core.package_identification:_identify(src/navigation2) by extension 'cmake'
[0.184s] Level 1:colcon.colcon_core.package_identification:_identify(src/navigation2) by extension 'python'
[0.184s] Level 1:colcon.colcon_core.package_identification:_identify(src/navigation2) by extensions ['python_setup_py']
[0.184s] Level 1:colcon.colcon_core.package_identification:_identify(src/navigation2) by extension 'python_setup_py'
[0.184s] Level 1:colcon.colcon_core.package_identification:_identify(src/navigation2/nav2_amcl) by extensions ['ignore', 'ignore_ament_install']
[0.184s] Level 1:colcon.colcon_core.package_identification:_identify(src/navigation2/nav2_amcl) by extension 'ignore'
[0.184s] Level 1:colcon.colcon_core.package_identification:_identify(src/navigation2/nav2_amcl) by extension 'ignore_ament_install'
[0.184s] Level 1:colcon.colcon_core.package_identification:_identify(src/navigation2/nav2_amcl) by extensions ['colcon_pkg']
[0.184s] Level 1:colcon.colcon_core.package_identification:_identify(src/navigation2/nav2_amcl) by extension 'colcon_pkg'
[0.184s] Level 1:colcon.colcon_core.package_identification:_identify(src/navigation2/nav2_amcl) by extensions ['colcon_meta']
[0.184s] Level 1:colcon.colcon_core.package_identification:_identify(src/navigation2/nav2_amcl) by extension 'colcon_meta'
[0.184s] Level 1:colcon.colcon_core.package_identification:_identify(src/navigation2/nav2_amcl) by extensions ['ros']
[0.184s] Level 1:colcon.colcon_core.package_identification:_identify(src/navigation2/nav2_amcl) by extension 'ros'
[0.185s] DEBUG:colcon.colcon_core.package_identification:Package 'src/navigation2/nav2_amcl' with type 'ros.ament_cmake' and name 'nav2_amcl'
[0.185s] Level 1:colcon.colcon_core.package_identification:_identify(src/realsense-ros) by extensions ['ignore', 'ignore_ament_install']
[0.185s] Level 1:colcon.colcon_core.package_identification:_identify(src/realsense-ros) by extension 'ignore'
[0.185s] Level 1:colcon.colcon_core.package_identification:_identify(src/realsense-ros) by extension 'ignore_ament_install'
[0.185s] Level 1:colcon.colcon_core.package_identification:_identify(src/realsense-ros) by extensions ['colcon_pkg']
[0.185s] Level 1:colcon.colcon_core.package_identification:_identify(src/realsense-ros) by extension 'colcon_pkg'
[0.185s] Level 1:colcon.colcon_core.package_identification:_identify(src/realsense-ros) by extensions ['colcon_meta']
[0.186s] Level 1:colcon.colcon_core.package_identification:_identify(src/realsense-ros) by extension 'colcon_meta'
[0.186s] Level 1:colcon.colcon_core.package_identification:_identify(src/realsense-ros) by extensions ['ros']
[0.186s] Level 1:colcon.colcon_core.package_identification:_identify(src/realsense-ros) by extension 'ros'
[0.186s] Level 1:colcon.colcon_core.package_identification:_identify(src/realsense-ros) by extensions ['cmake', 'python']
[0.186s] Level 1:colcon.colcon_core.package_identification:_identify(src/realsense-ros) by extension 'cmake'
[0.186s] Level 1:colcon.colcon_core.package_identification:_identify(src/realsense-ros) by extension 'python'
[0.186s] Level 1:colcon.colcon_core.package_identification:_identify(src/realsense-ros) by extensions ['python_setup_py']
[0.186s] Level 1:colcon.colcon_core.package_identification:_identify(src/realsense-ros) by extension 'python_setup_py'
[0.186s] Level 1:colcon.colcon_core.package_identification:_identify(src/realsense-ros/realsense2_camera) by extensions ['ignore', 'ignore_ament_install']
[0.186s] Level 1:colcon.colcon_core.package_identification:_identify(src/realsense-ros/realsense2_camera) by extension 'ignore'
[0.186s] Level 1:colcon.colcon_core.package_identification:_identify(src/realsense-ros/realsense2_camera) by extension 'ignore_ament_install'
[0.186s] Level 1:colcon.colcon_core.package_identification:_identify(src/realsense-ros/realsense2_camera) by extensions ['colcon_pkg']
[0.186s] Level 1:colcon.colcon_core.package_identification:_identify(src/realsense-ros/realsense2_camera) by extension 'colcon_pkg'
[0.186s] Level 1:colcon.colcon_core.package_identification:_identify(src/realsense-ros/realsense2_camera) by extensions ['colcon_meta']
[0.186s] Level 1:colcon.colcon_core.package_identification:_identify(src/realsense-ros/realsense2_camera) by extension 'colcon_meta'
[0.186s] Level 1:colcon.colcon_core.package_identification:_identify(src/realsense-ros/realsense2_camera) by extensions ['ros']
[0.186s] Level 1:colcon.colcon_core.package_identification:_identify(src/realsense-ros/realsense2_camera) by extension 'ros'
[0.189s] DEBUG:colcon.colcon_core.package_identification:Package 'src/realsense-ros/realsense2_camera' with type 'ros.ament_cmake' and name 'realsense2_camera'
[0.189s] Level 1:colcon.colcon_core.package_identification:_identify(src/realsense-ros/realsense2_camera_msgs) by extensions ['ignore', 'ignore_ament_install']
[0.189s] Level 1:colcon.colcon_core.package_identification:_identify(src/realsense-ros/realsense2_camera_msgs) by extension 'ignore'
[0.189s] Level 1:colcon.colcon_core.package_identification:_identify(src/realsense-ros/realsense2_camera_msgs) by extension 'ignore_ament_install'
[0.189s] Level 1:colcon.colcon_core.package_identification:_identify(src/realsense-ros/realsense2_camera_msgs) by extensions ['colcon_pkg']
[0.189s] Level 1:colcon.colcon_core.package_identification:_identify(src/realsense-ros/realsense2_camera_msgs) by extension 'colcon_pkg'
[0.189s] Level 1:colcon.colcon_core.package_identification:_identify(src/realsense-ros/realsense2_camera_msgs) by extensions ['colcon_meta']
[0.189s] Level 1:colcon.colcon_core.package_identification:_identify(src/realsense-ros/realsense2_camera_msgs) by extension 'colcon_meta'
[0.189s] Level 1:colcon.colcon_core.package_identification:_identify(src/realsense-ros/realsense2_camera_msgs) by extensions ['ros']
[0.189s] Level 1:colcon.colcon_core.package_identification:_identify(src/realsense-ros/realsense2_camera_msgs) by extension 'ros'
[0.190s] DEBUG:colcon.colcon_core.package_identification:Package 'src/realsense-ros/realsense2_camera_msgs' with type 'ros.ament_cmake' and name 'realsense2_camera_msgs'
[0.190s] Level 1:colcon.colcon_core.package_identification:_identify(src/realsense-ros/realsense2_description) by extensions ['ignore', 'ignore_ament_install']
[0.190s] Level 1:colcon.colcon_core.package_identification:_identify(src/realsense-ros/realsense2_description) by extension 'ignore'
[0.190s] Level 1:colcon.colcon_core.package_identification:_identify(src/realsense-ros/realsense2_description) by extension 'ignore_ament_install'
[0.190s] Level 1:colcon.colcon_core.package_identification:_identify(src/realsense-ros/realsense2_description) by extensions ['colcon_pkg']
[0.190s] Level 1:colcon.colcon_core.package_identification:_identify(src/realsense-ros/realsense2_description) by extension 'colcon_pkg'
[0.190s] Level 1:colcon.colcon_core.package_identification:_identify(src/realsense-ros/realsense2_description) by extensions ['colcon_meta']
[0.190s] Level 1:colcon.colcon_core.package_identification:_identify(src/realsense-ros/realsense2_description) by extension 'colcon_meta'
[0.190s] Level 1:colcon.colcon_core.package_identification:_identify(src/realsense-ros/realsense2_description) by extensions ['ros']
[0.190s] Level 1:colcon.colcon_core.package_identification:_identify(src/realsense-ros/realsense2_description) by extension 'ros'
[0.190s] DEBUG:colcon.colcon_core.package_identification:Package 'src/realsense-ros/realsense2_description' with type 'ros.ament_cmake' and name 'realsense2_description'
[0.190s] Level 1:colcon.colcon_core.package_identification:_identify(src/realsense-ros/scripts) by extensions ['ignore', 'ignore_ament_install']
[0.190s] Level 1:colcon.colcon_core.package_identification:_identify(src/realsense-ros/scripts) by extension 'ignore'
[0.190s] Level 1:colcon.colcon_core.package_identification:_identify(src/realsense-ros/scripts) by extension 'ignore_ament_install'
[0.190s] Level 1:colcon.colcon_core.package_identification:_identify(src/realsense-ros/scripts) by extensions ['colcon_pkg']
[0.190s] Level 1:colcon.colcon_core.package_identification:_identify(src/realsense-ros/scripts) by extension 'colcon_pkg'
[0.190s] Level 1:colcon.colcon_core.package_identification:_identify(src/realsense-ros/scripts) by extensions ['colcon_meta']
[0.191s] Level 1:colcon.colcon_core.package_identification:_identify(src/realsense-ros/scripts) by extension 'colcon_meta'
[0.191s] Level 1:colcon.colcon_core.package_identification:_identify(src/realsense-ros/scripts) by extensions ['ros']
[0.191s] Level 1:colcon.colcon_core.package_identification:_identify(src/realsense-ros/scripts) by extension 'ros'
[0.191s] Level 1:colcon.colcon_core.package_identification:_identify(src/realsense-ros/scripts) by extensions ['cmake', 'python']
[0.191s] Level 1:colcon.colcon_core.package_identification:_identify(src/realsense-ros/scripts) by extension 'cmake'
[0.191s] Level 1:colcon.colcon_core.package_identification:_identify(src/realsense-ros/scripts) by extension 'python'
[0.191s] Level 1:colcon.colcon_core.package_identification:_identify(src/realsense-ros/scripts) by extensions ['python_setup_py']
[0.191s] Level 1:colcon.colcon_core.package_identification:_identify(src/realsense-ros/scripts) by extension 'python_setup_py'
[0.191s] Level 1:colcon.colcon_core.package_identification:_identify(src/rf2o_laser_odometry) by extensions ['ignore', 'ignore_ament_install']
[0.191s] Level 1:colcon.colcon_core.package_identification:_identify(src/rf2o_laser_odometry) by extension 'ignore'
[0.191s] Level 1:colcon.colcon_core.package_identification:_identify(src/rf2o_laser_odometry) by extension 'ignore_ament_install'
[0.191s] Level 1:colcon.colcon_core.package_identification:_identify(src/rf2o_laser_odometry) by extensions ['colcon_pkg']
[0.191s] Level 1:colcon.colcon_core.package_identification:_identify(src/rf2o_laser_odometry) by extension 'colcon_pkg'
[0.191s] Level 1:colcon.colcon_core.package_identification:_identify(src/rf2o_laser_odometry) by extensions ['colcon_meta']
[0.191s] Level 1:colcon.colcon_core.package_identification:_identify(src/rf2o_laser_odometry) by extension 'colcon_meta'
[0.191s] Level 1:colcon.colcon_core.package_identification:_identify(src/rf2o_laser_odometry) by extensions ['ros']
[0.191s] Level 1:colcon.colcon_core.package_identification:_identify(src/rf2o_laser_odometry) by extension 'ros'
[0.191s] DEBUG:colcon.colcon_core.package_identification:Package 'src/rf2o_laser_odometry' with type 'ros.ament_cmake' and name 'rf2o_laser_odometry'
[0.191s] Level 1:colcon.colcon_core.package_identification:_identify(src/ros2_to_ros1_bridge) by extensions ['ignore', 'ignore_ament_install']
[0.191s] Level 1:colcon.colcon_core.package_identification:_identify(src/ros2_to_ros1_bridge) by extension 'ignore'
[0.192s] Level 1:colcon.colcon_core.package_identification:_identify(src/ros2_to_ros1_bridge) by extension 'ignore_ament_install'
[0.192s] Level 1:colcon.colcon_core.package_identification:_identify(src/ros2_to_ros1_bridge) by extensions ['colcon_pkg']
[0.192s] Level 1:colcon.colcon_core.package_identification:_identify(src/ros2_to_ros1_bridge) by extension 'colcon_pkg'
[0.192s] Level 1:colcon.colcon_core.package_identification:_identify(src/ros2_to_ros1_bridge) by extensions ['colcon_meta']
[0.192s] Level 1:colcon.colcon_core.package_identification:_identify(src/ros2_to_ros1_bridge) by extension 'colcon_meta'
[0.192s] Level 1:colcon.colcon_core.package_identification:_identify(src/ros2_to_ros1_bridge) by extensions ['ros']
[0.192s] Level 1:colcon.colcon_core.package_identification:_identify(src/ros2_to_ros1_bridge) by extension 'ros'
[0.192s] DEBUG:colcon.colcon_core.package_identification:Package 'src/ros2_to_ros1_bridge' with type 'ros.ament_python' and name 'ros2_to_ros1_bridge'
[0.192s] Level 1:colcon.colcon_core.package_identification:_identify(src/shelf_navigator) by extensions ['ignore', 'ignore_ament_install']
[0.192s] Level 1:colcon.colcon_core.package_identification:_identify(src/shelf_navigator) by extension 'ignore'
[0.192s] Level 1:colcon.colcon_core.package_identification:_identify(src/shelf_navigator) by extension 'ignore_ament_install'
[0.192s] Level 1:colcon.colcon_core.package_identification:_identify(src/shelf_navigator) by extensions ['colcon_pkg']
[0.192s] Level 1:colcon.colcon_core.package_identification:_identify(src/shelf_navigator) by extension 'colcon_pkg'
[0.192s] Level 1:colcon.colcon_core.package_identification:_identify(src/shelf_navigator) by extensions ['colcon_meta']
[0.192s] Level 1:colcon.colcon_core.package_identification:_identify(src/shelf_navigator) by extension 'colcon_meta'
[0.192s] Level 1:colcon.colcon_core.package_identification:_identify(src/shelf_navigator) by extensions ['ros']
[0.192s] Level 1:colcon.colcon_core.package_identification:_identify(src/shelf_navigator) by extension 'ros'
[0.192s] DEBUG:colcon.colcon_core.package_identification:Package 'src/shelf_navigator' with type 'ros.ament_python' and name 'shelf_navigator'
[0.193s] Level 1:colcon.colcon_core.package_identification:_identify(src/trajectory_logger) by extensions ['ignore', 'ignore_ament_install']
[0.193s] Level 1:colcon.colcon_core.package_identification:_identify(src/trajectory_logger) by extension 'ignore'
[0.193s] Level 1:colcon.colcon_core.package_identification:_identify(src/trajectory_logger) by extension 'ignore_ament_install'
[0.193s] Level 1:colcon.colcon_core.package_identification:_identify(src/trajectory_logger) by extensions ['colcon_pkg']
[0.193s] Level 1:colcon.colcon_core.package_identification:_identify(src/trajectory_logger) by extension 'colcon_pkg'
[0.193s] Level 1:colcon.colcon_core.package_identification:_identify(src/trajectory_logger) by extensions ['colcon_meta']
[0.193s] Level 1:colcon.colcon_core.package_identification:_identify(src/trajectory_logger) by extension 'colcon_meta'
[0.193s] Level 1:colcon.colcon_core.package_identification:_identify(src/trajectory_logger) by extensions ['ros']
[0.193s] Level 1:colcon.colcon_core.package_identification:_identify(src/trajectory_logger) by extension 'ros'
[0.193s] DEBUG:colcon.colcon_core.package_identification:Package 'src/trajectory_logger' with type 'ros.ament_python' and name 'trajectory_logger'
[0.193s] Level 1:colcon.colcon_core.package_identification:_identify(src/udp_bridge) by extensions ['ignore', 'ignore_ament_install']
[0.193s] Level 1:colcon.colcon_core.package_identification:_identify(src/udp_bridge) by extension 'ignore'
[0.193s] Level 1:colcon.colcon_core.package_identification:_identify(src/udp_bridge) by extension 'ignore_ament_install'
[0.193s] Level 1:colcon.colcon_core.package_identification:_identify(src/udp_bridge) by extensions ['colcon_pkg']
[0.193s] Level 1:colcon.colcon_core.package_identification:_identify(src/udp_bridge) by extension 'colcon_pkg'
[0.193s] Level 1:colcon.colcon_core.package_identification:_identify(src/udp_bridge) by extensions ['colcon_meta']
[0.193s] Level 1:colcon.colcon_core.package_identification:_identify(src/udp_bridge) by extension 'colcon_meta'
[0.193s] Level 1:colcon.colcon_core.package_identification:_identify(src/udp_bridge) by extensions ['ros']
[0.193s] Level 1:colcon.colcon_core.package_identification:_identify(src/udp_bridge) by extension 'ros'
[0.194s] DEBUG:colcon.colcon_core.package_identification:Package 'src/udp_bridge' with type 'ros.ament_python' and name 'udp_bridge'
[0.194s] Level 1:colcon.colcon_core.package_identification:_identify(src/vs_rover_options_description) by extensions ['ignore', 'ignore_ament_install']
[0.194s] Level 1:colcon.colcon_core.package_identification:_identify(src/vs_rover_options_description) by extension 'ignore'
[0.194s] Level 1:colcon.colcon_core.package_identification:_identify(src/vs_rover_options_description) by extension 'ignore_ament_install'
[0.194s] Level 1:colcon.colcon_core.package_identification:_identify(src/vs_rover_options_description) by extensions ['colcon_pkg']
[0.194s] Level 1:colcon.colcon_core.package_identification:_identify(src/vs_rover_options_description) by extension 'colcon_pkg'
[0.194s] Level 1:colcon.colcon_core.package_identification:_identify(src/vs_rover_options_description) by extensions ['colcon_meta']
[0.194s] Level 1:colcon.colcon_core.package_identification:_identify(src/vs_rover_options_description) by extension 'colcon_meta'
[0.194s] Level 1:colcon.colcon_core.package_identification:_identify(src/vs_rover_options_description) by extensions ['ros']
[0.194s] Level 1:colcon.colcon_core.package_identification:_identify(src/vs_rover_options_description) by extension 'ros'
[0.194s] DEBUG:colcon.colcon_core.package_identification:Package 'src/vs_rover_options_description' with type 'ros.ament_cmake' and name 'vs_rover_options_description'
[0.194s] Level 1:colcon.colcon_core.package_identification:_identify(src/wall_ransac_initializer) by extensions ['ignore', 'ignore_ament_install']
[0.194s] Level 1:colcon.colcon_core.package_identification:_identify(src/wall_ransac_initializer) by extension 'ignore'
[0.194s] Level 1:colcon.colcon_core.package_identification:_identify(src/wall_ransac_initializer) by extension 'ignore_ament_install'
[0.194s] Level 1:colcon.colcon_core.package_identification:_identify(src/wall_ransac_initializer) by extensions ['colcon_pkg']
[0.194s] Level 1:colcon.colcon_core.package_identification:_identify(src/wall_ransac_initializer) by extension 'colcon_pkg'
[0.194s] Level 1:colcon.colcon_core.package_identification:_identify(src/wall_ransac_initializer) by extensions ['colcon_meta']
[0.194s] Level 1:colcon.colcon_core.package_identification:_identify(src/wall_ransac_initializer) by extension 'colcon_meta'
[0.194s] Level 1:colcon.colcon_core.package_identification:_identify(src/wall_ransac_initializer) by extensions ['ros']
[0.194s] Level 1:colcon.colcon_core.package_identification:_identify(src/wall_ransac_initializer) by extension 'ros'
[0.195s] DEBUG:colcon.colcon_core.package_identification:Package 'src/wall_ransac_initializer' with type 'ros.ament_python' and name 'wall_ransac_initializer'
[0.195s] Level 1:colcon.colcon_core.package_identification:_identify(src/ydlidar_ros2_driver) by extensions ['ignore', 'ignore_ament_install']
[0.195s] Level 1:colcon.colcon_core.package_identification:_identify(src/ydlidar_ros2_driver) by extension 'ignore'
[0.195s] Level 1:colcon.colcon_core.package_identification:_identify(src/ydlidar_ros2_driver) by extension 'ignore_ament_install'
[0.195s] Level 1:colcon.colcon_core.package_identification:_identify(src/ydlidar_ros2_driver) by extensions ['colcon_pkg']
[0.195s] Level 1:colcon.colcon_core.package_identification:_identify(src/ydlidar_ros2_driver) by extension 'colcon_pkg'
[0.195s] Level 1:colcon.colcon_core.package_identification:_identify(src/ydlidar_ros2_driver) by extensions ['colcon_meta']
[0.195s] Level 1:colcon.colcon_core.package_identification:_identify(src/ydlidar_ros2_driver) by extension 'colcon_meta'
[0.195s] Level 1:colcon.colcon_core.package_identification:_identify(src/ydlidar_ros2_driver) by extensions ['ros']
[0.195s] Level 1:colcon.colcon_core.package_identification:_identify(src/ydlidar_ros2_driver) by extension 'ros'
[0.195s] DEBUG:colcon.colcon_core.package_identification:Package 'src/ydlidar_ros2_driver' with type 'ros.ament_cmake' and name 'ydlidar_ros2_driver'
[0.195s] Level 1:colcon.colcon_core.package_discovery:discover_packages(recursive) using defaults
[0.195s] Level 1:colcon.colcon_core.package_discovery:discover_packages(ignore) discover
[0.195s] Level 1:colcon.colcon_core.package_discovery:discover_packages(ignore) using defaults
[0.195s] Level 1:colcon.colcon_core.package_discovery:discover_packages(path) discover
[0.195s] Level 1:colcon.colcon_core.package_discovery:discover_packages(path) using defaults
[0.209s] INFO:colcon.colcon_core.package_selection:Skipping not selected package 'arrow_key_teleop' in 'src/arrow_key_teleop'
[0.209s] INFO:colcon.colcon_core.package_selection:Skipping not selected package 'final_approach_controller' in 'src/final_approach_controller'
[0.209s] INFO:colcon.colcon_core.package_selection:Skipping not selected package 'iai_cylinder' in 'src/iai_cylinder'
[0.209s] INFO:colcon.colcon_core.package_selection:Skipping not selected package 'js0_teleop' in 'src/js0_teleop'
[0.209s] INFO:colcon.colcon_core.package_selection:Skipping not selected package 'megarover3_bringup' in 'src/megarover3_ros2/megarover3_bringup'
[0.209s] INFO:colcon.colcon_core.package_selection:Skipping not selected package 'megarover3_navigation' in 'src/megarover3_ros2/megarover3_navigation'
[0.209s] INFO:colcon.colcon_core.package_selection:Skipping not selected package 'megarover_description' in 'src/megarover3_ros2/megarover_description'
[0.209s] INFO:colcon.colcon_core.package_selection:Skipping not selected package 'my_scan_merger' in 'src/my_scan_merger'
[0.209s] INFO:colcon.colcon_core.package_selection:Skipping not selected package 'realsense2_camera_msgs' in 'src/realsense-ros/realsense2_camera_msgs'
[0.209s] INFO:colcon.colcon_core.package_selection:Skipping not selected package 'rf2o_laser_odometry' in 'src/rf2o_laser_odometry'
[0.209s] INFO:colcon.colcon_core.package_selection:Skipping not selected package 'ros2_to_ros1_bridge' in 'src/ros2_to_ros1_bridge'
[0.210s] INFO:colcon.colcon_core.package_selection:Skipping not selected package 'shelf_navigator' in 'src/shelf_navigator'
[0.210s] INFO:colcon.colcon_core.package_selection:Skipping not selected package 'trajectory_logger' in 'src/trajectory_logger'
[0.210s] INFO:colcon.colcon_core.package_selection:Skipping not selected package 'udp_bridge' in 'src/udp_bridge'
[0.210s] INFO:colcon.colcon_core.package_selection:Skipping not selected package 'vs_rover_options_description' in 'src/vs_rover_options_description'
[0.210s] INFO:colcon.colcon_core.package_selection:Skipping not selected package 'wall_ransac_initializer' in 'src/wall_ransac_initializer'
[0.210s] INFO:colcon.colcon_core.package_selection:Skipping not selected package 'ydlidar_ros2_driver' in 'src/ydlidar_ros2_driver'
[0.210s] INFO:colcon.colcon_core.package_selection:Skipping not selected package 'megarover3' in 'src/megarover3_ros2/megarover3'
[0.210s] INFO:colcon.colcon_core.package_selection:Skipping not selected package 'realsense2_camera' in 'src/realsense-ros/realsense2_camera'
[0.210s] INFO:colcon.colcon_core.package_selection:Skipping not selected package 'realsense2_description' in 'src/realsense-ros/realsense2_description'
[0.210s] Level 1:colcon.colcon_core.package_discovery:discover_packages(prefix_path) check parameters
[0.210s] Level 1:colcon.colcon_core.package_discovery:discover_packages(prefix_path) discover
[0.210s] WARNING:colcon.colcon_ros.prefix_path.ament:The path '/home/rover/ros2_ws/install/nav2_bt_dummy' in the environment variable AMENT_PREFIX_PATH doesn't exist
[0.210s] WARNING:colcon.colcon_ros.prefix_path.ament:The path '/home/rover/ros2_ws/install/nav2_amcl' in the environment variable AMENT_PREFIX_PATH doesn't exist
[0.211s] WARNING:colcon.colcon_ros.prefix_path.catkin:The path '/home/rover/ros2_ws/install/nav2_bt_dummy' in the environment variable CMAKE_PREFIX_PATH doesn't exist
[0.211s] WARNING:colcon.colcon_ros.prefix_path.catkin:The path '/home/rover/ros2_ws/install/nav2_amcl' in the environment variable CMAKE_PREFIX_PATH doesn't exist
[0.211s] DEBUG:colcon.colcon_installed_package_information.package_discovery:Found 20 installed packages in /home/rover/ros2_ws/install
[0.212s] DEBUG:colcon.colcon_installed_package_information.package_discovery:Found 3 installed packages in /home/rover/uros_ws/install
[0.212s] DEBUG:colcon.colcon_installed_package_information.package_discovery:Found 429 installed packages in /opt/ros/humble
[0.214s] Level 1:colcon.colcon_core.package_discovery:discover_packages(prefix_path) using defaults
[0.241s] WARNING:colcon.colcon_core.package_selection:Some selected packages are already built in one or more underlay workspaces:
	'nav2_amcl' is in: /opt/ros/humble
If a package in a merged underlay workspace is overridden and it installs headers, then all packages in the overlay must sort their include directories by workspace order. Failure to do so may result in build failures or undefined behavior at run time.
If the overridden package is used by another package in any underlay, then the overriding package in the overlay must be API and ABI compatible or undefined behavior at run time may occur.

If you understand the risks and want to override a package anyways, add the following to the command line:
	--allow-overriding nav2_amcl

This may be promoted to an error in a future release of colcon-override-check.
[0.242s] Level 5:colcon.colcon_core.verb:set package 'nav2_amcl' build argument 'cmake_args' from command line to 'None'
[0.242s] Level 5:colcon.colcon_core.verb:set package 'nav2_amcl' build argument 'cmake_target' from command line to 'None'
[0.242s] Level 5:colcon.colcon_core.verb:set package 'nav2_amcl' build argument 'cmake_target_skip_unavailable' from command line to 'False'
[0.242s] Level 5:colcon.colcon_core.verb:set package 'nav2_amcl' build argument 'cmake_clean_cache' from command line to 'False'
[0.242s] Level 5:colcon.colcon_core.verb:set package 'nav2_amcl' build argument 'cmake_clean_first' from command line to 'False'
[0.242s] Level 5:colcon.colcon_core.verb:set package 'nav2_amcl' build argument 'cmake_force_configure' from command line to 'False'
[0.242s] Level 5:colcon.colcon_core.verb:set package 'nav2_amcl' build argument 'ament_cmake_args' from command line to 'None'
[0.242s] Level 5:colcon.colcon_core.verb:set package 'nav2_amcl' build argument 'catkin_cmake_args' from command line to 'None'
[0.242s] Level 5:colcon.colcon_core.verb:set package 'nav2_amcl' build argument 'catkin_skip_building_tests' from command line to 'False'
[0.243s] DEBUG:colcon.colcon_core.verb:Building package 'nav2_amcl' with the following arguments: {'ament_cmake_args': None, 'build_base': '/home/rover/ros2_ws/build/nav2_amcl', 'catkin_cmake_args': None, 'catkin_skip_building_tests': False, 'cmake_args': None, 'cmake_clean_cache': False, 'cmake_clean_first': False, 'cmake_force_configure': False, 'cmake_target': None, 'cmake_target_skip_unavailable': False, 'install_base': '/home/rover/ros2_ws/install/nav2_amcl', 'merge_install': False, 'path': '/home/rover/ros2_ws/src/navigation2/nav2_amcl', 'symlink_install': False, 'test_result_base': None}
[0.243s] INFO:colcon.colcon_core.executor:Executing jobs using 'parallel' executor
[0.244s] DEBUG:colcon.colcon_parallel_executor.executor.parallel:run_until_complete
[0.245s] INFO:colcon.colcon_ros.task.ament_cmake.build:Building ROS package in '/home/rover/ros2_ws/src/navigation2/nav2_amcl' with build type 'ament_cmake'
[0.245s] INFO:colcon.colcon_cmake.task.cmake.build:Building CMake package in '/home/rover/ros2_ws/src/navigation2/nav2_amcl'
[0.246s] INFO:colcon.colcon_core.plugin_system:Skipping extension 'colcon_core.shell.bat': Not used on non-Windows systems
[0.246s] INFO:colcon.colcon_core.shell:Skip shell extension 'powershell' for command environment: Not usable outside of PowerShell
[0.246s] DEBUG:colcon.colcon_core.shell:Skip shell extension 'dsv' for command environment
[0.255s] DEBUG:colcon.colcon_core.event_handler.log_command:Invoking command in '/home/rover/ros2_ws/build/nav2_amcl': CMAKE_PREFIX_PATH=${CMAKE_PREFIX_PATH}:/home/rover/ros2_ws/install/wall_ransac_initializer:/home/rover/ros2_ws/install/udp_bridge:/home/rover/ros2_ws/install/trajectory_logger:/home/rover/ros2_ws/install/shelf_navigator:/home/rover/ros2_ws/install/ros2_to_ros1_bridge:/home/rover/ros2_ws/install/js0_teleop:/home/rover/ros2_ws/install/iai_cylinder:/home/rover/ros2_ws/install/final_approach_controller:/home/rover/ros2_ws/install/arrow_key_teleop:/opt/ros/humble /usr/bin/cmake /home/rover/ros2_ws/src/navigation2/nav2_amcl -DCMAKE_INSTALL_PREFIX=/home/rover/ros2_ws/install/nav2_amcl
[1.528s] DEBUG:colcon.colcon_core.event_handler.log_command:Invoked command in '/home/rover/ros2_ws/build/nav2_amcl' returned '0': CMAKE_PREFIX_PATH=${CMAKE_PREFIX_PATH}:/home/rover/ros2_ws/install/wall_ransac_initializer:/home/rover/ros2_ws/install/udp_bridge:/home/rover/ros2_ws/install/trajectory_logger:/home/rover/ros2_ws/install/shelf_navigator:/home/rover/ros2_ws/install/ros2_to_ros1_bridge:/home/rover/ros2_ws/install/js0_teleop:/home/rover/ros2_ws/install/iai_cylinder:/home/rover/ros2_ws/install/final_approach_controller:/home/rover/ros2_ws/install/arrow_key_teleop:/opt/ros/humble /usr/bin/cmake /home/rover/ros2_ws/src/navigation2/nav2_amcl -DCMAKE_INSTALL_PREFIX=/home/rover/ros2_ws/install/nav2_amcl
[1.532s] DEBUG:colcon.colcon_core.event_handler.log_command:Invoking command in '/home/rover/ros2_ws/build/nav2_amcl': CMAKE_PREFIX_PATH=${CMAKE_PREFIX_PATH}:/home/rover/ros2_ws/install/wall_ransac_initializer:/home/rover/ros2_ws/install/udp_bridge:/home/rover/ros2_ws/install/trajectory_logger:/home/rover/ros2_ws/install/shelf_navigator:/home/rover/ros2_ws/install/ros2_to_ros1_bridge:/home/rover/ros2_ws/install/js0_teleop:/home/rover/ros2_ws/install/iai_cylinder:/home/rover/ros2_ws/install/final_approach_controller:/home/rover/ros2_ws/install/arrow_key_teleop:/opt/ros/humble /usr/bin/cmake --build /home/rover/ros2_ws/build/nav2_amcl -- -j18 -l18
[26.654s] DEBUG:colcon.colcon_core.event_handler.log_command:Invoked command in '/home/rover/ros2_ws/build/nav2_amcl' returned '0': CMAKE_PREFIX_PATH=${CMAKE_PREFIX_PATH}:/home/rover/ros2_ws/install/wall_ransac_initializer:/home/rover/ros2_ws/install/udp_bridge:/home/rover/ros2_ws/install/trajectory_logger:/home/rover/ros2_ws/install/shelf_navigator:/home/rover/ros2_ws/install/ros2_to_ros1_bridge:/home/rover/ros2_ws/install/js0_teleop:/home/rover/ros2_ws/install/iai_cylinder:/home/rover/ros2_ws/install/final_approach_controller:/home/rover/ros2_ws/install/arrow_key_teleop:/opt/ros/humble /usr/bin/cmake --build /home/rover/ros2_ws/build/nav2_amcl -- -j18 -l18
[26.663s] DEBUG:colcon.colcon_core.event_handler.log_command:Invoking command in '/home/rover/ros2_ws/build/nav2_amcl': CMAKE_PREFIX_PATH=${CMAKE_PREFIX_PATH}:/home/rover/ros2_ws/install/wall_ransac_initializer:/home/rover/ros2_ws/install/udp_bridge:/home/rover/ros2_ws/install/trajectory_logger:/home/rover/ros2_ws/install/shelf_navigator:/home/rover/ros2_ws/install/ros2_to_ros1_bridge:/home/rover/ros2_ws/install/js0_teleop:/home/rover/ros2_ws/install/iai_cylinder:/home/rover/ros2_ws/install/final_approach_controller:/home/rover/ros2_ws/install/arrow_key_teleop:/opt/ros/humble /usr/bin/cmake --install /home/rover/ros2_ws/build/nav2_amcl
[26.674s] Level 1:colcon.colcon_core.environment:create_environment_scripts_only(nav2_amcl)
[26.674s] DEBUG:colcon.colcon_core.event_handler.log_command:Invoked command in '/home/rover/ros2_ws/build/nav2_amcl' returned '0': CMAKE_PREFIX_PATH=${CMAKE_PREFIX_PATH}:/home/rover/ros2_ws/install/wall_ransac_initializer:/home/rover/ros2_ws/install/udp_bridge:/home/rover/ros2_ws/install/trajectory_logger:/home/rover/ros2_ws/install/shelf_navigator:/home/rover/ros2_ws/install/ros2_to_ros1_bridge:/home/rover/ros2_ws/install/js0_teleop:/home/rover/ros2_ws/install/iai_cylinder:/home/rover/ros2_ws/install/final_approach_controller:/home/rover/ros2_ws/install/arrow_key_teleop:/opt/ros/humble /usr/bin/cmake --install /home/rover/ros2_ws/build/nav2_amcl
[26.676s] Level 1:colcon.colcon_core.environment:checking '/home/rover/ros2_ws/install/nav2_amcl' for CMake module files
[26.676s] Level 1:colcon.colcon_core.environment:checking '/home/rover/ros2_ws/install/nav2_amcl' for CMake config files
[26.677s] Level 1:colcon.colcon_core.shell:create_environment_hook('nav2_amcl', 'cmake_prefix_path')
[26.677s] INFO:colcon.colcon_core.shell:Creating environment hook '/home/rover/ros2_ws/install/nav2_amcl/share/nav2_amcl/hook/cmake_prefix_path.ps1'
[26.677s] INFO:colcon.colcon_core.shell:Creating environment descriptor '/home/rover/ros2_ws/install/nav2_amcl/share/nav2_amcl/hook/cmake_prefix_path.dsv'
[26.677s] INFO:colcon.colcon_core.shell:Creating environment hook '/home/rover/ros2_ws/install/nav2_amcl/share/nav2_amcl/hook/cmake_prefix_path.sh'
[26.678s] Level 1:colcon.colcon_core.environment:checking '/home/rover/ros2_ws/install/nav2_amcl/lib'
[26.678s] Level 1:colcon.colcon_core.shell:create_environment_hook('nav2_amcl', 'ld_library_path_lib')
[26.678s] INFO:colcon.colcon_core.shell:Creating environment hook '/home/rover/ros2_ws/install/nav2_amcl/share/nav2_amcl/hook/ld_library_path_lib.ps1'
[26.678s] INFO:colcon.colcon_core.shell:Creating environment descriptor '/home/rover/ros2_ws/install/nav2_amcl/share/nav2_amcl/hook/ld_library_path_lib.dsv'
[26.679s] INFO:colcon.colcon_core.shell:Creating environment hook '/home/rover/ros2_ws/install/nav2_amcl/share/nav2_amcl/hook/ld_library_path_lib.sh'
[26.679s] Level 1:colcon.colcon_core.environment:checking '/home/rover/ros2_ws/install/nav2_amcl/bin'
[26.679s] Level 1:colcon.colcon_core.environment:checking '/home/rover/ros2_ws/install/nav2_amcl/lib/pkgconfig/nav2_amcl.pc'
[26.679s] Level 1:colcon.colcon_core.environment:checking '/home/rover/ros2_ws/install/nav2_amcl/lib/python3.10/site-packages'
[26.679s] Level 1:colcon.colcon_core.environment:checking '/home/rover/ros2_ws/install/nav2_amcl/bin'
[26.679s] INFO:colcon.colcon_core.shell:Creating package script '/home/rover/ros2_ws/install/nav2_amcl/share/nav2_amcl/package.ps1'
[26.680s] INFO:colcon.colcon_core.shell:Creating package descriptor '/home/rover/ros2_ws/install/nav2_amcl/share/nav2_amcl/package.dsv'
[26.680s] INFO:colcon.colcon_core.shell:Creating package script '/home/rover/ros2_ws/install/nav2_amcl/share/nav2_amcl/package.sh'
[26.680s] INFO:colcon.colcon_core.shell:Creating package script '/home/rover/ros2_ws/install/nav2_amcl/share/nav2_amcl/package.bash'
[26.681s] INFO:colcon.colcon_core.shell:Creating package script '/home/rover/ros2_ws/install/nav2_amcl/share/nav2_amcl/package.zsh'
[26.681s] Level 1:colcon.colcon_core.environment:create_file_with_runtime_dependencies(/home/rover/ros2_ws/install/nav2_amcl/share/colcon-core/packages/nav2_amcl)
[26.681s] Level 1:colcon.colcon_core.environment:create_environment_scripts_only(nav2_amcl)
[26.681s] Level 1:colcon.colcon_core.environment:checking '/home/rover/ros2_ws/install/nav2_amcl' for CMake module files
[26.682s] Level 1:colcon.colcon_core.environment:checking '/home/rover/ros2_ws/install/nav2_amcl' for CMake config files
[26.682s] Level 1:colcon.colcon_core.shell:create_environment_hook('nav2_amcl', 'cmake_prefix_path')
[26.682s] INFO:colcon.colcon_core.shell:Creating environment hook '/home/rover/ros2_ws/install/nav2_amcl/share/nav2_amcl/hook/cmake_prefix_path.ps1'
[26.682s] INFO:colcon.colcon_core.shell:Creating environment descriptor '/home/rover/ros2_ws/install/nav2_amcl/share/nav2_amcl/hook/cmake_prefix_path.dsv'
[26.682s] INFO:colcon.colcon_core.shell:Creating environment hook '/home/rover/ros2_ws/install/nav2_amcl/share/nav2_amcl/hook/cmake_prefix_path.sh'
[26.683s] Level 1:colcon.colcon_core.environment:checking '/home/rover/ros2_ws/install/nav2_amcl/lib'
[26.683s] Level 1:colcon.colcon_core.shell:create_environment_hook('nav2_amcl', 'ld_library_path_lib')
[26.683s] INFO:colcon.colcon_core.shell:Creating environment hook '/home/rover/ros2_ws/install/nav2_amcl/share/nav2_amcl/hook/ld_library_path_lib.ps1'
[26.683s] INFO:colcon.colcon_core.shell:Creating environment descriptor '/home/rover/ros2_ws/install/nav2_amcl/share/nav2_amcl/hook/ld_library_path_lib.dsv'
[26.683s] INFO:colcon.colcon_core.shell:Creating environment hook '/home/rover/ros2_ws/install/nav2_amcl/share/nav2_amcl/hook/ld_library_path_lib.sh'
[26.683s] Level 1:colcon.colcon_core.environment:checking '/home/rover/ros2_ws/install/nav2_amcl/bin'
[26.683s] Level 1:colcon.colcon_core.environment:checking '/home/rover/ros2_ws/install/nav2_amcl/lib/pkgconfig/nav2_amcl.pc'
[26.683s] Level 1:colcon.colcon_core.environment:checking '/home/rover/ros2_ws/install/nav2_amcl/lib/python3.10/site-packages'
[26.684s] Level 1:colcon.colcon_core.environment:checking '/home/rover/ros2_ws/install/nav2_amcl/bin'
[26.684s] INFO:colcon.colcon_core.shell:Creating package script '/home/rover/ros2_ws/install/nav2_amcl/share/nav2_amcl/package.ps1'
[26.684s] INFO:colcon.colcon_core.shell:Creating package descriptor '/home/rover/ros2_ws/install/nav2_amcl/share/nav2_amcl/package.dsv'
[26.684s] INFO:colcon.colcon_core.shell:Creating package script '/home/rover/ros2_ws/install/nav2_amcl/share/nav2_amcl/package.sh'
[26.685s] INFO:colcon.colcon_core.shell:Creating package script '/home/rover/ros2_ws/install/nav2_amcl/share/nav2_amcl/package.bash'
[26.685s] INFO:colcon.colcon_core.shell:Creating package script '/home/rover/ros2_ws/install/nav2_amcl/share/nav2_amcl/package.zsh'
[26.685s] Level 1:colcon.colcon_core.environment:create_file_with_runtime_dependencies(/home/rover/ros2_ws/install/nav2_amcl/share/colcon-core/packages/nav2_amcl)
[26.685s] DEBUG:colcon.colcon_parallel_executor.executor.parallel:closing loop
[26.685s] DEBUG:colcon.colcon_parallel_executor.executor.parallel:loop closed
[26.685s] DEBUG:colcon.colcon_parallel_executor.executor.parallel:run_until_complete finished with '0'
[26.685s] DEBUG:colcon.colcon_core.event_reactor:joining thread
[26.689s] INFO:colcon.colcon_core.plugin_system:Skipping extension 'colcon_notification.desktop_notification.terminal_notifier': Not used on non-Darwin systems
[26.689s] INFO:colcon.colcon_core.plugin_system:Skipping extension 'colcon_notification.desktop_notification.win32': Not used on non-Windows systems
[26.689s] INFO:colcon.colcon_notification.desktop_notification:Sending desktop notification using 'notify2'
[26.697s] DEBUG:colcon.colcon_core.event_reactor:joined thread
[26.697s] INFO:colcon.colcon_core.shell:Creating prefix script '/home/rover/ros2_ws/install/local_setup.ps1'
[26.698s] INFO:colcon.colcon_core.shell:Creating prefix util module '/home/rover/ros2_ws/install/_local_setup_util_ps1.py'
[26.699s] INFO:colcon.colcon_core.shell:Creating prefix chain script '/home/rover/ros2_ws/install/setup.ps1'
[26.700s] INFO:colcon.colcon_core.shell:Creating prefix script '/home/rover/ros2_ws/install/local_setup.sh'
[26.700s] INFO:colcon.colcon_core.shell:Creating prefix util module '/home/rover/ros2_ws/install/_local_setup_util_sh.py'
[26.701s] INFO:colcon.colcon_core.shell:Creating prefix chain script '/home/rover/ros2_ws/install/setup.sh'
[26.702s] INFO:colcon.colcon_core.shell:Creating prefix script '/home/rover/ros2_ws/install/local_setup.bash'
[26.702s] INFO:colcon.colcon_core.shell:Creating prefix chain script '/home/rover/ros2_ws/install/setup.bash'
[26.703s] INFO:colcon.colcon_core.shell:Creating prefix script '/home/rover/ros2_ws/install/local_setup.zsh'
[26.703s] INFO:colcon.colcon_core.shell:Creating prefix chain script '/home/rover/ros2_ws/install/setup.zsh'
