running egg_info
creating ../../build/shelf_navigator/shelf_navigator.egg-info
writing ../../build/shelf_navigator/shelf_navigator.egg-info/PKG-INFO
writing dependency_links to ../../build/shelf_navigator/shelf_navigator.egg-info/dependency_links.txt
writing entry points to ../../build/shelf_navigator/shelf_navigator.egg-info/entry_points.txt
writing requirements to ../../build/shelf_navigator/shelf_navigator.egg-info/requires.txt
writing top-level names to ../../build/shelf_navigator/shelf_navigator.egg-info/top_level.txt
writing manifest file '../../build/shelf_navigator/shelf_navigator.egg-info/SOURCES.txt'
reading manifest file '../../build/shelf_navigator/shelf_navigator.egg-info/SOURCES.txt'
writing manifest file '../../build/shelf_navigator/shelf_navigator.egg-info/SOURCES.txt'
running build
running build_py
creating /home/rover/ros2_ws/build/shelf_navigator/build
creating /home/rover/ros2_ws/build/shelf_navigator/build/lib
creating /home/rover/ros2_ws/build/shelf_navigator/build/lib/shelf_navigator
copying shelf_navigator/__init__.py -> /home/rover/ros2_ws/build/shelf_navigator/build/lib/shelf_navigator
creating /home/rover/ros2_ws/build/shelf_navigator/build/lib/shelf_navigator/nodes
copying shelf_navigator/nodes/shelf_id_logic2.py -> /home/rover/ros2_ws/build/shelf_navigator/build/lib/shelf_navigator/nodes
copying shelf_navigator/nodes/shelf_id_logic.py -> /home/rover/ros2_ws/build/shelf_navigator/build/lib/shelf_navigator/nodes
copying shelf_navigator/nodes/__init__.py -> /home/rover/ros2_ws/build/shelf_navigator/build/lib/shelf_navigator/nodes
running install
running install_lib
creating /home/rover/ros2_ws/install/shelf_navigator/lib/python3.10/site-packages/shelf_navigator
creating /home/rover/ros2_ws/install/shelf_navigator/lib/python3.10/site-packages/shelf_navigator/nodes
copying /home/rover/ros2_ws/build/shelf_navigator/build/lib/shelf_navigator/nodes/shelf_id_logic2.py -> /home/rover/ros2_ws/install/shelf_navigator/lib/python3.10/site-packages/shelf_navigator/nodes
copying /home/rover/ros2_ws/build/shelf_navigator/build/lib/shelf_navigator/nodes/shelf_id_logic.py -> /home/rover/ros2_ws/install/shelf_navigator/lib/python3.10/site-packages/shelf_navigator/nodes
copying /home/rover/ros2_ws/build/shelf_navigator/build/lib/shelf_navigator/nodes/__init__.py -> /home/rover/ros2_ws/install/shelf_navigator/lib/python3.10/site-packages/shelf_navigator/nodes
copying /home/rover/ros2_ws/build/shelf_navigator/build/lib/shelf_navigator/__init__.py -> /home/rover/ros2_ws/install/shelf_navigator/lib/python3.10/site-packages/shelf_navigator
byte-compiling /home/rover/ros2_ws/install/shelf_navigator/lib/python3.10/site-packages/shelf_navigator/nodes/shelf_id_logic2.py to shelf_id_logic2.cpython-310.pyc
byte-compiling /home/rover/ros2_ws/install/shelf_navigator/lib/python3.10/site-packages/shelf_navigator/nodes/shelf_id_logic.py to shelf_id_logic.cpython-310.pyc
byte-compiling /home/rover/ros2_ws/install/shelf_navigator/lib/python3.10/site-packages/shelf_navigator/nodes/__init__.py to __init__.cpython-310.pyc
byte-compiling /home/rover/ros2_ws/install/shelf_navigator/lib/python3.10/site-packages/shelf_navigator/__init__.py to __init__.cpython-310.pyc
running install_data
creating /home/rover/ros2_ws/install/shelf_navigator/share/ament_index
creating /home/rover/ros2_ws/install/shelf_navigator/share/ament_index/resource_index
creating /home/rover/ros2_ws/install/shelf_navigator/share/ament_index/resource_index/packages
copying resource/shelf_navigator -> /home/rover/ros2_ws/install/shelf_navigator/share/ament_index/resource_index/packages
copying package.xml -> /home/rover/ros2_ws/install/shelf_navigator/share/shelf_navigator
creating /home/rover/ros2_ws/install/shelf_navigator/share/shelf_navigator/config
copying config/area_home2.yaml -> /home/rover/ros2_ws/install/shelf_navigator/share/shelf_navigator/config
copying config/area_home.yaml -> /home/rover/ros2_ws/install/shelf_navigator/share/shelf_navigator/config
running install_egg_info
Copying ../../build/shelf_navigator/shelf_navigator.egg-info to /home/rover/ros2_ws/install/shelf_navigator/lib/python3.10/site-packages/shelf_navigator-0.0.0-py3.10.egg-info
running install_scripts
Installing shelf_id_logic script to /home/rover/ros2_ws/install/shelf_navigator/lib/shelf_navigator
Installing shelf_id_logic2 script to /home/rover/ros2_ws/install/shelf_navigator/lib/shelf_navigator
writing list of installed files to '/home/rover/ros2_ws/build/shelf_navigator/install.log'
