[2.202s] Invoking command in '/home/rover/ros2_ws/src/shelf_navigator': PYTHONPATH=/home/rover/ros2_ws/build/shelf_navigator/prefix_override:/usr/lib/python3/dist-packages/colcon_core/task/python/colcon_distutils_commands:/home/rover/ros2_ws/install/shelf_navigator/lib/python3.10/site-packages:${PYTHONPATH} /usr/bin/python3 -W ignore:setup.py install is deprecated -W ignore:easy_install command is deprecated setup.py egg_info --egg-base ../../build/shelf_navigator build --build-base /home/rover/ros2_ws/build/shelf_navigator/build install --record /home/rover/ros2_ws/build/shelf_navigator/install.log --single-version-externally-managed install_data
[2.586s] running egg_info
[2.588s] creating ../../build/shelf_navigator/shelf_navigator.egg-info
[2.589s] writing ../../build/shelf_navigator/shelf_navigator.egg-info/PKG-INFO
[2.590s] writing dependency_links to ../../build/shelf_navigator/shelf_navigator.egg-info/dependency_links.txt
[2.590s] writing entry points to ../../build/shelf_navigator/shelf_navigator.egg-info/entry_points.txt
[2.591s] writing requirements to ../../build/shelf_navigator/shelf_navigator.egg-info/requires.txt
[2.591s] writing top-level names to ../../build/shelf_navigator/shelf_navigator.egg-info/top_level.txt
[2.592s] writing manifest file '../../build/shelf_navigator/shelf_navigator.egg-info/SOURCES.txt'
[2.599s] reading manifest file '../../build/shelf_navigator/shelf_navigator.egg-info/SOURCES.txt'
[2.599s] writing manifest file '../../build/shelf_navigator/shelf_navigator.egg-info/SOURCES.txt'
[2.599s] running build
[2.599s] running build_py
[2.599s] creating /home/rover/ros2_ws/build/shelf_navigator/build
[2.599s] creating /home/rover/ros2_ws/build/shelf_navigator/build/lib
[2.599s] creating /home/rover/ros2_ws/build/shelf_navigator/build/lib/shelf_navigator
[2.599s] copying shelf_navigator/__init__.py -> /home/rover/ros2_ws/build/shelf_navigator/build/lib/shelf_navigator
[2.601s] creating /home/rover/ros2_ws/build/shelf_navigator/build/lib/shelf_navigator/nodes
[2.602s] copying shelf_navigator/nodes/shelf_id_logic2.py -> /home/rover/ros2_ws/build/shelf_navigator/build/lib/shelf_navigator/nodes
[2.602s] copying shelf_navigator/nodes/shelf_id_logic.py -> /home/rover/ros2_ws/build/shelf_navigator/build/lib/shelf_navigator/nodes
[2.603s] copying shelf_navigator/nodes/__init__.py -> /home/rover/ros2_ws/build/shelf_navigator/build/lib/shelf_navigator/nodes
[2.604s] running install
[2.604s] running install_lib
[2.606s] creating /home/rover/ros2_ws/install/shelf_navigator/lib/python3.10/site-packages/shelf_navigator
[2.606s] creating /home/rover/ros2_ws/install/shelf_navigator/lib/python3.10/site-packages/shelf_navigator/nodes
[2.607s] copying /home/rover/ros2_ws/build/shelf_navigator/build/lib/shelf_navigator/nodes/shelf_id_logic2.py -> /home/rover/ros2_ws/install/shelf_navigator/lib/python3.10/site-packages/shelf_navigator/nodes
[2.607s] copying /home/rover/ros2_ws/build/shelf_navigator/build/lib/shelf_navigator/nodes/shelf_id_logic.py -> /home/rover/ros2_ws/install/shelf_navigator/lib/python3.10/site-packages/shelf_navigator/nodes
[2.621s] copying /home/rover/ros2_ws/build/shelf_navigator/build/lib/shelf_navigator/nodes/__init__.py -> /home/rover/ros2_ws/install/shelf_navigator/lib/python3.10/site-packages/shelf_navigator/nodes
[2.621s] copying /home/rover/ros2_ws/build/shelf_navigator/build/lib/shelf_navigator/__init__.py -> /home/rover/ros2_ws/install/shelf_navigator/lib/python3.10/site-packages/shelf_navigator
[2.621s] byte-compiling /home/rover/ros2_ws/install/shelf_navigator/lib/python3.10/site-packages/shelf_navigator/nodes/shelf_id_logic2.py to shelf_id_logic2.cpython-310.pyc
[2.622s] byte-compiling /home/rover/ros2_ws/install/shelf_navigator/lib/python3.10/site-packages/shelf_navigator/nodes/shelf_id_logic.py to shelf_id_logic.cpython-310.pyc
[2.622s] byte-compiling /home/rover/ros2_ws/install/shelf_navigator/lib/python3.10/site-packages/shelf_navigator/nodes/__init__.py to __init__.cpython-310.pyc
[2.622s] byte-compiling /home/rover/ros2_ws/install/shelf_navigator/lib/python3.10/site-packages/shelf_navigator/__init__.py to __init__.cpython-310.pyc
[2.622s] running install_data
[2.622s] creating /home/rover/ros2_ws/install/shelf_navigator/share/ament_index
[2.622s] creating /home/rover/ros2_ws/install/shelf_navigator/share/ament_index/resource_index
[2.622s] creating /home/rover/ros2_ws/install/shelf_navigator/share/ament_index/resource_index/packages
[2.622s] copying resource/shelf_navigator -> /home/rover/ros2_ws/install/shelf_navigator/share/ament_index/resource_index/packages
[2.622s] copying package.xml -> /home/rover/ros2_ws/install/shelf_navigator/share/shelf_navigator
[2.622s] creating /home/rover/ros2_ws/install/shelf_navigator/share/shelf_navigator/config
[2.622s] copying config/area_home2.yaml -> /home/rover/ros2_ws/install/shelf_navigator/share/shelf_navigator/config
[2.622s] copying config/area_home.yaml -> /home/rover/ros2_ws/install/shelf_navigator/share/shelf_navigator/config
[2.623s] running install_egg_info
[2.626s] Copying ../../build/shelf_navigator/shelf_navigator.egg-info to /home/rover/ros2_ws/install/shelf_navigator/lib/python3.10/site-packages/shelf_navigator-0.0.0-py3.10.egg-info
[2.630s] running install_scripts
[2.690s] Installing shelf_id_logic script to /home/rover/ros2_ws/install/shelf_navigator/lib/shelf_navigator
[2.690s] Installing shelf_id_logic2 script to /home/rover/ros2_ws/install/shelf_navigator/lib/shelf_navigator
[2.691s] writing list of installed files to '/home/rover/ros2_ws/build/shelf_navigator/install.log'
[2.762s] Invoked command in '/home/rover/ros2_ws/src/shelf_navigator' returned '0': PYTHONPATH=/home/rover/ros2_ws/build/shelf_navigator/prefix_override:/usr/lib/python3/dist-packages/colcon_core/task/python/colcon_distutils_commands:/home/rover/ros2_ws/install/shelf_navigator/lib/python3.10/site-packages:${PYTHONPATH} /usr/bin/python3 -W ignore:setup.py install is deprecated -W ignore:easy_install command is deprecated setup.py egg_info --egg-base ../../build/shelf_navigator build --build-base /home/rover/ros2_ws/build/shelf_navigator/build install --record /home/rover/ros2_ws/build/shelf_navigator/install.log --single-version-externally-managed install_data
