[0.402s] Invoking command in '/home/rover/ros2_ws/src/final_approach_controller': PYTHONPATH=/home/rover/ros2_ws/build/final_approach_controller/prefix_override:/usr/lib/python3/dist-packages/colcon_core/task/python/colcon_distutils_commands:/home/rover/ros2_ws/install/final_approach_controller/lib/python3.10/site-packages:${PYTHONPATH} /usr/bin/python3 -W ignore:setup.py install is deprecated -W ignore:easy_install command is deprecated setup.py egg_info --egg-base ../../build/final_approach_controller build --build-base /home/rover/ros2_ws/build/final_approach_controller/build install --record /home/rover/ros2_ws/build/final_approach_controller/install.log --single-version-externally-managed install_data
[0.555s] running egg_info
[0.556s] writing ../../build/final_approach_controller/final_approach_controller.egg-info/PKG-INFO
[0.556s] writing dependency_links to ../../build/final_approach_controller/final_approach_controller.egg-info/dependency_links.txt
[0.556s] writing entry points to ../../build/final_approach_controller/final_approach_controller.egg-info/entry_points.txt
[0.556s] writing requirements to ../../build/final_approach_controller/final_approach_controller.egg-info/requires.txt
[0.556s] writing top-level names to ../../build/final_approach_controller/final_approach_controller.egg-info/top_level.txt
[0.557s] reading manifest file '../../build/final_approach_controller/final_approach_controller.egg-info/SOURCES.txt'
[0.557s] writing manifest file '../../build/final_approach_controller/final_approach_controller.egg-info/SOURCES.txt'
[0.557s] running build
[0.558s] running build_py
[0.558s] running install
[0.558s] running install_lib
[0.558s] running install_data
[0.559s] running install_egg_info
[0.560s] removing '/home/rover/ros2_ws/install/final_approach_controller/lib/python3.10/site-packages/final_approach_controller-0.0.0-py3.10.egg-info' (and everything under it)
[0.560s] Copying ../../build/final_approach_controller/final_approach_controller.egg-info to /home/rover/ros2_ws/install/final_approach_controller/lib/python3.10/site-packages/final_approach_controller-0.0.0-py3.10.egg-info
[0.560s] running install_scripts
[0.573s] Installing final_approach_node script to /home/rover/ros2_ws/install/final_approach_controller/lib/final_approach_controller
[0.573s] Installing final_approach_node2 script to /home/rover/ros2_ws/install/final_approach_controller/lib/final_approach_controller
[0.573s] writing list of installed files to '/home/rover/ros2_ws/build/final_approach_controller/install.log'
[0.589s] Invoked command in '/home/rover/ros2_ws/src/final_approach_controller' returned '0': PYTHONPATH=/home/rover/ros2_ws/build/final_approach_controller/prefix_override:/usr/lib/python3/dist-packages/colcon_core/task/python/colcon_distutils_commands:/home/rover/ros2_ws/install/final_approach_controller/lib/python3.10/site-packages:${PYTHONPATH} /usr/bin/python3 -W ignore:setup.py install is deprecated -W ignore:easy_install command is deprecated setup.py egg_info --egg-base ../../build/final_approach_controller build --build-base /home/rover/ros2_ws/build/final_approach_controller/build install --record /home/rover/ros2_ws/build/final_approach_controller/install.log --single-version-externally-managed install_data
