running egg_info
writing ../../build/js0_teleop/js0_teleop.egg-info/PKG-INFO
writing dependency_links to ../../build/js0_teleop/js0_teleop.egg-info/dependency_links.txt
writing entry points to ../../build/js0_teleop/js0_teleop.egg-info/entry_points.txt
writing requirements to ../../build/js0_teleop/js0_teleop.egg-info/requires.txt
writing top-level names to ../../build/js0_teleop/js0_teleop.egg-info/top_level.txt
reading manifest file '../../build/js0_teleop/js0_teleop.egg-info/SOURCES.txt'
writing manifest file '../../build/js0_teleop/js0_teleop.egg-info/SOURCES.txt'
running build
running build_py
copying js0_teleop/js0_teleop_safe.py -> /home/rover/ros2_ws/build/js0_teleop/build/lib/js0_teleop
running install
running install_lib
copying /home/rover/ros2_ws/build/js0_teleop/build/lib/js0_teleop/js0_teleop_safe.py -> /home/rover/ros2_ws/install/js0_teleop/lib/python3.10/site-packages/js0_teleop
byte-compiling /home/rover/ros2_ws/install/js0_teleop/lib/python3.10/site-packages/js0_teleop/js0_teleop_safe.py to js0_teleop_safe.cpython-310.pyc
running install_data
running install_egg_info
removing '/home/rover/ros2_ws/install/js0_teleop/lib/python3.10/site-packages/js0_teleop-0.0.0-py3.10.egg-info' (and everything under it)
Copying ../../build/js0_teleop/js0_teleop.egg-info to /home/rover/ros2_ws/install/js0_teleop/lib/python3.10/site-packages/js0_teleop-0.0.0-py3.10.egg-info
running install_scripts
Installing js0_teleop script to /home/rover/ros2_ws/install/js0_teleop/lib/js0_teleop
writing list of installed files to '/home/rover/ros2_ws/build/js0_teleop/install.log'
