-- Found ament_cmake: 1.3.12 (/opt/ros/humble/share/ament_cmake/cmake)
-- Override CMake install command with custom implementation using symlinks instead of copying resources
-- Found nav2_common: 1.1.19 (/opt/ros/humble/share/nav2_common/cmake)
-- Found rclcpp: 16.0.15 (/opt/ros/humble/share/rclcpp/cmake)
-- Found rosidl_generator_c: 3.1.7 (/opt/ros/humble/share/rosidl_generator_c/cmake)
-- Found rosidl_adapter: 3.1.7 (/opt/ros/humble/share/rosidl_adapter/cmake)
-- Found rosidl_generator_cpp: 3.1.7 (/opt/ros/humble/share/rosidl_generator_cpp/cmake)
-- Using all available rosidl_typesupport_c: rosidl_typesupport_fastrtps_c;rosidl_typesupport_introspection_c
-- Using all available rosidl_typesupport_cpp: rosidl_typesupport_fastrtps_cpp;rosidl_typesupport_introspection_cpp
-- Found rmw_implementation_cmake: 6.1.2 (/opt/ros/humble/share/rmw_implementation_cmake/cmake)
-- Found rmw_fastrtps_cpp: 6.2.9 (/opt/ros/humble/share/rmw_fastrtps_cpp/cmake)
-- Using RMW implementation 'rmw_fastrtps_cpp' as default
-- Found rclcpp_lifecycle: 16.0.15 (/opt/ros/humble/share/rclcpp_lifecycle/cmake)
-- Found rclcpp_components: 16.0.15 (/opt/ros/humble/share/rclcpp_components/cmake)
-- Found message_filters: 4.3.11 (/opt/ros/humble/share/message_filters/cmake)
-- Found tf2_geometry_msgs: 0.25.17 (/opt/ros/humble/share/tf2_geometry_msgs/cmake)
-- Found eigen3_cmake_module: 0.1.1 (/opt/ros/humble/share/eigen3_cmake_module/cmake)
-- Ensuring Eigen3 include directory is part of orocos-kdl CMake target
-- Found nav_msgs: 4.9.0 (/opt/ros/humble/share/nav_msgs/cmake)
-- Found sensor_msgs: 4.9.0 (/opt/ros/humble/share/sensor_msgs/cmake)
-- Found std_srvs: 4.9.0 (/opt/ros/humble/share/std_srvs/cmake)
-- Found nav2_util: 1.1.19 (/opt/ros/humble/share/nav2_util/cmake)
-- Found pluginlib: 5.1.2 (/opt/ros/humble/share/pluginlib/cmake)
-- Found ament_lint_auto: 0.12.14 (/opt/ros/humble/share/ament_lint_auto/cmake)
-- Added test 'cppcheck' to perform static code analysis on C / C++ code
-- Configured cppcheck include dirs: /home/rover/ros2_ws/src/navigation2/nav2_amcl/include;/home/rover/ros2_ws/src/navigation2/nav2_amcl/src/include
-- Configured cppcheck exclude dirs and/or files: 
-- Added test 'lint_cmake' to check CMake code style
-- Added test 'uncrustify' to check C / C++ code style
-- Configured uncrustify additional arguments: 
-- Added test 'xmllint' to check XML markup files
-- Configuring done
-- Generating done
-- Build files have been written to: /home/rover/ros2_ws/build/nav2_amcl
[35m[1mConsolidate compiler generated dependencies of target map_lib[0m
[35m[1mConsolidate compiler generated dependencies of target pf_lib[0m
[ 37%] Built target pf_lib
[ 50%] Built target map_lib
[35m[1mConsolidate compiler generated dependencies of target motions_lib[0m
[35m[1mConsolidate compiler generated dependencies of target sensors_lib[0m
[ 54%] [32m[1mLinking CXX shared library libsensors_lib.so[0m
[ 58%] [32m[1mLinking CXX shared library libmotions_lib.so[0m
[ 75%] Built target sensors_lib
[35m[1mConsolidate compiler generated dependencies of target amcl_core[0m
[ 79%] [32m[1mLinking CXX shared library libamcl_core.so[0m
[ 87%] Built target motions_lib
[ 91%] Built target amcl_core
[35m[1mConsolidate compiler generated dependencies of target amcl[0m
[ 95%] [32m[1mLinking CXX executable amcl[0m
[100%] Built target amcl
