[0.702s] Invoking command in '/home/rover/ros2_ws/build/nav2_amcl': CMAKE_PREFIX_PATH=${CMAKE_PREFIX_PATH}:/home/rover/ros2_ws/install/wall_ransac_initializer:/home/rover/ros2_ws/install/udp_bridge:/home/rover/ros2_ws/install/trajectory_logger:/home/rover/ros2_ws/install/shelf_navigator:/home/rover/ros2_ws/install/ros2_to_ros1_bridge:/home/rover/ros2_ws/install/js0_teleop:/home/rover/ros2_ws/install/iai_cylinder:/home/rover/ros2_ws/install/final_approach_controller:/home/rover/ros2_ws/install/arrow_key_teleop:/opt/ros/humble /usr/bin/cmake /home/rover/ros2_ws/src/navigation2/nav2_amcl -DAMENT_CMAKE_SYMLINK_INSTALL=1 -DCMAKE_INSTALL_PREFIX=/home/rover/ros2_ws/install/nav2_amcl
[1.569s] -- Found ament_cmake: 1.3.12 (/opt/ros/humble/share/ament_cmake/cmake)
[1.569s] -- Override CMake install command with custom implementation using symlinks instead of copying resources
[1.569s] -- Found nav2_common: 1.1.19 (/opt/ros/humble/share/nav2_common/cmake)
[1.569s] -- Found rclcpp: 16.0.15 (/opt/ros/humble/share/rclcpp/cmake)
[1.569s] -- Found rosidl_generator_c: 3.1.7 (/opt/ros/humble/share/rosidl_generator_c/cmake)
[1.569s] -- Found rosidl_adapter: 3.1.7 (/opt/ros/humble/share/rosidl_adapter/cmake)
[1.569s] -- Found rosidl_generator_cpp: 3.1.7 (/opt/ros/humble/share/rosidl_generator_cpp/cmake)
[1.569s] -- Using all available rosidl_typesupport_c: rosidl_typesupport_fastrtps_c;rosidl_typesupport_introspection_c
[1.569s] -- Using all available rosidl_typesupport_cpp: rosidl_typesupport_fastrtps_cpp;rosidl_typesupport_introspection_cpp
[1.569s] -- Found rmw_implementation_cmake: 6.1.2 (/opt/ros/humble/share/rmw_implementation_cmake/cmake)
[1.569s] -- Found rmw_fastrtps_cpp: 6.2.9 (/opt/ros/humble/share/rmw_fastrtps_cpp/cmake)
[1.569s] -- Using RMW implementation 'rmw_fastrtps_cpp' as default
[1.569s] -- Found rclcpp_lifecycle: 16.0.15 (/opt/ros/humble/share/rclcpp_lifecycle/cmake)
[1.569s] -- Found rclcpp_components: 16.0.15 (/opt/ros/humble/share/rclcpp_components/cmake)
[1.569s] -- Found message_filters: 4.3.11 (/opt/ros/humble/share/message_filters/cmake)
[1.569s] -- Found tf2_geometry_msgs: 0.25.17 (/opt/ros/humble/share/tf2_geometry_msgs/cmake)
[1.569s] -- Found eigen3_cmake_module: 0.1.1 (/opt/ros/humble/share/eigen3_cmake_module/cmake)
[1.569s] -- Ensuring Eigen3 include directory is part of orocos-kdl CMake target
[1.569s] -- Found nav_msgs: 4.9.0 (/opt/ros/humble/share/nav_msgs/cmake)
[1.569s] -- Found sensor_msgs: 4.9.0 (/opt/ros/humble/share/sensor_msgs/cmake)
[1.569s] -- Found std_srvs: 4.9.0 (/opt/ros/humble/share/std_srvs/cmake)
[1.569s] -- Found nav2_util: 1.1.19 (/opt/ros/humble/share/nav2_util/cmake)
[1.569s] -- Found pluginlib: 5.1.2 (/opt/ros/humble/share/pluginlib/cmake)
[1.569s] -- Found ament_lint_auto: 0.12.14 (/opt/ros/humble/share/ament_lint_auto/cmake)
[1.569s] -- Added test 'cppcheck' to perform static code analysis on C / C++ code
[1.569s] -- Configured cppcheck include dirs: /home/rover/ros2_ws/src/navigation2/nav2_amcl/include;/home/rover/ros2_ws/src/navigation2/nav2_amcl/src/include
[1.569s] -- Configured cppcheck exclude dirs and/or files: 
[1.569s] -- Added test 'lint_cmake' to check CMake code style
[1.569s] -- Added test 'uncrustify' to check C / C++ code style
[1.570s] -- Configured uncrustify additional arguments: 
[1.570s] -- Added test 'xmllint' to check XML markup files
[1.570s] -- Configuring done
[1.570s] -- Generating done
[1.570s] -- Build files have been written to: /home/rover/ros2_ws/build/nav2_amcl
[1.581s] Invoked command in '/home/rover/ros2_ws/build/nav2_amcl' returned '0': CMAKE_PREFIX_PATH=${CMAKE_PREFIX_PATH}:/home/rover/ros2_ws/install/wall_ransac_initializer:/home/rover/ros2_ws/install/udp_bridge:/home/rover/ros2_ws/install/trajectory_logger:/home/rover/ros2_ws/install/shelf_navigator:/home/rover/ros2_ws/install/ros2_to_ros1_bridge:/home/rover/ros2_ws/install/js0_teleop:/home/rover/ros2_ws/install/iai_cylinder:/home/rover/ros2_ws/install/final_approach_controller:/home/rover/ros2_ws/install/arrow_key_teleop:/opt/ros/humble /usr/bin/cmake /home/rover/ros2_ws/src/navigation2/nav2_amcl -DAMENT_CMAKE_SYMLINK_INSTALL=1 -DCMAKE_INSTALL_PREFIX=/home/rover/ros2_ws/install/nav2_amcl
[1.582s] Invoking command in '/home/rover/ros2_ws/build/nav2_amcl': CMAKE_PREFIX_PATH=${CMAKE_PREFIX_PATH}:/home/rover/ros2_ws/install/wall_ransac_initializer:/home/rover/ros2_ws/install/udp_bridge:/home/rover/ros2_ws/install/trajectory_logger:/home/rover/ros2_ws/install/shelf_navigator:/home/rover/ros2_ws/install/ros2_to_ros1_bridge:/home/rover/ros2_ws/install/js0_teleop:/home/rover/ros2_ws/install/iai_cylinder:/home/rover/ros2_ws/install/final_approach_controller:/home/rover/ros2_ws/install/arrow_key_teleop:/opt/ros/humble /usr/bin/cmake --build /home/rover/ros2_ws/build/nav2_amcl -- -j18 -l18
[1.632s] [35m[1mConsolidate compiler generated dependencies of target map_lib[0m
[1.632s] [35m[1mConsolidate compiler generated dependencies of target pf_lib[0m
[1.642s] [ 37%] Built target pf_lib
[1.643s] [ 50%] Built target map_lib
[1.653s] [35m[1mConsolidate compiler generated dependencies of target motions_lib[0m
[1.654s] [35m[1mConsolidate compiler generated dependencies of target sensors_lib[0m
[1.671s] [ 54%] [32m[1mLinking CXX shared library libsensors_lib.so[0m
[1.676s] [ 58%] [32m[1mLinking CXX shared library libmotions_lib.so[0m
[1.801s] [ 75%] Built target sensors_lib
[1.816s] [35m[1mConsolidate compiler generated dependencies of target amcl_core[0m
[1.838s] [ 79%] [32m[1mLinking CXX shared library libamcl_core.so[0m
[1.979s] [ 87%] Built target motions_lib
[2.356s] [ 91%] Built target amcl_core
[2.366s] [35m[1mConsolidate compiler generated dependencies of target amcl[0m
[2.378s] [ 95%] [32m[1mLinking CXX executable amcl[0m
[2.566s] [100%] Built target amcl
