[1.012s] Invoking command in '/home/rover/ros2_ws/src/shelf_navigator': PYTHONPATH=/home/rover/ros2_ws/build/shelf_navigator/prefix_override:/usr/lib/python3/dist-packages/colcon_core/task/python/colcon_distutils_commands:/home/rover/ros2_ws/install/shelf_navigator/lib/python3.10/site-packages:${PYTHONPATH} /usr/bin/python3 -W ignore:setup.py install is deprecated -W ignore:easy_install command is deprecated setup.py egg_info --egg-base ../../build/shelf_navigator build --build-base /home/rover/ros2_ws/build/shelf_navigator/build install --record /home/rover/ros2_ws/build/shelf_navigator/install.log --single-version-externally-managed install_data
[1.378s] running egg_info
[1.379s] writing ../../build/shelf_navigator/shelf_navigator.egg-info/PKG-INFO
[1.379s] writing dependency_links to ../../build/shelf_navigator/shelf_navigator.egg-info/dependency_links.txt
[1.379s] writing entry points to ../../build/shelf_navigator/shelf_navigator.egg-info/entry_points.txt
[1.379s] writing requirements to ../../build/shelf_navigator/shelf_navigator.egg-info/requires.txt
[1.379s] writing top-level names to ../../build/shelf_navigator/shelf_navigator.egg-info/top_level.txt
[1.381s] reading manifest file '../../build/shelf_navigator/shelf_navigator.egg-info/SOURCES.txt'
[1.382s] writing manifest file '../../build/shelf_navigator/shelf_navigator.egg-info/SOURCES.txt'
[1.382s] running build
[1.382s] running build_py
[1.382s] copying shelf_navigator/nodes/shelf_id_logic2.py -> /home/rover/ros2_ws/build/shelf_navigator/build/lib/shelf_navigator/nodes
[1.382s] copying shelf_navigator/nodes/shelf_id_logic.py -> /home/rover/ros2_ws/build/shelf_navigator/build/lib/shelf_navigator/nodes
[1.383s] running install
[1.383s] running install_lib
[1.384s] copying /home/rover/ros2_ws/build/shelf_navigator/build/lib/shelf_navigator/nodes/shelf_id_logic2.py -> /home/rover/ros2_ws/install/shelf_navigator/lib/python3.10/site-packages/shelf_navigator/nodes
[1.384s] copying /home/rover/ros2_ws/build/shelf_navigator/build/lib/shelf_navigator/nodes/shelf_id_logic.py -> /home/rover/ros2_ws/install/shelf_navigator/lib/python3.10/site-packages/shelf_navigator/nodes
[1.385s] byte-compiling /home/rover/ros2_ws/install/shelf_navigator/lib/python3.10/site-packages/shelf_navigator/nodes/shelf_id_logic2.py to shelf_id_logic2.cpython-310.pyc
[1.387s] byte-compiling /home/rover/ros2_ws/install/shelf_navigator/lib/python3.10/site-packages/shelf_navigator/nodes/shelf_id_logic.py to shelf_id_logic.cpython-310.pyc
[1.389s] running install_data
[1.389s] copying config/area_home2.yaml -> /home/rover/ros2_ws/install/shelf_navigator/share/shelf_navigator/config
[1.389s] running install_egg_info
[1.392s] removing '/home/rover/ros2_ws/install/shelf_navigator/lib/python3.10/site-packages/shelf_navigator-0.0.0-py3.10.egg-info' (and everything under it)
[1.392s] Copying ../../build/shelf_navigator/shelf_navigator.egg-info to /home/rover/ros2_ws/install/shelf_navigator/lib/python3.10/site-packages/shelf_navigator-0.0.0-py3.10.egg-info
[1.393s] running install_scripts
[1.417s] Installing shelf_id_logic script to /home/rover/ros2_ws/install/shelf_navigator/lib/shelf_navigator
[1.417s] Installing shelf_id_logic2 script to /home/rover/ros2_ws/install/shelf_navigator/lib/shelf_navigator
[1.418s] writing list of installed files to '/home/rover/ros2_ws/build/shelf_navigator/install.log'
[1.445s] Invoked command in '/home/rover/ros2_ws/src/shelf_navigator' returned '0': PYTHONPATH=/home/rover/ros2_ws/build/shelf_navigator/prefix_override:/usr/lib/python3/dist-packages/colcon_core/task/python/colcon_distutils_commands:/home/rover/ros2_ws/install/shelf_navigator/lib/python3.10/site-packages:${PYTHONPATH} /usr/bin/python3 -W ignore:setup.py install is deprecated -W ignore:easy_install command is deprecated setup.py egg_info --egg-base ../../build/shelf_navigator build --build-base /home/rover/ros2_ws/build/shelf_navigator/build install --record /home/rover/ros2_ws/build/shelf_navigator/install.log --single-version-externally-managed install_data
