[1.369s] Invoking command in '/home/rover/ros2_ws/build/vs_rover_options_description': CMAKE_PREFIX_PATH=${CMAKE_PREFIX_PATH}:/home/rover/ros2_ws/install/wall_ransac_initializer:/home/rover/ros2_ws/install/udp_bridge:/home/rover/ros2_ws/install/trajectory_logger:/home/rover/ros2_ws/install/shelf_navigator:/home/rover/ros2_ws/install/ros2_to_ros1_bridge:/home/rover/ros2_ws/install/js0_teleop:/home/rover/ros2_ws/install/iai_cylinder:/home/rover/ros2_ws/install/final_approach_controller:/home/rover/ros2_ws/install/arrow_key_teleop:/opt/ros/humble /usr/bin/cmake /home/rover/ros2_ws/src/vs_rover_options_description -DAMENT_CMAKE_SYMLINK_INSTALL=1 -DCMAKE_INSTALL_PREFIX=/home/rover/ros2_ws/install/vs_rover_options_description
[1.550s] -- Found ament_cmake: 1.3.12 (/opt/ros/humble/share/ament_cmake/cmake)
[1.550s] -- Override CMake install command with custom implementation using symlinks instead of copying resources
[1.550s] -- Found ament_lint_auto: 0.12.14 (/opt/ros/humble/share/ament_lint_auto/cmake)
[1.550s] -- Configuring done
[1.550s] -- Generating done
[1.550s] -- Build files have been written to: /home/rover/ros2_ws/build/vs_rover_options_description
[1.563s] Invoked command in '/home/rover/ros2_ws/build/vs_rover_options_description' returned '0': CMAKE_PREFIX_PATH=${CMAKE_PREFIX_PATH}:/home/rover/ros2_ws/install/wall_ransac_initializer:/home/rover/ros2_ws/install/udp_bridge:/home/rover/ros2_ws/install/trajectory_logger:/home/rover/ros2_ws/install/shelf_navigator:/home/rover/ros2_ws/install/ros2_to_ros1_bridge:/home/rover/ros2_ws/install/js0_teleop:/home/rover/ros2_ws/install/iai_cylinder:/home/rover/ros2_ws/install/final_approach_controller:/home/rover/ros2_ws/install/arrow_key_teleop:/opt/ros/humble /usr/bin/cmake /home/rover/ros2_ws/src/vs_rover_options_description -DAMENT_CMAKE_SYMLINK_INSTALL=1 -DCMAKE_INSTALL_PREFIX=/home/rover/ros2_ws/install/vs_rover_options_description
[1.564s] Invoking command in '/home/rover/ros2_ws/build/vs_rover_options_description': CMAKE_PREFIX_PATH=${CMAKE_PREFIX_PATH}:/home/rover/ros2_ws/install/wall_ransac_initializer:/home/rover/ros2_ws/install/udp_bridge:/home/rover/ros2_ws/install/trajectory_logger:/home/rover/ros2_ws/install/shelf_navigator:/home/rover/ros2_ws/install/ros2_to_ros1_bridge:/home/rover/ros2_ws/install/js0_teleop:/home/rover/ros2_ws/install/iai_cylinder:/home/rover/ros2_ws/install/final_approach_controller:/home/rover/ros2_ws/install/arrow_key_teleop:/opt/ros/humble /usr/bin/cmake --build /home/rover/ros2_ws/build/vs_rover_options_description -- -j18 -l18
[1.612s] Invoked command in '/home/rover/ros2_ws/build/vs_rover_options_description' returned '0': CMAKE_PREFIX_PATH=${CMAKE_PREFIX_PATH}:/home/rover/ros2_ws/install/wall_ransac_initializer:/home/rover/ros2_ws/install/udp_bridge:/home/rover/ros2_ws/install/trajectory_logger:/home/rover/ros2_ws/install/shelf_navigator:/home/rover/ros2_ws/install/ros2_to_ros1_bridge:/home/rover/ros2_ws/install/js0_teleop:/home/rover/ros2_ws/install/iai_cylinder:/home/rover/ros2_ws/install/final_approach_controller:/home/rover/ros2_ws/install/arrow_key_teleop:/opt/ros/humble /usr/bin/cmake --build /home/rover/ros2_ws/build/vs_rover_options_description -- -j18 -l18
[1.614s] Invoking command in '/home/rover/ros2_ws/build/vs_rover_options_description': CMAKE_PREFIX_PATH=${CMAKE_PREFIX_PATH}:/home/rover/ros2_ws/install/wall_ransac_initializer:/home/rover/ros2_ws/install/udp_bridge:/home/rover/ros2_ws/install/trajectory_logger:/home/rover/ros2_ws/install/shelf_navigator:/home/rover/ros2_ws/install/ros2_to_ros1_bridge:/home/rover/ros2_ws/install/js0_teleop:/home/rover/ros2_ws/install/iai_cylinder:/home/rover/ros2_ws/install/final_approach_controller:/home/rover/ros2_ws/install/arrow_key_teleop:/opt/ros/humble /usr/bin/cmake --install /home/rover/ros2_ws/build/vs_rover_options_description
[1.623s] -- Install configuration: ""
[1.625s] -- Execute custom install script
[1.631s] -- Symlinking: /home/rover/ros2_ws/install/vs_rover_options_description/share/vs_rover_options_description/meshes/bumper/f120a_bumper_link.stl
[1.638s] -- Symlinking: /home/rover/ros2_ws/install/vs_rover_options_description/share/vs_rover_options_description/meshes/bumper/f120a_bumper_plate.stl
[1.661s] -- Symlinking: /home/rover/ros2_ws/install/vs_rover_options_description/share/vs_rover_options_description/meshes/bumper/mega3_bumper_link.stl
[1.669s] -- Symlinking: /home/rover/ros2_ws/install/vs_rover_options_description/share/vs_rover_options_description/meshes/bumper/mega3_bumper_plate.stl
[1.678s] -- Symlinking: /home/rover/ros2_ws/install/vs_rover_options_description/share/vs_rover_options_description/meshes/cam_stay/cam_mount_frame.stl
[1.685s] -- Symlinking: /home/rover/ros2_ws/install/vs_rover_options_description/share/vs_rover_options_description/meshes/cam_stay/cam_mount_link.stl
[1.695s] -- Symlinking: /home/rover/ros2_ws/install/vs_rover_options_description/share/vs_rover_options_description/meshes/depth_cam/d435.dae
[1.712s] -- Symlinking: /home/rover/ros2_ws/install/vs_rover_options_description/share/vs_rover_options_description/meshes/lrf/tg30.stl
[1.720s] -- Symlinking: /home/rover/ros2_ws/install/vs_rover_options_description/share/vs_rover_options_description/urdf/bumper/bumper_f120a.xacro
[1.733s] -- Symlinking: /home/rover/ros2_ws/install/vs_rover_options_description/share/vs_rover_options_description/urdf/bumper/bumper_mega3.xacro
[1.749s] -- Symlinking: /home/rover/ros2_ws/install/vs_rover_options_description/share/vs_rover_options_description/urdf/cam_stay/cam_stay_f120a.xacro
[1.761s] -- Symlinking: /home/rover/ros2_ws/install/vs_rover_options_description/share/vs_rover_options_description/urdf/cam_stay/cam_stay_mecanum3.xacro
[1.773s] -- Symlinking: /home/rover/ros2_ws/install/vs_rover_options_description/share/vs_rover_options_description/urdf/cam_stay/cam_stay_mega3.xacro
[1.790s] -- Symlinking: /home/rover/ros2_ws/install/vs_rover_options_description/share/vs_rover_options_description/urdf/depth_cam/_d435.gazebo.xacro
[1.806s] -- Symlinking: /home/rover/ros2_ws/install/vs_rover_options_description/share/vs_rover_options_description/urdf/depth_cam/_d435.urdf.xacro
[1.821s] -- Symlinking: /home/rover/ros2_ws/install/vs_rover_options_description/share/vs_rover_options_description/urdf/depth_cam/_d435i.urdf.xacro
[1.832s] -- Symlinking: /home/rover/ros2_ws/install/vs_rover_options_description/share/vs_rover_options_description/urdf/depth_cam/_d435i_imu_modules.urdf.xacro
[1.844s] -- Symlinking: /home/rover/ros2_ws/install/vs_rover_options_description/share/vs_rover_options_description/urdf/lrf/tg30_f120a.gazebo
[1.872s] -- Symlinking: /home/rover/ros2_ws/install/vs_rover_options_description/share/vs_rover_options_description/urdf/lrf/tg30_f120a.xacro
[1.889s] -- Symlinking: /home/rover/ros2_ws/install/vs_rover_options_description/share/vs_rover_options_description/urdf/lrf/tg30_mecanum3.gazebo
[1.909s] -- Symlinking: /home/rover/ros2_ws/install/vs_rover_options_description/share/vs_rover_options_description/urdf/lrf/tg30_mecanum3.xacro
[1.927s] -- Symlinking: /home/rover/ros2_ws/install/vs_rover_options_description/share/vs_rover_options_description/urdf/lrf/tg30_mega3.gazebo
[1.936s] -- Symlinking: /home/rover/ros2_ws/install/vs_rover_options_description/share/vs_rover_options_description/urdf/lrf/tg30_mega3.xacro
[1.943s] -- Symlinking: /home/rover/ros2_ws/install/vs_rover_options_description/share/ament_index/resource_index/package_run_dependencies/vs_rover_options_description
[1.953s] -- Symlinking: /home/rover/ros2_ws/install/vs_rover_options_description/share/ament_index/resource_index/parent_prefix_path/vs_rover_options_description
[1.965s] -- Symlinking: /home/rover/ros2_ws/install/vs_rover_options_description/share/vs_rover_options_description/environment/ament_prefix_path.sh
[1.970s] -- Symlinking: /home/rover/ros2_ws/install/vs_rover_options_description/share/vs_rover_options_description/environment/ament_prefix_path.dsv
[1.978s] -- Symlinking: /home/rover/ros2_ws/install/vs_rover_options_description/share/vs_rover_options_description/environment/path.sh
[1.990s] -- Symlinking: /home/rover/ros2_ws/install/vs_rover_options_description/share/vs_rover_options_description/environment/path.dsv
[2.002s] -- Symlinking: /home/rover/ros2_ws/install/vs_rover_options_description/share/vs_rover_options_description/local_setup.bash
[2.012s] -- Symlinking: /home/rover/ros2_ws/install/vs_rover_options_description/share/vs_rover_options_description/local_setup.sh
[2.032s] -- Symlinking: /home/rover/ros2_ws/install/vs_rover_options_description/share/vs_rover_options_description/local_setup.zsh
[2.048s] -- Symlinking: /home/rover/ros2_ws/install/vs_rover_options_description/share/vs_rover_options_description/local_setup.dsv
[2.066s] -- Symlinking: /home/rover/ros2_ws/install/vs_rover_options_description/share/vs_rover_options_description/package.dsv
[2.085s] -- Symlinking: /home/rover/ros2_ws/install/vs_rover_options_description/share/ament_index/resource_index/packages/vs_rover_options_description
[2.099s] -- Symlinking: /home/rover/ros2_ws/install/vs_rover_options_description/share/vs_rover_options_description/cmake/vs_rover_options_descriptionConfig.cmake
[2.110s] -- Symlinking: /home/rover/ros2_ws/install/vs_rover_options_description/share/vs_rover_options_description/cmake/vs_rover_options_descriptionConfig-version.cmake
[2.121s] -- Symlinking: /home/rover/ros2_ws/install/vs_rover_options_description/share/vs_rover_options_description/package.xml
