[0.013s] Invoking command in '/home/rover/ros2_ws/build/my_scan_merger': CMAKE_PREFIX_PATH=${CMAKE_PREFIX_PATH}:/home/rover/ros2_ws/install/wall_ransac_initializer:/home/rover/ros2_ws/install/vs_rover_options_description:/home/rover/ros2_ws/install/udp_bridge:/home/rover/ros2_ws/install/trajectory_logger:/home/rover/ros2_ws/install/shelf_navigator:/home/rover/ros2_ws/install/ros2_to_ros1_bridge:/home/rover/ros2_ws/install/megarover_description:/home/rover/ros2_ws/install/megarover3_navigation:/home/rover/ros2_ws/install/js0_teleop:/home/rover/ros2_ws/install/iai_cylinder:/home/rover/ros2_ws/install/final_approach_controller:/home/rover/ros2_ws/install/arrow_key_teleop:/home/rover/ros2_ws/install/amr_log:/opt/ros/humble /usr/bin/cmake --build /home/rover/ros2_ws/build/my_scan_merger -- -j18 -l18
[0.113s] [35m[1mConsolidate compiler generated dependencies of target scan_merger[0m
[0.142s] [ 50%] [32mBuilding CXX object CMakeFiles/scan_merger.dir/src/scan_merger.cpp.o[0m
[22.568s] [100%] [32m[1mLinking CXX executable scan_merger[0m
[23.743s] [100%] Built target scan_merger
[23.755s] Invoked command in '/home/rover/ros2_ws/build/my_scan_merger' returned '0': CMAKE_PREFIX_PATH=${CMAKE_PREFIX_PATH}:/home/rover/ros2_ws/install/wall_ransac_initializer:/home/rover/ros2_ws/install/vs_rover_options_description:/home/rover/ros2_ws/install/udp_bridge:/home/rover/ros2_ws/install/trajectory_logger:/home/rover/ros2_ws/install/shelf_navigator:/home/rover/ros2_ws/install/ros2_to_ros1_bridge:/home/rover/ros2_ws/install/megarover_description:/home/rover/ros2_ws/install/megarover3_navigation:/home/rover/ros2_ws/install/js0_teleop:/home/rover/ros2_ws/install/iai_cylinder:/home/rover/ros2_ws/install/final_approach_controller:/home/rover/ros2_ws/install/arrow_key_teleop:/home/rover/ros2_ws/install/amr_log:/opt/ros/humble /usr/bin/cmake --build /home/rover/ros2_ws/build/my_scan_merger -- -j18 -l18
[23.767s] Invoking command in '/home/rover/ros2_ws/build/my_scan_merger': CMAKE_PREFIX_PATH=${CMAKE_PREFIX_PATH}:/home/rover/ros2_ws/install/wall_ransac_initializer:/home/rover/ros2_ws/install/vs_rover_options_description:/home/rover/ros2_ws/install/udp_bridge:/home/rover/ros2_ws/install/trajectory_logger:/home/rover/ros2_ws/install/shelf_navigator:/home/rover/ros2_ws/install/ros2_to_ros1_bridge:/home/rover/ros2_ws/install/megarover_description:/home/rover/ros2_ws/install/megarover3_navigation:/home/rover/ros2_ws/install/js0_teleop:/home/rover/ros2_ws/install/iai_cylinder:/home/rover/ros2_ws/install/final_approach_controller:/home/rover/ros2_ws/install/arrow_key_teleop:/home/rover/ros2_ws/install/amr_log:/opt/ros/humble /usr/bin/cmake --install /home/rover/ros2_ws/build/my_scan_merger
[23.773s] -- Install configuration: ""
[23.773s] -- Execute custom install script
[23.773s] -- Up-to-date symlink: /home/rover/ros2_ws/install/my_scan_merger/lib/my_scan_merger/scan_merger
[23.774s] -- Up-to-date symlink: /home/rover/ros2_ws/install/my_scan_merger/share/ament_index/resource_index/package_run_dependencies/my_scan_merger
[23.774s] -- Up-to-date symlink: /home/rover/ros2_ws/install/my_scan_merger/share/ament_index/resource_index/parent_prefix_path/my_scan_merger
[23.774s] -- Up-to-date symlink: /home/rover/ros2_ws/install/my_scan_merger/share/my_scan_merger/environment/ament_prefix_path.sh
[23.774s] -- Up-to-date symlink: /home/rover/ros2_ws/install/my_scan_merger/share/my_scan_merger/environment/ament_prefix_path.dsv
[23.774s] -- Up-to-date symlink: /home/rover/ros2_ws/install/my_scan_merger/share/my_scan_merger/environment/path.sh
[23.774s] -- Up-to-date symlink: /home/rover/ros2_ws/install/my_scan_merger/share/my_scan_merger/environment/path.dsv
[23.775s] -- Up-to-date symlink: /home/rover/ros2_ws/install/my_scan_merger/share/my_scan_merger/local_setup.bash
[23.775s] -- Up-to-date symlink: /home/rover/ros2_ws/install/my_scan_merger/share/my_scan_merger/local_setup.sh
[23.775s] -- Up-to-date symlink: /home/rover/ros2_ws/install/my_scan_merger/share/my_scan_merger/local_setup.zsh
[23.775s] -- Up-to-date symlink: /home/rover/ros2_ws/install/my_scan_merger/share/my_scan_merger/local_setup.dsv
[23.775s] -- Symlinking: /home/rover/ros2_ws/install/my_scan_merger/share/my_scan_merger/package.dsv
[23.786s] -- Up-to-date symlink: /home/rover/ros2_ws/install/my_scan_merger/share/ament_index/resource_index/packages/my_scan_merger
[23.786s] -- Up-to-date symlink: /home/rover/ros2_ws/install/my_scan_merger/share/my_scan_merger/cmake/my_scan_mergerConfig.cmake
[23.786s] -- Up-to-date symlink: /home/rover/ros2_ws/install/my_scan_merger/share/my_scan_merger/cmake/my_scan_mergerConfig-version.cmake
[23.786s] -- Up-to-date symlink: /home/rover/ros2_ws/install/my_scan_merger/share/my_scan_merger/package.xml
[23.788s] Invoked command in '/home/rover/ros2_ws/build/my_scan_merger' returned '0': CMAKE_PREFIX_PATH=${CMAKE_PREFIX_PATH}:/home/rover/ros2_ws/install/wall_ransac_initializer:/home/rover/ros2_ws/install/vs_rover_options_description:/home/rover/ros2_ws/install/udp_bridge:/home/rover/ros2_ws/install/trajectory_logger:/home/rover/ros2_ws/install/shelf_navigator:/home/rover/ros2_ws/install/ros2_to_ros1_bridge:/home/rover/ros2_ws/install/megarover_description:/home/rover/ros2_ws/install/megarover3_navigation:/home/rover/ros2_ws/install/js0_teleop:/home/rover/ros2_ws/install/iai_cylinder:/home/rover/ros2_ws/install/final_approach_controller:/home/rover/ros2_ws/install/arrow_key_teleop:/home/rover/ros2_ws/install/amr_log:/opt/ros/humble /usr/bin/cmake --install /home/rover/ros2_ws/build/my_scan_merger
