[0.434s] Invoking command in '/home/rover/ros2_ws/src/udp_bridge': PYTHONPATH=/home/rover/ros2_ws/build/udp_bridge/prefix_override:/usr/lib/python3/dist-packages/colcon_core/task/python/colcon_distutils_commands:/home/rover/ros2_ws/install/udp_bridge/lib/python3.10/site-packages:${PYTHONPATH} /usr/bin/python3 -W ignore:setup.py install is deprecated -W ignore:easy_install command is deprecated setup.py egg_info --egg-base ../../build/udp_bridge build --build-base /home/rover/ros2_ws/build/udp_bridge/build install --record /home/rover/ros2_ws/build/udp_bridge/install.log --single-version-externally-managed install_data
[0.614s] running egg_info
[0.615s] writing ../../build/udp_bridge/udp_bridge.egg-info/PKG-INFO
[0.615s] writing dependency_links to ../../build/udp_bridge/udp_bridge.egg-info/dependency_links.txt
[0.615s] writing entry points to ../../build/udp_bridge/udp_bridge.egg-info/entry_points.txt
[0.615s] writing requirements to ../../build/udp_bridge/udp_bridge.egg-info/requires.txt
[0.615s] writing top-level names to ../../build/udp_bridge/udp_bridge.egg-info/top_level.txt
[0.616s] reading manifest file '../../build/udp_bridge/udp_bridge.egg-info/SOURCES.txt'
[0.617s] writing manifest file '../../build/udp_bridge/udp_bridge.egg-info/SOURCES.txt'
[0.617s] running build
[0.617s] running build_py
[0.618s] running install
[0.618s] running install_lib
[0.619s] running install_data
[0.619s] copying launch/udp_bridge.launch.py -> /home/rover/ros2_ws/install/udp_bridge/share/udp_bridge/launch
[0.619s] running install_egg_info
[0.621s] removing '/home/rover/ros2_ws/install/udp_bridge/lib/python3.10/site-packages/udp_bridge-0.0.0-py3.10.egg-info' (and everything under it)
[0.621s] Copying ../../build/udp_bridge/udp_bridge.egg-info to /home/rover/ros2_ws/install/udp_bridge/lib/python3.10/site-packages/udp_bridge-0.0.0-py3.10.egg-info
[0.621s] running install_scripts
[0.637s] Installing cmd_vel_receiver script to /home/rover/ros2_ws/install/udp_bridge/lib/udp_bridge
[0.637s] Installing error_x_receiver script to /home/rover/ros2_ws/install/udp_bridge/lib/udp_bridge
[0.637s] Installing navigation_goal_final_sender script to /home/rover/ros2_ws/install/udp_bridge/lib/udp_bridge
[0.637s] Installing navigation_goal_sender script to /home/rover/ros2_ws/install/udp_bridge/lib/udp_bridge
[0.638s] Installing shelf_id_receiver script to /home/rover/ros2_ws/install/udp_bridge/lib/udp_bridge
[0.638s] Installing wall_distance_sender script to /home/rover/ros2_ws/install/udp_bridge/lib/udp_bridge
[0.638s] writing list of installed files to '/home/rover/ros2_ws/build/udp_bridge/install.log'
[0.653s] Invoked command in '/home/rover/ros2_ws/src/udp_bridge' returned '0': PYTHONPATH=/home/rover/ros2_ws/build/udp_bridge/prefix_override:/usr/lib/python3/dist-packages/colcon_core/task/python/colcon_distutils_commands:/home/rover/ros2_ws/install/udp_bridge/lib/python3.10/site-packages:${PYTHONPATH} /usr/bin/python3 -W ignore:setup.py install is deprecated -W ignore:easy_install command is deprecated setup.py egg_info --egg-base ../../build/udp_bridge build --build-base /home/rover/ros2_ws/build/udp_bridge/build install --record /home/rover/ros2_ws/build/udp_bridge/install.log --single-version-externally-managed install_data
