running egg_info
writing ../../build/shelf_navigator/shelf_navigator.egg-info/PKG-INFO
writing dependency_links to ../../build/shelf_navigator/shelf_navigator.egg-info/dependency_links.txt
writing entry points to ../../build/shelf_navigator/shelf_navigator.egg-info/entry_points.txt
writing requirements to ../../build/shelf_navigator/shelf_navigator.egg-info/requires.txt
writing top-level names to ../../build/shelf_navigator/shelf_navigator.egg-info/top_level.txt
reading manifest file '../../build/shelf_navigator/shelf_navigator.egg-info/SOURCES.txt'
writing manifest file '../../build/shelf_navigator/shelf_navigator.egg-info/SOURCES.txt'
running build
running build_py
copying shelf_navigator/nodes/shelf_id_logic2.py -> /home/rover/ros2_ws/build/shelf_navigator/build/lib/shelf_navigator/nodes
running install
running install_lib
copying /home/rover/ros2_ws/build/shelf_navigator/build/lib/shelf_navigator/nodes/shelf_id_logic2.py -> /home/rover/ros2_ws/install/shelf_navigator/lib/python3.10/site-packages/shelf_navigator/nodes
byte-compiling /home/rover/ros2_ws/install/shelf_navigator/lib/python3.10/site-packages/shelf_navigator/nodes/shelf_id_logic2.py to shelf_id_logic2.cpython-310.pyc
running install_data
running install_egg_info
removing '/home/rover/ros2_ws/install/shelf_navigator/lib/python3.10/site-packages/shelf_navigator-0.0.0-py3.10.egg-info' (and everything under it)
Copying ../../build/shelf_navigator/shelf_navigator.egg-info to /home/rover/ros2_ws/install/shelf_navigator/lib/python3.10/site-packages/shelf_navigator-0.0.0-py3.10.egg-info
running install_scripts
Installing shelf_id_logic script to /home/rover/ros2_ws/install/shelf_navigator/lib/shelf_navigator
Installing shelf_id_logic2 script to /home/rover/ros2_ws/install/shelf_navigator/lib/shelf_navigator
writing list of installed files to '/home/rover/ros2_ws/build/shelf_navigator/install.log'
