[0.000000] (-) TimerEvent: {}
[0.000352] (-) JobUnselected: {'identifier': 'amr_log'}
[0.000394] (-) JobUnselected: {'identifier': 'arrow_key_teleop'}
[0.000432] (-) JobUnselected: {'identifier': 'final_approach_controller'}
[0.000456] (-) JobUnselected: {'identifier': 'iai_cylinder'}
[0.000478] (-) JobUnselected: {'identifier': 'js0_teleop'}
[0.000500] (-) JobUnselected: {'identifier': 'megarover3'}
[0.000522] (-) JobUnselected: {'identifier': 'megarover3_bringup'}
[0.000543] (-) JobUnselected: {'identifier': 'megarover3_navigation'}
[0.000564] (-) JobUnselected: {'identifier': 'megarover_description'}
[0.000584] (-) JobUnselected: {'identifier': 'my_scan_merger'}
[0.000605] (-) JobUnselected: {'identifier': 'nav2_amcl'}
[0.000625] (-) JobUnselected: {'identifier': 'realsense2_camera'}
[0.000646] (-) JobUnselected: {'identifier': 'realsense2_camera_msgs'}
[0.000666] (-) JobUnselected: {'identifier': 'realsense2_description'}
[0.000684] (-) JobUnselected: {'identifier': 'rf2o_laser_odometry'}
[0.000699] (-) JobUnselected: {'identifier': 'ros2_to_ros1_bridge'}
[0.000719] (-) JobUnselected: {'identifier': 'shelf_navigator'}
[0.000739] (-) JobUnselected: {'identifier': 'trajectory_logger'}
[0.000759] (-) JobUnselected: {'identifier': 'udp_bridge'}
[0.000780] (-) JobUnselected: {'identifier': 'vs_rover_options_description'}
[0.000801] (-) JobUnselected: {'identifier': 'wall_ransac_initializer'}
[0.000821] (-) JobUnselected: {'identifier': 'ydlidar_ros2_driver'}
[0.000842] (-) EventReactorShutdown: {}
