running egg_info
creating ../../build/final_approach_controller/final_approach_controller.egg-info
writing ../../build/final_approach_controller/final_approach_controller.egg-info/PKG-INFO
writing dependency_links to ../../build/final_approach_controller/final_approach_controller.egg-info/dependency_links.txt
writing entry points to ../../build/final_approach_controller/final_approach_controller.egg-info/entry_points.txt
writing requirements to ../../build/final_approach_controller/final_approach_controller.egg-info/requires.txt
writing top-level names to ../../build/final_approach_controller/final_approach_controller.egg-info/top_level.txt
writing manifest file '../../build/final_approach_controller/final_approach_controller.egg-info/SOURCES.txt'
reading manifest file '../../build/final_approach_controller/final_approach_controller.egg-info/SOURCES.txt'
writing manifest file '../../build/final_approach_controller/final_approach_controller.egg-info/SOURCES.txt'
running build
running build_py
creating /home/rover/ros2_ws/build/final_approach_controller/build
creating /home/rover/ros2_ws/build/final_approach_controller/build/lib
creating /home/rover/ros2_ws/build/final_approach_controller/build/lib/final_approach_controller
copying final_approach_controller/final_approach_node.py -> /home/rover/ros2_ws/build/final_approach_controller/build/lib/final_approach_controller
copying final_approach_controller/__init__.py -> /home/rover/ros2_ws/build/final_approach_controller/build/lib/final_approach_controller
running install
running install_lib
creating /home/rover/ros2_ws/install/final_approach_controller/lib/python3.10/site-packages/final_approach_controller
copying /home/rover/ros2_ws/build/final_approach_controller/build/lib/final_approach_controller/final_approach_node.py -> /home/rover/ros2_ws/install/final_approach_controller/lib/python3.10/site-packages/final_approach_controller
copying /home/rover/ros2_ws/build/final_approach_controller/build/lib/final_approach_controller/__init__.py -> /home/rover/ros2_ws/install/final_approach_controller/lib/python3.10/site-packages/final_approach_controller
byte-compiling /home/rover/ros2_ws/install/final_approach_controller/lib/python3.10/site-packages/final_approach_controller/final_approach_node.py to final_approach_node.cpython-310.pyc
byte-compiling /home/rover/ros2_ws/install/final_approach_controller/lib/python3.10/site-packages/final_approach_controller/__init__.py to __init__.cpython-310.pyc
running install_data
creating /home/rover/ros2_ws/install/final_approach_controller/share/ament_index
creating /home/rover/ros2_ws/install/final_approach_controller/share/ament_index/resource_index
creating /home/rover/ros2_ws/install/final_approach_controller/share/ament_index/resource_index/packages
copying resource/final_approach_controller -> /home/rover/ros2_ws/install/final_approach_controller/share/ament_index/resource_index/packages
copying package.xml -> /home/rover/ros2_ws/install/final_approach_controller/share/final_approach_controller
running install_egg_info
Copying ../../build/final_approach_controller/final_approach_controller.egg-info to /home/rover/ros2_ws/install/final_approach_controller/lib/python3.10/site-packages/final_approach_controller-0.0.0-py3.10.egg-info
running install_scripts
Installing final_approach_node script to /home/rover/ros2_ws/install/final_approach_controller/lib/final_approach_controller
writing list of installed files to '/home/rover/ros2_ws/build/final_approach_controller/install.log'
