[2.074s] Invoking command in '/home/rover/ros2_ws/src/final_approach_controller': PYTHONPATH=/home/rover/ros2_ws/build/final_approach_controller/prefix_override:/usr/lib/python3/dist-packages/colcon_core/task/python/colcon_distutils_commands:/home/rover/ros2_ws/install/final_approach_controller/lib/python3.10/site-packages:${PYTHONPATH} /usr/bin/python3 -W ignore:setup.py install is deprecated -W ignore:easy_install command is deprecated setup.py egg_info --egg-base ../../build/final_approach_controller build --build-base /home/rover/ros2_ws/build/final_approach_controller/build install --record /home/rover/ros2_ws/build/final_approach_controller/install.log --single-version-externally-managed install_data
[2.347s] running egg_info
[2.347s] creating ../../build/final_approach_controller/final_approach_controller.egg-info
[2.347s] writing ../../build/final_approach_controller/final_approach_controller.egg-info/PKG-INFO
[2.347s] writing dependency_links to ../../build/final_approach_controller/final_approach_controller.egg-info/dependency_links.txt
[2.348s] writing entry points to ../../build/final_approach_controller/final_approach_controller.egg-info/entry_points.txt
[2.348s] writing requirements to ../../build/final_approach_controller/final_approach_controller.egg-info/requires.txt
[2.348s] writing top-level names to ../../build/final_approach_controller/final_approach_controller.egg-info/top_level.txt
[2.348s] writing manifest file '../../build/final_approach_controller/final_approach_controller.egg-info/SOURCES.txt'
[2.348s] reading manifest file '../../build/final_approach_controller/final_approach_controller.egg-info/SOURCES.txt'
[2.349s] writing manifest file '../../build/final_approach_controller/final_approach_controller.egg-info/SOURCES.txt'
[2.349s] running build
[2.349s] running build_py
[2.349s] creating /home/rover/ros2_ws/build/final_approach_controller/build
[2.350s] creating /home/rover/ros2_ws/build/final_approach_controller/build/lib
[2.350s] creating /home/rover/ros2_ws/build/final_approach_controller/build/lib/final_approach_controller
[2.350s] copying final_approach_controller/final_approach_node.py -> /home/rover/ros2_ws/build/final_approach_controller/build/lib/final_approach_controller
[2.350s] copying final_approach_controller/__init__.py -> /home/rover/ros2_ws/build/final_approach_controller/build/lib/final_approach_controller
[2.351s] running install
[2.351s] running install_lib
[2.352s] creating /home/rover/ros2_ws/install/final_approach_controller/lib/python3.10/site-packages/final_approach_controller
[2.353s] copying /home/rover/ros2_ws/build/final_approach_controller/build/lib/final_approach_controller/final_approach_node.py -> /home/rover/ros2_ws/install/final_approach_controller/lib/python3.10/site-packages/final_approach_controller
[2.354s] copying /home/rover/ros2_ws/build/final_approach_controller/build/lib/final_approach_controller/__init__.py -> /home/rover/ros2_ws/install/final_approach_controller/lib/python3.10/site-packages/final_approach_controller
[2.354s] byte-compiling /home/rover/ros2_ws/install/final_approach_controller/lib/python3.10/site-packages/final_approach_controller/final_approach_node.py to final_approach_node.cpython-310.pyc
[2.356s] byte-compiling /home/rover/ros2_ws/install/final_approach_controller/lib/python3.10/site-packages/final_approach_controller/__init__.py to __init__.cpython-310.pyc
[2.356s] running install_data
[2.356s] creating /home/rover/ros2_ws/install/final_approach_controller/share/ament_index
[2.356s] creating /home/rover/ros2_ws/install/final_approach_controller/share/ament_index/resource_index
[2.357s] creating /home/rover/ros2_ws/install/final_approach_controller/share/ament_index/resource_index/packages
[2.357s] copying resource/final_approach_controller -> /home/rover/ros2_ws/install/final_approach_controller/share/ament_index/resource_index/packages
[2.357s] copying package.xml -> /home/rover/ros2_ws/install/final_approach_controller/share/final_approach_controller
[2.360s] running install_egg_info
[2.360s] Copying ../../build/final_approach_controller/final_approach_controller.egg-info to /home/rover/ros2_ws/install/final_approach_controller/lib/python3.10/site-packages/final_approach_controller-0.0.0-py3.10.egg-info
[2.364s] running install_scripts
[2.386s] Installing final_approach_node script to /home/rover/ros2_ws/install/final_approach_controller/lib/final_approach_controller
[2.387s] writing list of installed files to '/home/rover/ros2_ws/build/final_approach_controller/install.log'
[2.439s] Invoked command in '/home/rover/ros2_ws/src/final_approach_controller' returned '0': PYTHONPATH=/home/rover/ros2_ws/build/final_approach_controller/prefix_override:/usr/lib/python3/dist-packages/colcon_core/task/python/colcon_distutils_commands:/home/rover/ros2_ws/install/final_approach_controller/lib/python3.10/site-packages:${PYTHONPATH} /usr/bin/python3 -W ignore:setup.py install is deprecated -W ignore:easy_install command is deprecated setup.py egg_info --egg-base ../../build/final_approach_controller build --build-base /home/rover/ros2_ws/build/final_approach_controller/build install --record /home/rover/ros2_ws/build/final_approach_controller/install.log --single-version-externally-managed install_data
